running egg_info
writing ../../build/pyPubsub/pyPubsub.egg-info/PKG-INFO
writing dependency_links to ../../build/pyPubsub/pyPubsub.egg-info/dependency_links.txt
writing entry points to ../../build/pyPubsub/pyPubsub.egg-info/entry_points.txt
writing requirements to ../../build/pyPubsub/pyPubsub.egg-info/requires.txt
writing top-level names to ../../build/pyPubsub/pyPubsub.egg-info/top_level.txt
reading manifest file '../../build/pyPubsub/pyPubsub.egg-info/SOURCES.txt'
writing manifest file '../../build/pyPubsub/pyPubsub.egg-info/SOURCES.txt'
running build
running build_py
running install
running install_lib
running install_data
running install_egg_info
removing '/home/kyu8/ros2_ws/install/pyPubsub/lib/python3.10/site-packages/pyPubsub-0.0.0-py3.10.egg-info' (and everything under it)
Copying ../../build/pyPubsub/pyPubsub.egg-info to /home/kyu8/ros2_ws/install/pyPubsub/lib/python3.10/site-packages/pyPubsub-0.0.0-py3.10.egg-info
running install_scripts
Installing listener script to /home/kyu8/ros2_ws/install/pyPubsub/lib/pyPubsub
Installing talker script to /home/kyu8/ros2_ws/install/pyPubsub/lib/pyPubsub
writing list of installed files to '/home/kyu8/ros2_ws/build/pyPubsub/install.log'
