[1.277s] Invoking command in '/home/kyu8/ros2_ws/src/my_package': PYTHONPATH=/home/kyu8/ros2_ws/build/my_package/prefix_override:/home/kyu8/ros2_ws/install/my_package/lib/python3.10/site-packages:${PYTHONPATH} /usr/bin/python3 setup.py egg_info --egg-base ../../build/my_package build --build-base /home/kyu8/ros2_ws/build/my_package/build install --record /home/kyu8/ros2_ws/build/my_package/install.log --single-version-externally-managed
[1.628s] running egg_info
[1.629s] creating ../../build/my_package/my_package.egg-info
[1.630s] writing ../../build/my_package/my_package.egg-info/PKG-INFO
[1.630s] writing dependency_links to ../../build/my_package/my_package.egg-info/dependency_links.txt
[1.630s] writing entry points to ../../build/my_package/my_package.egg-info/entry_points.txt
[1.631s] writing requirements to ../../build/my_package/my_package.egg-info/requires.txt
[1.631s] writing top-level names to ../../build/my_package/my_package.egg-info/top_level.txt
[1.631s] writing manifest file '../../build/my_package/my_package.egg-info/SOURCES.txt'
[1.632s] reading manifest file '../../build/my_package/my_package.egg-info/SOURCES.txt'
[1.633s] writing manifest file '../../build/my_package/my_package.egg-info/SOURCES.txt'
[1.633s] running build
[1.633s] running build_py
[1.633s] creating /home/kyu8/ros2_ws/build/my_package/build
[1.634s] creating /home/kyu8/ros2_ws/build/my_package/build/lib
[1.634s] creating /home/kyu8/ros2_ws/build/my_package/build/lib/my_package
[1.634s] copying my_package/my_node.py -> /home/kyu8/ros2_ws/build/my_package/build/lib/my_package
[1.634s] copying my_package/__init__.py -> /home/kyu8/ros2_ws/build/my_package/build/lib/my_package
[1.634s] running install
[1.636s] /usr/lib/python3/dist-packages/setuptools/command/install.py:34: SetuptoolsDeprecationWarning: setup.py install is deprecated. Use build and pip and other standards-based tools.
[1.636s]   warnings.warn(
[1.636s] running install_lib
[1.637s] creating /home/kyu8/ros2_ws/install/my_package/lib/python3.10/site-packages/my_package
[1.638s] copying /home/kyu8/ros2_ws/build/my_package/build/lib/my_package/my_node.py -> /home/kyu8/ros2_ws/install/my_package/lib/python3.10/site-packages/my_package
[1.638s] copying /home/kyu8/ros2_ws/build/my_package/build/lib/my_package/__init__.py -> /home/kyu8/ros2_ws/install/my_package/lib/python3.10/site-packages/my_package
[1.639s] byte-compiling /home/kyu8/ros2_ws/install/my_package/lib/python3.10/site-packages/my_package/my_node.py to my_node.cpython-310.pyc
[1.639s] byte-compiling /home/kyu8/ros2_ws/install/my_package/lib/python3.10/site-packages/my_package/__init__.py to __init__.cpython-310.pyc
[1.639s] running install_data
[1.640s] creating /home/kyu8/ros2_ws/install/my_package/share/ament_index
[1.640s] creating /home/kyu8/ros2_ws/install/my_package/share/ament_index/resource_index
[1.640s] creating /home/kyu8/ros2_ws/install/my_package/share/ament_index/resource_index/packages
[1.640s] copying resource/my_package -> /home/kyu8/ros2_ws/install/my_package/share/ament_index/resource_index/packages
[1.640s] copying package.xml -> /home/kyu8/ros2_ws/install/my_package/share/my_package
[1.640s] running install_egg_info
[1.642s] Copying ../../build/my_package/my_package.egg-info to /home/kyu8/ros2_ws/install/my_package/lib/python3.10/site-packages/my_package-0.0.0-py3.10.egg-info
[1.643s] running install_scripts
[1.670s] Installing my_node script to /home/kyu8/ros2_ws/install/my_package/lib/my_package
[1.670s] writing list of installed files to '/home/kyu8/ros2_ws/build/my_package/install.log'
[1.721s] Invoked command in '/home/kyu8/ros2_ws/src/my_package' returned '0': PYTHONPATH=/home/kyu8/ros2_ws/build/my_package/prefix_override:/home/kyu8/ros2_ws/install/my_package/lib/python3.10/site-packages:${PYTHONPATH} /usr/bin/python3 setup.py egg_info --egg-base ../../build/my_package build --build-base /home/kyu8/ros2_ws/build/my_package/build install --record /home/kyu8/ros2_ws/build/my_package/install.log --single-version-externally-managed
