[3.184s] Invoking command in '/home/kyu8/ros2_ws/src/pyPubsub': PYTHONPATH=/home/kyu8/ros2_ws/build/pyPubsub/prefix_override:/home/kyu8/ros2_ws/install/pyPubsub/lib/python3.10/site-packages:${PYTHONPATH} /usr/bin/python3 setup.py egg_info --egg-base ../../build/pyPubsub build --build-base /home/kyu8/ros2_ws/build/pyPubsub/build install --record /home/kyu8/ros2_ws/build/pyPubsub/install.log --single-version-externally-managed
[3.685s] running egg_info
[3.687s] creating ../../build/pyPubsub/pyPubsub.egg-info
[3.687s] writing ../../build/pyPubsub/pyPubsub.egg-info/PKG-INFO
[3.688s] writing dependency_links to ../../build/pyPubsub/pyPubsub.egg-info/dependency_links.txt
[3.688s] writing entry points to ../../build/pyPubsub/pyPubsub.egg-info/entry_points.txt
[3.689s] writing requirements to ../../build/pyPubsub/pyPubsub.egg-info/requires.txt
[3.689s] writing top-level names to ../../build/pyPubsub/pyPubsub.egg-info/top_level.txt
[3.689s] writing manifest file '../../build/pyPubsub/pyPubsub.egg-info/SOURCES.txt'
[3.693s] reading manifest file '../../build/pyPubsub/pyPubsub.egg-info/SOURCES.txt'
[3.695s] writing manifest file '../../build/pyPubsub/pyPubsub.egg-info/SOURCES.txt'
[3.695s] running build
[3.696s] running build_py
[3.696s] creating /home/kyu8/ros2_ws/build/pyPubsub/build
[3.696s] creating /home/kyu8/ros2_ws/build/pyPubsub/build/lib
[3.696s] creating /home/kyu8/ros2_ws/build/pyPubsub/build/lib/pyPubsub
[3.696s] copying pyPubsub/__init__.py -> /home/kyu8/ros2_ws/build/pyPubsub/build/lib/pyPubsub
[3.697s] copying pyPubsub/subscriber_member_function.py -> /home/kyu8/ros2_ws/build/pyPubsub/build/lib/pyPubsub
[3.697s] copying pyPubsub/publisher_member_function.py -> /home/kyu8/ros2_ws/build/pyPubsub/build/lib/pyPubsub
[3.697s] running install
[3.697s] /usr/lib/python3/dist-packages/setuptools/command/install.py:34: SetuptoolsDeprecationWarning: setup.py install is deprecated. Use build and pip and other standards-based tools.
[3.697s]   warnings.warn(
[3.698s] running install_lib
[3.699s] creating /home/kyu8/ros2_ws/install/pyPubsub/lib/python3.10/site-packages/pyPubsub
[3.700s] copying /home/kyu8/ros2_ws/build/pyPubsub/build/lib/pyPubsub/__init__.py -> /home/kyu8/ros2_ws/install/pyPubsub/lib/python3.10/site-packages/pyPubsub
[3.700s] copying /home/kyu8/ros2_ws/build/pyPubsub/build/lib/pyPubsub/subscriber_member_function.py -> /home/kyu8/ros2_ws/install/pyPubsub/lib/python3.10/site-packages/pyPubsub
[3.700s] copying /home/kyu8/ros2_ws/build/pyPubsub/build/lib/pyPubsub/publisher_member_function.py -> /home/kyu8/ros2_ws/install/pyPubsub/lib/python3.10/site-packages/pyPubsub
[3.701s] byte-compiling /home/kyu8/ros2_ws/install/pyPubsub/lib/python3.10/site-packages/pyPubsub/__init__.py to __init__.cpython-310.pyc
[3.702s] byte-compiling /home/kyu8/ros2_ws/install/pyPubsub/lib/python3.10/site-packages/pyPubsub/subscriber_member_function.py to subscriber_member_function.cpython-310.pyc
[3.702s] byte-compiling /home/kyu8/ros2_ws/install/pyPubsub/lib/python3.10/site-packages/pyPubsub/publisher_member_function.py to publisher_member_function.cpython-310.pyc
[3.703s] running install_data
[3.705s] creating /home/kyu8/ros2_ws/install/pyPubsub/share/ament_index
[3.705s] creating /home/kyu8/ros2_ws/install/pyPubsub/share/ament_index/resource_index
[3.705s] creating /home/kyu8/ros2_ws/install/pyPubsub/share/ament_index/resource_index/packages
[3.705s] copying resource/pyPubsub -> /home/kyu8/ros2_ws/install/pyPubsub/share/ament_index/resource_index/packages
[3.705s] copying package.xml -> /home/kyu8/ros2_ws/install/pyPubsub/share/pyPubsub
[3.705s] running install_egg_info
[3.709s] Copying ../../build/pyPubsub/pyPubsub.egg-info to /home/kyu8/ros2_ws/install/pyPubsub/lib/python3.10/site-packages/pyPubsub-0.0.0-py3.10.egg-info
[3.712s] running install_scripts
[3.752s] Installing listener script to /home/kyu8/ros2_ws/install/pyPubsub/lib/pyPubsub
[3.752s] Installing talker script to /home/kyu8/ros2_ws/install/pyPubsub/lib/pyPubsub
[3.753s] writing list of installed files to '/home/kyu8/ros2_ws/build/pyPubsub/install.log'
[3.897s] Invoked command in '/home/kyu8/ros2_ws/src/pyPubsub' returned '0': PYTHONPATH=/home/kyu8/ros2_ws/build/pyPubsub/prefix_override:/home/kyu8/ros2_ws/install/pyPubsub/lib/python3.10/site-packages:${PYTHONPATH} /usr/bin/python3 setup.py egg_info --egg-base ../../build/pyPubsub build --build-base /home/kyu8/ros2_ws/build/pyPubsub/build install --record /home/kyu8/ros2_ws/build/pyPubsub/install.log --single-version-externally-managed
