[0.102s] Invoking command in '/home/kyu8/ros2_ws/build/turtlesim': CMAKE_PREFIX_PATH=/opt/ros/rolling:/opt/ros/humble /usr/bin/cmake --build /home/kyu8/ros2_ws/build/turtlesim -- -j5 -l5
[0.181s] [  0%] Built target turtlesim__rosidl_generator_type_description
[0.194s] [  0%] Built target ament_cmake_python_copy_turtlesim
[0.204s] [35m[1mConsolidate compiler generated dependencies of target turtlesim__rosidl_generator_c[0m
[0.206s] [  1%] Built target turtlesim__cpp
[0.228s] [ 24%] Built target turtlesim__rosidl_generator_c
[0.251s] [35m[1mConsolidate compiler generated dependencies of target turtlesim__rosidl_typesupport_introspection_c[0m
[0.251s] [35m[1mConsolidate compiler generated dependencies of target turtlesim__rosidl_typesupport_cpp[0m
[0.252s] [35m[1mConsolidate compiler generated dependencies of target turtlesim__rosidl_typesupport_fastrtps_c[0m
[0.254s] [35m[1mConsolidate compiler generated dependencies of target turtlesim__rosidl_typesupport_fastrtps_cpp[0m
[0.270s] [ 33%] Built target turtlesim__rosidl_typesupport_introspection_c
[0.278s] [ 48%] Built target turtlesim__rosidl_typesupport_cpp
[0.278s] [ 50%] Built target turtlesim__rosidl_typesupport_fastrtps_c
[0.285s] [ 58%] Built target turtlesim__rosidl_typesupport_fastrtps_cpp
[0.287s] [35m[1mConsolidate compiler generated dependencies of target turtlesim__rosidl_typesupport_c[0m
[0.295s] [35m[1mConsolidate compiler generated dependencies of target turtlesim__rosidl_typesupport_introspection_cpp[0m
[0.295s] [35m[1mConsolidate compiler generated dependencies of target turtlesim_node[0m
[0.303s] [35m[1mConsolidate compiler generated dependencies of target turtle_teleop_key[0m
[0.303s] [ 67%] Built target turtlesim__rosidl_typesupport_c
[0.316s] [35m[1mConsolidate compiler generated dependencies of target draw_square[0m
[0.318s] [ 75%] Built target turtlesim__rosidl_typesupport_introspection_cpp
[0.331s] [35m[1mConsolidate compiler generated dependencies of target mimic[0m
[0.332s] [ 77%] Built target turtle_teleop_key
[0.336s] [ 78%] [32mBuilding CXX object CMakeFiles/turtlesim_node.dir/src/turtle_frame.cpp.o[0m
[0.338s] [ 79%] Built target draw_square
[0.359s] [ 81%] Built target mimic
[0.365s] [ 81%] Built target turtlesim
[0.391s] [ 81%] Built target turtlesim__py
[0.405s] [35m[1mConsolidate compiler generated dependencies of target turtlesim__rosidl_generator_py[0m
[0.429s] [ 89%] Built target turtlesim__rosidl_generator_py
[0.441s] [35m[1mConsolidate compiler generated dependencies of target turtlesim__rosidl_typesupport_fastrtps_c__pyext[0m
[0.441s] [35m[1mConsolidate compiler generated dependencies of target turtlesim__rosidl_typesupport_introspection_c__pyext[0m
[0.441s] [35m[1mConsolidate compiler generated dependencies of target turtlesim__rosidl_typesupport_c__pyext[0m
[0.457s] [ 95%] Built target turtlesim__rosidl_typesupport_introspection_c__pyext
[0.457s] [ 95%] Built target turtlesim__rosidl_typesupport_c__pyext
[0.458s] [ 95%] Built target turtlesim__rosidl_typesupport_fastrtps_c__pyext
[0.542s] running egg_info
[0.542s] writing turtlesim.egg-info/PKG-INFO
[0.543s] writing dependency_links to turtlesim.egg-info/dependency_links.txt
[0.543s] writing top-level names to turtlesim.egg-info/top_level.txt
[0.547s] reading manifest file 'turtlesim.egg-info/SOURCES.txt'
[0.548s] writing manifest file 'turtlesim.egg-info/SOURCES.txt'
[0.587s] [ 95%] Built target ament_cmake_python_build_turtlesim_egg
[12.775s] [ 96%] [32m[1mLinking CXX executable turtlesim_node[0m
[17.089s] [100%] Built target turtlesim_node
[17.105s] Invoked command in '/home/kyu8/ros2_ws/build/turtlesim' returned '0': CMAKE_PREFIX_PATH=/opt/ros/rolling:/opt/ros/humble /usr/bin/cmake --build /home/kyu8/ros2_ws/build/turtlesim -- -j5 -l5
[17.465s] Invoking command in '/home/kyu8/ros2_ws/build/turtlesim': CMAKE_PREFIX_PATH=/opt/ros/rolling:/opt/ros/humble /usr/bin/cmake --install /home/kyu8/ros2_ws/build/turtlesim
[17.474s] -- Install configuration: ""
[17.474s] -- Up-to-date: /home/kyu8/ros2_ws/install/turtlesim/share/ament_index/resource_index/rosidl_interfaces/turtlesim
[17.474s] -- Up-to-date: /home/kyu8/ros2_ws/install/turtlesim/share/turtlesim/action/RotateAbsolute.json
[17.474s] -- Up-to-date: /home/kyu8/ros2_ws/install/turtlesim/share/turtlesim/msg/Color.json
[17.474s] -- Up-to-date: /home/kyu8/ros2_ws/install/turtlesim/share/turtlesim/msg/Pose.json
[17.474s] -- Up-to-date: /home/kyu8/ros2_ws/install/turtlesim/share/turtlesim/srv/Kill.json
[17.474s] -- Up-to-date: /home/kyu8/ros2_ws/install/turtlesim/share/turtlesim/srv/SetPen.json
[17.474s] -- Up-to-date: /home/kyu8/ros2_ws/install/turtlesim/share/turtlesim/srv/Spawn.json
[17.474s] -- Up-to-date: /home/kyu8/ros2_ws/install/turtlesim/share/turtlesim/srv/TeleportAbsolute.json
[17.474s] -- Up-to-date: /home/kyu8/ros2_ws/install/turtlesim/share/turtlesim/srv/TeleportRelative.json
[17.475s] -- Up-to-date: /home/kyu8/ros2_ws/install/turtlesim/include/turtlesim/turtlesim
[17.475s] -- Up-to-date: /home/kyu8/ros2_ws/install/turtlesim/include/turtlesim/turtlesim/action
[17.475s] -- Up-to-date: /home/kyu8/ros2_ws/install/turtlesim/include/turtlesim/turtlesim/action/detail
[17.475s] -- Up-to-date: /home/kyu8/ros2_ws/install/turtlesim/include/turtlesim/turtlesim/action/detail/rotate_absolute__functions.c
[17.475s] -- Installing: /home/kyu8/ros2_ws/install/turtlesim/include/turtlesim/turtlesim/action/detail/rotate_absolute__type_support.c
[17.475s] -- Up-to-date: /home/kyu8/ros2_ws/install/turtlesim/include/turtlesim/turtlesim/action/detail/rotate_absolute__type_support.h
[17.475s] -- Up-to-date: /home/kyu8/ros2_ws/install/turtlesim/include/turtlesim/turtlesim/action/detail/rotate_absolute__struct.h
[17.475s] -- Up-to-date: /home/kyu8/ros2_ws/install/turtlesim/include/turtlesim/turtlesim/action/detail/rotate_absolute__description.c
[17.475s] -- Up-to-date: /home/kyu8/ros2_ws/install/turtlesim/include/turtlesim/turtlesim/action/detail/rotate_absolute__functions.h
[17.475s] -- Up-to-date: /home/kyu8/ros2_ws/install/turtlesim/include/turtlesim/turtlesim/action/rotate_absolute.h
[17.475s] -- Up-to-date: /home/kyu8/ros2_ws/install/turtlesim/include/turtlesim/turtlesim/srv
[17.476s] -- Up-to-date: /home/kyu8/ros2_ws/install/turtlesim/include/turtlesim/turtlesim/srv/detail
[17.476s] -- Installing: /home/kyu8/ros2_ws/install/turtlesim/include/turtlesim/turtlesim/srv/detail/spawn__type_support.c
[17.476s] -- Up-to-date: /home/kyu8/ros2_ws/install/turtlesim/include/turtlesim/turtlesim/srv/detail/teleport_relative__description.c
[17.476s] -- Up-to-date: /home/kyu8/ros2_ws/install/turtlesim/include/turtlesim/turtlesim/srv/detail/spawn__struct.h
[17.476s] -- Up-to-date: /home/kyu8/ros2_ws/install/turtlesim/include/turtlesim/turtlesim/srv/detail/spawn__type_support.h
[17.477s] -- Up-to-date: /home/kyu8/ros2_ws/install/turtlesim/include/turtlesim/turtlesim/srv/detail/teleport_absolute__functions.c
[17.477s] -- Up-to-date: /home/kyu8/ros2_ws/install/turtlesim/include/turtlesim/turtlesim/srv/detail/teleport_absolute__struct.h
[17.477s] -- Up-to-date: /home/kyu8/ros2_ws/install/turtlesim/include/turtlesim/turtlesim/srv/detail/set_pen__functions.c
[17.477s] -- Up-to-date: /home/kyu8/ros2_ws/install/turtlesim/include/turtlesim/turtlesim/srv/detail/set_pen__functions.h
[17.478s] -- Up-to-date: /home/kyu8/ros2_ws/install/turtlesim/include/turtlesim/turtlesim/srv/detail/set_pen__struct.h
[17.478s] -- Up-to-date: /home/kyu8/ros2_ws/install/turtlesim/include/turtlesim/turtlesim/srv/detail/kill__description.c
[17.478s] -- Up-to-date: /home/kyu8/ros2_ws/install/turtlesim/include/turtlesim/turtlesim/srv/detail/set_pen__type_support.h
[17.478s] -- Up-to-date: /home/kyu8/ros2_ws/install/turtlesim/include/turtlesim/turtlesim/srv/detail/kill__struct.h
[17.478s] -- Up-to-date: /home/kyu8/ros2_ws/install/turtlesim/include/turtlesim/turtlesim/srv/detail/teleport_relative__functions.h
[17.478s] -- Installing: /home/kyu8/ros2_ws/install/turtlesim/include/turtlesim/turtlesim/srv/detail/teleport_relative__type_support.c
[17.478s] -- Installing: /home/kyu8/ros2_ws/install/turtlesim/include/turtlesim/turtlesim/srv/detail/teleport_absolute__type_support.c
[17.478s] -- Up-to-date: /home/kyu8/ros2_ws/install/turtlesim/include/turtlesim/turtlesim/srv/detail/teleport_absolute__type_support.h
[17.478s] -- Installing: /home/kyu8/ros2_ws/install/turtlesim/include/turtlesim/turtlesim/srv/detail/set_pen__type_support.c
[17.478s] -- Up-to-date: /home/kyu8/ros2_ws/install/turtlesim/include/turtlesim/turtlesim/srv/detail/spawn__description.c
[17.479s] -- Up-to-date: /home/kyu8/ros2_ws/install/turtlesim/include/turtlesim/turtlesim/srv/detail/spawn__functions.h
[17.479s] -- Up-to-date: /home/kyu8/ros2_ws/install/turtlesim/include/turtlesim/turtlesim/srv/detail/teleport_absolute__functions.h
[17.479s] -- Up-to-date: /home/kyu8/ros2_ws/install/turtlesim/include/turtlesim/turtlesim/srv/detail/set_pen__description.c
[17.479s] -- Up-to-date: /home/kyu8/ros2_ws/install/turtlesim/include/turtlesim/turtlesim/srv/detail/kill__functions.h
[17.479s] -- Up-to-date: /home/kyu8/ros2_ws/install/turtlesim/include/turtlesim/turtlesim/srv/detail/kill__type_support.h
[17.479s] -- Up-to-date: /home/kyu8/ros2_ws/install/turtlesim/include/turtlesim/turtlesim/srv/detail/kill__functions.c
[17.479s] -- Up-to-date: /home/kyu8/ros2_ws/install/turtlesim/include/turtlesim/turtlesim/srv/detail/spawn__functions.c
[17.479s] -- Up-to-date: /home/kyu8/ros2_ws/install/turtlesim/include/turtlesim/turtlesim/srv/detail/teleport_relative__functions.c
[17.479s] -- Up-to-date: /home/kyu8/ros2_ws/install/turtlesim/include/turtlesim/turtlesim/srv/detail/teleport_absolute__description.c
[17.479s] -- Up-to-date: /home/kyu8/ros2_ws/install/turtlesim/include/turtlesim/turtlesim/srv/detail/teleport_relative__struct.h
[17.479s] -- Installing: /home/kyu8/ros2_ws/install/turtlesim/include/turtlesim/turtlesim/srv/detail/kill__type_support.c
[17.480s] -- Up-to-date: /home/kyu8/ros2_ws/install/turtlesim/include/turtlesim/turtlesim/srv/detail/teleport_relative__type_support.h
[17.480s] -- Up-to-date: /home/kyu8/ros2_ws/install/turtlesim/include/turtlesim/turtlesim/srv/teleport_absolute.h
[17.480s] -- Up-to-date: /home/kyu8/ros2_ws/install/turtlesim/include/turtlesim/turtlesim/srv/kill.h
[17.480s] -- Up-to-date: /home/kyu8/ros2_ws/install/turtlesim/include/turtlesim/turtlesim/srv/spawn.h
[17.480s] -- Up-to-date: /home/kyu8/ros2_ws/install/turtlesim/include/turtlesim/turtlesim/srv/set_pen.h
[17.480s] -- Up-to-date: /home/kyu8/ros2_ws/install/turtlesim/include/turtlesim/turtlesim/srv/teleport_relative.h
[17.480s] -- Up-to-date: /home/kyu8/ros2_ws/install/turtlesim/include/turtlesim/turtlesim/msg
[17.480s] -- Up-to-date: /home/kyu8/ros2_ws/install/turtlesim/include/turtlesim/turtlesim/msg/detail
[17.481s] -- Up-to-date: /home/kyu8/ros2_ws/install/turtlesim/include/turtlesim/turtlesim/msg/detail/pose__functions.c
[17.481s] -- Up-to-date: /home/kyu8/ros2_ws/install/turtlesim/include/turtlesim/turtlesim/msg/detail/pose__functions.h
[17.481s] -- Up-to-date: /home/kyu8/ros2_ws/install/turtlesim/include/turtlesim/turtlesim/msg/detail/color__description.c
[17.481s] -- Up-to-date: /home/kyu8/ros2_ws/install/turtlesim/include/turtlesim/turtlesim/msg/detail/pose__struct.h
[17.481s] -- Installing: /home/kyu8/ros2_ws/install/turtlesim/include/turtlesim/turtlesim/msg/detail/color__type_support.c
[17.481s] -- Up-to-date: /home/kyu8/ros2_ws/install/turtlesim/include/turtlesim/turtlesim/msg/detail/color__struct.h
[17.481s] -- Up-to-date: /home/kyu8/ros2_ws/install/turtlesim/include/turtlesim/turtlesim/msg/detail/color__type_support.h
[17.481s] -- Up-to-date: /home/kyu8/ros2_ws/install/turtlesim/include/turtlesim/turtlesim/msg/detail/pose__description.c
[17.481s] -- Up-to-date: /home/kyu8/ros2_ws/install/turtlesim/include/turtlesim/turtlesim/msg/detail/color__functions.h
[17.481s] -- Installing: /home/kyu8/ros2_ws/install/turtlesim/include/turtlesim/turtlesim/msg/detail/pose__type_support.c
[17.481s] -- Up-to-date: /home/kyu8/ros2_ws/install/turtlesim/include/turtlesim/turtlesim/msg/detail/pose__type_support.h
[17.481s] -- Up-to-date: /home/kyu8/ros2_ws/install/turtlesim/include/turtlesim/turtlesim/msg/detail/color__functions.c
[17.482s] -- Up-to-date: /home/kyu8/ros2_ws/install/turtlesim/include/turtlesim/turtlesim/msg/color.h
[17.482s] -- Up-to-date: /home/kyu8/ros2_ws/install/turtlesim/include/turtlesim/turtlesim/msg/rosidl_generator_c__visibility_control.h
[17.482s] -- Up-to-date: /home/kyu8/ros2_ws/install/turtlesim/include/turtlesim/turtlesim/msg/pose.h
[17.482s] -- Up-to-date: /home/kyu8/ros2_ws/install/turtlesim/share/turtlesim/environment/library_path.sh
[17.482s] -- Up-to-date: /home/kyu8/ros2_ws/install/turtlesim/share/turtlesim/environment/library_path.dsv
[17.482s] -- Up-to-date: /home/kyu8/ros2_ws/install/turtlesim/lib/libturtlesim__rosidl_generator_c.so
[17.482s] -- Up-to-date: /home/kyu8/ros2_ws/install/turtlesim/include/turtlesim/turtlesim
[17.482s] -- Up-to-date: /home/kyu8/ros2_ws/install/turtlesim/include/turtlesim/turtlesim/action
[17.482s] -- Up-to-date: /home/kyu8/ros2_ws/install/turtlesim/include/turtlesim/turtlesim/action/detail
[17.482s] -- Up-to-date: /home/kyu8/ros2_ws/install/turtlesim/include/turtlesim/turtlesim/action/detail/rotate_absolute__rosidl_typesupport_fastrtps_c.h
[17.483s] -- Up-to-date: /home/kyu8/ros2_ws/install/turtlesim/include/turtlesim/turtlesim/srv
[17.483s] -- Up-to-date: /home/kyu8/ros2_ws/install/turtlesim/include/turtlesim/turtlesim/srv/detail
[17.483s] -- Up-to-date: /home/kyu8/ros2_ws/install/turtlesim/include/turtlesim/turtlesim/srv/detail/teleport_absolute__rosidl_typesupport_fastrtps_c.h
[17.483s] -- Up-to-date: /home/kyu8/ros2_ws/install/turtlesim/include/turtlesim/turtlesim/srv/detail/kill__rosidl_typesupport_fastrtps_c.h
[17.483s] -- Up-to-date: /home/kyu8/ros2_ws/install/turtlesim/include/turtlesim/turtlesim/srv/detail/set_pen__rosidl_typesupport_fastrtps_c.h
[17.483s] -- Up-to-date: /home/kyu8/ros2_ws/install/turtlesim/include/turtlesim/turtlesim/srv/detail/teleport_relative__rosidl_typesupport_fastrtps_c.h
[17.483s] -- Up-to-date: /home/kyu8/ros2_ws/install/turtlesim/include/turtlesim/turtlesim/srv/detail/spawn__rosidl_typesupport_fastrtps_c.h
[17.483s] -- Up-to-date: /home/kyu8/ros2_ws/install/turtlesim/include/turtlesim/turtlesim/msg
[17.483s] -- Up-to-date: /home/kyu8/ros2_ws/install/turtlesim/include/turtlesim/turtlesim/msg/detail
[17.484s] -- Up-to-date: /home/kyu8/ros2_ws/install/turtlesim/include/turtlesim/turtlesim/msg/detail/color__rosidl_typesupport_fastrtps_c.h
[17.484s] -- Up-to-date: /home/kyu8/ros2_ws/install/turtlesim/include/turtlesim/turtlesim/msg/detail/pose__rosidl_typesupport_fastrtps_c.h
[17.484s] -- Up-to-date: /home/kyu8/ros2_ws/install/turtlesim/include/turtlesim/turtlesim/msg/rosidl_typesupport_fastrtps_c__visibility_control.h
[17.484s] -- Up-to-date: /home/kyu8/ros2_ws/install/turtlesim/lib/libturtlesim__rosidl_typesupport_fastrtps_c.so
[17.484s] -- Up-to-date: /home/kyu8/ros2_ws/install/turtlesim/include/turtlesim/turtlesim
[17.484s] -- Up-to-date: /home/kyu8/ros2_ws/install/turtlesim/include/turtlesim/turtlesim/action
[17.484s] -- Up-to-date: /home/kyu8/ros2_ws/install/turtlesim/include/turtlesim/turtlesim/action/detail
[17.484s] -- Up-to-date: /home/kyu8/ros2_ws/install/turtlesim/include/turtlesim/turtlesim/action/detail/rotate_absolute__struct.hpp
[17.484s] -- Up-to-date: /home/kyu8/ros2_ws/install/turtlesim/include/turtlesim/turtlesim/action/detail/rotate_absolute__type_support.hpp
[17.484s] -- Up-to-date: /home/kyu8/ros2_ws/install/turtlesim/include/turtlesim/turtlesim/action/detail/rotate_absolute__builder.hpp
[17.484s] -- Up-to-date: /home/kyu8/ros2_ws/install/turtlesim/include/turtlesim/turtlesim/action/detail/rotate_absolute__traits.hpp
[17.484s] -- Up-to-date: /home/kyu8/ros2_ws/install/turtlesim/include/turtlesim/turtlesim/action/rotate_absolute.hpp
[17.484s] -- Up-to-date: /home/kyu8/ros2_ws/install/turtlesim/include/turtlesim/turtlesim/srv
[17.484s] -- Up-to-date: /home/kyu8/ros2_ws/install/turtlesim/include/turtlesim/turtlesim/srv/teleport_relative.hpp
[17.484s] -- Up-to-date: /home/kyu8/ros2_ws/install/turtlesim/include/turtlesim/turtlesim/srv/detail
[17.485s] -- Up-to-date: /home/kyu8/ros2_ws/install/turtlesim/include/turtlesim/turtlesim/srv/detail/teleport_relative__struct.hpp
[17.485s] -- Up-to-date: /home/kyu8/ros2_ws/install/turtlesim/include/turtlesim/turtlesim/srv/detail/teleport_absolute__type_support.hpp
[17.485s] -- Up-to-date: /home/kyu8/ros2_ws/install/turtlesim/include/turtlesim/turtlesim/srv/detail/set_pen__type_support.hpp
[17.485s] -- Up-to-date: /home/kyu8/ros2_ws/install/turtlesim/include/turtlesim/turtlesim/srv/detail/set_pen__struct.hpp
[17.485s] -- Up-to-date: /home/kyu8/ros2_ws/install/turtlesim/include/turtlesim/turtlesim/srv/detail/set_pen__builder.hpp
[17.485s] -- Up-to-date: /home/kyu8/ros2_ws/install/turtlesim/include/turtlesim/turtlesim/srv/detail/kill__struct.hpp
[17.486s] -- Up-to-date: /home/kyu8/ros2_ws/install/turtlesim/include/turtlesim/turtlesim/srv/detail/set_pen__traits.hpp
[17.486s] -- Up-to-date: /home/kyu8/ros2_ws/install/turtlesim/include/turtlesim/turtlesim/srv/detail/kill__type_support.hpp
[17.486s] -- Up-to-date: /home/kyu8/ros2_ws/install/turtlesim/include/turtlesim/turtlesim/srv/detail/kill__traits.hpp
[17.486s] -- Up-to-date: /home/kyu8/ros2_ws/install/turtlesim/include/turtlesim/turtlesim/srv/detail/teleport_relative__builder.hpp
[17.486s] -- Up-to-date: /home/kyu8/ros2_ws/install/turtlesim/include/turtlesim/turtlesim/srv/detail/teleport_absolute__builder.hpp
[17.486s] -- Up-to-date: /home/kyu8/ros2_ws/install/turtlesim/include/turtlesim/turtlesim/srv/detail/teleport_relative__traits.hpp
[17.486s] -- Up-to-date: /home/kyu8/ros2_ws/install/turtlesim/include/turtlesim/turtlesim/srv/detail/teleport_absolute__struct.hpp
[17.486s] -- Up-to-date: /home/kyu8/ros2_ws/install/turtlesim/include/turtlesim/turtlesim/srv/detail/spawn__struct.hpp
[17.486s] -- Up-to-date: /home/kyu8/ros2_ws/install/turtlesim/include/turtlesim/turtlesim/srv/detail/teleport_relative__type_support.hpp
[17.487s] -- Up-to-date: /home/kyu8/ros2_ws/install/turtlesim/include/turtlesim/turtlesim/srv/detail/teleport_absolute__traits.hpp
[17.487s] -- Up-to-date: /home/kyu8/ros2_ws/install/turtlesim/include/turtlesim/turtlesim/srv/detail/spawn__traits.hpp
[17.487s] -- Up-to-date: /home/kyu8/ros2_ws/install/turtlesim/include/turtlesim/turtlesim/srv/detail/spawn__builder.hpp
[17.487s] -- Up-to-date: /home/kyu8/ros2_ws/install/turtlesim/include/turtlesim/turtlesim/srv/detail/spawn__type_support.hpp
[17.487s] -- Up-to-date: /home/kyu8/ros2_ws/install/turtlesim/include/turtlesim/turtlesim/srv/detail/kill__builder.hpp
[17.487s] -- Up-to-date: /home/kyu8/ros2_ws/install/turtlesim/include/turtlesim/turtlesim/srv/set_pen.hpp
[17.487s] -- Up-to-date: /home/kyu8/ros2_ws/install/turtlesim/include/turtlesim/turtlesim/srv/teleport_absolute.hpp
[17.487s] -- Up-to-date: /home/kyu8/ros2_ws/install/turtlesim/include/turtlesim/turtlesim/srv/spawn.hpp
[17.487s] -- Up-to-date: /home/kyu8/ros2_ws/install/turtlesim/include/turtlesim/turtlesim/srv/kill.hpp
[17.488s] -- Up-to-date: /home/kyu8/ros2_ws/install/turtlesim/include/turtlesim/turtlesim/msg
[17.488s] -- Up-to-date: /home/kyu8/ros2_ws/install/turtlesim/include/turtlesim/turtlesim/msg/rosidl_generator_cpp__visibility_control.hpp
[17.488s] -- Up-to-date: /home/kyu8/ros2_ws/install/turtlesim/include/turtlesim/turtlesim/msg/detail
[17.488s] -- Up-to-date: /home/kyu8/ros2_ws/install/turtlesim/include/turtlesim/turtlesim/msg/detail/pose__struct.hpp
[17.488s] -- Up-to-date: /home/kyu8/ros2_ws/install/turtlesim/include/turtlesim/turtlesim/msg/detail/pose__traits.hpp
[17.488s] -- Up-to-date: /home/kyu8/ros2_ws/install/turtlesim/include/turtlesim/turtlesim/msg/detail/pose__builder.hpp
[17.488s] -- Up-to-date: /home/kyu8/ros2_ws/install/turtlesim/include/turtlesim/turtlesim/msg/detail/color__struct.hpp
[17.489s] -- Up-to-date: /home/kyu8/ros2_ws/install/turtlesim/include/turtlesim/turtlesim/msg/detail/color__traits.hpp
[17.489s] -- Up-to-date: /home/kyu8/ros2_ws/install/turtlesim/include/turtlesim/turtlesim/msg/detail/color__type_support.hpp
[17.489s] -- Up-to-date: /home/kyu8/ros2_ws/install/turtlesim/include/turtlesim/turtlesim/msg/detail/color__builder.hpp
[17.489s] -- Up-to-date: /home/kyu8/ros2_ws/install/turtlesim/include/turtlesim/turtlesim/msg/detail/pose__type_support.hpp
[17.489s] -- Up-to-date: /home/kyu8/ros2_ws/install/turtlesim/include/turtlesim/turtlesim/msg/color.hpp
[17.489s] -- Up-to-date: /home/kyu8/ros2_ws/install/turtlesim/include/turtlesim/turtlesim/msg/pose.hpp
[17.489s] -- Up-to-date: /home/kyu8/ros2_ws/install/turtlesim/include/turtlesim/turtlesim
[17.489s] -- Up-to-date: /home/kyu8/ros2_ws/install/turtlesim/include/turtlesim/turtlesim/action
[17.489s] -- Up-to-date: /home/kyu8/ros2_ws/install/turtlesim/include/turtlesim/turtlesim/action/detail
[17.489s] -- Up-to-date: /home/kyu8/ros2_ws/install/turtlesim/include/turtlesim/turtlesim/action/detail/dds_fastrtps
[17.489s] -- Up-to-date: /home/kyu8/ros2_ws/install/turtlesim/include/turtlesim/turtlesim/action/detail/rotate_absolute__rosidl_typesupport_fastrtps_cpp.hpp
[17.489s] -- Up-to-date: /home/kyu8/ros2_ws/install/turtlesim/include/turtlesim/turtlesim/srv
[17.489s] -- Up-to-date: /home/kyu8/ros2_ws/install/turtlesim/include/turtlesim/turtlesim/srv/detail
[17.489s] -- Up-to-date: /home/kyu8/ros2_ws/install/turtlesim/include/turtlesim/turtlesim/srv/detail/kill__rosidl_typesupport_fastrtps_cpp.hpp
[17.490s] -- Up-to-date: /home/kyu8/ros2_ws/install/turtlesim/include/turtlesim/turtlesim/srv/detail/teleport_absolute__rosidl_typesupport_fastrtps_cpp.hpp
[17.490s] -- Up-to-date: /home/kyu8/ros2_ws/install/turtlesim/include/turtlesim/turtlesim/srv/detail/spawn__rosidl_typesupport_fastrtps_cpp.hpp
[17.490s] -- Up-to-date: /home/kyu8/ros2_ws/install/turtlesim/include/turtlesim/turtlesim/srv/detail/set_pen__rosidl_typesupport_fastrtps_cpp.hpp
[17.490s] -- Up-to-date: /home/kyu8/ros2_ws/install/turtlesim/include/turtlesim/turtlesim/srv/detail/dds_fastrtps
[17.490s] -- Up-to-date: /home/kyu8/ros2_ws/install/turtlesim/include/turtlesim/turtlesim/srv/detail/teleport_relative__rosidl_typesupport_fastrtps_cpp.hpp
[17.490s] -- Up-to-date: /home/kyu8/ros2_ws/install/turtlesim/include/turtlesim/turtlesim/msg
[17.490s] -- Up-to-date: /home/kyu8/ros2_ws/install/turtlesim/include/turtlesim/turtlesim/msg/detail
[17.490s] -- Up-to-date: /home/kyu8/ros2_ws/install/turtlesim/include/turtlesim/turtlesim/msg/detail/pose__rosidl_typesupport_fastrtps_cpp.hpp
[17.490s] -- Up-to-date: /home/kyu8/ros2_ws/install/turtlesim/include/turtlesim/turtlesim/msg/detail/color__rosidl_typesupport_fastrtps_cpp.hpp
[17.490s] -- Up-to-date: /home/kyu8/ros2_ws/install/turtlesim/include/turtlesim/turtlesim/msg/detail/dds_fastrtps
[17.490s] -- Up-to-date: /home/kyu8/ros2_ws/install/turtlesim/include/turtlesim/turtlesim/msg/rosidl_typesupport_fastrtps_cpp__visibility_control.h
[17.490s] -- Up-to-date: /home/kyu8/ros2_ws/install/turtlesim/lib/libturtlesim__rosidl_typesupport_fastrtps_cpp.so
[17.490s] -- Up-to-date: /home/kyu8/ros2_ws/install/turtlesim/include/turtlesim/turtlesim
[17.490s] -- Up-to-date: /home/kyu8/ros2_ws/install/turtlesim/include/turtlesim/turtlesim/action
[17.491s] -- Up-to-date: /home/kyu8/ros2_ws/install/turtlesim/include/turtlesim/turtlesim/action/detail
[17.491s] -- Up-to-date: /home/kyu8/ros2_ws/install/turtlesim/include/turtlesim/turtlesim/action/detail/rotate_absolute__rosidl_typesupport_introspection_c.h
[17.491s] -- Installing: /home/kyu8/ros2_ws/install/turtlesim/include/turtlesim/turtlesim/action/detail/rotate_absolute__type_support.c
[17.491s] -- Up-to-date: /home/kyu8/ros2_ws/install/turtlesim/include/turtlesim/turtlesim/srv
[17.491s] -- Up-to-date: /home/kyu8/ros2_ws/install/turtlesim/include/turtlesim/turtlesim/srv/detail
[17.491s] -- Installing: /home/kyu8/ros2_ws/install/turtlesim/include/turtlesim/turtlesim/srv/detail/spawn__type_support.c
[17.491s] -- Installing: /home/kyu8/ros2_ws/install/turtlesim/include/turtlesim/turtlesim/srv/detail/teleport_relative__type_support.c
[17.491s] -- Up-to-date: /home/kyu8/ros2_ws/install/turtlesim/include/turtlesim/turtlesim/srv/detail/kill__rosidl_typesupport_introspection_c.h
[17.491s] -- Installing: /home/kyu8/ros2_ws/install/turtlesim/include/turtlesim/turtlesim/srv/detail/teleport_absolute__type_support.c
[17.491s] -- Installing: /home/kyu8/ros2_ws/install/turtlesim/include/turtlesim/turtlesim/srv/detail/set_pen__type_support.c
[17.491s] -- Up-to-date: /home/kyu8/ros2_ws/install/turtlesim/include/turtlesim/turtlesim/srv/detail/teleport_relative__rosidl_typesupport_introspection_c.h
[17.491s] -- Up-to-date: /home/kyu8/ros2_ws/install/turtlesim/include/turtlesim/turtlesim/srv/detail/set_pen__rosidl_typesupport_introspection_c.h
[17.491s] -- Up-to-date: /home/kyu8/ros2_ws/install/turtlesim/include/turtlesim/turtlesim/srv/detail/spawn__rosidl_typesupport_introspection_c.h
[17.491s] -- Up-to-date: /home/kyu8/ros2_ws/install/turtlesim/include/turtlesim/turtlesim/srv/detail/teleport_absolute__rosidl_typesupport_introspection_c.h
[17.491s] -- Installing: /home/kyu8/ros2_ws/install/turtlesim/include/turtlesim/turtlesim/srv/detail/kill__type_support.c
[17.491s] -- Up-to-date: /home/kyu8/ros2_ws/install/turtlesim/include/turtlesim/turtlesim/msg
[17.491s] -- Up-to-date: /home/kyu8/ros2_ws/install/turtlesim/include/turtlesim/turtlesim/msg/detail
[17.491s] -- Installing: /home/kyu8/ros2_ws/install/turtlesim/include/turtlesim/turtlesim/msg/detail/color__type_support.c
[17.491s] -- Up-to-date: /home/kyu8/ros2_ws/install/turtlesim/include/turtlesim/turtlesim/msg/detail/pose__rosidl_typesupport_introspection_c.h
[17.491s] -- Installing: /home/kyu8/ros2_ws/install/turtlesim/include/turtlesim/turtlesim/msg/detail/pose__type_support.c
[17.492s] -- Up-to-date: /home/kyu8/ros2_ws/install/turtlesim/include/turtlesim/turtlesim/msg/detail/color__rosidl_typesupport_introspection_c.h
[17.492s] -- Up-to-date: /home/kyu8/ros2_ws/install/turtlesim/include/turtlesim/turtlesim/msg/rosidl_typesupport_introspection_c__visibility_control.h
[17.492s] -- Up-to-date: /home/kyu8/ros2_ws/install/turtlesim/lib/libturtlesim__rosidl_typesupport_introspection_c.so
[17.492s] -- Up-to-date: /home/kyu8/ros2_ws/install/turtlesim/lib/libturtlesim__rosidl_typesupport_c.so
[17.492s] -- Up-to-date: /home/kyu8/ros2_ws/install/turtlesim/include/turtlesim/turtlesim
[17.492s] -- Up-to-date: /home/kyu8/ros2_ws/install/turtlesim/include/turtlesim/turtlesim/action
[17.492s] -- Up-to-date: /home/kyu8/ros2_ws/install/turtlesim/include/turtlesim/turtlesim/action/detail
[17.492s] -- Up-to-date: /home/kyu8/ros2_ws/install/turtlesim/include/turtlesim/turtlesim/action/detail/rotate_absolute__rosidl_typesupport_introspection_cpp.hpp
[17.492s] -- Up-to-date: /home/kyu8/ros2_ws/install/turtlesim/include/turtlesim/turtlesim/action/detail/rotate_absolute__type_support.cpp
[17.492s] -- Up-to-date: /home/kyu8/ros2_ws/install/turtlesim/include/turtlesim/turtlesim/srv
[17.492s] -- Up-to-date: /home/kyu8/ros2_ws/install/turtlesim/include/turtlesim/turtlesim/srv/detail
[17.492s] -- Up-to-date: /home/kyu8/ros2_ws/install/turtlesim/include/turtlesim/turtlesim/srv/detail/set_pen__rosidl_typesupport_introspection_cpp.hpp
[17.492s] -- Up-to-date: /home/kyu8/ros2_ws/install/turtlesim/include/turtlesim/turtlesim/srv/detail/kill__rosidl_typesupport_introspection_cpp.hpp
[17.492s] -- Up-to-date: /home/kyu8/ros2_ws/install/turtlesim/include/turtlesim/turtlesim/srv/detail/spawn__rosidl_typesupport_introspection_cpp.hpp
[17.492s] -- Up-to-date: /home/kyu8/ros2_ws/install/turtlesim/include/turtlesim/turtlesim/srv/detail/teleport_relative__type_support.cpp
[17.493s] -- Up-to-date: /home/kyu8/ros2_ws/install/turtlesim/include/turtlesim/turtlesim/srv/detail/teleport_absolute__type_support.cpp
[17.493s] -- Up-to-date: /home/kyu8/ros2_ws/install/turtlesim/include/turtlesim/turtlesim/srv/detail/teleport_relative__rosidl_typesupport_introspection_cpp.hpp
[17.493s] -- Up-to-date: /home/kyu8/ros2_ws/install/turtlesim/include/turtlesim/turtlesim/srv/detail/set_pen__type_support.cpp
[17.493s] -- Up-to-date: /home/kyu8/ros2_ws/install/turtlesim/include/turtlesim/turtlesim/srv/detail/teleport_absolute__rosidl_typesupport_introspection_cpp.hpp
[17.493s] -- Up-to-date: /home/kyu8/ros2_ws/install/turtlesim/include/turtlesim/turtlesim/srv/detail/spawn__type_support.cpp
[17.493s] -- Up-to-date: /home/kyu8/ros2_ws/install/turtlesim/include/turtlesim/turtlesim/srv/detail/kill__type_support.cpp
[17.493s] -- Up-to-date: /home/kyu8/ros2_ws/install/turtlesim/include/turtlesim/turtlesim/msg
[17.493s] -- Up-to-date: /home/kyu8/ros2_ws/install/turtlesim/include/turtlesim/turtlesim/msg/detail
[17.493s] -- Up-to-date: /home/kyu8/ros2_ws/install/turtlesim/include/turtlesim/turtlesim/msg/detail/color__type_support.cpp
[17.493s] -- Up-to-date: /home/kyu8/ros2_ws/install/turtlesim/include/turtlesim/turtlesim/msg/detail/pose__type_support.cpp
[17.493s] -- Up-to-date: /home/kyu8/ros2_ws/install/turtlesim/include/turtlesim/turtlesim/msg/detail/color__rosidl_typesupport_introspection_cpp.hpp
[17.493s] -- Up-to-date: /home/kyu8/ros2_ws/install/turtlesim/include/turtlesim/turtlesim/msg/detail/pose__rosidl_typesupport_introspection_cpp.hpp
[17.493s] -- Up-to-date: /home/kyu8/ros2_ws/install/turtlesim/lib/libturtlesim__rosidl_typesupport_introspection_cpp.so
[17.493s] -- Up-to-date: /home/kyu8/ros2_ws/install/turtlesim/lib/libturtlesim__rosidl_typesupport_cpp.so
[17.493s] -- Up-to-date: /home/kyu8/ros2_ws/install/turtlesim/share/turtlesim/environment/pythonpath.sh
[17.494s] -- Up-to-date: /home/kyu8/ros2_ws/install/turtlesim/share/turtlesim/environment/pythonpath.dsv
[17.494s] -- Up-to-date: /home/kyu8/ros2_ws/install/turtlesim/lib/python3.10/site-packages/turtlesim-1.4.2-py3.10.egg-info
[17.494s] -- Installing: /home/kyu8/ros2_ws/install/turtlesim/lib/python3.10/site-packages/turtlesim-1.4.2-py3.10.egg-info/SOURCES.txt
[17.494s] -- Installing: /home/kyu8/ros2_ws/install/turtlesim/lib/python3.10/site-packages/turtlesim-1.4.2-py3.10.egg-info/top_level.txt
[17.494s] -- Installing: /home/kyu8/ros2_ws/install/turtlesim/lib/python3.10/site-packages/turtlesim-1.4.2-py3.10.egg-info/PKG-INFO
[17.494s] -- Installing: /home/kyu8/ros2_ws/install/turtlesim/lib/python3.10/site-packages/turtlesim-1.4.2-py3.10.egg-info/dependency_links.txt
[17.494s] -- Up-to-date: /home/kyu8/ros2_ws/install/turtlesim/lib/python3.10/site-packages/turtlesim
[17.494s] -- Up-to-date: /home/kyu8/ros2_ws/install/turtlesim/lib/python3.10/site-packages/turtlesim/action
[17.494s] -- Up-to-date: /home/kyu8/ros2_ws/install/turtlesim/lib/python3.10/site-packages/turtlesim/action/__init__.py
[17.494s] -- Up-to-date: /home/kyu8/ros2_ws/install/turtlesim/lib/python3.10/site-packages/turtlesim/action/_rotate_absolute.py
[17.494s] -- Up-to-date: /home/kyu8/ros2_ws/install/turtlesim/lib/python3.10/site-packages/turtlesim/action/_rotate_absolute_s.c
[17.494s] -- Up-to-date: /home/kyu8/ros2_ws/install/turtlesim/lib/python3.10/site-packages/turtlesim/__init__.py
[17.494s] -- Up-to-date: /home/kyu8/ros2_ws/install/turtlesim/lib/python3.10/site-packages/turtlesim/turtlesim_s__rosidl_typesupport_introspection_c.cpython-310-x86_64-linux-gnu.so
[17.494s] -- Up-to-date: /home/kyu8/ros2_ws/install/turtlesim/lib/python3.10/site-packages/turtlesim/turtlesim_s__rosidl_typesupport_c.cpython-310-x86_64-linux-gnu.so
[17.494s] -- Up-to-date: /home/kyu8/ros2_ws/install/turtlesim/lib/python3.10/site-packages/turtlesim/srv
[17.494s] -- Up-to-date: /home/kyu8/ros2_ws/install/turtlesim/lib/python3.10/site-packages/turtlesim/srv/_kill.py
[17.495s] -- Up-to-date: /home/kyu8/ros2_ws/install/turtlesim/lib/python3.10/site-packages/turtlesim/srv/_set_pen.py
[17.495s] -- Up-to-date: /home/kyu8/ros2_ws/install/turtlesim/lib/python3.10/site-packages/turtlesim/srv/__init__.py
[17.495s] -- Up-to-date: /home/kyu8/ros2_ws/install/turtlesim/lib/python3.10/site-packages/turtlesim/srv/_teleport_absolute.py
[17.495s] -- Up-to-date: /home/kyu8/ros2_ws/install/turtlesim/lib/python3.10/site-packages/turtlesim/srv/_teleport_relative_s.c
[17.495s] -- Up-to-date: /home/kyu8/ros2_ws/install/turtlesim/lib/python3.10/site-packages/turtlesim/srv/_teleport_relative.py
[17.495s] -- Up-to-date: /home/kyu8/ros2_ws/install/turtlesim/lib/python3.10/site-packages/turtlesim/srv/_set_pen_s.c
[17.495s] -- Up-to-date: /home/kyu8/ros2_ws/install/turtlesim/lib/python3.10/site-packages/turtlesim/srv/_spawn_s.c
[17.495s] -- Up-to-date: /home/kyu8/ros2_ws/install/turtlesim/lib/python3.10/site-packages/turtlesim/srv/_teleport_absolute_s.c
[17.495s] -- Up-to-date: /home/kyu8/ros2_ws/install/turtlesim/lib/python3.10/site-packages/turtlesim/srv/_spawn.py
[17.496s] -- Up-to-date: /home/kyu8/ros2_ws/install/turtlesim/lib/python3.10/site-packages/turtlesim/srv/_kill_s.c
[17.496s] -- Up-to-date: /home/kyu8/ros2_ws/install/turtlesim/lib/python3.10/site-packages/turtlesim/_turtlesim_s.ep.rosidl_typesupport_introspection_c.c
[17.496s] -- Up-to-date: /home/kyu8/ros2_ws/install/turtlesim/lib/python3.10/site-packages/turtlesim/_turtlesim_s.ep.rosidl_typesupport_fastrtps_c.c
[17.496s] -- Up-to-date: /home/kyu8/ros2_ws/install/turtlesim/lib/python3.10/site-packages/turtlesim/_turtlesim_s.ep.rosidl_typesupport_c.c
[17.496s] -- Up-to-date: /home/kyu8/ros2_ws/install/turtlesim/lib/python3.10/site-packages/turtlesim/libturtlesim__rosidl_generator_py.so
[17.496s] -- Up-to-date: /home/kyu8/ros2_ws/install/turtlesim/lib/python3.10/site-packages/turtlesim/turtlesim_s__rosidl_typesupport_fastrtps_c.cpython-310-x86_64-linux-gnu.so
[17.496s] -- Up-to-date: /home/kyu8/ros2_ws/install/turtlesim/lib/python3.10/site-packages/turtlesim/msg
[17.496s] -- Up-to-date: /home/kyu8/ros2_ws/install/turtlesim/lib/python3.10/site-packages/turtlesim/msg/_pose_s.c
[17.496s] -- Up-to-date: /home/kyu8/ros2_ws/install/turtlesim/lib/python3.10/site-packages/turtlesim/msg/_color_s.c
[17.496s] -- Up-to-date: /home/kyu8/ros2_ws/install/turtlesim/lib/python3.10/site-packages/turtlesim/msg/__init__.py
[17.496s] -- Up-to-date: /home/kyu8/ros2_ws/install/turtlesim/lib/python3.10/site-packages/turtlesim/msg/_pose.py
[17.496s] -- Up-to-date: /home/kyu8/ros2_ws/install/turtlesim/lib/python3.10/site-packages/turtlesim/msg/_color.py
[17.525s] Listing '/home/kyu8/ros2_ws/install/turtlesim/lib/python3.10/site-packages/turtlesim'...
[17.525s] Listing '/home/kyu8/ros2_ws/install/turtlesim/lib/python3.10/site-packages/turtlesim/action'...
[17.525s] Listing '/home/kyu8/ros2_ws/install/turtlesim/lib/python3.10/site-packages/turtlesim/msg'...
[17.525s] Listing '/home/kyu8/ros2_ws/install/turtlesim/lib/python3.10/site-packages/turtlesim/srv'...
[17.531s] -- Up-to-date: /home/kyu8/ros2_ws/install/turtlesim/lib/python3.10/site-packages/turtlesim/turtlesim_s__rosidl_typesupport_fastrtps_c.cpython-310-x86_64-linux-gnu.so
[17.531s] -- Up-to-date: /home/kyu8/ros2_ws/install/turtlesim/lib/python3.10/site-packages/turtlesim/turtlesim_s__rosidl_typesupport_introspection_c.cpython-310-x86_64-linux-gnu.so
[17.532s] -- Up-to-date: /home/kyu8/ros2_ws/install/turtlesim/lib/python3.10/site-packages/turtlesim/turtlesim_s__rosidl_typesupport_c.cpython-310-x86_64-linux-gnu.so
[17.532s] -- Up-to-date: /home/kyu8/ros2_ws/install/turtlesim/lib/libturtlesim__rosidl_generator_py.so
[17.532s] -- Up-to-date: /home/kyu8/ros2_ws/install/turtlesim/share/turtlesim/action/RotateAbsolute.idl
[17.533s] -- Up-to-date: /home/kyu8/ros2_ws/install/turtlesim/share/turtlesim/msg/Color.idl
[17.533s] -- Up-to-date: /home/kyu8/ros2_ws/install/turtlesim/share/turtlesim/msg/Pose.idl
[17.533s] -- Up-to-date: /home/kyu8/ros2_ws/install/turtlesim/share/turtlesim/srv/Kill.idl
[17.533s] -- Up-to-date: /home/kyu8/ros2_ws/install/turtlesim/share/turtlesim/srv/SetPen.idl
[17.533s] -- Up-to-date: /home/kyu8/ros2_ws/install/turtlesim/share/turtlesim/srv/Spawn.idl
[17.533s] -- Up-to-date: /home/kyu8/ros2_ws/install/turtlesim/share/turtlesim/srv/TeleportAbsolute.idl
[17.533s] -- Up-to-date: /home/kyu8/ros2_ws/install/turtlesim/share/turtlesim/srv/TeleportRelative.idl
[17.533s] -- Up-to-date: /home/kyu8/ros2_ws/install/turtlesim/share/turtlesim/action/RotateAbsolute.action
[17.533s] -- Up-to-date: /home/kyu8/ros2_ws/install/turtlesim/share/turtlesim/msg/Color.msg
[17.533s] -- Up-to-date: /home/kyu8/ros2_ws/install/turtlesim/share/turtlesim/msg/Pose.msg
[17.533s] -- Up-to-date: /home/kyu8/ros2_ws/install/turtlesim/share/turtlesim/srv/Kill.srv
[17.534s] -- Up-to-date: /home/kyu8/ros2_ws/install/turtlesim/share/turtlesim/srv/SetPen.srv
[17.534s] -- Up-to-date: /home/kyu8/ros2_ws/install/turtlesim/share/turtlesim/srv/Spawn.srv
[17.534s] -- Up-to-date: /home/kyu8/ros2_ws/install/turtlesim/share/turtlesim/srv/TeleportAbsolute.srv
[17.534s] -- Up-to-date: /home/kyu8/ros2_ws/install/turtlesim/share/turtlesim/srv/TeleportRelative.srv
[17.534s] -- Installing: /home/kyu8/ros2_ws/install/turtlesim/lib/turtlesim/turtlesim_node
[17.551s] -- Set runtime path of "/home/kyu8/ros2_ws/install/turtlesim/lib/turtlesim/turtlesim_node" to ""
[17.552s] -- Up-to-date: /home/kyu8/ros2_ws/install/turtlesim/lib/turtlesim/turtle_teleop_key
[17.552s] -- Up-to-date: /home/kyu8/ros2_ws/install/turtlesim/lib/turtlesim/draw_square
[17.552s] -- Up-to-date: /home/kyu8/ros2_ws/install/turtlesim/lib/turtlesim/mimic
[17.552s] -- Up-to-date: /home/kyu8/ros2_ws/install/turtlesim/share/turtlesim/images
[17.553s] -- Up-to-date: /home/kyu8/ros2_ws/install/turtlesim/share/turtlesim/images/crystal.png
[17.553s] -- Up-to-date: /home/kyu8/ros2_ws/install/turtlesim/share/turtlesim/images/eloquent.png
[17.553s] -- Up-to-date: /home/kyu8/ros2_ws/install/turtlesim/share/turtlesim/images/rolling.png
[17.553s] -- Up-to-date: /home/kyu8/ros2_ws/install/turtlesim/share/turtlesim/images/bouncy.png
[17.553s] -- Up-to-date: /home/kyu8/ros2_ws/install/turtlesim/share/turtlesim/images/dashing.png
[17.553s] -- Up-to-date: /home/kyu8/ros2_ws/install/turtlesim/share/turtlesim/images/ardent.png
[17.553s] -- Up-to-date: /home/kyu8/ros2_ws/install/turtlesim/share/turtlesim/images/humble.png
[17.553s] -- Up-to-date: /home/kyu8/ros2_ws/install/turtlesim/share/turtlesim/images/galactic.png
[17.553s] -- Up-to-date: /home/kyu8/ros2_ws/install/turtlesim/share/turtlesim/images/foxy.png
[17.553s] -- Up-to-date: /home/kyu8/ros2_ws/install/turtlesim/share/turtlesim/launch
[17.554s] -- Up-to-date: /home/kyu8/ros2_ws/install/turtlesim/share/turtlesim/launch/multisim.launch.py
[17.554s] -- Up-to-date: /home/kyu8/ros2_ws/install/turtlesim/share/ament_index/resource_index/package_run_dependencies/turtlesim
[17.554s] -- Up-to-date: /home/kyu8/ros2_ws/install/turtlesim/share/ament_index/resource_index/parent_prefix_path/turtlesim
[17.554s] -- Up-to-date: /home/kyu8/ros2_ws/install/turtlesim/share/turtlesim/environment/ament_prefix_path.sh
[17.554s] -- Up-to-date: /home/kyu8/ros2_ws/install/turtlesim/share/turtlesim/environment/ament_prefix_path.dsv
[17.554s] -- Up-to-date: /home/kyu8/ros2_ws/install/turtlesim/share/turtlesim/environment/path.sh
[17.554s] -- Up-to-date: /home/kyu8/ros2_ws/install/turtlesim/share/turtlesim/environment/path.dsv
[17.554s] -- Up-to-date: /home/kyu8/ros2_ws/install/turtlesim/share/turtlesim/local_setup.bash
[17.554s] -- Up-to-date: /home/kyu8/ros2_ws/install/turtlesim/share/turtlesim/local_setup.sh
[17.554s] -- Up-to-date: /home/kyu8/ros2_ws/install/turtlesim/share/turtlesim/local_setup.zsh
[17.554s] -- Up-to-date: /home/kyu8/ros2_ws/install/turtlesim/share/turtlesim/local_setup.dsv
[17.555s] -- Installing: /home/kyu8/ros2_ws/install/turtlesim/share/turtlesim/package.dsv
[17.555s] -- Up-to-date: /home/kyu8/ros2_ws/install/turtlesim/share/ament_index/resource_index/packages/turtlesim
[17.555s] -- Up-to-date: /home/kyu8/ros2_ws/install/turtlesim/share/turtlesim/cmake/export_turtlesim__rosidl_generator_cExport.cmake
[17.555s] -- Up-to-date: /home/kyu8/ros2_ws/install/turtlesim/share/turtlesim/cmake/export_turtlesim__rosidl_generator_cExport-noconfig.cmake
[17.555s] -- Up-to-date: /home/kyu8/ros2_ws/install/turtlesim/share/turtlesim/cmake/export_turtlesim__rosidl_typesupport_fastrtps_cExport.cmake
[17.555s] -- Up-to-date: /home/kyu8/ros2_ws/install/turtlesim/share/turtlesim/cmake/export_turtlesim__rosidl_typesupport_fastrtps_cExport-noconfig.cmake
[17.555s] -- Up-to-date: /home/kyu8/ros2_ws/install/turtlesim/share/turtlesim/cmake/export_turtlesim__rosidl_generator_cppExport.cmake
[17.555s] -- Up-to-date: /home/kyu8/ros2_ws/install/turtlesim/share/turtlesim/cmake/export_turtlesim__rosidl_typesupport_fastrtps_cppExport.cmake
[17.555s] -- Up-to-date: /home/kyu8/ros2_ws/install/turtlesim/share/turtlesim/cmake/export_turtlesim__rosidl_typesupport_fastrtps_cppExport-noconfig.cmake
[17.555s] -- Up-to-date: /home/kyu8/ros2_ws/install/turtlesim/share/turtlesim/cmake/turtlesim__rosidl_typesupport_introspection_cExport.cmake
[17.556s] -- Up-to-date: /home/kyu8/ros2_ws/install/turtlesim/share/turtlesim/cmake/turtlesim__rosidl_typesupport_introspection_cExport-noconfig.cmake
[17.556s] -- Up-to-date: /home/kyu8/ros2_ws/install/turtlesim/share/turtlesim/cmake/turtlesim__rosidl_typesupport_cExport.cmake
[17.556s] -- Up-to-date: /home/kyu8/ros2_ws/install/turtlesim/share/turtlesim/cmake/turtlesim__rosidl_typesupport_cExport-noconfig.cmake
[17.556s] -- Up-to-date: /home/kyu8/ros2_ws/install/turtlesim/share/turtlesim/cmake/turtlesim__rosidl_typesupport_introspection_cppExport.cmake
[17.556s] -- Up-to-date: /home/kyu8/ros2_ws/install/turtlesim/share/turtlesim/cmake/turtlesim__rosidl_typesupport_introspection_cppExport-noconfig.cmake
[17.556s] -- Up-to-date: /home/kyu8/ros2_ws/install/turtlesim/share/turtlesim/cmake/turtlesim__rosidl_typesupport_cppExport.cmake
[17.556s] -- Up-to-date: /home/kyu8/ros2_ws/install/turtlesim/share/turtlesim/cmake/turtlesim__rosidl_typesupport_cppExport-noconfig.cmake
[17.556s] -- Up-to-date: /home/kyu8/ros2_ws/install/turtlesim/share/turtlesim/cmake/export_turtlesim__rosidl_generator_pyExport.cmake
[17.556s] -- Up-to-date: /home/kyu8/ros2_ws/install/turtlesim/share/turtlesim/cmake/export_turtlesim__rosidl_generator_pyExport-noconfig.cmake
[17.556s] -- Up-to-date: /home/kyu8/ros2_ws/install/turtlesim/share/turtlesim/cmake/rosidl_cmake-extras.cmake
[17.556s] -- Up-to-date: /home/kyu8/ros2_ws/install/turtlesim/share/turtlesim/cmake/ament_cmake_export_dependencies-extras.cmake
[17.556s] -- Up-to-date: /home/kyu8/ros2_ws/install/turtlesim/share/turtlesim/cmake/ament_cmake_export_include_directories-extras.cmake
[17.556s] -- Up-to-date: /home/kyu8/ros2_ws/install/turtlesim/share/turtlesim/cmake/ament_cmake_export_libraries-extras.cmake
[17.556s] -- Up-to-date: /home/kyu8/ros2_ws/install/turtlesim/share/turtlesim/cmake/ament_cmake_export_targets-extras.cmake
[17.556s] -- Up-to-date: /home/kyu8/ros2_ws/install/turtlesim/share/turtlesim/cmake/rosidl_cmake_export_typesupport_targets-extras.cmake
[17.557s] -- Up-to-date: /home/kyu8/ros2_ws/install/turtlesim/share/turtlesim/cmake/rosidl_cmake_export_typesupport_libraries-extras.cmake
[17.557s] -- Up-to-date: /home/kyu8/ros2_ws/install/turtlesim/share/turtlesim/cmake/turtlesimConfig.cmake
[17.557s] -- Up-to-date: /home/kyu8/ros2_ws/install/turtlesim/share/turtlesim/cmake/turtlesimConfig-version.cmake
[17.557s] -- Up-to-date: /home/kyu8/ros2_ws/install/turtlesim/share/turtlesim/package.xml
[17.558s] Invoked command in '/home/kyu8/ros2_ws/build/turtlesim' returned '0': CMAKE_PREFIX_PATH=/opt/ros/rolling:/opt/ros/humble /usr/bin/cmake --install /home/kyu8/ros2_ws/build/turtlesim
