running egg_info
writing ../../build/pysrvcli/pysrvcli.egg-info/PKG-INFO
writing dependency_links to ../../build/pysrvcli/pysrvcli.egg-info/dependency_links.txt
writing entry points to ../../build/pysrvcli/pysrvcli.egg-info/entry_points.txt
writing requirements to ../../build/pysrvcli/pysrvcli.egg-info/requires.txt
writing top-level names to ../../build/pysrvcli/pysrvcli.egg-info/top_level.txt
reading manifest file '../../build/pysrvcli/pysrvcli.egg-info/SOURCES.txt'
writing manifest file '../../build/pysrvcli/pysrvcli.egg-info/SOURCES.txt'
running build
running build_py
running install
running install_lib
running install_data
running install_egg_info
removing '/home/kyu8/ros2_ws/install/pysrvcli/lib/python3.10/site-packages/pysrvcli-0.0.0-py3.10.egg-info' (and everything under it)
Copying ../../build/pysrvcli/pysrvcli.egg-info to /home/kyu8/ros2_ws/install/pysrvcli/lib/python3.10/site-packages/pysrvcli-0.0.0-py3.10.egg-info
running install_scripts
Installing client script to /home/kyu8/ros2_ws/install/pysrvcli/lib/pysrvcli
Installing service script to /home/kyu8/ros2_ws/install/pysrvcli/lib/pysrvcli
writing list of installed files to '/home/kyu8/ros2_ws/build/pysrvcli/install.log'
