[2.103s] DEBUG:colcon:Command line arguments: ['/usr/bin/colcon', 'build']
[2.104s] DEBUG:colcon:Parsed command line arguments: Namespace(log_base=None, log_level=None, verb_name='build', build_base='build', install_base='install', merge_install=False, symlink_install=False, test_result_base=None, continue_on_error=False, executor='parallel', parallel_workers=5, event_handlers=None, ignore_user_meta=False, metas=['./colcon.meta'], base_paths=['.'], packages_ignore=None, packages_ignore_regex=None, paths=None, packages_up_to=None, packages_up_to_regex=None, packages_above=None, packages_above_and_dependencies=None, packages_above_depth=None, packages_select_by_dep=None, packages_skip_by_dep=None, packages_skip_up_to=None, packages_select_build_failed=False, packages_skip_build_finished=False, packages_select_test_failures=False, packages_skip_test_passed=False, packages_select=None, packages_skip=None, packages_select_regex=None, packages_skip_regex=None, packages_start=None, packages_end=None, allow_overriding=[], cmake_args=None, cmake_target=None, cmake_target_skip_unavailable=False, cmake_clean_cache=False, cmake_clean_first=False, cmake_force_configure=False, ament_cmake_args=None, catkin_cmake_args=None, catkin_skip_building_tests=False, verb_parser=<colcon_defaults.argument_parser.defaults.DefaultArgumentsDecorator object at 0x7f2103382f50>, verb_extension=<colcon_core.verb.build.BuildVerb object at 0x7f2103380af0>, main=<bound method BuildVerb.main of <colcon_core.verb.build.BuildVerb object at 0x7f2103380af0>>)
[2.192s] Level 1:colcon.colcon_core.package_discovery:discover_packages(colcon_meta) check parameters
[2.192s] Level 1:colcon.colcon_core.package_discovery:discover_packages(recursive) check parameters
[2.192s] Level 1:colcon.colcon_core.package_discovery:discover_packages(ignore) check parameters
[2.192s] Level 1:colcon.colcon_core.package_discovery:discover_packages(path) check parameters
[2.192s] Level 1:colcon.colcon_core.package_discovery:discover_packages(colcon_meta) discover
[2.192s] Level 1:colcon.colcon_core.package_discovery:discover_packages(recursive) discover
[2.193s] INFO:colcon.colcon_core.package_discovery:Crawling recursively for packages in '/home/kyu8/ros2_ws'
[2.193s] Level 1:colcon.colcon_core.package_identification:_identify(.) by extensions ['ignore', 'ignore_ament_install']
[2.193s] Level 1:colcon.colcon_core.package_identification:_identify(.) by extension 'ignore'
[2.193s] Level 1:colcon.colcon_core.package_identification:_identify(.) by extension 'ignore_ament_install'
[2.193s] Level 1:colcon.colcon_core.package_identification:_identify(.) by extensions ['colcon_pkg']
[2.193s] Level 1:colcon.colcon_core.package_identification:_identify(.) by extension 'colcon_pkg'
[2.193s] Level 1:colcon.colcon_core.package_identification:_identify(.) by extensions ['colcon_meta']
[2.193s] Level 1:colcon.colcon_core.package_identification:_identify(.) by extension 'colcon_meta'
[2.193s] Level 1:colcon.colcon_core.package_identification:_identify(.) by extensions ['ros']
[2.193s] Level 1:colcon.colcon_core.package_identification:_identify(.) by extension 'ros'
[2.215s] Level 1:colcon.colcon_core.package_identification:_identify(.) by extensions ['cmake', 'python']
[2.215s] Level 1:colcon.colcon_core.package_identification:_identify(.) by extension 'cmake'
[2.215s] Level 1:colcon.colcon_core.package_identification:_identify(.) by extension 'python'
[2.215s] Level 1:colcon.colcon_core.package_identification:_identify(.) by extensions ['python_setup_py']
[2.215s] Level 1:colcon.colcon_core.package_identification:_identify(.) by extension 'python_setup_py'
[2.215s] Level 1:colcon.colcon_core.package_identification:_identify(build) by extensions ['ignore', 'ignore_ament_install']
[2.215s] Level 1:colcon.colcon_core.package_identification:_identify(build) by extension 'ignore'
[2.215s] Level 1:colcon.colcon_core.package_identification:_identify(build) ignored
[2.216s] Level 1:colcon.colcon_core.package_identification:_identify(install) by extensions ['ignore', 'ignore_ament_install']
[2.216s] Level 1:colcon.colcon_core.package_identification:_identify(install) by extension 'ignore'
[2.216s] Level 1:colcon.colcon_core.package_identification:_identify(install) ignored
[2.216s] Level 1:colcon.colcon_core.package_identification:_identify(log) by extensions ['ignore', 'ignore_ament_install']
[2.216s] Level 1:colcon.colcon_core.package_identification:_identify(log) by extension 'ignore'
[2.216s] Level 1:colcon.colcon_core.package_identification:_identify(log) ignored
[2.216s] Level 1:colcon.colcon_core.package_identification:_identify(src) by extensions ['ignore', 'ignore_ament_install']
[2.217s] Level 1:colcon.colcon_core.package_identification:_identify(src) by extension 'ignore'
[2.217s] Level 1:colcon.colcon_core.package_identification:_identify(src) by extension 'ignore_ament_install'
[2.217s] Level 1:colcon.colcon_core.package_identification:_identify(src) by extensions ['colcon_pkg']
[2.217s] Level 1:colcon.colcon_core.package_identification:_identify(src) by extension 'colcon_pkg'
[2.217s] Level 1:colcon.colcon_core.package_identification:_identify(src) by extensions ['colcon_meta']
[2.217s] Level 1:colcon.colcon_core.package_identification:_identify(src) by extension 'colcon_meta'
[2.217s] Level 1:colcon.colcon_core.package_identification:_identify(src) by extensions ['ros']
[2.217s] Level 1:colcon.colcon_core.package_identification:_identify(src) by extension 'ros'
[2.217s] Level 1:colcon.colcon_core.package_identification:_identify(src) by extensions ['cmake', 'python']
[2.217s] Level 1:colcon.colcon_core.package_identification:_identify(src) by extension 'cmake'
[2.217s] Level 1:colcon.colcon_core.package_identification:_identify(src) by extension 'python'
[2.217s] Level 1:colcon.colcon_core.package_identification:_identify(src) by extensions ['python_setup_py']
[2.217s] Level 1:colcon.colcon_core.package_identification:_identify(src) by extension 'python_setup_py'
[2.218s] Level 1:colcon.colcon_core.package_identification:_identify(src/my_package) by extensions ['ignore', 'ignore_ament_install']
[2.218s] Level 1:colcon.colcon_core.package_identification:_identify(src/my_package) by extension 'ignore'
[2.218s] Level 1:colcon.colcon_core.package_identification:_identify(src/my_package) by extension 'ignore_ament_install'
[2.218s] Level 1:colcon.colcon_core.package_identification:_identify(src/my_package) by extensions ['colcon_pkg']
[2.218s] Level 1:colcon.colcon_core.package_identification:_identify(src/my_package) by extension 'colcon_pkg'
[2.218s] Level 1:colcon.colcon_core.package_identification:_identify(src/my_package) by extensions ['colcon_meta']
[2.218s] Level 1:colcon.colcon_core.package_identification:_identify(src/my_package) by extension 'colcon_meta'
[2.218s] Level 1:colcon.colcon_core.package_identification:_identify(src/my_package) by extensions ['ros']
[2.218s] Level 1:colcon.colcon_core.package_identification:_identify(src/my_package) by extension 'ros'
[2.224s] DEBUG:colcon.colcon_core.package_identification:Package 'src/my_package' with type 'ros.ament_python' and name 'my_package'
[2.225s] Level 1:colcon.colcon_core.package_identification:_identify(src/pyPubsub) by extensions ['ignore', 'ignore_ament_install']
[2.225s] Level 1:colcon.colcon_core.package_identification:_identify(src/pyPubsub) by extension 'ignore'
[2.225s] Level 1:colcon.colcon_core.package_identification:_identify(src/pyPubsub) by extension 'ignore_ament_install'
[2.225s] Level 1:colcon.colcon_core.package_identification:_identify(src/pyPubsub) by extensions ['colcon_pkg']
[2.225s] Level 1:colcon.colcon_core.package_identification:_identify(src/pyPubsub) by extension 'colcon_pkg'
[2.225s] Level 1:colcon.colcon_core.package_identification:_identify(src/pyPubsub) by extensions ['colcon_meta']
[2.225s] Level 1:colcon.colcon_core.package_identification:_identify(src/pyPubsub) by extension 'colcon_meta'
[2.225s] Level 1:colcon.colcon_core.package_identification:_identify(src/pyPubsub) by extensions ['ros']
[2.226s] Level 1:colcon.colcon_core.package_identification:_identify(src/pyPubsub) by extension 'ros'
[2.227s] DEBUG:colcon.colcon_core.package_identification:Package 'src/pyPubsub' with type 'ros.ament_python' and name 'pyPubsub'
[2.227s] Level 1:colcon.colcon_core.package_identification:_identify(src/pysrvcli) by extensions ['ignore', 'ignore_ament_install']
[2.227s] Level 1:colcon.colcon_core.package_identification:_identify(src/pysrvcli) by extension 'ignore'
[2.227s] Level 1:colcon.colcon_core.package_identification:_identify(src/pysrvcli) by extension 'ignore_ament_install'
[2.227s] Level 1:colcon.colcon_core.package_identification:_identify(src/pysrvcli) by extensions ['colcon_pkg']
[2.227s] Level 1:colcon.colcon_core.package_identification:_identify(src/pysrvcli) by extension 'colcon_pkg'
[2.227s] Level 1:colcon.colcon_core.package_identification:_identify(src/pysrvcli) by extensions ['colcon_meta']
[2.227s] Level 1:colcon.colcon_core.package_identification:_identify(src/pysrvcli) by extension 'colcon_meta'
[2.228s] Level 1:colcon.colcon_core.package_identification:_identify(src/pysrvcli) by extensions ['ros']
[2.228s] Level 1:colcon.colcon_core.package_identification:_identify(src/pysrvcli) by extension 'ros'
[2.229s] DEBUG:colcon.colcon_core.package_identification:Package 'src/pysrvcli' with type 'ros.ament_python' and name 'pysrvcli'
[2.229s] Level 1:colcon.colcon_core.package_discovery:discover_packages(recursive) using defaults
[2.229s] Level 1:colcon.colcon_core.package_discovery:discover_packages(ignore) discover
[2.229s] Level 1:colcon.colcon_core.package_discovery:discover_packages(ignore) using defaults
[2.229s] Level 1:colcon.colcon_core.package_discovery:discover_packages(path) discover
[2.229s] Level 1:colcon.colcon_core.package_discovery:discover_packages(path) using defaults
[2.417s] Level 1:colcon.colcon_core.package_discovery:discover_packages(prefix_path) check parameters
[2.417s] Level 1:colcon.colcon_core.package_discovery:discover_packages(prefix_path) discover
[2.447s] WARNING:colcon.colcon_core.prefix_path.colcon:The path '/home/kyu8/ws/install' in the environment variable COLCON_PREFIX_PATH doesn't exist
[2.480s] DEBUG:colcon.colcon_installed_package_information.package_discovery:Found 297 installed packages in /opt/ros/rolling
[2.540s] DEBUG:colcon.colcon_installed_package_information.package_discovery:Found 270 installed packages in /opt/ros/humble
[2.562s] Level 1:colcon.colcon_core.package_discovery:discover_packages(prefix_path) using defaults
[2.844s] Level 5:colcon.colcon_core.verb:set package 'my_package' build argument 'cmake_args' from command line to 'None'
[2.844s] Level 5:colcon.colcon_core.verb:set package 'my_package' build argument 'cmake_target' from command line to 'None'
[2.844s] Level 5:colcon.colcon_core.verb:set package 'my_package' build argument 'cmake_target_skip_unavailable' from command line to 'False'
[2.844s] Level 5:colcon.colcon_core.verb:set package 'my_package' build argument 'cmake_clean_cache' from command line to 'False'
[2.844s] Level 5:colcon.colcon_core.verb:set package 'my_package' build argument 'cmake_clean_first' from command line to 'False'
[2.844s] Level 5:colcon.colcon_core.verb:set package 'my_package' build argument 'cmake_force_configure' from command line to 'False'
[2.844s] Level 5:colcon.colcon_core.verb:set package 'my_package' build argument 'ament_cmake_args' from command line to 'None'
[2.844s] Level 5:colcon.colcon_core.verb:set package 'my_package' build argument 'catkin_cmake_args' from command line to 'None'
[2.844s] Level 5:colcon.colcon_core.verb:set package 'my_package' build argument 'catkin_skip_building_tests' from command line to 'False'
[2.844s] DEBUG:colcon.colcon_core.verb:Building package 'my_package' with the following arguments: {'ament_cmake_args': None, 'build_base': '/home/kyu8/ros2_ws/build/my_package', 'catkin_cmake_args': None, 'catkin_skip_building_tests': False, 'cmake_args': None, 'cmake_clean_cache': False, 'cmake_clean_first': False, 'cmake_force_configure': False, 'cmake_target': None, 'cmake_target_skip_unavailable': False, 'install_base': '/home/kyu8/ros2_ws/install/my_package', 'merge_install': False, 'path': '/home/kyu8/ros2_ws/src/my_package', 'symlink_install': False, 'test_result_base': None}
[2.874s] Level 5:colcon.colcon_core.verb:set package 'pyPubsub' build argument 'cmake_args' from command line to 'None'
[2.874s] Level 5:colcon.colcon_core.verb:set package 'pyPubsub' build argument 'cmake_target' from command line to 'None'
[2.874s] Level 5:colcon.colcon_core.verb:set package 'pyPubsub' build argument 'cmake_target_skip_unavailable' from command line to 'False'
[2.874s] Level 5:colcon.colcon_core.verb:set package 'pyPubsub' build argument 'cmake_clean_cache' from command line to 'False'
[2.874s] Level 5:colcon.colcon_core.verb:set package 'pyPubsub' build argument 'cmake_clean_first' from command line to 'False'
[2.874s] Level 5:colcon.colcon_core.verb:set package 'pyPubsub' build argument 'cmake_force_configure' from command line to 'False'
[2.874s] Level 5:colcon.colcon_core.verb:set package 'pyPubsub' build argument 'ament_cmake_args' from command line to 'None'
[2.874s] Level 5:colcon.colcon_core.verb:set package 'pyPubsub' build argument 'catkin_cmake_args' from command line to 'None'
[2.874s] Level 5:colcon.colcon_core.verb:set package 'pyPubsub' build argument 'catkin_skip_building_tests' from command line to 'False'
[2.874s] DEBUG:colcon.colcon_core.verb:Building package 'pyPubsub' with the following arguments: {'ament_cmake_args': None, 'build_base': '/home/kyu8/ros2_ws/build/pyPubsub', 'catkin_cmake_args': None, 'catkin_skip_building_tests': False, 'cmake_args': None, 'cmake_clean_cache': False, 'cmake_clean_first': False, 'cmake_force_configure': False, 'cmake_target': None, 'cmake_target_skip_unavailable': False, 'install_base': '/home/kyu8/ros2_ws/install/pyPubsub', 'merge_install': False, 'path': '/home/kyu8/ros2_ws/src/pyPubsub', 'symlink_install': False, 'test_result_base': None}
[2.904s] Level 5:colcon.colcon_core.verb:set package 'pysrvcli' build argument 'cmake_args' from command line to 'None'
[2.904s] Level 5:colcon.colcon_core.verb:set package 'pysrvcli' build argument 'cmake_target' from command line to 'None'
[2.904s] Level 5:colcon.colcon_core.verb:set package 'pysrvcli' build argument 'cmake_target_skip_unavailable' from command line to 'False'
[2.904s] Level 5:colcon.colcon_core.verb:set package 'pysrvcli' build argument 'cmake_clean_cache' from command line to 'False'
[2.904s] Level 5:colcon.colcon_core.verb:set package 'pysrvcli' build argument 'cmake_clean_first' from command line to 'False'
[2.904s] Level 5:colcon.colcon_core.verb:set package 'pysrvcli' build argument 'cmake_force_configure' from command line to 'False'
[2.904s] Level 5:colcon.colcon_core.verb:set package 'pysrvcli' build argument 'ament_cmake_args' from command line to 'None'
[2.904s] Level 5:colcon.colcon_core.verb:set package 'pysrvcli' build argument 'catkin_cmake_args' from command line to 'None'
[2.904s] Level 5:colcon.colcon_core.verb:set package 'pysrvcli' build argument 'catkin_skip_building_tests' from command line to 'False'
[2.904s] DEBUG:colcon.colcon_core.verb:Building package 'pysrvcli' with the following arguments: {'ament_cmake_args': None, 'build_base': '/home/kyu8/ros2_ws/build/pysrvcli', 'catkin_cmake_args': None, 'catkin_skip_building_tests': False, 'cmake_args': None, 'cmake_clean_cache': False, 'cmake_clean_first': False, 'cmake_force_configure': False, 'cmake_target': None, 'cmake_target_skip_unavailable': False, 'install_base': '/home/kyu8/ros2_ws/install/pysrvcli', 'merge_install': False, 'path': '/home/kyu8/ros2_ws/src/pysrvcli', 'symlink_install': False, 'test_result_base': None}
[2.934s] INFO:colcon.colcon_core.executor:Executing jobs using 'parallel' executor
[2.965s] DEBUG:colcon.colcon_parallel_executor.executor.parallel:run_until_complete
[2.966s] INFO:colcon.colcon_ros.task.ament_python.build:Building ROS package in '/home/kyu8/ros2_ws/src/my_package' with build type 'ament_python'
[2.966s] Level 1:colcon.colcon_core.shell:create_environment_hook('my_package', 'ament_prefix_path')
[3.003s] INFO:colcon.colcon_core.plugin_system:Skipping extension 'colcon_core.shell.bat': Not used on non-Windows systems
[3.003s] INFO:colcon.colcon_core.shell:Creating environment hook '/home/kyu8/ros2_ws/install/my_package/share/my_package/hook/ament_prefix_path.ps1'
[3.004s] INFO:colcon.colcon_core.shell:Creating environment descriptor '/home/kyu8/ros2_ws/install/my_package/share/my_package/hook/ament_prefix_path.dsv'
[3.005s] INFO:colcon.colcon_core.shell:Creating environment hook '/home/kyu8/ros2_ws/install/my_package/share/my_package/hook/ament_prefix_path.sh'
[3.038s] INFO:colcon.colcon_core.shell:Skip shell extension 'powershell' for command environment: Not usable outside of PowerShell
[3.039s] DEBUG:colcon.colcon_core.shell:Skip shell extension 'dsv' for command environment
[3.142s] INFO:colcon.colcon_ros.task.ament_python.build:Building ROS package in '/home/kyu8/ros2_ws/src/pyPubsub' with build type 'ament_python'
[3.142s] Level 1:colcon.colcon_core.shell:create_environment_hook('pyPubsub', 'ament_prefix_path')
[3.175s] INFO:colcon.colcon_core.shell:Creating environment hook '/home/kyu8/ros2_ws/install/pyPubsub/share/pyPubsub/hook/ament_prefix_path.ps1'
[3.176s] INFO:colcon.colcon_core.shell:Creating environment descriptor '/home/kyu8/ros2_ws/install/pyPubsub/share/pyPubsub/hook/ament_prefix_path.dsv'
[3.176s] INFO:colcon.colcon_core.shell:Creating environment hook '/home/kyu8/ros2_ws/install/pyPubsub/share/pyPubsub/hook/ament_prefix_path.sh'
[3.208s] INFO:colcon.colcon_core.shell:Skip shell extension 'powershell' for command environment: Not usable outside of PowerShell
[3.209s] DEBUG:colcon.colcon_core.shell:Skip shell extension 'dsv' for command environment
[3.303s] INFO:colcon.colcon_ros.task.ament_python.build:Building ROS package in '/home/kyu8/ros2_ws/src/pysrvcli' with build type 'ament_python'
[3.303s] Level 1:colcon.colcon_core.shell:create_environment_hook('pysrvcli', 'ament_prefix_path')
[3.335s] INFO:colcon.colcon_core.shell:Creating environment hook '/home/kyu8/ros2_ws/install/pysrvcli/share/pysrvcli/hook/ament_prefix_path.ps1'
[3.336s] INFO:colcon.colcon_core.shell:Creating environment descriptor '/home/kyu8/ros2_ws/install/pysrvcli/share/pysrvcli/hook/ament_prefix_path.dsv'
[3.336s] INFO:colcon.colcon_core.shell:Creating environment hook '/home/kyu8/ros2_ws/install/pysrvcli/share/pysrvcli/hook/ament_prefix_path.sh'
[3.367s] INFO:colcon.colcon_core.shell:Skip shell extension 'powershell' for command environment: Not usable outside of PowerShell
[3.367s] DEBUG:colcon.colcon_core.shell:Skip shell extension 'dsv' for command environment
[4.009s] INFO:colcon.colcon_core.task.python.build:Building Python package in '/home/kyu8/ros2_ws/src/my_package'
[4.039s] INFO:colcon.colcon_core.shell:Skip shell extension 'powershell' for command environment: Not usable outside of PowerShell
[4.039s] DEBUG:colcon.colcon_core.shell:Skip shell extension 'dsv' for command environment
[4.707s] INFO:colcon.colcon_core.task.python.build:Building Python package in '/home/kyu8/ros2_ws/src/pyPubsub'
[4.738s] INFO:colcon.colcon_core.shell:Skip shell extension 'powershell' for command environment: Not usable outside of PowerShell
[4.739s] DEBUG:colcon.colcon_core.shell:Skip shell extension 'dsv' for command environment
[5.419s] INFO:colcon.colcon_core.task.python.build:Building Python package in '/home/kyu8/ros2_ws/src/pysrvcli'
[5.449s] INFO:colcon.colcon_core.shell:Skip shell extension 'powershell' for command environment: Not usable outside of PowerShell
[5.449s] DEBUG:colcon.colcon_core.shell:Skip shell extension 'dsv' for command environment
[6.288s] DEBUG:colcon.colcon_core.event_handler.log_command:Invoking command in '/home/kyu8/ros2_ws/src/my_package': PYTHONPATH=/home/kyu8/ros2_ws/build/my_package/prefix_override:/home/kyu8/ros2_ws/install/my_package/lib/python3.10/site-packages:${PYTHONPATH} /usr/bin/python3 setup.py egg_info --egg-base ../../build/my_package build --build-base /home/kyu8/ros2_ws/build/my_package/build install --record /home/kyu8/ros2_ws/build/my_package/install.log --single-version-externally-managed
[6.301s] DEBUG:colcon.colcon_core.event_handler.log_command:Invoking command in '/home/kyu8/ros2_ws/src/pyPubsub': PYTHONPATH=/home/kyu8/ros2_ws/build/pyPubsub/prefix_override:/home/kyu8/ros2_ws/install/pyPubsub/lib/python3.10/site-packages:${PYTHONPATH} /usr/bin/python3 setup.py egg_info --egg-base ../../build/pyPubsub build --build-base /home/kyu8/ros2_ws/build/pyPubsub/build install --record /home/kyu8/ros2_ws/build/pyPubsub/install.log --single-version-externally-managed
[6.302s] DEBUG:colcon.colcon_core.event_handler.log_command:Invoking command in '/home/kyu8/ros2_ws/src/pysrvcli': PYTHONPATH=/home/kyu8/ros2_ws/build/pysrvcli/prefix_override:/home/kyu8/ros2_ws/install/pysrvcli/lib/python3.10/site-packages:${PYTHONPATH} /usr/bin/python3 setup.py egg_info --egg-base ../../build/pysrvcli build --build-base /home/kyu8/ros2_ws/build/pysrvcli/build install --record /home/kyu8/ros2_ws/build/pysrvcli/install.log --single-version-externally-managed
[6.913s] DEBUG:colcon.colcon_core.event_handler.log_command:Invoked command in '/home/kyu8/ros2_ws/src/pyPubsub' returned '0': PYTHONPATH=/home/kyu8/ros2_ws/build/pyPubsub/prefix_override:/home/kyu8/ros2_ws/install/pyPubsub/lib/python3.10/site-packages:${PYTHONPATH} /usr/bin/python3 setup.py egg_info --egg-base ../../build/pyPubsub build --build-base /home/kyu8/ros2_ws/build/pyPubsub/build install --record /home/kyu8/ros2_ws/build/pyPubsub/install.log --single-version-externally-managed
[6.948s] Level 1:colcon.colcon_core.environment:checking '/home/kyu8/ros2_ws/install/pyPubsub' for CMake module files
[6.949s] Level 1:colcon.colcon_core.environment:checking '/home/kyu8/ros2_ws/install/pyPubsub' for CMake config files
[6.950s] Level 1:colcon.colcon_core.environment:checking '/home/kyu8/ros2_ws/install/pyPubsub/lib'
[6.950s] Level 1:colcon.colcon_core.environment:checking '/home/kyu8/ros2_ws/install/pyPubsub/bin'
[6.950s] Level 1:colcon.colcon_core.environment:checking '/home/kyu8/ros2_ws/install/pyPubsub/lib/pkgconfig/pyPubsub.pc'
[6.951s] Level 1:colcon.colcon_core.environment:checking '/home/kyu8/ros2_ws/install/pyPubsub/lib/python3.10/site-packages'
[6.951s] Level 1:colcon.colcon_core.shell:create_environment_hook('pyPubsub', 'pythonpath')
[6.980s] INFO:colcon.colcon_core.shell:Creating environment hook '/home/kyu8/ros2_ws/install/pyPubsub/share/pyPubsub/hook/pythonpath.ps1'
[6.981s] INFO:colcon.colcon_core.shell:Creating environment descriptor '/home/kyu8/ros2_ws/install/pyPubsub/share/pyPubsub/hook/pythonpath.dsv'
[6.981s] INFO:colcon.colcon_core.shell:Creating environment hook '/home/kyu8/ros2_ws/install/pyPubsub/share/pyPubsub/hook/pythonpath.sh'
[6.982s] Level 1:colcon.colcon_core.environment:checking '/home/kyu8/ros2_ws/install/pyPubsub/bin'
[6.983s] Level 1:colcon.colcon_core.environment:create_environment_scripts_only(pyPubsub)
[7.012s] INFO:colcon.colcon_core.shell:Creating package script '/home/kyu8/ros2_ws/install/pyPubsub/share/pyPubsub/package.ps1'
[7.014s] INFO:colcon.colcon_core.shell:Creating package descriptor '/home/kyu8/ros2_ws/install/pyPubsub/share/pyPubsub/package.dsv'
[7.015s] INFO:colcon.colcon_core.shell:Creating package script '/home/kyu8/ros2_ws/install/pyPubsub/share/pyPubsub/package.sh'
[7.016s] INFO:colcon.colcon_core.shell:Creating package script '/home/kyu8/ros2_ws/install/pyPubsub/share/pyPubsub/package.bash'
[7.018s] INFO:colcon.colcon_core.shell:Creating package script '/home/kyu8/ros2_ws/install/pyPubsub/share/pyPubsub/package.zsh'
[7.019s] Level 1:colcon.colcon_core.environment:create_file_with_runtime_dependencies(/home/kyu8/ros2_ws/install/pyPubsub/share/colcon-core/packages/pyPubsub)
[7.024s] DEBUG:colcon.colcon_core.event_handler.log_command:Invoked command in '/home/kyu8/ros2_ws/src/pysrvcli' returned '0': PYTHONPATH=/home/kyu8/ros2_ws/build/pysrvcli/prefix_override:/home/kyu8/ros2_ws/install/pysrvcli/lib/python3.10/site-packages:${PYTHONPATH} /usr/bin/python3 setup.py egg_info --egg-base ../../build/pysrvcli build --build-base /home/kyu8/ros2_ws/build/pysrvcli/build install --record /home/kyu8/ros2_ws/build/pysrvcli/install.log --single-version-externally-managed
[7.053s] Level 1:colcon.colcon_core.environment:checking '/home/kyu8/ros2_ws/install/pysrvcli' for CMake module files
[7.054s] Level 1:colcon.colcon_core.environment:checking '/home/kyu8/ros2_ws/install/pysrvcli' for CMake config files
[7.055s] Level 1:colcon.colcon_core.environment:checking '/home/kyu8/ros2_ws/install/pysrvcli/lib'
[7.056s] Level 1:colcon.colcon_core.environment:checking '/home/kyu8/ros2_ws/install/pysrvcli/bin'
[7.056s] Level 1:colcon.colcon_core.environment:checking '/home/kyu8/ros2_ws/install/pysrvcli/lib/pkgconfig/pysrvcli.pc'
[7.056s] Level 1:colcon.colcon_core.environment:checking '/home/kyu8/ros2_ws/install/pysrvcli/lib/python3.10/site-packages'
[7.057s] Level 1:colcon.colcon_core.shell:create_environment_hook('pysrvcli', 'pythonpath')
[7.095s] INFO:colcon.colcon_core.shell:Creating environment hook '/home/kyu8/ros2_ws/install/pysrvcli/share/pysrvcli/hook/pythonpath.ps1'
[7.096s] INFO:colcon.colcon_core.shell:Creating environment descriptor '/home/kyu8/ros2_ws/install/pysrvcli/share/pysrvcli/hook/pythonpath.dsv'
[7.097s] INFO:colcon.colcon_core.shell:Creating environment hook '/home/kyu8/ros2_ws/install/pysrvcli/share/pysrvcli/hook/pythonpath.sh'
[7.098s] Level 1:colcon.colcon_core.environment:checking '/home/kyu8/ros2_ws/install/pysrvcli/bin'
[7.098s] Level 1:colcon.colcon_core.environment:create_environment_scripts_only(pysrvcli)
[7.142s] INFO:colcon.colcon_core.shell:Creating package script '/home/kyu8/ros2_ws/install/pysrvcli/share/pysrvcli/package.ps1'
[7.144s] INFO:colcon.colcon_core.shell:Creating package descriptor '/home/kyu8/ros2_ws/install/pysrvcli/share/pysrvcli/package.dsv'
[7.145s] INFO:colcon.colcon_core.shell:Creating package script '/home/kyu8/ros2_ws/install/pysrvcli/share/pysrvcli/package.sh'
[7.146s] INFO:colcon.colcon_core.shell:Creating package script '/home/kyu8/ros2_ws/install/pysrvcli/share/pysrvcli/package.bash'
[7.147s] INFO:colcon.colcon_core.shell:Creating package script '/home/kyu8/ros2_ws/install/pysrvcli/share/pysrvcli/package.zsh'
[7.148s] Level 1:colcon.colcon_core.environment:create_file_with_runtime_dependencies(/home/kyu8/ros2_ws/install/pysrvcli/share/colcon-core/packages/pysrvcli)
[7.155s] DEBUG:colcon.colcon_core.event_handler.log_command:Invoked command in '/home/kyu8/ros2_ws/src/my_package' returned '0': PYTHONPATH=/home/kyu8/ros2_ws/build/my_package/prefix_override:/home/kyu8/ros2_ws/install/my_package/lib/python3.10/site-packages:${PYTHONPATH} /usr/bin/python3 setup.py egg_info --egg-base ../../build/my_package build --build-base /home/kyu8/ros2_ws/build/my_package/build install --record /home/kyu8/ros2_ws/build/my_package/install.log --single-version-externally-managed
[7.199s] Level 1:colcon.colcon_core.environment:checking '/home/kyu8/ros2_ws/install/my_package' for CMake module files
[7.200s] Level 1:colcon.colcon_core.environment:checking '/home/kyu8/ros2_ws/install/my_package' for CMake config files
[7.201s] Level 1:colcon.colcon_core.environment:checking '/home/kyu8/ros2_ws/install/my_package/lib'
[7.201s] Level 1:colcon.colcon_core.environment:checking '/home/kyu8/ros2_ws/install/my_package/bin'
[7.201s] Level 1:colcon.colcon_core.environment:checking '/home/kyu8/ros2_ws/install/my_package/lib/pkgconfig/my_package.pc'
[7.202s] Level 1:colcon.colcon_core.environment:checking '/home/kyu8/ros2_ws/install/my_package/lib/python3.10/site-packages'
[7.202s] Level 1:colcon.colcon_core.shell:create_environment_hook('my_package', 'pythonpath')
[7.243s] INFO:colcon.colcon_core.shell:Creating environment hook '/home/kyu8/ros2_ws/install/my_package/share/my_package/hook/pythonpath.ps1'
[7.244s] INFO:colcon.colcon_core.shell:Creating environment descriptor '/home/kyu8/ros2_ws/install/my_package/share/my_package/hook/pythonpath.dsv'
[7.245s] INFO:colcon.colcon_core.shell:Creating environment hook '/home/kyu8/ros2_ws/install/my_package/share/my_package/hook/pythonpath.sh'
[7.246s] Level 1:colcon.colcon_core.environment:checking '/home/kyu8/ros2_ws/install/my_package/bin'
[7.247s] Level 1:colcon.colcon_core.environment:create_environment_scripts_only(my_package)
[7.291s] INFO:colcon.colcon_core.shell:Creating package script '/home/kyu8/ros2_ws/install/my_package/share/my_package/package.ps1'
[7.293s] INFO:colcon.colcon_core.shell:Creating package descriptor '/home/kyu8/ros2_ws/install/my_package/share/my_package/package.dsv'
[7.294s] INFO:colcon.colcon_core.shell:Creating package script '/home/kyu8/ros2_ws/install/my_package/share/my_package/package.sh'
[7.295s] INFO:colcon.colcon_core.shell:Creating package script '/home/kyu8/ros2_ws/install/my_package/share/my_package/package.bash'
[7.296s] INFO:colcon.colcon_core.shell:Creating package script '/home/kyu8/ros2_ws/install/my_package/share/my_package/package.zsh'
[7.297s] Level 1:colcon.colcon_core.environment:create_file_with_runtime_dependencies(/home/kyu8/ros2_ws/install/my_package/share/colcon-core/packages/my_package)
[7.298s] DEBUG:colcon.colcon_parallel_executor.executor.parallel:closing loop
[7.298s] DEBUG:colcon.colcon_parallel_executor.executor.parallel:loop closed
[7.298s] DEBUG:colcon.colcon_parallel_executor.executor.parallel:run_until_complete finished with '0'
[7.298s] DEBUG:colcon.colcon_core.event_reactor:joining thread
[7.382s] INFO:colcon.colcon_core.plugin_system:Skipping extension 'colcon_notification.desktop_notification.terminal_notifier': Not used on non-Darwin systems
[7.382s] INFO:colcon.colcon_core.plugin_system:Skipping extension 'colcon_notification.desktop_notification.win32': Not used on non-Windows systems
[7.383s] INFO:colcon.colcon_notification.desktop_notification:Sending desktop notification using 'notify2'
[7.410s] DEBUG:colcon.colcon_core.event_reactor:joined thread
[7.451s] INFO:colcon.colcon_core.shell:Creating prefix script '/home/kyu8/ros2_ws/install/local_setup.ps1'
[7.454s] INFO:colcon.colcon_core.shell:Creating prefix util module '/home/kyu8/ros2_ws/install/_local_setup_util_ps1.py'
[7.458s] INFO:colcon.colcon_core.shell:Creating prefix chain script '/home/kyu8/ros2_ws/install/setup.ps1'
[7.503s] INFO:colcon.colcon_core.shell:Creating prefix script '/home/kyu8/ros2_ws/install/local_setup.sh'
[7.505s] INFO:colcon.colcon_core.shell:Creating prefix util module '/home/kyu8/ros2_ws/install/_local_setup_util_sh.py'
[7.506s] INFO:colcon.colcon_core.shell:Creating prefix chain script '/home/kyu8/ros2_ws/install/setup.sh'
[7.551s] INFO:colcon.colcon_core.shell:Creating prefix script '/home/kyu8/ros2_ws/install/local_setup.bash'
[7.553s] INFO:colcon.colcon_core.shell:Creating prefix chain script '/home/kyu8/ros2_ws/install/setup.bash'
[7.597s] INFO:colcon.colcon_core.shell:Creating prefix script '/home/kyu8/ros2_ws/install/local_setup.zsh'
[7.598s] INFO:colcon.colcon_core.shell:Creating prefix chain script '/home/kyu8/ros2_ws/install/setup.zsh'
