[1.479s] Invoking command in '/home/kyu8/ros2_ws/build/turtlesim': CMAKE_PREFIX_PATH=/opt/ros/rolling:/opt/ros/humble /usr/bin/cmake /home/kyu8/ros2_ws/src/ros_tutorials/turtlesim -DCMAKE_INSTALL_PREFIX=/home/kyu8/ros2_ws/install/turtlesim
[1.598s] -- The C compiler identification is GNU 11.4.0
[1.715s] -- The CXX compiler identification is GNU 11.4.0
[1.729s] -- Detecting C compiler ABI info
[1.861s] -- Detecting C compiler ABI info - done
[1.878s] -- Check for working C compiler: /usr/bin/cc - skipped
[1.879s] -- Detecting C compile features
[1.879s] -- Detecting C compile features - done
[1.885s] -- Detecting CXX compiler ABI info
[2.047s] -- Detecting CXX compiler ABI info - done
[2.065s] -- Check for working CXX compiler: /usr/bin/c++ - skipped
[2.066s] -- Detecting CXX compile features
[2.067s] -- Detecting CXX compile features - done
[2.096s] -- Found ament_cmake: 2.3.0 (/opt/ros/rolling/share/ament_cmake/cmake)
[2.412s] -- Found Python3: /usr/bin/python3.10 (found version "3.10.12") found components: Interpreter 
[2.578s] -- Found ament_index_cpp: 1.7.0 (/opt/ros/rolling/share/ament_index_cpp/cmake)
[2.582s] -- Found geometry_msgs: 5.2.0 (/opt/ros/rolling/share/geometry_msgs/cmake)
[2.659s] -- Found rosidl_generator_c: 4.4.1 (/opt/ros/rolling/share/rosidl_generator_c/cmake)
[2.681s] -- Found rosidl_generator_cpp: 4.4.1 (/opt/ros/rolling/share/rosidl_generator_cpp/cmake)
[2.719s] -- Using all available rosidl_typesupport_c: rosidl_typesupport_fastrtps_c;rosidl_typesupport_introspection_c
[2.761s] -- Using all available rosidl_typesupport_cpp: rosidl_typesupport_fastrtps_cpp;rosidl_typesupport_introspection_cpp
[3.052s] -- Found rclcpp: 23.2.0 (/opt/ros/rolling/share/rclcpp/cmake)
[3.398s] -- Found rmw_implementation_cmake: 7.2.1 (/opt/ros/rolling/share/rmw_implementation_cmake/cmake)
[3.403s] -- Found rmw_fastrtps_cpp: 7.6.0 (/opt/ros/rolling/share/rmw_fastrtps_cpp/cmake)
[3.660s] -- Found OpenSSL: /usr/lib/x86_64-linux-gnu/libcrypto.so (found version "3.0.2")  
[3.727s] -- Found FastRTPS: /opt/ros/rolling/include  
[3.832s] -- Using RMW implementation 'rmw_fastrtps_cpp' as default
[4.224s] -- Found rclcpp_action: 23.2.0 (/opt/ros/rolling/share/rclcpp_action/cmake)
[4.513s] -- Found rosidl_default_generators: 1.6.0 (/opt/ros/rolling/share/rosidl_default_generators/cmake)
[4.544s] -- Found rosidl_adapter: 4.4.1 (/opt/ros/rolling/share/rosidl_adapter/cmake)
[4.559s] -- Found std_srvs: 5.2.0 (/opt/ros/rolling/share/std_srvs/cmake)
[5.403s] -- Found ament_cmake_ros: 0.12.0 (/opt/ros/rolling/share/ament_cmake_ros/cmake)
[5.997s] -- Using all available rosidl_typesupport_c: rosidl_typesupport_fastrtps_c;rosidl_typesupport_introspection_c
[6.223s] -- Using all available rosidl_typesupport_cpp: rosidl_typesupport_fastrtps_cpp;rosidl_typesupport_introspection_cpp
[6.260s] -- Found PythonInterp: /usr/bin/python3 (found suitable version "3.10.12", minimum required is "3.6") 
[6.263s] -- Found python_cmake_module: 0.11.0 (/opt/ros/rolling/share/python_cmake_module/cmake)
[6.309s] -- Found PythonLibs: /usr/lib/x86_64-linux-gnu/libpython3.10.so (found suitable version "3.10.12", minimum required is "3.5") 
[6.309s] -- Using PYTHON_EXECUTABLE: /usr/bin/python3
[6.309s] -- Using PYTHON_INCLUDE_DIRS: /usr/include/python3.10
[6.310s] -- Using PYTHON_LIBRARIES: /usr/lib/x86_64-linux-gnu/libpython3.10.so
[6.346s] -- Found PythonExtra: .so  
[6.443s] -- Configuring done
[6.573s] -- Generating done
[6.579s] -- Build files have been written to: /home/kyu8/ros2_ws/build/turtlesim
[6.603s] Invoked command in '/home/kyu8/ros2_ws/build/turtlesim' returned '0': CMAKE_PREFIX_PATH=/opt/ros/rolling:/opt/ros/humble /usr/bin/cmake /home/kyu8/ros2_ws/src/ros_tutorials/turtlesim -DCMAKE_INSTALL_PREFIX=/home/kyu8/ros2_ws/install/turtlesim
[6.605s] Invoking command in '/home/kyu8/ros2_ws/build/turtlesim': CMAKE_PREFIX_PATH=/opt/ros/rolling:/opt/ros/humble /usr/bin/cmake --build /home/kyu8/ros2_ws/build/turtlesim -- -j5 -l5
[6.686s] [  0%] [34m[1mGenerating type hashes for ROS interfaces[0m
[6.698s] [  0%] Built target ament_cmake_python_copy_turtlesim
[7.090s] running egg_info
[7.090s] creating turtlesim.egg-info
[7.092s] writing turtlesim.egg-info/PKG-INFO
[7.093s] writing dependency_links to turtlesim.egg-info/dependency_links.txt
[7.093s] writing top-level names to turtlesim.egg-info/top_level.txt
[7.093s] writing manifest file 'turtlesim.egg-info/SOURCES.txt'
[7.097s] reading manifest file 'turtlesim.egg-info/SOURCES.txt'
[7.097s] writing manifest file 'turtlesim.egg-info/SOURCES.txt'
[7.141s] [  0%] Built target ament_cmake_python_build_turtlesim_egg
[7.206s] [  0%] Built target turtlesim__rosidl_generator_type_description
[7.218s] [  1%] [34m[1mGenerating C code for ROS interfaces[0m
[7.234s] [  2%] [34m[1mGenerating C++ code for ROS interfaces[0m
[9.057s] [  2%] Built target turtlesim__cpp
[9.430s] [  5%] [32mBuilding C object CMakeFiles/turtlesim__rosidl_generator_c.dir/rosidl_generator_c/turtlesim/action/detail/rotate_absolute__functions.c.o[0m
[9.430s] [  5%] [32mBuilding C object CMakeFiles/turtlesim__rosidl_generator_c.dir/rosidl_generator_c/turtlesim/action/detail/rotate_absolute__description.c.o[0m
[9.430s] [  6%] [32mBuilding C object CMakeFiles/turtlesim__rosidl_generator_c.dir/rosidl_generator_c/turtlesim/msg/detail/color__functions.c.o[0m
[9.430s] [  5%] [32mBuilding C object CMakeFiles/turtlesim__rosidl_generator_c.dir/rosidl_generator_c/turtlesim/action/detail/rotate_absolute__type_support.c.o[0m
[9.431s] [  7%] [32mBuilding C object CMakeFiles/turtlesim__rosidl_generator_c.dir/rosidl_generator_c/turtlesim/msg/detail/color__description.c.o[0m
[9.481s] [  7%] [32mBuilding C object CMakeFiles/turtlesim__rosidl_generator_c.dir/rosidl_generator_c/turtlesim/msg/detail/color__type_support.c.o[0m
[9.498s] [  8%] [32mBuilding C object CMakeFiles/turtlesim__rosidl_generator_c.dir/rosidl_generator_c/turtlesim/msg/detail/pose__description.c.o[0m
[9.504s] [  9%] [32mBuilding C object CMakeFiles/turtlesim__rosidl_generator_c.dir/rosidl_generator_c/turtlesim/msg/detail/pose__functions.c.o[0m
[9.531s] [ 10%] [32mBuilding C object CMakeFiles/turtlesim__rosidl_generator_c.dir/rosidl_generator_c/turtlesim/msg/detail/pose__type_support.c.o[0m
[9.540s] [ 11%] [32mBuilding C object CMakeFiles/turtlesim__rosidl_generator_c.dir/rosidl_generator_c/turtlesim/srv/detail/kill__description.c.o[0m
[9.549s] [ 12%] [32mBuilding C object CMakeFiles/turtlesim__rosidl_generator_c.dir/rosidl_generator_c/turtlesim/srv/detail/kill__functions.c.o[0m
[9.572s] [ 13%] [32mBuilding C object CMakeFiles/turtlesim__rosidl_generator_c.dir/rosidl_generator_c/turtlesim/srv/detail/kill__type_support.c.o[0m
[9.587s] [ 13%] [32mBuilding C object CMakeFiles/turtlesim__rosidl_generator_c.dir/rosidl_generator_c/turtlesim/srv/detail/set_pen__description.c.o[0m
[9.607s] [ 14%] [32mBuilding C object CMakeFiles/turtlesim__rosidl_generator_c.dir/rosidl_generator_c/turtlesim/srv/detail/set_pen__functions.c.o[0m
[9.621s] [ 15%] [32mBuilding C object CMakeFiles/turtlesim__rosidl_generator_c.dir/rosidl_generator_c/turtlesim/srv/detail/set_pen__type_support.c.o[0m
[9.632s] [ 16%] [32mBuilding C object CMakeFiles/turtlesim__rosidl_generator_c.dir/rosidl_generator_c/turtlesim/srv/detail/spawn__description.c.o[0m
[9.644s] [ 17%] [32mBuilding C object CMakeFiles/turtlesim__rosidl_generator_c.dir/rosidl_generator_c/turtlesim/srv/detail/spawn__functions.c.o[0m
[9.655s] [ 18%] [32mBuilding C object CMakeFiles/turtlesim__rosidl_generator_c.dir/rosidl_generator_c/turtlesim/srv/detail/spawn__type_support.c.o[0m
[9.678s] [ 19%] [32mBuilding C object CMakeFiles/turtlesim__rosidl_generator_c.dir/rosidl_generator_c/turtlesim/srv/detail/teleport_absolute__description.c.o[0m
[9.700s] [ 20%] [32mBuilding C object CMakeFiles/turtlesim__rosidl_generator_c.dir/rosidl_generator_c/turtlesim/srv/detail/teleport_absolute__functions.c.o[0m
[9.706s] [ 20%] [32mBuilding C object CMakeFiles/turtlesim__rosidl_generator_c.dir/rosidl_generator_c/turtlesim/srv/detail/teleport_absolute__type_support.c.o[0m
[9.716s] [ 21%] [32mBuilding C object CMakeFiles/turtlesim__rosidl_generator_c.dir/rosidl_generator_c/turtlesim/srv/detail/teleport_relative__description.c.o[0m
[9.741s] [ 22%] [32mBuilding C object CMakeFiles/turtlesim__rosidl_generator_c.dir/rosidl_generator_c/turtlesim/srv/detail/teleport_relative__functions.c.o[0m
[9.747s] [ 23%] [32mBuilding C object CMakeFiles/turtlesim__rosidl_generator_c.dir/rosidl_generator_c/turtlesim/srv/detail/teleport_relative__type_support.c.o[0m
[9.830s] [ 24%] [32m[1mLinking C shared library libturtlesim__rosidl_generator_c.so[0m
[9.901s] [ 24%] Built target turtlesim__rosidl_generator_c
[9.915s] [ 26%] [34m[1mGenerating C++ type support for eProsima Fast-RTPS[0m
[9.915s] [ 26%] [34m[1mGenerating C introspection for ROS interfaces[0m
[9.917s] [ 27%] [34m[1mGenerating C type support for eProsima Fast-RTPS[0m
[9.918s] [ 28%] [34m[1mGenerating C type support dispatch for ROS interfaces[0m
[9.918s] [ 29%] [34m[1mGenerating C++ type support dispatch for ROS interfaces[0m
[10.964s] [ 30%] [32mBuilding CXX object CMakeFiles/turtlesim__rosidl_typesupport_c.dir/rosidl_typesupport_c/turtlesim/action/rotate_absolute__type_support.cpp.o[0m
[10.998s] [ 31%] [32mBuilding CXX object CMakeFiles/turtlesim__rosidl_typesupport_cpp.dir/rosidl_typesupport_cpp/turtlesim/action/rotate_absolute__type_support.cpp.o[0m
[11.049s] [ 32%] [32mBuilding CXX object CMakeFiles/turtlesim__rosidl_typesupport_c.dir/rosidl_typesupport_c/turtlesim/msg/color__type_support.cpp.o[0m
[11.102s] [ 33%] [32mBuilding CXX object CMakeFiles/turtlesim__rosidl_typesupport_c.dir/rosidl_typesupport_c/turtlesim/msg/pose__type_support.cpp.o[0m
[11.163s] [ 34%] [32mBuilding CXX object CMakeFiles/turtlesim__rosidl_typesupport_c.dir/rosidl_typesupport_c/turtlesim/srv/kill__type_support.cpp.o[0m
[11.226s] [ 35%] [32mBuilding CXX object CMakeFiles/turtlesim__rosidl_typesupport_c.dir/rosidl_typesupport_c/turtlesim/srv/set_pen__type_support.cpp.o[0m
[11.289s] [ 35%] [32mBuilding CXX object CMakeFiles/turtlesim__rosidl_typesupport_c.dir/rosidl_typesupport_c/turtlesim/srv/spawn__type_support.cpp.o[0m
[11.363s] [ 36%] [32mBuilding CXX object CMakeFiles/turtlesim__rosidl_typesupport_c.dir/rosidl_typesupport_c/turtlesim/srv/teleport_absolute__type_support.cpp.o[0m
[11.434s] [ 37%] [32mBuilding CXX object CMakeFiles/turtlesim__rosidl_typesupport_c.dir/rosidl_typesupport_c/turtlesim/srv/teleport_relative__type_support.cpp.o[0m
[11.520s] [ 38%] [32mBuilding C object CMakeFiles/turtlesim__rosidl_typesupport_introspection_c.dir/rosidl_typesupport_introspection_c/turtlesim/action/detail/rotate_absolute__type_support.c.o[0m
[11.521s] [ 39%] [32m[1mLinking CXX shared library libturtlesim__rosidl_typesupport_c.so[0m
[11.583s] [ 39%] Built target turtlesim__rosidl_typesupport_c
[11.604s] [ 39%] [32mBuilding CXX object CMakeFiles/turtlesim__rosidl_typesupport_cpp.dir/rosidl_typesupport_cpp/turtlesim/msg/color__type_support.cpp.o[0m
[11.626s] [ 40%] [32mBuilding C object CMakeFiles/turtlesim__rosidl_typesupport_introspection_c.dir/rosidl_typesupport_introspection_c/turtlesim/msg/detail/color__type_support.c.o[0m
[11.644s] [ 41%] [32mBuilding CXX object CMakeFiles/turtlesim__rosidl_typesupport_fastrtps_c.dir/rosidl_typesupport_fastrtps_c/turtlesim/action/detail/rotate_absolute__type_support_c.cpp.o[0m
[11.678s] [ 42%] [32mBuilding C object CMakeFiles/turtlesim__rosidl_typesupport_introspection_c.dir/rosidl_typesupport_introspection_c/turtlesim/msg/detail/pose__type_support.c.o[0m
[11.681s] [ 42%] [32mBuilding CXX object CMakeFiles/turtlesim__rosidl_typesupport_fastrtps_cpp.dir/rosidl_typesupport_fastrtps_cpp/turtlesim/action/detail/dds_fastrtps/rotate_absolute__type_support.cpp.o[0m
[11.731s] [ 43%] [32mBuilding C object CMakeFiles/turtlesim__rosidl_typesupport_introspection_c.dir/rosidl_typesupport_introspection_c/turtlesim/srv/detail/kill__type_support.c.o[0m
[11.799s] [ 44%] [32mBuilding C object CMakeFiles/turtlesim__rosidl_typesupport_introspection_c.dir/rosidl_typesupport_introspection_c/turtlesim/srv/detail/set_pen__type_support.c.o[0m
[11.883s] [ 45%] [32mBuilding CXX object CMakeFiles/turtlesim__rosidl_typesupport_cpp.dir/rosidl_typesupport_cpp/turtlesim/msg/pose__type_support.cpp.o[0m
[11.893s] [ 45%] [32mBuilding C object CMakeFiles/turtlesim__rosidl_typesupport_introspection_c.dir/rosidl_typesupport_introspection_c/turtlesim/srv/detail/spawn__type_support.c.o[0m
[11.976s] [ 46%] [32mBuilding C object CMakeFiles/turtlesim__rosidl_typesupport_introspection_c.dir/rosidl_typesupport_introspection_c/turtlesim/srv/detail/teleport_absolute__type_support.c.o[0m
[12.048s] [ 47%] [32mBuilding CXX object CMakeFiles/turtlesim__rosidl_typesupport_cpp.dir/rosidl_typesupport_cpp/turtlesim/srv/kill__type_support.cpp.o[0m
[12.065s] [ 48%] [32mBuilding C object CMakeFiles/turtlesim__rosidl_typesupport_introspection_c.dir/rosidl_typesupport_introspection_c/turtlesim/srv/detail/teleport_relative__type_support.c.o[0m
[12.141s] [ 49%] [32mBuilding CXX object CMakeFiles/turtlesim__rosidl_typesupport_fastrtps_c.dir/rosidl_typesupport_fastrtps_c/turtlesim/msg/detail/color__type_support_c.cpp.o[0m
[12.165s] [ 50%] [32m[1mLinking C shared library libturtlesim__rosidl_typesupport_introspection_c.so[0m
[12.222s] [ 50%] Built target turtlesim__rosidl_typesupport_introspection_c
[12.235s] [ 51%] [34m[1mGenerating C++ introspection for ROS interfaces[0m
[12.361s] [ 52%] [32mBuilding CXX object CMakeFiles/turtlesim__rosidl_typesupport_cpp.dir/rosidl_typesupport_cpp/turtlesim/srv/set_pen__type_support.cpp.o[0m
[12.555s] [ 53%] [32mBuilding CXX object CMakeFiles/turtlesim__rosidl_typesupport_fastrtps_c.dir/rosidl_typesupport_fastrtps_c/turtlesim/msg/detail/pose__type_support_c.cpp.o[0m
[12.600s] [ 54%] [32mBuilding CXX object CMakeFiles/turtlesim__rosidl_typesupport_cpp.dir/rosidl_typesupport_cpp/turtlesim/srv/spawn__type_support.cpp.o[0m
[12.786s] [ 55%] [32mBuilding CXX object CMakeFiles/turtlesim__rosidl_typesupport_fastrtps_cpp.dir/rosidl_typesupport_fastrtps_cpp/turtlesim/msg/detail/dds_fastrtps/color__type_support.cpp.o[0m
[12.901s] [ 56%] [32mBuilding CXX object CMakeFiles/turtlesim__rosidl_typesupport_cpp.dir/rosidl_typesupport_cpp/turtlesim/srv/teleport_absolute__type_support.cpp.o[0m
[12.935s] [ 57%] [32mBuilding CXX object CMakeFiles/turtlesim__rosidl_typesupport_fastrtps_c.dir/rosidl_typesupport_fastrtps_c/turtlesim/srv/detail/kill__type_support_c.cpp.o[0m
[13.141s] [ 58%] [32mBuilding CXX object CMakeFiles/turtlesim__rosidl_typesupport_cpp.dir/rosidl_typesupport_cpp/turtlesim/srv/teleport_relative__type_support.cpp.o[0m
[13.350s] [ 59%] [32mBuilding CXX object CMakeFiles/turtlesim__rosidl_typesupport_fastrtps_c.dir/rosidl_typesupport_fastrtps_c/turtlesim/srv/detail/set_pen__type_support_c.cpp.o[0m
[13.375s] [ 60%] [32mBuilding CXX object CMakeFiles/turtlesim__rosidl_typesupport_fastrtps_cpp.dir/rosidl_typesupport_fastrtps_cpp/turtlesim/msg/detail/dds_fastrtps/pose__type_support.cpp.o[0m
[13.448s] [ 61%] [32mBuilding CXX object CMakeFiles/turtlesim__rosidl_typesupport_fastrtps_cpp.dir/rosidl_typesupport_fastrtps_cpp/turtlesim/srv/detail/dds_fastrtps/kill__type_support.cpp.o[0m
[13.673s] [ 61%] [32m[1mLinking CXX shared library libturtlesim__rosidl_typesupport_cpp.so[0m
[13.763s] [ 61%] [32mBuilding CXX object CMakeFiles/turtlesim__rosidl_typesupport_fastrtps_c.dir/rosidl_typesupport_fastrtps_c/turtlesim/srv/detail/spawn__type_support_c.cpp.o[0m
[13.813s] [ 61%] [32mBuilding CXX object CMakeFiles/turtlesim__rosidl_typesupport_introspection_cpp.dir/rosidl_typesupport_introspection_cpp/turtlesim/action/detail/rotate_absolute__type_support.cpp.o[0m
[13.883s] [ 61%] Built target turtlesim__rosidl_typesupport_cpp
[13.897s] [ 62%] [34m[1mGenerating include/turtlesim/moc_turtle_frame.cpp[0m
[13.959s] [ 63%] [32mBuilding CXX object CMakeFiles/turtlesim__rosidl_typesupport_fastrtps_cpp.dir/rosidl_typesupport_fastrtps_cpp/turtlesim/srv/detail/dds_fastrtps/set_pen__type_support.cpp.o[0m
[14.003s] [ 64%] [32mBuilding CXX object CMakeFiles/turtlesim_node.dir/src/turtlesim.cpp.o[0m
[14.177s] [ 65%] [32mBuilding CXX object CMakeFiles/turtlesim__rosidl_typesupport_fastrtps_c.dir/rosidl_typesupport_fastrtps_c/turtlesim/srv/detail/teleport_absolute__type_support_c.cpp.o[0m
[14.204s] [ 66%] [32mBuilding CXX object CMakeFiles/turtlesim_node.dir/src/turtle.cpp.o[0m
[14.571s] [ 67%] [32mBuilding CXX object CMakeFiles/turtlesim__rosidl_typesupport_fastrtps_c.dir/rosidl_typesupport_fastrtps_c/turtlesim/srv/detail/teleport_relative__type_support_c.cpp.o[0m
[14.717s] [ 68%] [32mBuilding CXX object CMakeFiles/turtlesim__rosidl_typesupport_fastrtps_cpp.dir/rosidl_typesupport_fastrtps_cpp/turtlesim/srv/detail/dds_fastrtps/spawn__type_support.cpp.o[0m
[14.750s] [ 69%] [32mBuilding CXX object CMakeFiles/turtlesim__rosidl_typesupport_introspection_cpp.dir/rosidl_typesupport_introspection_cpp/turtlesim/msg/detail/color__type_support.cpp.o[0m
[14.989s] [ 70%] [32m[1mLinking CXX shared library libturtlesim__rosidl_typesupport_fastrtps_c.so[0m
[15.161s] [ 70%] Built target turtlesim__rosidl_typesupport_fastrtps_c
[15.192s] [ 71%] [32mBuilding CXX object CMakeFiles/turtle_teleop_key.dir/tutorials/teleop_turtle_key.cpp.o[0m
[15.196s] [ 72%] [32mBuilding CXX object CMakeFiles/turtlesim__rosidl_typesupport_introspection_cpp.dir/rosidl_typesupport_introspection_cpp/turtlesim/msg/detail/pose__type_support.cpp.o[0m
[15.470s] [ 73%] [32mBuilding CXX object CMakeFiles/turtlesim__rosidl_typesupport_fastrtps_cpp.dir/rosidl_typesupport_fastrtps_cpp/turtlesim/srv/detail/dds_fastrtps/teleport_absolute__type_support.cpp.o[0m
[15.620s] [ 74%] [32mBuilding CXX object CMakeFiles/turtlesim__rosidl_typesupport_introspection_cpp.dir/rosidl_typesupport_introspection_cpp/turtlesim/srv/detail/kill__type_support.cpp.o[0m
[16.174s] [ 75%] [32mBuilding CXX object CMakeFiles/turtlesim__rosidl_typesupport_introspection_cpp.dir/rosidl_typesupport_introspection_cpp/turtlesim/srv/detail/set_pen__type_support.cpp.o[0m
[16.229s] [ 76%] [32mBuilding CXX object CMakeFiles/turtlesim__rosidl_typesupport_fastrtps_cpp.dir/rosidl_typesupport_fastrtps_cpp/turtlesim/srv/detail/dds_fastrtps/teleport_relative__type_support.cpp.o[0m
[16.716s] [ 77%] [32mBuilding CXX object CMakeFiles/turtlesim__rosidl_typesupport_introspection_cpp.dir/rosidl_typesupport_introspection_cpp/turtlesim/srv/detail/spawn__type_support.cpp.o[0m
[17.068s] [ 77%] [32m[1mLinking CXX shared library libturtlesim__rosidl_typesupport_fastrtps_cpp.so[0m
[17.249s] [ 77%] Built target turtlesim__rosidl_typesupport_fastrtps_cpp
[17.276s] [ 77%] [32mBuilding CXX object CMakeFiles/draw_square.dir/tutorials/draw_square.cpp.o[0m
[17.297s] [ 78%] [32mBuilding CXX object CMakeFiles/turtlesim__rosidl_typesupport_introspection_cpp.dir/rosidl_typesupport_introspection_cpp/turtlesim/srv/detail/teleport_absolute__type_support.cpp.o[0m
[17.885s] [ 78%] [32mBuilding CXX object CMakeFiles/turtlesim__rosidl_typesupport_introspection_cpp.dir/rosidl_typesupport_introspection_cpp/turtlesim/srv/detail/teleport_relative__type_support.cpp.o[0m
[18.534s] [ 79%] [32m[1mLinking CXX shared library libturtlesim__rosidl_typesupport_introspection_cpp.so[0m
[18.774s] [ 79%] Built target turtlesim__rosidl_typesupport_introspection_cpp
[18.805s] [ 80%] [32mBuilding CXX object CMakeFiles/mimic.dir/tutorials/mimic.cpp.o[0m
[20.992s] [ 81%] [32mBuilding CXX object CMakeFiles/turtlesim_node.dir/src/turtle_frame.cpp.o[0m
[23.207s] [ 82%] [32m[1mLinking CXX executable turtle_teleop_key[0m
[23.995s] [ 82%] Built target turtle_teleop_key
[24.028s] [ 82%] Built target turtlesim
[24.062s] [ 82%] [34m[1mGenerating Python code for ROS interfaces[0m
[28.460s] [ 82%] Built target turtlesim__py
[28.500s] [ 83%] [32mBuilding C object CMakeFiles/turtlesim__rosidl_generator_py.dir/rosidl_generator_py/turtlesim/action/_rotate_absolute_s.c.o[0m
[28.630s] [ 84%] [32m[1mLinking CXX executable draw_square[0m
[28.945s] [ 85%] [32mBuilding C object CMakeFiles/turtlesim__rosidl_generator_py.dir/rosidl_generator_py/turtlesim/msg/_color_s.c.o[0m
[29.087s] [ 85%] [32mBuilding C object CMakeFiles/turtlesim__rosidl_generator_py.dir/rosidl_generator_py/turtlesim/msg/_pose_s.c.o[0m
[29.217s] [ 86%] [32mBuilding C object CMakeFiles/turtlesim__rosidl_generator_py.dir/rosidl_generator_py/turtlesim/srv/_kill_s.c.o[0m
[29.369s] [ 87%] [32mBuilding C object CMakeFiles/turtlesim__rosidl_generator_py.dir/rosidl_generator_py/turtlesim/srv/_set_pen_s.c.o[0m
[29.465s] [ 88%] [32m[1mLinking CXX executable mimic[0m
[29.581s] [ 89%] [32mBuilding C object CMakeFiles/turtlesim__rosidl_generator_py.dir/rosidl_generator_py/turtlesim/srv/_spawn_s.c.o[0m
[29.689s] [ 89%] Built target draw_square
[29.735s] [ 90%] [32mBuilding C object CMakeFiles/turtlesim__rosidl_generator_py.dir/rosidl_generator_py/turtlesim/srv/_teleport_absolute_s.c.o[0m
[29.846s] [ 91%] [32mBuilding C object CMakeFiles/turtlesim__rosidl_generator_py.dir/rosidl_generator_py/turtlesim/srv/_teleport_relative_s.c.o[0m
[29.924s] [ 92%] [32mBuilding CXX object CMakeFiles/turtlesim_node.dir/include/turtlesim/moc_turtle_frame.cpp.o[0m
[30.011s] [ 93%] [32m[1mLinking C shared library rosidl_generator_py/turtlesim/libturtlesim__rosidl_generator_py.so[0m
[30.105s] [ 93%] Built target turtlesim__rosidl_generator_py
[30.143s] [ 94%] [32mBuilding C object CMakeFiles/turtlesim__rosidl_typesupport_fastrtps_c__pyext.dir/rosidl_generator_py/turtlesim/_turtlesim_s.ep.rosidl_typesupport_fastrtps_c.c.o[0m
[30.381s] [ 95%] [32m[1mLinking C shared library rosidl_generator_py/turtlesim/turtlesim_s__rosidl_typesupport_fastrtps_c.cpython-310-x86_64-linux-gnu.so[0m
[30.427s] [ 96%] [32mBuilding C object CMakeFiles/turtlesim__rosidl_typesupport_introspection_c__pyext.dir/rosidl_generator_py/turtlesim/_turtlesim_s.ep.rosidl_typesupport_introspection_c.c.o[0m
[30.432s] [ 96%] Built target mimic
[30.444s] [ 96%] Built target turtlesim__rosidl_typesupport_fastrtps_c__pyext
[30.473s] [ 97%] [32mBuilding C object CMakeFiles/turtlesim__rosidl_typesupport_c__pyext.dir/rosidl_generator_py/turtlesim/_turtlesim_s.ep.rosidl_typesupport_c.c.o[0m
[30.667s] [ 98%] [32m[1mLinking C shared library rosidl_generator_py/turtlesim/turtlesim_s__rosidl_typesupport_introspection_c.cpython-310-x86_64-linux-gnu.so[0m
[30.694s] [ 99%] [32m[1mLinking C shared library rosidl_generator_py/turtlesim/turtlesim_s__rosidl_typesupport_c.cpython-310-x86_64-linux-gnu.so[0m
[30.727s] [ 99%] Built target turtlesim__rosidl_typesupport_introspection_c__pyext
[30.766s] [ 99%] Built target turtlesim__rosidl_typesupport_c__pyext
[35.738s] [100%] [32m[1mLinking CXX executable turtlesim_node[0m
[40.329s] [100%] Built target turtlesim_node
[40.496s] Invoked command in '/home/kyu8/ros2_ws/build/turtlesim' returned '0': CMAKE_PREFIX_PATH=/opt/ros/rolling:/opt/ros/humble /usr/bin/cmake --build /home/kyu8/ros2_ws/build/turtlesim -- -j5 -l5
[40.976s] Invoking command in '/home/kyu8/ros2_ws/build/turtlesim': CMAKE_PREFIX_PATH=/opt/ros/rolling:/opt/ros/humble /usr/bin/cmake --install /home/kyu8/ros2_ws/build/turtlesim
[40.984s] -- Install configuration: ""
[40.985s] -- Installing: /home/kyu8/ros2_ws/install/turtlesim/share/ament_index/resource_index/rosidl_interfaces/turtlesim
[40.985s] -- Installing: /home/kyu8/ros2_ws/install/turtlesim/share/turtlesim/action/RotateAbsolute.json
[40.985s] -- Installing: /home/kyu8/ros2_ws/install/turtlesim/share/turtlesim/msg/Color.json
[40.985s] -- Installing: /home/kyu8/ros2_ws/install/turtlesim/share/turtlesim/msg/Pose.json
[40.986s] -- Installing: /home/kyu8/ros2_ws/install/turtlesim/share/turtlesim/srv/Kill.json
[40.986s] -- Installing: /home/kyu8/ros2_ws/install/turtlesim/share/turtlesim/srv/SetPen.json
[40.987s] -- Installing: /home/kyu8/ros2_ws/install/turtlesim/share/turtlesim/srv/Spawn.json
[40.987s] -- Installing: /home/kyu8/ros2_ws/install/turtlesim/share/turtlesim/srv/TeleportAbsolute.json
[40.988s] -- Installing: /home/kyu8/ros2_ws/install/turtlesim/share/turtlesim/srv/TeleportRelative.json
[40.989s] -- Installing: /home/kyu8/ros2_ws/install/turtlesim/include/turtlesim/turtlesim
[40.989s] -- Installing: /home/kyu8/ros2_ws/install/turtlesim/include/turtlesim/turtlesim/action
[40.989s] -- Installing: /home/kyu8/ros2_ws/install/turtlesim/include/turtlesim/turtlesim/action/detail
[40.989s] -- Installing: /home/kyu8/ros2_ws/install/turtlesim/include/turtlesim/turtlesim/action/detail/rotate_absolute__functions.c
[40.990s] -- Installing: /home/kyu8/ros2_ws/install/turtlesim/include/turtlesim/turtlesim/action/detail/rotate_absolute__type_support.c
[40.991s] -- Installing: /home/kyu8/ros2_ws/install/turtlesim/include/turtlesim/turtlesim/action/detail/rotate_absolute__type_support.h
[40.991s] -- Installing: /home/kyu8/ros2_ws/install/turtlesim/include/turtlesim/turtlesim/action/detail/rotate_absolute__struct.h
[40.991s] -- Installing: /home/kyu8/ros2_ws/install/turtlesim/include/turtlesim/turtlesim/action/detail/rotate_absolute__description.c
[40.992s] -- Installing: /home/kyu8/ros2_ws/install/turtlesim/include/turtlesim/turtlesim/action/detail/rotate_absolute__functions.h
[40.992s] -- Installing: /home/kyu8/ros2_ws/install/turtlesim/include/turtlesim/turtlesim/action/rotate_absolute.h
[40.993s] -- Installing: /home/kyu8/ros2_ws/install/turtlesim/include/turtlesim/turtlesim/srv
[40.993s] -- Installing: /home/kyu8/ros2_ws/install/turtlesim/include/turtlesim/turtlesim/srv/detail
[40.994s] -- Installing: /home/kyu8/ros2_ws/install/turtlesim/include/turtlesim/turtlesim/srv/detail/spawn__type_support.c
[40.994s] -- Installing: /home/kyu8/ros2_ws/install/turtlesim/include/turtlesim/turtlesim/srv/detail/teleport_relative__description.c
[40.995s] -- Installing: /home/kyu8/ros2_ws/install/turtlesim/include/turtlesim/turtlesim/srv/detail/spawn__struct.h
[40.995s] -- Installing: /home/kyu8/ros2_ws/install/turtlesim/include/turtlesim/turtlesim/srv/detail/spawn__type_support.h
[40.995s] -- Installing: /home/kyu8/ros2_ws/install/turtlesim/include/turtlesim/turtlesim/srv/detail/teleport_absolute__functions.c
[40.996s] -- Installing: /home/kyu8/ros2_ws/install/turtlesim/include/turtlesim/turtlesim/srv/detail/teleport_absolute__struct.h
[40.996s] -- Installing: /home/kyu8/ros2_ws/install/turtlesim/include/turtlesim/turtlesim/srv/detail/set_pen__functions.c
[40.997s] -- Installing: /home/kyu8/ros2_ws/install/turtlesim/include/turtlesim/turtlesim/srv/detail/set_pen__functions.h
[40.997s] -- Installing: /home/kyu8/ros2_ws/install/turtlesim/include/turtlesim/turtlesim/srv/detail/set_pen__struct.h
[40.997s] -- Installing: /home/kyu8/ros2_ws/install/turtlesim/include/turtlesim/turtlesim/srv/detail/kill__description.c
[40.998s] -- Installing: /home/kyu8/ros2_ws/install/turtlesim/include/turtlesim/turtlesim/srv/detail/set_pen__type_support.h
[40.998s] -- Installing: /home/kyu8/ros2_ws/install/turtlesim/include/turtlesim/turtlesim/srv/detail/kill__struct.h
[40.998s] -- Installing: /home/kyu8/ros2_ws/install/turtlesim/include/turtlesim/turtlesim/srv/detail/teleport_relative__functions.h
[40.998s] -- Installing: /home/kyu8/ros2_ws/install/turtlesim/include/turtlesim/turtlesim/srv/detail/teleport_relative__type_support.c
[40.998s] -- Installing: /home/kyu8/ros2_ws/install/turtlesim/include/turtlesim/turtlesim/srv/detail/teleport_absolute__type_support.c
[40.999s] -- Installing: /home/kyu8/ros2_ws/install/turtlesim/include/turtlesim/turtlesim/srv/detail/teleport_absolute__type_support.h
[40.999s] -- Installing: /home/kyu8/ros2_ws/install/turtlesim/include/turtlesim/turtlesim/srv/detail/set_pen__type_support.c
[40.999s] -- Installing: /home/kyu8/ros2_ws/install/turtlesim/include/turtlesim/turtlesim/srv/detail/spawn__description.c
[41.000s] -- Installing: /home/kyu8/ros2_ws/install/turtlesim/include/turtlesim/turtlesim/srv/detail/spawn__functions.h
[41.000s] -- Installing: /home/kyu8/ros2_ws/install/turtlesim/include/turtlesim/turtlesim/srv/detail/teleport_absolute__functions.h
[41.001s] -- Installing: /home/kyu8/ros2_ws/install/turtlesim/include/turtlesim/turtlesim/srv/detail/set_pen__description.c
[41.001s] -- Installing: /home/kyu8/ros2_ws/install/turtlesim/include/turtlesim/turtlesim/srv/detail/kill__functions.h
[41.001s] -- Installing: /home/kyu8/ros2_ws/install/turtlesim/include/turtlesim/turtlesim/srv/detail/kill__type_support.h
[41.002s] -- Installing: /home/kyu8/ros2_ws/install/turtlesim/include/turtlesim/turtlesim/srv/detail/kill__functions.c
[41.002s] -- Installing: /home/kyu8/ros2_ws/install/turtlesim/include/turtlesim/turtlesim/srv/detail/spawn__functions.c
[41.003s] -- Installing: /home/kyu8/ros2_ws/install/turtlesim/include/turtlesim/turtlesim/srv/detail/teleport_relative__functions.c
[41.004s] -- Installing: /home/kyu8/ros2_ws/install/turtlesim/include/turtlesim/turtlesim/srv/detail/teleport_absolute__description.c
[41.005s] -- Installing: /home/kyu8/ros2_ws/install/turtlesim/include/turtlesim/turtlesim/srv/detail/teleport_relative__struct.h
[41.005s] -- Installing: /home/kyu8/ros2_ws/install/turtlesim/include/turtlesim/turtlesim/srv/detail/kill__type_support.c
[41.005s] -- Installing: /home/kyu8/ros2_ws/install/turtlesim/include/turtlesim/turtlesim/srv/detail/teleport_relative__type_support.h
[41.006s] -- Installing: /home/kyu8/ros2_ws/install/turtlesim/include/turtlesim/turtlesim/srv/teleport_absolute.h
[41.006s] -- Installing: /home/kyu8/ros2_ws/install/turtlesim/include/turtlesim/turtlesim/srv/kill.h
[41.006s] -- Installing: /home/kyu8/ros2_ws/install/turtlesim/include/turtlesim/turtlesim/srv/spawn.h
[41.007s] -- Installing: /home/kyu8/ros2_ws/install/turtlesim/include/turtlesim/turtlesim/srv/set_pen.h
[41.007s] -- Installing: /home/kyu8/ros2_ws/install/turtlesim/include/turtlesim/turtlesim/srv/teleport_relative.h
[41.008s] -- Installing: /home/kyu8/ros2_ws/install/turtlesim/include/turtlesim/turtlesim/msg
[41.008s] -- Installing: /home/kyu8/ros2_ws/install/turtlesim/include/turtlesim/turtlesim/msg/detail
[41.008s] -- Installing: /home/kyu8/ros2_ws/install/turtlesim/include/turtlesim/turtlesim/msg/detail/pose__functions.c
[41.008s] -- Installing: /home/kyu8/ros2_ws/install/turtlesim/include/turtlesim/turtlesim/msg/detail/pose__functions.h
[41.008s] -- Installing: /home/kyu8/ros2_ws/install/turtlesim/include/turtlesim/turtlesim/msg/detail/color__description.c
[41.009s] -- Installing: /home/kyu8/ros2_ws/install/turtlesim/include/turtlesim/turtlesim/msg/detail/pose__struct.h
[41.009s] -- Installing: /home/kyu8/ros2_ws/install/turtlesim/include/turtlesim/turtlesim/msg/detail/color__type_support.c
[41.009s] -- Installing: /home/kyu8/ros2_ws/install/turtlesim/include/turtlesim/turtlesim/msg/detail/color__struct.h
[41.010s] -- Installing: /home/kyu8/ros2_ws/install/turtlesim/include/turtlesim/turtlesim/msg/detail/color__type_support.h
[41.010s] -- Installing: /home/kyu8/ros2_ws/install/turtlesim/include/turtlesim/turtlesim/msg/detail/pose__description.c
[41.010s] -- Installing: /home/kyu8/ros2_ws/install/turtlesim/include/turtlesim/turtlesim/msg/detail/color__functions.h
[41.010s] -- Installing: /home/kyu8/ros2_ws/install/turtlesim/include/turtlesim/turtlesim/msg/detail/pose__type_support.c
[41.011s] -- Installing: /home/kyu8/ros2_ws/install/turtlesim/include/turtlesim/turtlesim/msg/detail/pose__type_support.h
[41.011s] -- Installing: /home/kyu8/ros2_ws/install/turtlesim/include/turtlesim/turtlesim/msg/detail/color__functions.c
[41.011s] -- Installing: /home/kyu8/ros2_ws/install/turtlesim/include/turtlesim/turtlesim/msg/color.h
[41.012s] -- Installing: /home/kyu8/ros2_ws/install/turtlesim/include/turtlesim/turtlesim/msg/rosidl_generator_c__visibility_control.h
[41.012s] -- Installing: /home/kyu8/ros2_ws/install/turtlesim/include/turtlesim/turtlesim/msg/pose.h
[41.013s] -- Installing: /home/kyu8/ros2_ws/install/turtlesim/share/turtlesim/environment/library_path.sh
[41.013s] -- Installing: /home/kyu8/ros2_ws/install/turtlesim/share/turtlesim/environment/library_path.dsv
[41.015s] -- Installing: /home/kyu8/ros2_ws/install/turtlesim/lib/libturtlesim__rosidl_generator_c.so
[41.017s] -- Set runtime path of "/home/kyu8/ros2_ws/install/turtlesim/lib/libturtlesim__rosidl_generator_c.so" to ""
[41.017s] -- Up-to-date: /home/kyu8/ros2_ws/install/turtlesim/include/turtlesim/turtlesim
[41.017s] -- Up-to-date: /home/kyu8/ros2_ws/install/turtlesim/include/turtlesim/turtlesim/action
[41.018s] -- Up-to-date: /home/kyu8/ros2_ws/install/turtlesim/include/turtlesim/turtlesim/action/detail
[41.019s] -- Installing: /home/kyu8/ros2_ws/install/turtlesim/include/turtlesim/turtlesim/action/detail/rotate_absolute__rosidl_typesupport_fastrtps_c.h
[41.019s] -- Up-to-date: /home/kyu8/ros2_ws/install/turtlesim/include/turtlesim/turtlesim/srv
[41.019s] -- Up-to-date: /home/kyu8/ros2_ws/install/turtlesim/include/turtlesim/turtlesim/srv/detail
[41.019s] -- Installing: /home/kyu8/ros2_ws/install/turtlesim/include/turtlesim/turtlesim/srv/detail/teleport_absolute__rosidl_typesupport_fastrtps_c.h
[41.020s] -- Installing: /home/kyu8/ros2_ws/install/turtlesim/include/turtlesim/turtlesim/srv/detail/kill__rosidl_typesupport_fastrtps_c.h
[41.021s] -- Installing: /home/kyu8/ros2_ws/install/turtlesim/include/turtlesim/turtlesim/srv/detail/set_pen__rosidl_typesupport_fastrtps_c.h
[41.022s] -- Installing: /home/kyu8/ros2_ws/install/turtlesim/include/turtlesim/turtlesim/srv/detail/teleport_relative__rosidl_typesupport_fastrtps_c.h
[41.022s] -- Installing: /home/kyu8/ros2_ws/install/turtlesim/include/turtlesim/turtlesim/srv/detail/spawn__rosidl_typesupport_fastrtps_c.h
[41.023s] -- Up-to-date: /home/kyu8/ros2_ws/install/turtlesim/include/turtlesim/turtlesim/msg
[41.023s] -- Up-to-date: /home/kyu8/ros2_ws/install/turtlesim/include/turtlesim/turtlesim/msg/detail
[41.023s] -- Installing: /home/kyu8/ros2_ws/install/turtlesim/include/turtlesim/turtlesim/msg/detail/color__rosidl_typesupport_fastrtps_c.h
[41.023s] -- Installing: /home/kyu8/ros2_ws/install/turtlesim/include/turtlesim/turtlesim/msg/detail/pose__rosidl_typesupport_fastrtps_c.h
[41.024s] -- Installing: /home/kyu8/ros2_ws/install/turtlesim/include/turtlesim/turtlesim/msg/rosidl_typesupport_fastrtps_c__visibility_control.h
[41.024s] -- Installing: /home/kyu8/ros2_ws/install/turtlesim/lib/libturtlesim__rosidl_typesupport_fastrtps_c.so
[41.025s] -- Set runtime path of "/home/kyu8/ros2_ws/install/turtlesim/lib/libturtlesim__rosidl_typesupport_fastrtps_c.so" to ""
[41.025s] -- Up-to-date: /home/kyu8/ros2_ws/install/turtlesim/include/turtlesim/turtlesim
[41.025s] -- Up-to-date: /home/kyu8/ros2_ws/install/turtlesim/include/turtlesim/turtlesim/action
[41.025s] -- Up-to-date: /home/kyu8/ros2_ws/install/turtlesim/include/turtlesim/turtlesim/action/detail
[41.025s] -- Installing: /home/kyu8/ros2_ws/install/turtlesim/include/turtlesim/turtlesim/action/detail/rotate_absolute__struct.hpp
[41.025s] -- Installing: /home/kyu8/ros2_ws/install/turtlesim/include/turtlesim/turtlesim/action/detail/rotate_absolute__type_support.hpp
[41.025s] -- Installing: /home/kyu8/ros2_ws/install/turtlesim/include/turtlesim/turtlesim/action/detail/rotate_absolute__builder.hpp
[41.025s] -- Installing: /home/kyu8/ros2_ws/install/turtlesim/include/turtlesim/turtlesim/action/detail/rotate_absolute__traits.hpp
[41.025s] -- Installing: /home/kyu8/ros2_ws/install/turtlesim/include/turtlesim/turtlesim/action/rotate_absolute.hpp
[41.026s] -- Up-to-date: /home/kyu8/ros2_ws/install/turtlesim/include/turtlesim/turtlesim/srv
[41.026s] -- Installing: /home/kyu8/ros2_ws/install/turtlesim/include/turtlesim/turtlesim/srv/teleport_relative.hpp
[41.026s] -- Up-to-date: /home/kyu8/ros2_ws/install/turtlesim/include/turtlesim/turtlesim/srv/detail
[41.026s] -- Installing: /home/kyu8/ros2_ws/install/turtlesim/include/turtlesim/turtlesim/srv/detail/teleport_relative__struct.hpp
[41.026s] -- Installing: /home/kyu8/ros2_ws/install/turtlesim/include/turtlesim/turtlesim/srv/detail/teleport_absolute__type_support.hpp
[41.026s] -- Installing: /home/kyu8/ros2_ws/install/turtlesim/include/turtlesim/turtlesim/srv/detail/set_pen__type_support.hpp
[41.026s] -- Installing: /home/kyu8/ros2_ws/install/turtlesim/include/turtlesim/turtlesim/srv/detail/set_pen__struct.hpp
[41.026s] -- Installing: /home/kyu8/ros2_ws/install/turtlesim/include/turtlesim/turtlesim/srv/detail/set_pen__builder.hpp
[41.026s] -- Installing: /home/kyu8/ros2_ws/install/turtlesim/include/turtlesim/turtlesim/srv/detail/kill__struct.hpp
[41.027s] -- Installing: /home/kyu8/ros2_ws/install/turtlesim/include/turtlesim/turtlesim/srv/detail/set_pen__traits.hpp
[41.027s] -- Installing: /home/kyu8/ros2_ws/install/turtlesim/include/turtlesim/turtlesim/srv/detail/kill__type_support.hpp
[41.027s] -- Installing: /home/kyu8/ros2_ws/install/turtlesim/include/turtlesim/turtlesim/srv/detail/kill__traits.hpp
[41.027s] -- Installing: /home/kyu8/ros2_ws/install/turtlesim/include/turtlesim/turtlesim/srv/detail/teleport_relative__builder.hpp
[41.027s] -- Installing: /home/kyu8/ros2_ws/install/turtlesim/include/turtlesim/turtlesim/srv/detail/teleport_absolute__builder.hpp
[41.027s] -- Installing: /home/kyu8/ros2_ws/install/turtlesim/include/turtlesim/turtlesim/srv/detail/teleport_relative__traits.hpp
[41.027s] -- Installing: /home/kyu8/ros2_ws/install/turtlesim/include/turtlesim/turtlesim/srv/detail/teleport_absolute__struct.hpp
[41.028s] -- Installing: /home/kyu8/ros2_ws/install/turtlesim/include/turtlesim/turtlesim/srv/detail/spawn__struct.hpp
[41.028s] -- Installing: /home/kyu8/ros2_ws/install/turtlesim/include/turtlesim/turtlesim/srv/detail/teleport_relative__type_support.hpp
[41.028s] -- Installing: /home/kyu8/ros2_ws/install/turtlesim/include/turtlesim/turtlesim/srv/detail/teleport_absolute__traits.hpp
[41.028s] -- Installing: /home/kyu8/ros2_ws/install/turtlesim/include/turtlesim/turtlesim/srv/detail/spawn__traits.hpp
[41.028s] -- Installing: /home/kyu8/ros2_ws/install/turtlesim/include/turtlesim/turtlesim/srv/detail/spawn__builder.hpp
[41.028s] -- Installing: /home/kyu8/ros2_ws/install/turtlesim/include/turtlesim/turtlesim/srv/detail/spawn__type_support.hpp
[41.029s] -- Installing: /home/kyu8/ros2_ws/install/turtlesim/include/turtlesim/turtlesim/srv/detail/kill__builder.hpp
[41.029s] -- Installing: /home/kyu8/ros2_ws/install/turtlesim/include/turtlesim/turtlesim/srv/set_pen.hpp
[41.029s] -- Installing: /home/kyu8/ros2_ws/install/turtlesim/include/turtlesim/turtlesim/srv/teleport_absolute.hpp
[41.029s] -- Installing: /home/kyu8/ros2_ws/install/turtlesim/include/turtlesim/turtlesim/srv/spawn.hpp
[41.029s] -- Installing: /home/kyu8/ros2_ws/install/turtlesim/include/turtlesim/turtlesim/srv/kill.hpp
[41.029s] -- Up-to-date: /home/kyu8/ros2_ws/install/turtlesim/include/turtlesim/turtlesim/msg
[41.029s] -- Installing: /home/kyu8/ros2_ws/install/turtlesim/include/turtlesim/turtlesim/msg/rosidl_generator_cpp__visibility_control.hpp
[41.029s] -- Up-to-date: /home/kyu8/ros2_ws/install/turtlesim/include/turtlesim/turtlesim/msg/detail
[41.029s] -- Installing: /home/kyu8/ros2_ws/install/turtlesim/include/turtlesim/turtlesim/msg/detail/pose__struct.hpp
[41.030s] -- Installing: /home/kyu8/ros2_ws/install/turtlesim/include/turtlesim/turtlesim/msg/detail/pose__traits.hpp
[41.030s] -- Installing: /home/kyu8/ros2_ws/install/turtlesim/include/turtlesim/turtlesim/msg/detail/pose__builder.hpp
[41.030s] -- Installing: /home/kyu8/ros2_ws/install/turtlesim/include/turtlesim/turtlesim/msg/detail/color__struct.hpp
[41.030s] -- Installing: /home/kyu8/ros2_ws/install/turtlesim/include/turtlesim/turtlesim/msg/detail/color__traits.hpp
[41.030s] -- Installing: /home/kyu8/ros2_ws/install/turtlesim/include/turtlesim/turtlesim/msg/detail/color__type_support.hpp
[41.030s] -- Installing: /home/kyu8/ros2_ws/install/turtlesim/include/turtlesim/turtlesim/msg/detail/color__builder.hpp
[41.030s] -- Installing: /home/kyu8/ros2_ws/install/turtlesim/include/turtlesim/turtlesim/msg/detail/pose__type_support.hpp
[41.031s] -- Installing: /home/kyu8/ros2_ws/install/turtlesim/include/turtlesim/turtlesim/msg/color.hpp
[41.031s] -- Installing: /home/kyu8/ros2_ws/install/turtlesim/include/turtlesim/turtlesim/msg/pose.hpp
[41.031s] -- Up-to-date: /home/kyu8/ros2_ws/install/turtlesim/include/turtlesim/turtlesim
[41.031s] -- Up-to-date: /home/kyu8/ros2_ws/install/turtlesim/include/turtlesim/turtlesim/action
[41.031s] -- Up-to-date: /home/kyu8/ros2_ws/install/turtlesim/include/turtlesim/turtlesim/action/detail
[41.032s] -- Installing: /home/kyu8/ros2_ws/install/turtlesim/include/turtlesim/turtlesim/action/detail/dds_fastrtps
[41.032s] -- Installing: /home/kyu8/ros2_ws/install/turtlesim/include/turtlesim/turtlesim/action/detail/rotate_absolute__rosidl_typesupport_fastrtps_cpp.hpp
[41.033s] -- Up-to-date: /home/kyu8/ros2_ws/install/turtlesim/include/turtlesim/turtlesim/srv
[41.033s] -- Up-to-date: /home/kyu8/ros2_ws/install/turtlesim/include/turtlesim/turtlesim/srv/detail
[41.033s] -- Installing: /home/kyu8/ros2_ws/install/turtlesim/include/turtlesim/turtlesim/srv/detail/kill__rosidl_typesupport_fastrtps_cpp.hpp
[41.033s] -- Installing: /home/kyu8/ros2_ws/install/turtlesim/include/turtlesim/turtlesim/srv/detail/teleport_absolute__rosidl_typesupport_fastrtps_cpp.hpp
[41.034s] -- Installing: /home/kyu8/ros2_ws/install/turtlesim/include/turtlesim/turtlesim/srv/detail/spawn__rosidl_typesupport_fastrtps_cpp.hpp
[41.034s] -- Installing: /home/kyu8/ros2_ws/install/turtlesim/include/turtlesim/turtlesim/srv/detail/set_pen__rosidl_typesupport_fastrtps_cpp.hpp
[41.035s] -- Installing: /home/kyu8/ros2_ws/install/turtlesim/include/turtlesim/turtlesim/srv/detail/dds_fastrtps
[41.035s] -- Installing: /home/kyu8/ros2_ws/install/turtlesim/include/turtlesim/turtlesim/srv/detail/teleport_relative__rosidl_typesupport_fastrtps_cpp.hpp
[41.035s] -- Up-to-date: /home/kyu8/ros2_ws/install/turtlesim/include/turtlesim/turtlesim/msg
[41.036s] -- Up-to-date: /home/kyu8/ros2_ws/install/turtlesim/include/turtlesim/turtlesim/msg/detail
[41.036s] -- Installing: /home/kyu8/ros2_ws/install/turtlesim/include/turtlesim/turtlesim/msg/detail/pose__rosidl_typesupport_fastrtps_cpp.hpp
[41.036s] -- Installing: /home/kyu8/ros2_ws/install/turtlesim/include/turtlesim/turtlesim/msg/detail/color__rosidl_typesupport_fastrtps_cpp.hpp
[41.037s] -- Installing: /home/kyu8/ros2_ws/install/turtlesim/include/turtlesim/turtlesim/msg/detail/dds_fastrtps
[41.037s] -- Installing: /home/kyu8/ros2_ws/install/turtlesim/include/turtlesim/turtlesim/msg/rosidl_typesupport_fastrtps_cpp__visibility_control.h
[41.037s] -- Installing: /home/kyu8/ros2_ws/install/turtlesim/lib/libturtlesim__rosidl_typesupport_fastrtps_cpp.so
[41.040s] -- Set runtime path of "/home/kyu8/ros2_ws/install/turtlesim/lib/libturtlesim__rosidl_typesupport_fastrtps_cpp.so" to ""
[41.041s] -- Up-to-date: /home/kyu8/ros2_ws/install/turtlesim/include/turtlesim/turtlesim
[41.041s] -- Up-to-date: /home/kyu8/ros2_ws/install/turtlesim/include/turtlesim/turtlesim/action
[41.041s] -- Up-to-date: /home/kyu8/ros2_ws/install/turtlesim/include/turtlesim/turtlesim/action/detail
[41.041s] -- Installing: /home/kyu8/ros2_ws/install/turtlesim/include/turtlesim/turtlesim/action/detail/rotate_absolute__rosidl_typesupport_introspection_c.h
[41.041s] -- Installing: /home/kyu8/ros2_ws/install/turtlesim/include/turtlesim/turtlesim/action/detail/rotate_absolute__type_support.c
[41.043s] -- Up-to-date: /home/kyu8/ros2_ws/install/turtlesim/include/turtlesim/turtlesim/srv
[41.043s] -- Up-to-date: /home/kyu8/ros2_ws/install/turtlesim/include/turtlesim/turtlesim/srv/detail
[41.043s] -- Installing: /home/kyu8/ros2_ws/install/turtlesim/include/turtlesim/turtlesim/srv/detail/spawn__type_support.c
[41.043s] -- Installing: /home/kyu8/ros2_ws/install/turtlesim/include/turtlesim/turtlesim/srv/detail/teleport_relative__type_support.c
[41.044s] -- Installing: /home/kyu8/ros2_ws/install/turtlesim/include/turtlesim/turtlesim/srv/detail/kill__rosidl_typesupport_introspection_c.h
[41.045s] -- Installing: /home/kyu8/ros2_ws/install/turtlesim/include/turtlesim/turtlesim/srv/detail/teleport_absolute__type_support.c
[41.045s] -- Installing: /home/kyu8/ros2_ws/install/turtlesim/include/turtlesim/turtlesim/srv/detail/set_pen__type_support.c
[41.046s] -- Installing: /home/kyu8/ros2_ws/install/turtlesim/include/turtlesim/turtlesim/srv/detail/teleport_relative__rosidl_typesupport_introspection_c.h
[41.046s] -- Installing: /home/kyu8/ros2_ws/install/turtlesim/include/turtlesim/turtlesim/srv/detail/set_pen__rosidl_typesupport_introspection_c.h
[41.047s] -- Installing: /home/kyu8/ros2_ws/install/turtlesim/include/turtlesim/turtlesim/srv/detail/spawn__rosidl_typesupport_introspection_c.h
[41.047s] -- Installing: /home/kyu8/ros2_ws/install/turtlesim/include/turtlesim/turtlesim/srv/detail/teleport_absolute__rosidl_typesupport_introspection_c.h
[41.048s] -- Installing: /home/kyu8/ros2_ws/install/turtlesim/include/turtlesim/turtlesim/srv/detail/kill__type_support.c
[41.048s] -- Up-to-date: /home/kyu8/ros2_ws/install/turtlesim/include/turtlesim/turtlesim/msg
[41.049s] -- Up-to-date: /home/kyu8/ros2_ws/install/turtlesim/include/turtlesim/turtlesim/msg/detail
[41.049s] -- Installing: /home/kyu8/ros2_ws/install/turtlesim/include/turtlesim/turtlesim/msg/detail/color__type_support.c
[41.049s] -- Installing: /home/kyu8/ros2_ws/install/turtlesim/include/turtlesim/turtlesim/msg/detail/pose__rosidl_typesupport_introspection_c.h
[41.050s] -- Installing: /home/kyu8/ros2_ws/install/turtlesim/include/turtlesim/turtlesim/msg/detail/pose__type_support.c
[41.050s] -- Installing: /home/kyu8/ros2_ws/install/turtlesim/include/turtlesim/turtlesim/msg/detail/color__rosidl_typesupport_introspection_c.h
[41.050s] -- Installing: /home/kyu8/ros2_ws/install/turtlesim/include/turtlesim/turtlesim/msg/rosidl_typesupport_introspection_c__visibility_control.h
[41.051s] -- Installing: /home/kyu8/ros2_ws/install/turtlesim/lib/libturtlesim__rosidl_typesupport_introspection_c.so
[41.052s] -- Set runtime path of "/home/kyu8/ros2_ws/install/turtlesim/lib/libturtlesim__rosidl_typesupport_introspection_c.so" to ""
[41.052s] -- Installing: /home/kyu8/ros2_ws/install/turtlesim/lib/libturtlesim__rosidl_typesupport_c.so
[41.053s] -- Set runtime path of "/home/kyu8/ros2_ws/install/turtlesim/lib/libturtlesim__rosidl_typesupport_c.so" to ""
[41.053s] -- Up-to-date: /home/kyu8/ros2_ws/install/turtlesim/include/turtlesim/turtlesim
[41.053s] -- Up-to-date: /home/kyu8/ros2_ws/install/turtlesim/include/turtlesim/turtlesim/action
[41.053s] -- Up-to-date: /home/kyu8/ros2_ws/install/turtlesim/include/turtlesim/turtlesim/action/detail
[41.053s] -- Installing: /home/kyu8/ros2_ws/install/turtlesim/include/turtlesim/turtlesim/action/detail/rotate_absolute__rosidl_typesupport_introspection_cpp.hpp
[41.053s] -- Installing: /home/kyu8/ros2_ws/install/turtlesim/include/turtlesim/turtlesim/action/detail/rotate_absolute__type_support.cpp
[41.054s] -- Up-to-date: /home/kyu8/ros2_ws/install/turtlesim/include/turtlesim/turtlesim/srv
[41.054s] -- Up-to-date: /home/kyu8/ros2_ws/install/turtlesim/include/turtlesim/turtlesim/srv/detail
[41.054s] -- Installing: /home/kyu8/ros2_ws/install/turtlesim/include/turtlesim/turtlesim/srv/detail/set_pen__rosidl_typesupport_introspection_cpp.hpp
[41.055s] -- Installing: /home/kyu8/ros2_ws/install/turtlesim/include/turtlesim/turtlesim/srv/detail/kill__rosidl_typesupport_introspection_cpp.hpp
[41.055s] -- Installing: /home/kyu8/ros2_ws/install/turtlesim/include/turtlesim/turtlesim/srv/detail/spawn__rosidl_typesupport_introspection_cpp.hpp
[41.055s] -- Installing: /home/kyu8/ros2_ws/install/turtlesim/include/turtlesim/turtlesim/srv/detail/teleport_relative__type_support.cpp
[41.056s] -- Installing: /home/kyu8/ros2_ws/install/turtlesim/include/turtlesim/turtlesim/srv/detail/teleport_absolute__type_support.cpp
[41.057s] -- Installing: /home/kyu8/ros2_ws/install/turtlesim/include/turtlesim/turtlesim/srv/detail/teleport_relative__rosidl_typesupport_introspection_cpp.hpp
[41.057s] -- Installing: /home/kyu8/ros2_ws/install/turtlesim/include/turtlesim/turtlesim/srv/detail/set_pen__type_support.cpp
[41.058s] -- Installing: /home/kyu8/ros2_ws/install/turtlesim/include/turtlesim/turtlesim/srv/detail/teleport_absolute__rosidl_typesupport_introspection_cpp.hpp
[41.058s] -- Installing: /home/kyu8/ros2_ws/install/turtlesim/include/turtlesim/turtlesim/srv/detail/spawn__type_support.cpp
[41.059s] -- Installing: /home/kyu8/ros2_ws/install/turtlesim/include/turtlesim/turtlesim/srv/detail/kill__type_support.cpp
[41.059s] -- Up-to-date: /home/kyu8/ros2_ws/install/turtlesim/include/turtlesim/turtlesim/msg
[41.059s] -- Up-to-date: /home/kyu8/ros2_ws/install/turtlesim/include/turtlesim/turtlesim/msg/detail
[41.060s] -- Installing: /home/kyu8/ros2_ws/install/turtlesim/include/turtlesim/turtlesim/msg/detail/color__type_support.cpp
[41.060s] -- Installing: /home/kyu8/ros2_ws/install/turtlesim/include/turtlesim/turtlesim/msg/detail/pose__type_support.cpp
[41.061s] -- Installing: /home/kyu8/ros2_ws/install/turtlesim/include/turtlesim/turtlesim/msg/detail/color__rosidl_typesupport_introspection_cpp.hpp
[41.061s] -- Installing: /home/kyu8/ros2_ws/install/turtlesim/include/turtlesim/turtlesim/msg/detail/pose__rosidl_typesupport_introspection_cpp.hpp
[41.062s] -- Installing: /home/kyu8/ros2_ws/install/turtlesim/lib/libturtlesim__rosidl_typesupport_introspection_cpp.so
[41.065s] -- Set runtime path of "/home/kyu8/ros2_ws/install/turtlesim/lib/libturtlesim__rosidl_typesupport_introspection_cpp.so" to ""
[41.065s] -- Installing: /home/kyu8/ros2_ws/install/turtlesim/lib/libturtlesim__rosidl_typesupport_cpp.so
[41.067s] -- Set runtime path of "/home/kyu8/ros2_ws/install/turtlesim/lib/libturtlesim__rosidl_typesupport_cpp.so" to ""
[41.067s] -- Installing: /home/kyu8/ros2_ws/install/turtlesim/share/turtlesim/environment/pythonpath.sh
[41.068s] -- Installing: /home/kyu8/ros2_ws/install/turtlesim/share/turtlesim/environment/pythonpath.dsv
[41.068s] -- Installing: /home/kyu8/ros2_ws/install/turtlesim/lib/python3.10/site-packages/turtlesim-1.4.2-py3.10.egg-info
[41.068s] -- Installing: /home/kyu8/ros2_ws/install/turtlesim/lib/python3.10/site-packages/turtlesim-1.4.2-py3.10.egg-info/SOURCES.txt
[41.069s] -- Installing: /home/kyu8/ros2_ws/install/turtlesim/lib/python3.10/site-packages/turtlesim-1.4.2-py3.10.egg-info/top_level.txt
[41.069s] -- Installing: /home/kyu8/ros2_ws/install/turtlesim/lib/python3.10/site-packages/turtlesim-1.4.2-py3.10.egg-info/PKG-INFO
[41.070s] -- Installing: /home/kyu8/ros2_ws/install/turtlesim/lib/python3.10/site-packages/turtlesim-1.4.2-py3.10.egg-info/dependency_links.txt
[41.070s] -- Installing: /home/kyu8/ros2_ws/install/turtlesim/lib/python3.10/site-packages/turtlesim
[41.070s] -- Installing: /home/kyu8/ros2_ws/install/turtlesim/lib/python3.10/site-packages/turtlesim/action
[41.070s] -- Installing: /home/kyu8/ros2_ws/install/turtlesim/lib/python3.10/site-packages/turtlesim/action/__init__.py
[41.070s] -- Installing: /home/kyu8/ros2_ws/install/turtlesim/lib/python3.10/site-packages/turtlesim/action/_rotate_absolute.py
[41.071s] -- Installing: /home/kyu8/ros2_ws/install/turtlesim/lib/python3.10/site-packages/turtlesim/action/_rotate_absolute_s.c
[41.072s] -- Installing: /home/kyu8/ros2_ws/install/turtlesim/lib/python3.10/site-packages/turtlesim/__init__.py
[41.072s] -- Installing: /home/kyu8/ros2_ws/install/turtlesim/lib/python3.10/site-packages/turtlesim/turtlesim_s__rosidl_typesupport_introspection_c.cpython-310-x86_64-linux-gnu.so
[41.073s] -- Installing: /home/kyu8/ros2_ws/install/turtlesim/lib/python3.10/site-packages/turtlesim/turtlesim_s__rosidl_typesupport_c.cpython-310-x86_64-linux-gnu.so
[41.073s] -- Installing: /home/kyu8/ros2_ws/install/turtlesim/lib/python3.10/site-packages/turtlesim/srv
[41.073s] -- Installing: /home/kyu8/ros2_ws/install/turtlesim/lib/python3.10/site-packages/turtlesim/srv/_kill.py
[41.073s] -- Installing: /home/kyu8/ros2_ws/install/turtlesim/lib/python3.10/site-packages/turtlesim/srv/_set_pen.py
[41.074s] -- Installing: /home/kyu8/ros2_ws/install/turtlesim/lib/python3.10/site-packages/turtlesim/srv/__init__.py
[41.074s] -- Installing: /home/kyu8/ros2_ws/install/turtlesim/lib/python3.10/site-packages/turtlesim/srv/_teleport_absolute.py
[41.074s] -- Installing: /home/kyu8/ros2_ws/install/turtlesim/lib/python3.10/site-packages/turtlesim/srv/_teleport_relative_s.c
[41.074s] -- Installing: /home/kyu8/ros2_ws/install/turtlesim/lib/python3.10/site-packages/turtlesim/srv/_teleport_relative.py
[41.074s] -- Installing: /home/kyu8/ros2_ws/install/turtlesim/lib/python3.10/site-packages/turtlesim/srv/_set_pen_s.c
[41.074s] -- Installing: /home/kyu8/ros2_ws/install/turtlesim/lib/python3.10/site-packages/turtlesim/srv/_spawn_s.c
[41.074s] -- Installing: /home/kyu8/ros2_ws/install/turtlesim/lib/python3.10/site-packages/turtlesim/srv/_teleport_absolute_s.c
[41.074s] -- Installing: /home/kyu8/ros2_ws/install/turtlesim/lib/python3.10/site-packages/turtlesim/srv/_spawn.py
[41.074s] -- Installing: /home/kyu8/ros2_ws/install/turtlesim/lib/python3.10/site-packages/turtlesim/srv/_kill_s.c
[41.074s] -- Installing: /home/kyu8/ros2_ws/install/turtlesim/lib/python3.10/site-packages/turtlesim/_turtlesim_s.ep.rosidl_typesupport_introspection_c.c
[41.075s] -- Installing: /home/kyu8/ros2_ws/install/turtlesim/lib/python3.10/site-packages/turtlesim/_turtlesim_s.ep.rosidl_typesupport_fastrtps_c.c
[41.075s] -- Installing: /home/kyu8/ros2_ws/install/turtlesim/lib/python3.10/site-packages/turtlesim/_turtlesim_s.ep.rosidl_typesupport_c.c
[41.075s] -- Installing: /home/kyu8/ros2_ws/install/turtlesim/lib/python3.10/site-packages/turtlesim/libturtlesim__rosidl_generator_py.so
[41.076s] -- Installing: /home/kyu8/ros2_ws/install/turtlesim/lib/python3.10/site-packages/turtlesim/turtlesim_s__rosidl_typesupport_fastrtps_c.cpython-310-x86_64-linux-gnu.so
[41.076s] -- Installing: /home/kyu8/ros2_ws/install/turtlesim/lib/python3.10/site-packages/turtlesim/msg
[41.076s] -- Installing: /home/kyu8/ros2_ws/install/turtlesim/lib/python3.10/site-packages/turtlesim/msg/_pose_s.c
[41.076s] -- Installing: /home/kyu8/ros2_ws/install/turtlesim/lib/python3.10/site-packages/turtlesim/msg/_color_s.c
[41.076s] -- Installing: /home/kyu8/ros2_ws/install/turtlesim/lib/python3.10/site-packages/turtlesim/msg/__init__.py
[41.076s] -- Installing: /home/kyu8/ros2_ws/install/turtlesim/lib/python3.10/site-packages/turtlesim/msg/_pose.py
[41.077s] -- Installing: /home/kyu8/ros2_ws/install/turtlesim/lib/python3.10/site-packages/turtlesim/msg/_color.py
[41.139s] Listing '/home/kyu8/ros2_ws/install/turtlesim/lib/python3.10/site-packages/turtlesim'...
[41.139s] Compiling '/home/kyu8/ros2_ws/install/turtlesim/lib/python3.10/site-packages/turtlesim/__init__.py'...
[41.139s] Listing '/home/kyu8/ros2_ws/install/turtlesim/lib/python3.10/site-packages/turtlesim/action'...
[41.140s] Compiling '/home/kyu8/ros2_ws/install/turtlesim/lib/python3.10/site-packages/turtlesim/action/__init__.py'...
[41.140s] Compiling '/home/kyu8/ros2_ws/install/turtlesim/lib/python3.10/site-packages/turtlesim/action/_rotate_absolute.py'...
[41.140s] Listing '/home/kyu8/ros2_ws/install/turtlesim/lib/python3.10/site-packages/turtlesim/msg'...
[41.140s] Compiling '/home/kyu8/ros2_ws/install/turtlesim/lib/python3.10/site-packages/turtlesim/msg/__init__.py'...
[41.140s] Compiling '/home/kyu8/ros2_ws/install/turtlesim/lib/python3.10/site-packages/turtlesim/msg/_color.py'...
[41.140s] Compiling '/home/kyu8/ros2_ws/install/turtlesim/lib/python3.10/site-packages/turtlesim/msg/_pose.py'...
[41.141s] Listing '/home/kyu8/ros2_ws/install/turtlesim/lib/python3.10/site-packages/turtlesim/srv'...
[41.141s] Compiling '/home/kyu8/ros2_ws/install/turtlesim/lib/python3.10/site-packages/turtlesim/srv/__init__.py'...
[41.141s] Compiling '/home/kyu8/ros2_ws/install/turtlesim/lib/python3.10/site-packages/turtlesim/srv/_kill.py'...
[41.141s] Compiling '/home/kyu8/ros2_ws/install/turtlesim/lib/python3.10/site-packages/turtlesim/srv/_set_pen.py'...
[41.141s] Compiling '/home/kyu8/ros2_ws/install/turtlesim/lib/python3.10/site-packages/turtlesim/srv/_spawn.py'...
[41.141s] Compiling '/home/kyu8/ros2_ws/install/turtlesim/lib/python3.10/site-packages/turtlesim/srv/_teleport_absolute.py'...
[41.141s] Compiling '/home/kyu8/ros2_ws/install/turtlesim/lib/python3.10/site-packages/turtlesim/srv/_teleport_relative.py'...
[41.146s] -- Installing: /home/kyu8/ros2_ws/install/turtlesim/lib/python3.10/site-packages/turtlesim/turtlesim_s__rosidl_typesupport_fastrtps_c.cpython-310-x86_64-linux-gnu.so
[41.146s] -- Set runtime path of "/home/kyu8/ros2_ws/install/turtlesim/lib/python3.10/site-packages/turtlesim/turtlesim_s__rosidl_typesupport_fastrtps_c.cpython-310-x86_64-linux-gnu.so" to ""
[41.146s] -- Installing: /home/kyu8/ros2_ws/install/turtlesim/lib/python3.10/site-packages/turtlesim/turtlesim_s__rosidl_typesupport_introspection_c.cpython-310-x86_64-linux-gnu.so
[41.147s] -- Set runtime path of "/home/kyu8/ros2_ws/install/turtlesim/lib/python3.10/site-packages/turtlesim/turtlesim_s__rosidl_typesupport_introspection_c.cpython-310-x86_64-linux-gnu.so" to ""
[41.147s] -- Installing: /home/kyu8/ros2_ws/install/turtlesim/lib/python3.10/site-packages/turtlesim/turtlesim_s__rosidl_typesupport_c.cpython-310-x86_64-linux-gnu.so
[41.148s] -- Set runtime path of "/home/kyu8/ros2_ws/install/turtlesim/lib/python3.10/site-packages/turtlesim/turtlesim_s__rosidl_typesupport_c.cpython-310-x86_64-linux-gnu.so" to ""
[41.148s] -- Installing: /home/kyu8/ros2_ws/install/turtlesim/lib/libturtlesim__rosidl_generator_py.so
[41.148s] -- Set runtime path of "/home/kyu8/ros2_ws/install/turtlesim/lib/libturtlesim__rosidl_generator_py.so" to ""
[41.148s] -- Installing: /home/kyu8/ros2_ws/install/turtlesim/share/turtlesim/action/RotateAbsolute.idl
[41.149s] -- Installing: /home/kyu8/ros2_ws/install/turtlesim/share/turtlesim/msg/Color.idl
[41.149s] -- Installing: /home/kyu8/ros2_ws/install/turtlesim/share/turtlesim/msg/Pose.idl
[41.149s] -- Installing: /home/kyu8/ros2_ws/install/turtlesim/share/turtlesim/srv/Kill.idl
[41.150s] -- Installing: /home/kyu8/ros2_ws/install/turtlesim/share/turtlesim/srv/SetPen.idl
[41.150s] -- Installing: /home/kyu8/ros2_ws/install/turtlesim/share/turtlesim/srv/Spawn.idl
[41.150s] -- Installing: /home/kyu8/ros2_ws/install/turtlesim/share/turtlesim/srv/TeleportAbsolute.idl
[41.151s] -- Installing: /home/kyu8/ros2_ws/install/turtlesim/share/turtlesim/srv/TeleportRelative.idl
[41.151s] -- Installing: /home/kyu8/ros2_ws/install/turtlesim/share/turtlesim/action/RotateAbsolute.action
[41.151s] -- Installing: /home/kyu8/ros2_ws/install/turtlesim/share/turtlesim/msg/Color.msg
[41.151s] -- Installing: /home/kyu8/ros2_ws/install/turtlesim/share/turtlesim/msg/Pose.msg
[41.151s] -- Installing: /home/kyu8/ros2_ws/install/turtlesim/share/turtlesim/srv/Kill.srv
[41.152s] -- Installing: /home/kyu8/ros2_ws/install/turtlesim/share/turtlesim/srv/SetPen.srv
[41.152s] -- Installing: /home/kyu8/ros2_ws/install/turtlesim/share/turtlesim/srv/Spawn.srv
[41.153s] -- Installing: /home/kyu8/ros2_ws/install/turtlesim/share/turtlesim/srv/TeleportAbsolute.srv
[41.153s] -- Installing: /home/kyu8/ros2_ws/install/turtlesim/share/turtlesim/srv/TeleportRelative.srv
[41.154s] -- Installing: /home/kyu8/ros2_ws/install/turtlesim/lib/turtlesim/turtlesim_node
[41.169s] -- Set runtime path of "/home/kyu8/ros2_ws/install/turtlesim/lib/turtlesim/turtlesim_node" to ""
[41.169s] -- Installing: /home/kyu8/ros2_ws/install/turtlesim/lib/turtlesim/turtle_teleop_key
[41.175s] -- Set runtime path of "/home/kyu8/ros2_ws/install/turtlesim/lib/turtlesim/turtle_teleop_key" to ""
[41.175s] -- Installing: /home/kyu8/ros2_ws/install/turtlesim/lib/turtlesim/draw_square
[41.182s] -- Set runtime path of "/home/kyu8/ros2_ws/install/turtlesim/lib/turtlesim/draw_square" to ""
[41.182s] -- Installing: /home/kyu8/ros2_ws/install/turtlesim/lib/turtlesim/mimic
[41.188s] -- Set runtime path of "/home/kyu8/ros2_ws/install/turtlesim/lib/turtlesim/mimic" to ""
[41.188s] -- Installing: /home/kyu8/ros2_ws/install/turtlesim/share/turtlesim/images
[41.189s] -- Installing: /home/kyu8/ros2_ws/install/turtlesim/share/turtlesim/images/crystal.png
[41.189s] -- Installing: /home/kyu8/ros2_ws/install/turtlesim/share/turtlesim/images/eloquent.png
[41.189s] -- Installing: /home/kyu8/ros2_ws/install/turtlesim/share/turtlesim/images/rolling.png
[41.189s] -- Installing: /home/kyu8/ros2_ws/install/turtlesim/share/turtlesim/images/bouncy.png
[41.190s] -- Installing: /home/kyu8/ros2_ws/install/turtlesim/share/turtlesim/images/dashing.png
[41.191s] -- Installing: /home/kyu8/ros2_ws/install/turtlesim/share/turtlesim/images/ardent.png
[41.191s] -- Installing: /home/kyu8/ros2_ws/install/turtlesim/share/turtlesim/images/humble.png
[41.192s] -- Installing: /home/kyu8/ros2_ws/install/turtlesim/share/turtlesim/images/galactic.png
[41.192s] -- Installing: /home/kyu8/ros2_ws/install/turtlesim/share/turtlesim/images/foxy.png
[41.193s] -- Installing: /home/kyu8/ros2_ws/install/turtlesim/share/turtlesim/launch
[41.193s] -- Installing: /home/kyu8/ros2_ws/install/turtlesim/share/turtlesim/launch/multisim.launch.py
[41.193s] -- Installing: /home/kyu8/ros2_ws/install/turtlesim/share/ament_index/resource_index/package_run_dependencies/turtlesim
[41.194s] -- Installing: /home/kyu8/ros2_ws/install/turtlesim/share/ament_index/resource_index/parent_prefix_path/turtlesim
[41.196s] -- Installing: /home/kyu8/ros2_ws/install/turtlesim/share/turtlesim/environment/ament_prefix_path.sh
[41.196s] -- Installing: /home/kyu8/ros2_ws/install/turtlesim/share/turtlesim/environment/ament_prefix_path.dsv
[41.196s] -- Installing: /home/kyu8/ros2_ws/install/turtlesim/share/turtlesim/environment/path.sh
[41.196s] -- Installing: /home/kyu8/ros2_ws/install/turtlesim/share/turtlesim/environment/path.dsv
[41.197s] -- Installing: /home/kyu8/ros2_ws/install/turtlesim/share/turtlesim/local_setup.bash
[41.197s] -- Installing: /home/kyu8/ros2_ws/install/turtlesim/share/turtlesim/local_setup.sh
[41.198s] -- Installing: /home/kyu8/ros2_ws/install/turtlesim/share/turtlesim/local_setup.zsh
[41.198s] -- Installing: /home/kyu8/ros2_ws/install/turtlesim/share/turtlesim/local_setup.dsv
[41.199s] -- Installing: /home/kyu8/ros2_ws/install/turtlesim/share/turtlesim/package.dsv
[41.199s] -- Installing: /home/kyu8/ros2_ws/install/turtlesim/share/ament_index/resource_index/packages/turtlesim
[41.199s] -- Installing: /home/kyu8/ros2_ws/install/turtlesim/share/turtlesim/cmake/export_turtlesim__rosidl_generator_cExport.cmake
[41.200s] -- Installing: /home/kyu8/ros2_ws/install/turtlesim/share/turtlesim/cmake/export_turtlesim__rosidl_generator_cExport-noconfig.cmake
[41.201s] -- Installing: /home/kyu8/ros2_ws/install/turtlesim/share/turtlesim/cmake/export_turtlesim__rosidl_typesupport_fastrtps_cExport.cmake
[41.201s] -- Installing: /home/kyu8/ros2_ws/install/turtlesim/share/turtlesim/cmake/export_turtlesim__rosidl_typesupport_fastrtps_cExport-noconfig.cmake
[41.202s] -- Installing: /home/kyu8/ros2_ws/install/turtlesim/share/turtlesim/cmake/export_turtlesim__rosidl_generator_cppExport.cmake
[41.202s] -- Installing: /home/kyu8/ros2_ws/install/turtlesim/share/turtlesim/cmake/export_turtlesim__rosidl_typesupport_fastrtps_cppExport.cmake
[41.203s] -- Installing: /home/kyu8/ros2_ws/install/turtlesim/share/turtlesim/cmake/export_turtlesim__rosidl_typesupport_fastrtps_cppExport-noconfig.cmake
[41.203s] -- Installing: /home/kyu8/ros2_ws/install/turtlesim/share/turtlesim/cmake/turtlesim__rosidl_typesupport_introspection_cExport.cmake
[41.204s] -- Installing: /home/kyu8/ros2_ws/install/turtlesim/share/turtlesim/cmake/turtlesim__rosidl_typesupport_introspection_cExport-noconfig.cmake
[41.204s] -- Installing: /home/kyu8/ros2_ws/install/turtlesim/share/turtlesim/cmake/turtlesim__rosidl_typesupport_cExport.cmake
[41.204s] -- Installing: /home/kyu8/ros2_ws/install/turtlesim/share/turtlesim/cmake/turtlesim__rosidl_typesupport_cExport-noconfig.cmake
[41.205s] -- Installing: /home/kyu8/ros2_ws/install/turtlesim/share/turtlesim/cmake/turtlesim__rosidl_typesupport_introspection_cppExport.cmake
[41.205s] -- Installing: /home/kyu8/ros2_ws/install/turtlesim/share/turtlesim/cmake/turtlesim__rosidl_typesupport_introspection_cppExport-noconfig.cmake
[41.206s] -- Installing: /home/kyu8/ros2_ws/install/turtlesim/share/turtlesim/cmake/turtlesim__rosidl_typesupport_cppExport.cmake
[41.206s] -- Installing: /home/kyu8/ros2_ws/install/turtlesim/share/turtlesim/cmake/turtlesim__rosidl_typesupport_cppExport-noconfig.cmake
[41.207s] -- Installing: /home/kyu8/ros2_ws/install/turtlesim/share/turtlesim/cmake/export_turtlesim__rosidl_generator_pyExport.cmake
[41.207s] -- Installing: /home/kyu8/ros2_ws/install/turtlesim/share/turtlesim/cmake/export_turtlesim__rosidl_generator_pyExport-noconfig.cmake
[41.208s] -- Installing: /home/kyu8/ros2_ws/install/turtlesim/share/turtlesim/cmake/rosidl_cmake-extras.cmake
[41.209s] -- Installing: /home/kyu8/ros2_ws/install/turtlesim/share/turtlesim/cmake/ament_cmake_export_dependencies-extras.cmake
[41.210s] -- Installing: /home/kyu8/ros2_ws/install/turtlesim/share/turtlesim/cmake/ament_cmake_export_include_directories-extras.cmake
[41.210s] -- Installing: /home/kyu8/ros2_ws/install/turtlesim/share/turtlesim/cmake/ament_cmake_export_libraries-extras.cmake
[41.211s] -- Installing: /home/kyu8/ros2_ws/install/turtlesim/share/turtlesim/cmake/ament_cmake_export_targets-extras.cmake
[41.211s] -- Installing: /home/kyu8/ros2_ws/install/turtlesim/share/turtlesim/cmake/rosidl_cmake_export_typesupport_targets-extras.cmake
[41.212s] -- Installing: /home/kyu8/ros2_ws/install/turtlesim/share/turtlesim/cmake/rosidl_cmake_export_typesupport_libraries-extras.cmake
[41.213s] -- Installing: /home/kyu8/ros2_ws/install/turtlesim/share/turtlesim/cmake/turtlesimConfig.cmake
[41.213s] -- Installing: /home/kyu8/ros2_ws/install/turtlesim/share/turtlesim/cmake/turtlesimConfig-version.cmake
[41.214s] -- Installing: /home/kyu8/ros2_ws/install/turtlesim/share/turtlesim/package.xml
[41.241s] Invoked command in '/home/kyu8/ros2_ws/build/turtlesim' returned '0': CMAKE_PREFIX_PATH=/opt/ros/rolling:/opt/ros/humble /usr/bin/cmake --install /home/kyu8/ros2_ws/build/turtlesim
