[3.346s] Invoking command in '/home/kyu8/ros2_ws/src/my_package': PYTHONPATH=/home/kyu8/ros2_ws/build/my_package/prefix_override:/home/kyu8/ros2_ws/install/my_package/lib/python3.10/site-packages:${PYTHONPATH} /usr/bin/python3 setup.py egg_info --egg-base ../../build/my_package build --build-base /home/kyu8/ros2_ws/build/my_package/build install --record /home/kyu8/ros2_ws/build/my_package/install.log --single-version-externally-managed
[3.857s] running egg_info
[3.858s] creating ../../build/my_package/my_package.egg-info
[3.859s] writing ../../build/my_package/my_package.egg-info/PKG-INFO
[3.859s] writing dependency_links to ../../build/my_package/my_package.egg-info/dependency_links.txt
[3.859s] writing entry points to ../../build/my_package/my_package.egg-info/entry_points.txt
[3.860s] writing requirements to ../../build/my_package/my_package.egg-info/requires.txt
[3.860s] writing top-level names to ../../build/my_package/my_package.egg-info/top_level.txt
[3.860s] writing manifest file '../../build/my_package/my_package.egg-info/SOURCES.txt'
[3.865s] reading manifest file '../../build/my_package/my_package.egg-info/SOURCES.txt'
[3.867s] writing manifest file '../../build/my_package/my_package.egg-info/SOURCES.txt'
[3.867s] running build
[3.867s] running build_py
[3.867s] creating /home/kyu8/ros2_ws/build/my_package/build
[3.868s] creating /home/kyu8/ros2_ws/build/my_package/build/lib
[3.868s] creating /home/kyu8/ros2_ws/build/my_package/build/lib/my_package
[3.868s] copying my_package/my_node.py -> /home/kyu8/ros2_ws/build/my_package/build/lib/my_package
[3.869s] copying my_package/__init__.py -> /home/kyu8/ros2_ws/build/my_package/build/lib/my_package
[3.869s] running install
[3.869s] /usr/lib/python3/dist-packages/setuptools/command/install.py:34: SetuptoolsDeprecationWarning: setup.py install is deprecated. Use build and pip and other standards-based tools.
[3.869s]   warnings.warn(
[3.870s] running install_lib
[3.871s] creating /home/kyu8/ros2_ws/install/my_package/lib/python3.10/site-packages/my_package
[3.871s] copying /home/kyu8/ros2_ws/build/my_package/build/lib/my_package/my_node.py -> /home/kyu8/ros2_ws/install/my_package/lib/python3.10/site-packages/my_package
[3.872s] copying /home/kyu8/ros2_ws/build/my_package/build/lib/my_package/__init__.py -> /home/kyu8/ros2_ws/install/my_package/lib/python3.10/site-packages/my_package
[3.872s] byte-compiling /home/kyu8/ros2_ws/install/my_package/lib/python3.10/site-packages/my_package/my_node.py to my_node.cpython-310.pyc
[3.873s] byte-compiling /home/kyu8/ros2_ws/install/my_package/lib/python3.10/site-packages/my_package/__init__.py to __init__.cpython-310.pyc
[3.873s] running install_data
[3.874s] creating /home/kyu8/ros2_ws/install/my_package/share/ament_index
[3.875s] creating /home/kyu8/ros2_ws/install/my_package/share/ament_index/resource_index
[3.875s] creating /home/kyu8/ros2_ws/install/my_package/share/ament_index/resource_index/packages
[3.875s] copying resource/my_package -> /home/kyu8/ros2_ws/install/my_package/share/ament_index/resource_index/packages
[3.875s] copying package.xml -> /home/kyu8/ros2_ws/install/my_package/share/my_package
[3.875s] running install_egg_info
[3.879s] Copying ../../build/my_package/my_package.egg-info to /home/kyu8/ros2_ws/install/my_package/lib/python3.10/site-packages/my_package-0.0.0-py3.10.egg-info
[3.882s] running install_scripts
[3.923s] Installing my_node script to /home/kyu8/ros2_ws/install/my_package/lib/my_package
[3.924s] writing list of installed files to '/home/kyu8/ros2_ws/build/my_package/install.log'
[3.984s] Invoked command in '/home/kyu8/ros2_ws/src/my_package' returned '0': PYTHONPATH=/home/kyu8/ros2_ws/build/my_package/prefix_override:/home/kyu8/ros2_ws/install/my_package/lib/python3.10/site-packages:${PYTHONPATH} /usr/bin/python3 setup.py egg_info --egg-base ../../build/my_package build --build-base /home/kyu8/ros2_ws/build/my_package/build install --record /home/kyu8/ros2_ws/build/my_package/install.log --single-version-externally-managed
