[0.493s] Invoking command in '/home/kyu8/ros2_ws/build/turtlesim': CMAKE_PREFIX_PATH=/opt/ros/rolling:/opt/ros/humble /usr/bin/cmake --build /home/kyu8/ros2_ws/build/turtlesim -- -j5 -l5
[0.568s] [  0%] Built target turtlesim__rosidl_generator_type_description
[0.583s] [  0%] Built target ament_cmake_python_copy_turtlesim
[0.601s] [  1%] Built target turtlesim__cpp
[0.609s] [ 24%] Built target turtlesim__rosidl_generator_c
[0.639s] [ 32%] Built target turtlesim__rosidl_typesupport_cpp
[0.647s] [ 41%] Built target turtlesim__rosidl_typesupport_fastrtps_c
[0.653s] [ 49%] Built target turtlesim__rosidl_typesupport_fastrtps_cpp
[0.673s] [ 58%] Built target turtlesim__rosidl_typesupport_introspection_c
[0.675s] [35m[1mConsolidate compiler generated dependencies of target turtlesim_node[0m
[0.681s] [ 67%] Built target turtlesim__rosidl_typesupport_c
[0.689s] [ 75%] Built target turtlesim__rosidl_typesupport_introspection_cpp
[0.730s] [ 81%] Built target turtlesim_node
[0.737s] [ 82%] Built target draw_square
[0.737s] [ 84%] Built target turtle_teleop_key
[0.741s] [ 86%] Built target mimic
[0.762s] [ 86%] Built target turtlesim
[0.786s] [ 86%] Built target turtlesim__py
[0.822s] [ 94%] Built target turtlesim__rosidl_generator_py
[0.849s] [ 98%] Built target turtlesim__rosidl_typesupport_fastrtps_c__pyext
[0.849s] [ 98%] Built target turtlesim__rosidl_typesupport_introspection_c__pyext
[0.850s] [100%] Built target turtlesim__rosidl_typesupport_c__pyext
[0.920s] running egg_info
[0.921s] writing turtlesim.egg-info/PKG-INFO
[0.921s] writing dependency_links to turtlesim.egg-info/dependency_links.txt
[0.921s] writing top-level names to turtlesim.egg-info/top_level.txt
[0.924s] reading manifest file 'turtlesim.egg-info/SOURCES.txt'
[0.925s] writing manifest file 'turtlesim.egg-info/SOURCES.txt'
[0.960s] [100%] Built target ament_cmake_python_build_turtlesim_egg
[0.976s] Invoked command in '/home/kyu8/ros2_ws/build/turtlesim' returned '0': CMAKE_PREFIX_PATH=/opt/ros/rolling:/opt/ros/humble /usr/bin/cmake --build /home/kyu8/ros2_ws/build/turtlesim -- -j5 -l5
[1.358s] Invoking command in '/home/kyu8/ros2_ws/build/turtlesim': CMAKE_PREFIX_PATH=/opt/ros/rolling:/opt/ros/humble /usr/bin/cmake --install /home/kyu8/ros2_ws/build/turtlesim
[1.367s] -- Install configuration: ""
[1.368s] -- Up-to-date: /home/kyu8/ros2_ws/install/turtlesim/share/ament_index/resource_index/rosidl_interfaces/turtlesim
[1.368s] -- Up-to-date: /home/kyu8/ros2_ws/install/turtlesim/share/turtlesim/action/RotateAbsolute.json
[1.368s] -- Up-to-date: /home/kyu8/ros2_ws/install/turtlesim/share/turtlesim/msg/Color.json
[1.368s] -- Up-to-date: /home/kyu8/ros2_ws/install/turtlesim/share/turtlesim/msg/Pose.json
[1.368s] -- Up-to-date: /home/kyu8/ros2_ws/install/turtlesim/share/turtlesim/srv/Kill.json
[1.369s] -- Up-to-date: /home/kyu8/ros2_ws/install/turtlesim/share/turtlesim/srv/SetPen.json
[1.369s] -- Up-to-date: /home/kyu8/ros2_ws/install/turtlesim/share/turtlesim/srv/Spawn.json
[1.369s] -- Up-to-date: /home/kyu8/ros2_ws/install/turtlesim/share/turtlesim/srv/TeleportAbsolute.json
[1.369s] -- Up-to-date: /home/kyu8/ros2_ws/install/turtlesim/share/turtlesim/srv/TeleportRelative.json
[1.369s] -- Up-to-date: /home/kyu8/ros2_ws/install/turtlesim/include/turtlesim/turtlesim
[1.370s] -- Up-to-date: /home/kyu8/ros2_ws/install/turtlesim/include/turtlesim/turtlesim/action
[1.370s] -- Up-to-date: /home/kyu8/ros2_ws/install/turtlesim/include/turtlesim/turtlesim/action/detail
[1.370s] -- Up-to-date: /home/kyu8/ros2_ws/install/turtlesim/include/turtlesim/turtlesim/action/detail/rotate_absolute__functions.c
[1.370s] -- Installing: /home/kyu8/ros2_ws/install/turtlesim/include/turtlesim/turtlesim/action/detail/rotate_absolute__type_support.c
[1.370s] -- Up-to-date: /home/kyu8/ros2_ws/install/turtlesim/include/turtlesim/turtlesim/action/detail/rotate_absolute__type_support.h
[1.370s] -- Up-to-date: /home/kyu8/ros2_ws/install/turtlesim/include/turtlesim/turtlesim/action/detail/rotate_absolute__struct.h
[1.370s] -- Up-to-date: /home/kyu8/ros2_ws/install/turtlesim/include/turtlesim/turtlesim/action/detail/rotate_absolute__description.c
[1.370s] -- Up-to-date: /home/kyu8/ros2_ws/install/turtlesim/include/turtlesim/turtlesim/action/detail/rotate_absolute__functions.h
[1.370s] -- Up-to-date: /home/kyu8/ros2_ws/install/turtlesim/include/turtlesim/turtlesim/action/rotate_absolute.h
[1.370s] -- Up-to-date: /home/kyu8/ros2_ws/install/turtlesim/include/turtlesim/turtlesim/srv
[1.370s] -- Up-to-date: /home/kyu8/ros2_ws/install/turtlesim/include/turtlesim/turtlesim/srv/detail
[1.370s] -- Installing: /home/kyu8/ros2_ws/install/turtlesim/include/turtlesim/turtlesim/srv/detail/spawn__type_support.c
[1.371s] -- Up-to-date: /home/kyu8/ros2_ws/install/turtlesim/include/turtlesim/turtlesim/srv/detail/teleport_relative__description.c
[1.371s] -- Up-to-date: /home/kyu8/ros2_ws/install/turtlesim/include/turtlesim/turtlesim/srv/detail/spawn__struct.h
[1.371s] -- Up-to-date: /home/kyu8/ros2_ws/install/turtlesim/include/turtlesim/turtlesim/srv/detail/spawn__type_support.h
[1.371s] -- Up-to-date: /home/kyu8/ros2_ws/install/turtlesim/include/turtlesim/turtlesim/srv/detail/teleport_absolute__functions.c
[1.371s] -- Up-to-date: /home/kyu8/ros2_ws/install/turtlesim/include/turtlesim/turtlesim/srv/detail/teleport_absolute__struct.h
[1.371s] -- Up-to-date: /home/kyu8/ros2_ws/install/turtlesim/include/turtlesim/turtlesim/srv/detail/set_pen__functions.c
[1.371s] -- Up-to-date: /home/kyu8/ros2_ws/install/turtlesim/include/turtlesim/turtlesim/srv/detail/set_pen__functions.h
[1.371s] -- Up-to-date: /home/kyu8/ros2_ws/install/turtlesim/include/turtlesim/turtlesim/srv/detail/set_pen__struct.h
[1.371s] -- Up-to-date: /home/kyu8/ros2_ws/install/turtlesim/include/turtlesim/turtlesim/srv/detail/kill__description.c
[1.371s] -- Up-to-date: /home/kyu8/ros2_ws/install/turtlesim/include/turtlesim/turtlesim/srv/detail/set_pen__type_support.h
[1.372s] -- Up-to-date: /home/kyu8/ros2_ws/install/turtlesim/include/turtlesim/turtlesim/srv/detail/kill__struct.h
[1.372s] -- Up-to-date: /home/kyu8/ros2_ws/install/turtlesim/include/turtlesim/turtlesim/srv/detail/teleport_relative__functions.h
[1.372s] -- Installing: /home/kyu8/ros2_ws/install/turtlesim/include/turtlesim/turtlesim/srv/detail/teleport_relative__type_support.c
[1.372s] -- Installing: /home/kyu8/ros2_ws/install/turtlesim/include/turtlesim/turtlesim/srv/detail/teleport_absolute__type_support.c
[1.372s] -- Up-to-date: /home/kyu8/ros2_ws/install/turtlesim/include/turtlesim/turtlesim/srv/detail/teleport_absolute__type_support.h
[1.372s] -- Installing: /home/kyu8/ros2_ws/install/turtlesim/include/turtlesim/turtlesim/srv/detail/set_pen__type_support.c
[1.372s] -- Up-to-date: /home/kyu8/ros2_ws/install/turtlesim/include/turtlesim/turtlesim/srv/detail/spawn__description.c
[1.372s] -- Up-to-date: /home/kyu8/ros2_ws/install/turtlesim/include/turtlesim/turtlesim/srv/detail/spawn__functions.h
[1.372s] -- Up-to-date: /home/kyu8/ros2_ws/install/turtlesim/include/turtlesim/turtlesim/srv/detail/teleport_absolute__functions.h
[1.372s] -- Up-to-date: /home/kyu8/ros2_ws/install/turtlesim/include/turtlesim/turtlesim/srv/detail/set_pen__description.c
[1.373s] -- Up-to-date: /home/kyu8/ros2_ws/install/turtlesim/include/turtlesim/turtlesim/srv/detail/kill__functions.h
[1.373s] -- Up-to-date: /home/kyu8/ros2_ws/install/turtlesim/include/turtlesim/turtlesim/srv/detail/kill__type_support.h
[1.373s] -- Up-to-date: /home/kyu8/ros2_ws/install/turtlesim/include/turtlesim/turtlesim/srv/detail/kill__functions.c
[1.373s] -- Up-to-date: /home/kyu8/ros2_ws/install/turtlesim/include/turtlesim/turtlesim/srv/detail/spawn__functions.c
[1.373s] -- Up-to-date: /home/kyu8/ros2_ws/install/turtlesim/include/turtlesim/turtlesim/srv/detail/teleport_relative__functions.c
[1.373s] -- Up-to-date: /home/kyu8/ros2_ws/install/turtlesim/include/turtlesim/turtlesim/srv/detail/teleport_absolute__description.c
[1.373s] -- Up-to-date: /home/kyu8/ros2_ws/install/turtlesim/include/turtlesim/turtlesim/srv/detail/teleport_relative__struct.h
[1.373s] -- Installing: /home/kyu8/ros2_ws/install/turtlesim/include/turtlesim/turtlesim/srv/detail/kill__type_support.c
[1.374s] -- Up-to-date: /home/kyu8/ros2_ws/install/turtlesim/include/turtlesim/turtlesim/srv/detail/teleport_relative__type_support.h
[1.374s] -- Up-to-date: /home/kyu8/ros2_ws/install/turtlesim/include/turtlesim/turtlesim/srv/teleport_absolute.h
[1.374s] -- Up-to-date: /home/kyu8/ros2_ws/install/turtlesim/include/turtlesim/turtlesim/srv/kill.h
[1.374s] -- Up-to-date: /home/kyu8/ros2_ws/install/turtlesim/include/turtlesim/turtlesim/srv/spawn.h
[1.374s] -- Up-to-date: /home/kyu8/ros2_ws/install/turtlesim/include/turtlesim/turtlesim/srv/set_pen.h
[1.374s] -- Up-to-date: /home/kyu8/ros2_ws/install/turtlesim/include/turtlesim/turtlesim/srv/teleport_relative.h
[1.374s] -- Up-to-date: /home/kyu8/ros2_ws/install/turtlesim/include/turtlesim/turtlesim/msg
[1.374s] -- Up-to-date: /home/kyu8/ros2_ws/install/turtlesim/include/turtlesim/turtlesim/msg/detail
[1.374s] -- Up-to-date: /home/kyu8/ros2_ws/install/turtlesim/include/turtlesim/turtlesim/msg/detail/pose__functions.c
[1.375s] -- Up-to-date: /home/kyu8/ros2_ws/install/turtlesim/include/turtlesim/turtlesim/msg/detail/pose__functions.h
[1.375s] -- Up-to-date: /home/kyu8/ros2_ws/install/turtlesim/include/turtlesim/turtlesim/msg/detail/color__description.c
[1.375s] -- Up-to-date: /home/kyu8/ros2_ws/install/turtlesim/include/turtlesim/turtlesim/msg/detail/pose__struct.h
[1.375s] -- Installing: /home/kyu8/ros2_ws/install/turtlesim/include/turtlesim/turtlesim/msg/detail/color__type_support.c
[1.375s] -- Up-to-date: /home/kyu8/ros2_ws/install/turtlesim/include/turtlesim/turtlesim/msg/detail/color__struct.h
[1.375s] -- Up-to-date: /home/kyu8/ros2_ws/install/turtlesim/include/turtlesim/turtlesim/msg/detail/color__type_support.h
[1.375s] -- Up-to-date: /home/kyu8/ros2_ws/install/turtlesim/include/turtlesim/turtlesim/msg/detail/pose__description.c
[1.375s] -- Up-to-date: /home/kyu8/ros2_ws/install/turtlesim/include/turtlesim/turtlesim/msg/detail/color__functions.h
[1.375s] -- Installing: /home/kyu8/ros2_ws/install/turtlesim/include/turtlesim/turtlesim/msg/detail/pose__type_support.c
[1.375s] -- Up-to-date: /home/kyu8/ros2_ws/install/turtlesim/include/turtlesim/turtlesim/msg/detail/pose__type_support.h
[1.375s] -- Up-to-date: /home/kyu8/ros2_ws/install/turtlesim/include/turtlesim/turtlesim/msg/detail/color__functions.c
[1.375s] -- Up-to-date: /home/kyu8/ros2_ws/install/turtlesim/include/turtlesim/turtlesim/msg/color.h
[1.375s] -- Up-to-date: /home/kyu8/ros2_ws/install/turtlesim/include/turtlesim/turtlesim/msg/rosidl_generator_c__visibility_control.h
[1.376s] -- Up-to-date: /home/kyu8/ros2_ws/install/turtlesim/include/turtlesim/turtlesim/msg/pose.h
[1.376s] -- Up-to-date: /home/kyu8/ros2_ws/install/turtlesim/share/turtlesim/environment/library_path.sh
[1.376s] -- Up-to-date: /home/kyu8/ros2_ws/install/turtlesim/share/turtlesim/environment/library_path.dsv
[1.376s] -- Up-to-date: /home/kyu8/ros2_ws/install/turtlesim/lib/libturtlesim__rosidl_generator_c.so
[1.376s] -- Up-to-date: /home/kyu8/ros2_ws/install/turtlesim/include/turtlesim/turtlesim
[1.376s] -- Up-to-date: /home/kyu8/ros2_ws/install/turtlesim/include/turtlesim/turtlesim/action
[1.376s] -- Up-to-date: /home/kyu8/ros2_ws/install/turtlesim/include/turtlesim/turtlesim/action/detail
[1.376s] -- Up-to-date: /home/kyu8/ros2_ws/install/turtlesim/include/turtlesim/turtlesim/action/detail/rotate_absolute__rosidl_typesupport_fastrtps_c.h
[1.376s] -- Up-to-date: /home/kyu8/ros2_ws/install/turtlesim/include/turtlesim/turtlesim/srv
[1.376s] -- Up-to-date: /home/kyu8/ros2_ws/install/turtlesim/include/turtlesim/turtlesim/srv/detail
[1.376s] -- Up-to-date: /home/kyu8/ros2_ws/install/turtlesim/include/turtlesim/turtlesim/srv/detail/teleport_absolute__rosidl_typesupport_fastrtps_c.h
[1.376s] -- Up-to-date: /home/kyu8/ros2_ws/install/turtlesim/include/turtlesim/turtlesim/srv/detail/kill__rosidl_typesupport_fastrtps_c.h
[1.376s] -- Up-to-date: /home/kyu8/ros2_ws/install/turtlesim/include/turtlesim/turtlesim/srv/detail/set_pen__rosidl_typesupport_fastrtps_c.h
[1.377s] -- Up-to-date: /home/kyu8/ros2_ws/install/turtlesim/include/turtlesim/turtlesim/srv/detail/teleport_relative__rosidl_typesupport_fastrtps_c.h
[1.377s] -- Up-to-date: /home/kyu8/ros2_ws/install/turtlesim/include/turtlesim/turtlesim/srv/detail/spawn__rosidl_typesupport_fastrtps_c.h
[1.377s] -- Up-to-date: /home/kyu8/ros2_ws/install/turtlesim/include/turtlesim/turtlesim/msg
[1.377s] -- Up-to-date: /home/kyu8/ros2_ws/install/turtlesim/include/turtlesim/turtlesim/msg/detail
[1.377s] -- Up-to-date: /home/kyu8/ros2_ws/install/turtlesim/include/turtlesim/turtlesim/msg/detail/color__rosidl_typesupport_fastrtps_c.h
[1.377s] -- Up-to-date: /home/kyu8/ros2_ws/install/turtlesim/include/turtlesim/turtlesim/msg/detail/pose__rosidl_typesupport_fastrtps_c.h
[1.377s] -- Up-to-date: /home/kyu8/ros2_ws/install/turtlesim/include/turtlesim/turtlesim/msg/rosidl_typesupport_fastrtps_c__visibility_control.h
[1.377s] -- Up-to-date: /home/kyu8/ros2_ws/install/turtlesim/lib/libturtlesim__rosidl_typesupport_fastrtps_c.so
[1.377s] -- Up-to-date: /home/kyu8/ros2_ws/install/turtlesim/include/turtlesim/turtlesim
[1.378s] -- Up-to-date: /home/kyu8/ros2_ws/install/turtlesim/include/turtlesim/turtlesim/action
[1.378s] -- Up-to-date: /home/kyu8/ros2_ws/install/turtlesim/include/turtlesim/turtlesim/action/detail
[1.378s] -- Up-to-date: /home/kyu8/ros2_ws/install/turtlesim/include/turtlesim/turtlesim/action/detail/rotate_absolute__struct.hpp
[1.378s] -- Up-to-date: /home/kyu8/ros2_ws/install/turtlesim/include/turtlesim/turtlesim/action/detail/rotate_absolute__type_support.hpp
[1.378s] -- Up-to-date: /home/kyu8/ros2_ws/install/turtlesim/include/turtlesim/turtlesim/action/detail/rotate_absolute__builder.hpp
[1.378s] -- Up-to-date: /home/kyu8/ros2_ws/install/turtlesim/include/turtlesim/turtlesim/action/detail/rotate_absolute__traits.hpp
[1.378s] -- Up-to-date: /home/kyu8/ros2_ws/install/turtlesim/include/turtlesim/turtlesim/action/rotate_absolute.hpp
[1.378s] -- Up-to-date: /home/kyu8/ros2_ws/install/turtlesim/include/turtlesim/turtlesim/srv
[1.378s] -- Up-to-date: /home/kyu8/ros2_ws/install/turtlesim/include/turtlesim/turtlesim/srv/teleport_relative.hpp
[1.378s] -- Up-to-date: /home/kyu8/ros2_ws/install/turtlesim/include/turtlesim/turtlesim/srv/detail
[1.378s] -- Up-to-date: /home/kyu8/ros2_ws/install/turtlesim/include/turtlesim/turtlesim/srv/detail/teleport_relative__struct.hpp
[1.378s] -- Up-to-date: /home/kyu8/ros2_ws/install/turtlesim/include/turtlesim/turtlesim/srv/detail/teleport_absolute__type_support.hpp
[1.378s] -- Up-to-date: /home/kyu8/ros2_ws/install/turtlesim/include/turtlesim/turtlesim/srv/detail/set_pen__type_support.hpp
[1.379s] -- Up-to-date: /home/kyu8/ros2_ws/install/turtlesim/include/turtlesim/turtlesim/srv/detail/set_pen__struct.hpp
[1.379s] -- Up-to-date: /home/kyu8/ros2_ws/install/turtlesim/include/turtlesim/turtlesim/srv/detail/set_pen__builder.hpp
[1.379s] -- Up-to-date: /home/kyu8/ros2_ws/install/turtlesim/include/turtlesim/turtlesim/srv/detail/kill__struct.hpp
[1.379s] -- Up-to-date: /home/kyu8/ros2_ws/install/turtlesim/include/turtlesim/turtlesim/srv/detail/set_pen__traits.hpp
[1.379s] -- Up-to-date: /home/kyu8/ros2_ws/install/turtlesim/include/turtlesim/turtlesim/srv/detail/kill__type_support.hpp
[1.379s] -- Up-to-date: /home/kyu8/ros2_ws/install/turtlesim/include/turtlesim/turtlesim/srv/detail/kill__traits.hpp
[1.379s] -- Up-to-date: /home/kyu8/ros2_ws/install/turtlesim/include/turtlesim/turtlesim/srv/detail/teleport_relative__builder.hpp
[1.379s] -- Up-to-date: /home/kyu8/ros2_ws/install/turtlesim/include/turtlesim/turtlesim/srv/detail/teleport_absolute__builder.hpp
[1.379s] -- Up-to-date: /home/kyu8/ros2_ws/install/turtlesim/include/turtlesim/turtlesim/srv/detail/teleport_relative__traits.hpp
[1.379s] -- Up-to-date: /home/kyu8/ros2_ws/install/turtlesim/include/turtlesim/turtlesim/srv/detail/teleport_absolute__struct.hpp
[1.379s] -- Up-to-date: /home/kyu8/ros2_ws/install/turtlesim/include/turtlesim/turtlesim/srv/detail/spawn__struct.hpp
[1.380s] -- Up-to-date: /home/kyu8/ros2_ws/install/turtlesim/include/turtlesim/turtlesim/srv/detail/teleport_relative__type_support.hpp
[1.380s] -- Up-to-date: /home/kyu8/ros2_ws/install/turtlesim/include/turtlesim/turtlesim/srv/detail/teleport_absolute__traits.hpp
[1.380s] -- Up-to-date: /home/kyu8/ros2_ws/install/turtlesim/include/turtlesim/turtlesim/srv/detail/spawn__traits.hpp
[1.380s] -- Up-to-date: /home/kyu8/ros2_ws/install/turtlesim/include/turtlesim/turtlesim/srv/detail/spawn__builder.hpp
[1.380s] -- Up-to-date: /home/kyu8/ros2_ws/install/turtlesim/include/turtlesim/turtlesim/srv/detail/spawn__type_support.hpp
[1.380s] -- Up-to-date: /home/kyu8/ros2_ws/install/turtlesim/include/turtlesim/turtlesim/srv/detail/kill__builder.hpp
[1.380s] -- Up-to-date: /home/kyu8/ros2_ws/install/turtlesim/include/turtlesim/turtlesim/srv/set_pen.hpp
[1.380s] -- Up-to-date: /home/kyu8/ros2_ws/install/turtlesim/include/turtlesim/turtlesim/srv/teleport_absolute.hpp
[1.380s] -- Up-to-date: /home/kyu8/ros2_ws/install/turtlesim/include/turtlesim/turtlesim/srv/spawn.hpp
[1.380s] -- Up-to-date: /home/kyu8/ros2_ws/install/turtlesim/include/turtlesim/turtlesim/srv/kill.hpp
[1.380s] -- Up-to-date: /home/kyu8/ros2_ws/install/turtlesim/include/turtlesim/turtlesim/msg
[1.380s] -- Up-to-date: /home/kyu8/ros2_ws/install/turtlesim/include/turtlesim/turtlesim/msg/rosidl_generator_cpp__visibility_control.hpp
[1.381s] -- Up-to-date: /home/kyu8/ros2_ws/install/turtlesim/include/turtlesim/turtlesim/msg/detail
[1.381s] -- Up-to-date: /home/kyu8/ros2_ws/install/turtlesim/include/turtlesim/turtlesim/msg/detail/pose__struct.hpp
[1.381s] -- Up-to-date: /home/kyu8/ros2_ws/install/turtlesim/include/turtlesim/turtlesim/msg/detail/pose__traits.hpp
[1.381s] -- Up-to-date: /home/kyu8/ros2_ws/install/turtlesim/include/turtlesim/turtlesim/msg/detail/pose__builder.hpp
[1.381s] -- Up-to-date: /home/kyu8/ros2_ws/install/turtlesim/include/turtlesim/turtlesim/msg/detail/color__struct.hpp
[1.381s] -- Up-to-date: /home/kyu8/ros2_ws/install/turtlesim/include/turtlesim/turtlesim/msg/detail/color__traits.hpp
[1.381s] -- Up-to-date: /home/kyu8/ros2_ws/install/turtlesim/include/turtlesim/turtlesim/msg/detail/color__type_support.hpp
[1.381s] -- Up-to-date: /home/kyu8/ros2_ws/install/turtlesim/include/turtlesim/turtlesim/msg/detail/color__builder.hpp
[1.381s] -- Up-to-date: /home/kyu8/ros2_ws/install/turtlesim/include/turtlesim/turtlesim/msg/detail/pose__type_support.hpp
[1.381s] -- Up-to-date: /home/kyu8/ros2_ws/install/turtlesim/include/turtlesim/turtlesim/msg/color.hpp
[1.381s] -- Up-to-date: /home/kyu8/ros2_ws/install/turtlesim/include/turtlesim/turtlesim/msg/pose.hpp
[1.382s] -- Up-to-date: /home/kyu8/ros2_ws/install/turtlesim/include/turtlesim/turtlesim
[1.382s] -- Up-to-date: /home/kyu8/ros2_ws/install/turtlesim/include/turtlesim/turtlesim/action
[1.382s] -- Up-to-date: /home/kyu8/ros2_ws/install/turtlesim/include/turtlesim/turtlesim/action/detail
[1.382s] -- Up-to-date: /home/kyu8/ros2_ws/install/turtlesim/include/turtlesim/turtlesim/action/detail/dds_fastrtps
[1.382s] -- Up-to-date: /home/kyu8/ros2_ws/install/turtlesim/include/turtlesim/turtlesim/action/detail/rotate_absolute__rosidl_typesupport_fastrtps_cpp.hpp
[1.382s] -- Up-to-date: /home/kyu8/ros2_ws/install/turtlesim/include/turtlesim/turtlesim/srv
[1.382s] -- Up-to-date: /home/kyu8/ros2_ws/install/turtlesim/include/turtlesim/turtlesim/srv/detail
[1.382s] -- Up-to-date: /home/kyu8/ros2_ws/install/turtlesim/include/turtlesim/turtlesim/srv/detail/kill__rosidl_typesupport_fastrtps_cpp.hpp
[1.382s] -- Up-to-date: /home/kyu8/ros2_ws/install/turtlesim/include/turtlesim/turtlesim/srv/detail/teleport_absolute__rosidl_typesupport_fastrtps_cpp.hpp
[1.382s] -- Up-to-date: /home/kyu8/ros2_ws/install/turtlesim/include/turtlesim/turtlesim/srv/detail/spawn__rosidl_typesupport_fastrtps_cpp.hpp
[1.382s] -- Up-to-date: /home/kyu8/ros2_ws/install/turtlesim/include/turtlesim/turtlesim/srv/detail/set_pen__rosidl_typesupport_fastrtps_cpp.hpp
[1.382s] -- Up-to-date: /home/kyu8/ros2_ws/install/turtlesim/include/turtlesim/turtlesim/srv/detail/dds_fastrtps
[1.382s] -- Up-to-date: /home/kyu8/ros2_ws/install/turtlesim/include/turtlesim/turtlesim/srv/detail/teleport_relative__rosidl_typesupport_fastrtps_cpp.hpp
[1.382s] -- Up-to-date: /home/kyu8/ros2_ws/install/turtlesim/include/turtlesim/turtlesim/msg
[1.382s] -- Up-to-date: /home/kyu8/ros2_ws/install/turtlesim/include/turtlesim/turtlesim/msg/detail
[1.383s] -- Up-to-date: /home/kyu8/ros2_ws/install/turtlesim/include/turtlesim/turtlesim/msg/detail/pose__rosidl_typesupport_fastrtps_cpp.hpp
[1.383s] -- Up-to-date: /home/kyu8/ros2_ws/install/turtlesim/include/turtlesim/turtlesim/msg/detail/color__rosidl_typesupport_fastrtps_cpp.hpp
[1.383s] -- Up-to-date: /home/kyu8/ros2_ws/install/turtlesim/include/turtlesim/turtlesim/msg/detail/dds_fastrtps
[1.383s] -- Up-to-date: /home/kyu8/ros2_ws/install/turtlesim/include/turtlesim/turtlesim/msg/rosidl_typesupport_fastrtps_cpp__visibility_control.h
[1.383s] -- Up-to-date: /home/kyu8/ros2_ws/install/turtlesim/lib/libturtlesim__rosidl_typesupport_fastrtps_cpp.so
[1.383s] -- Up-to-date: /home/kyu8/ros2_ws/install/turtlesim/include/turtlesim/turtlesim
[1.383s] -- Up-to-date: /home/kyu8/ros2_ws/install/turtlesim/include/turtlesim/turtlesim/action
[1.383s] -- Up-to-date: /home/kyu8/ros2_ws/install/turtlesim/include/turtlesim/turtlesim/action/detail
[1.383s] -- Up-to-date: /home/kyu8/ros2_ws/install/turtlesim/include/turtlesim/turtlesim/action/detail/rotate_absolute__rosidl_typesupport_introspection_c.h
[1.383s] -- Installing: /home/kyu8/ros2_ws/install/turtlesim/include/turtlesim/turtlesim/action/detail/rotate_absolute__type_support.c
[1.383s] -- Up-to-date: /home/kyu8/ros2_ws/install/turtlesim/include/turtlesim/turtlesim/srv
[1.383s] -- Up-to-date: /home/kyu8/ros2_ws/install/turtlesim/include/turtlesim/turtlesim/srv/detail
[1.383s] -- Installing: /home/kyu8/ros2_ws/install/turtlesim/include/turtlesim/turtlesim/srv/detail/spawn__type_support.c
[1.383s] -- Installing: /home/kyu8/ros2_ws/install/turtlesim/include/turtlesim/turtlesim/srv/detail/teleport_relative__type_support.c
[1.383s] -- Up-to-date: /home/kyu8/ros2_ws/install/turtlesim/include/turtlesim/turtlesim/srv/detail/kill__rosidl_typesupport_introspection_c.h
[1.384s] -- Installing: /home/kyu8/ros2_ws/install/turtlesim/include/turtlesim/turtlesim/srv/detail/teleport_absolute__type_support.c
[1.384s] -- Installing: /home/kyu8/ros2_ws/install/turtlesim/include/turtlesim/turtlesim/srv/detail/set_pen__type_support.c
[1.384s] -- Up-to-date: /home/kyu8/ros2_ws/install/turtlesim/include/turtlesim/turtlesim/srv/detail/teleport_relative__rosidl_typesupport_introspection_c.h
[1.384s] -- Up-to-date: /home/kyu8/ros2_ws/install/turtlesim/include/turtlesim/turtlesim/srv/detail/set_pen__rosidl_typesupport_introspection_c.h
[1.384s] -- Up-to-date: /home/kyu8/ros2_ws/install/turtlesim/include/turtlesim/turtlesim/srv/detail/spawn__rosidl_typesupport_introspection_c.h
[1.384s] -- Up-to-date: /home/kyu8/ros2_ws/install/turtlesim/include/turtlesim/turtlesim/srv/detail/teleport_absolute__rosidl_typesupport_introspection_c.h
[1.384s] -- Installing: /home/kyu8/ros2_ws/install/turtlesim/include/turtlesim/turtlesim/srv/detail/kill__type_support.c
[1.384s] -- Up-to-date: /home/kyu8/ros2_ws/install/turtlesim/include/turtlesim/turtlesim/msg
[1.384s] -- Up-to-date: /home/kyu8/ros2_ws/install/turtlesim/include/turtlesim/turtlesim/msg/detail
[1.384s] -- Installing: /home/kyu8/ros2_ws/install/turtlesim/include/turtlesim/turtlesim/msg/detail/color__type_support.c
[1.384s] -- Up-to-date: /home/kyu8/ros2_ws/install/turtlesim/include/turtlesim/turtlesim/msg/detail/pose__rosidl_typesupport_introspection_c.h
[1.384s] -- Installing: /home/kyu8/ros2_ws/install/turtlesim/include/turtlesim/turtlesim/msg/detail/pose__type_support.c
[1.384s] -- Up-to-date: /home/kyu8/ros2_ws/install/turtlesim/include/turtlesim/turtlesim/msg/detail/color__rosidl_typesupport_introspection_c.h
[1.384s] -- Up-to-date: /home/kyu8/ros2_ws/install/turtlesim/include/turtlesim/turtlesim/msg/rosidl_typesupport_introspection_c__visibility_control.h
[1.385s] -- Up-to-date: /home/kyu8/ros2_ws/install/turtlesim/lib/libturtlesim__rosidl_typesupport_introspection_c.so
[1.385s] -- Up-to-date: /home/kyu8/ros2_ws/install/turtlesim/lib/libturtlesim__rosidl_typesupport_c.so
[1.385s] -- Up-to-date: /home/kyu8/ros2_ws/install/turtlesim/include/turtlesim/turtlesim
[1.385s] -- Up-to-date: /home/kyu8/ros2_ws/install/turtlesim/include/turtlesim/turtlesim/action
[1.385s] -- Up-to-date: /home/kyu8/ros2_ws/install/turtlesim/include/turtlesim/turtlesim/action/detail
[1.385s] -- Up-to-date: /home/kyu8/ros2_ws/install/turtlesim/include/turtlesim/turtlesim/action/detail/rotate_absolute__rosidl_typesupport_introspection_cpp.hpp
[1.385s] -- Up-to-date: /home/kyu8/ros2_ws/install/turtlesim/include/turtlesim/turtlesim/action/detail/rotate_absolute__type_support.cpp
[1.385s] -- Up-to-date: /home/kyu8/ros2_ws/install/turtlesim/include/turtlesim/turtlesim/srv
[1.385s] -- Up-to-date: /home/kyu8/ros2_ws/install/turtlesim/include/turtlesim/turtlesim/srv/detail
[1.385s] -- Up-to-date: /home/kyu8/ros2_ws/install/turtlesim/include/turtlesim/turtlesim/srv/detail/set_pen__rosidl_typesupport_introspection_cpp.hpp
[1.385s] -- Up-to-date: /home/kyu8/ros2_ws/install/turtlesim/include/turtlesim/turtlesim/srv/detail/kill__rosidl_typesupport_introspection_cpp.hpp
[1.385s] -- Up-to-date: /home/kyu8/ros2_ws/install/turtlesim/include/turtlesim/turtlesim/srv/detail/spawn__rosidl_typesupport_introspection_cpp.hpp
[1.385s] -- Up-to-date: /home/kyu8/ros2_ws/install/turtlesim/include/turtlesim/turtlesim/srv/detail/teleport_relative__type_support.cpp
[1.385s] -- Up-to-date: /home/kyu8/ros2_ws/install/turtlesim/include/turtlesim/turtlesim/srv/detail/teleport_absolute__type_support.cpp
[1.385s] -- Up-to-date: /home/kyu8/ros2_ws/install/turtlesim/include/turtlesim/turtlesim/srv/detail/teleport_relative__rosidl_typesupport_introspection_cpp.hpp
[1.386s] -- Up-to-date: /home/kyu8/ros2_ws/install/turtlesim/include/turtlesim/turtlesim/srv/detail/set_pen__type_support.cpp
[1.386s] -- Up-to-date: /home/kyu8/ros2_ws/install/turtlesim/include/turtlesim/turtlesim/srv/detail/teleport_absolute__rosidl_typesupport_introspection_cpp.hpp
[1.386s] -- Up-to-date: /home/kyu8/ros2_ws/install/turtlesim/include/turtlesim/turtlesim/srv/detail/spawn__type_support.cpp
[1.386s] -- Up-to-date: /home/kyu8/ros2_ws/install/turtlesim/include/turtlesim/turtlesim/srv/detail/kill__type_support.cpp
[1.386s] -- Up-to-date: /home/kyu8/ros2_ws/install/turtlesim/include/turtlesim/turtlesim/msg
[1.386s] -- Up-to-date: /home/kyu8/ros2_ws/install/turtlesim/include/turtlesim/turtlesim/msg/detail
[1.386s] -- Up-to-date: /home/kyu8/ros2_ws/install/turtlesim/include/turtlesim/turtlesim/msg/detail/color__type_support.cpp
[1.386s] -- Up-to-date: /home/kyu8/ros2_ws/install/turtlesim/include/turtlesim/turtlesim/msg/detail/pose__type_support.cpp
[1.386s] -- Up-to-date: /home/kyu8/ros2_ws/install/turtlesim/include/turtlesim/turtlesim/msg/detail/color__rosidl_typesupport_introspection_cpp.hpp
[1.386s] -- Up-to-date: /home/kyu8/ros2_ws/install/turtlesim/include/turtlesim/turtlesim/msg/detail/pose__rosidl_typesupport_introspection_cpp.hpp
[1.386s] -- Up-to-date: /home/kyu8/ros2_ws/install/turtlesim/lib/libturtlesim__rosidl_typesupport_introspection_cpp.so
[1.386s] -- Up-to-date: /home/kyu8/ros2_ws/install/turtlesim/lib/libturtlesim__rosidl_typesupport_cpp.so
[1.386s] -- Up-to-date: /home/kyu8/ros2_ws/install/turtlesim/share/turtlesim/environment/pythonpath.sh
[1.386s] -- Up-to-date: /home/kyu8/ros2_ws/install/turtlesim/share/turtlesim/environment/pythonpath.dsv
[1.386s] -- Up-to-date: /home/kyu8/ros2_ws/install/turtlesim/lib/python3.10/site-packages/turtlesim-1.4.2-py3.10.egg-info
[1.387s] -- Installing: /home/kyu8/ros2_ws/install/turtlesim/lib/python3.10/site-packages/turtlesim-1.4.2-py3.10.egg-info/SOURCES.txt
[1.387s] -- Installing: /home/kyu8/ros2_ws/install/turtlesim/lib/python3.10/site-packages/turtlesim-1.4.2-py3.10.egg-info/top_level.txt
[1.387s] -- Installing: /home/kyu8/ros2_ws/install/turtlesim/lib/python3.10/site-packages/turtlesim-1.4.2-py3.10.egg-info/PKG-INFO
[1.387s] -- Installing: /home/kyu8/ros2_ws/install/turtlesim/lib/python3.10/site-packages/turtlesim-1.4.2-py3.10.egg-info/dependency_links.txt
[1.387s] -- Up-to-date: /home/kyu8/ros2_ws/install/turtlesim/lib/python3.10/site-packages/turtlesim
[1.387s] -- Up-to-date: /home/kyu8/ros2_ws/install/turtlesim/lib/python3.10/site-packages/turtlesim/action
[1.387s] -- Up-to-date: /home/kyu8/ros2_ws/install/turtlesim/lib/python3.10/site-packages/turtlesim/action/__init__.py
[1.387s] -- Up-to-date: /home/kyu8/ros2_ws/install/turtlesim/lib/python3.10/site-packages/turtlesim/action/_rotate_absolute.py
[1.387s] -- Up-to-date: /home/kyu8/ros2_ws/install/turtlesim/lib/python3.10/site-packages/turtlesim/action/_rotate_absolute_s.c
[1.387s] -- Up-to-date: /home/kyu8/ros2_ws/install/turtlesim/lib/python3.10/site-packages/turtlesim/__init__.py
[1.387s] -- Up-to-date: /home/kyu8/ros2_ws/install/turtlesim/lib/python3.10/site-packages/turtlesim/turtlesim_s__rosidl_typesupport_introspection_c.cpython-310-x86_64-linux-gnu.so
[1.387s] -- Up-to-date: /home/kyu8/ros2_ws/install/turtlesim/lib/python3.10/site-packages/turtlesim/turtlesim_s__rosidl_typesupport_c.cpython-310-x86_64-linux-gnu.so
[1.387s] -- Up-to-date: /home/kyu8/ros2_ws/install/turtlesim/lib/python3.10/site-packages/turtlesim/srv
[1.387s] -- Up-to-date: /home/kyu8/ros2_ws/install/turtlesim/lib/python3.10/site-packages/turtlesim/srv/_kill.py
[1.387s] -- Up-to-date: /home/kyu8/ros2_ws/install/turtlesim/lib/python3.10/site-packages/turtlesim/srv/_set_pen.py
[1.388s] -- Up-to-date: /home/kyu8/ros2_ws/install/turtlesim/lib/python3.10/site-packages/turtlesim/srv/__init__.py
[1.388s] -- Up-to-date: /home/kyu8/ros2_ws/install/turtlesim/lib/python3.10/site-packages/turtlesim/srv/_teleport_absolute.py
[1.388s] -- Up-to-date: /home/kyu8/ros2_ws/install/turtlesim/lib/python3.10/site-packages/turtlesim/srv/_teleport_relative_s.c
[1.388s] -- Up-to-date: /home/kyu8/ros2_ws/install/turtlesim/lib/python3.10/site-packages/turtlesim/srv/_teleport_relative.py
[1.388s] -- Up-to-date: /home/kyu8/ros2_ws/install/turtlesim/lib/python3.10/site-packages/turtlesim/srv/_set_pen_s.c
[1.388s] -- Up-to-date: /home/kyu8/ros2_ws/install/turtlesim/lib/python3.10/site-packages/turtlesim/srv/_spawn_s.c
[1.388s] -- Up-to-date: /home/kyu8/ros2_ws/install/turtlesim/lib/python3.10/site-packages/turtlesim/srv/_teleport_absolute_s.c
[1.389s] -- Up-to-date: /home/kyu8/ros2_ws/install/turtlesim/lib/python3.10/site-packages/turtlesim/srv/_spawn.py
[1.389s] -- Up-to-date: /home/kyu8/ros2_ws/install/turtlesim/lib/python3.10/site-packages/turtlesim/srv/_kill_s.c
[1.389s] -- Up-to-date: /home/kyu8/ros2_ws/install/turtlesim/lib/python3.10/site-packages/turtlesim/_turtlesim_s.ep.rosidl_typesupport_introspection_c.c
[1.389s] -- Up-to-date: /home/kyu8/ros2_ws/install/turtlesim/lib/python3.10/site-packages/turtlesim/_turtlesim_s.ep.rosidl_typesupport_fastrtps_c.c
[1.389s] -- Up-to-date: /home/kyu8/ros2_ws/install/turtlesim/lib/python3.10/site-packages/turtlesim/_turtlesim_s.ep.rosidl_typesupport_c.c
[1.389s] -- Up-to-date: /home/kyu8/ros2_ws/install/turtlesim/lib/python3.10/site-packages/turtlesim/libturtlesim__rosidl_generator_py.so
[1.389s] -- Up-to-date: /home/kyu8/ros2_ws/install/turtlesim/lib/python3.10/site-packages/turtlesim/turtlesim_s__rosidl_typesupport_fastrtps_c.cpython-310-x86_64-linux-gnu.so
[1.389s] -- Up-to-date: /home/kyu8/ros2_ws/install/turtlesim/lib/python3.10/site-packages/turtlesim/msg
[1.390s] -- Up-to-date: /home/kyu8/ros2_ws/install/turtlesim/lib/python3.10/site-packages/turtlesim/msg/_pose_s.c
[1.390s] -- Up-to-date: /home/kyu8/ros2_ws/install/turtlesim/lib/python3.10/site-packages/turtlesim/msg/_color_s.c
[1.390s] -- Up-to-date: /home/kyu8/ros2_ws/install/turtlesim/lib/python3.10/site-packages/turtlesim/msg/__init__.py
[1.390s] -- Up-to-date: /home/kyu8/ros2_ws/install/turtlesim/lib/python3.10/site-packages/turtlesim/msg/_pose.py
[1.390s] -- Up-to-date: /home/kyu8/ros2_ws/install/turtlesim/lib/python3.10/site-packages/turtlesim/msg/_color.py
[1.422s] Listing '/home/kyu8/ros2_ws/install/turtlesim/lib/python3.10/site-packages/turtlesim'...
[1.422s] Listing '/home/kyu8/ros2_ws/install/turtlesim/lib/python3.10/site-packages/turtlesim/action'...
[1.422s] Listing '/home/kyu8/ros2_ws/install/turtlesim/lib/python3.10/site-packages/turtlesim/msg'...
[1.422s] Listing '/home/kyu8/ros2_ws/install/turtlesim/lib/python3.10/site-packages/turtlesim/srv'...
[1.427s] -- Up-to-date: /home/kyu8/ros2_ws/install/turtlesim/lib/python3.10/site-packages/turtlesim/turtlesim_s__rosidl_typesupport_fastrtps_c.cpython-310-x86_64-linux-gnu.so
[1.427s] -- Up-to-date: /home/kyu8/ros2_ws/install/turtlesim/lib/python3.10/site-packages/turtlesim/turtlesim_s__rosidl_typesupport_introspection_c.cpython-310-x86_64-linux-gnu.so
[1.428s] -- Up-to-date: /home/kyu8/ros2_ws/install/turtlesim/lib/python3.10/site-packages/turtlesim/turtlesim_s__rosidl_typesupport_c.cpython-310-x86_64-linux-gnu.so
[1.428s] -- Up-to-date: /home/kyu8/ros2_ws/install/turtlesim/lib/libturtlesim__rosidl_generator_py.so
[1.428s] -- Up-to-date: /home/kyu8/ros2_ws/install/turtlesim/share/turtlesim/action/RotateAbsolute.idl
[1.429s] -- Up-to-date: /home/kyu8/ros2_ws/install/turtlesim/share/turtlesim/msg/Color.idl
[1.429s] -- Up-to-date: /home/kyu8/ros2_ws/install/turtlesim/share/turtlesim/msg/Pose.idl
[1.429s] -- Up-to-date: /home/kyu8/ros2_ws/install/turtlesim/share/turtlesim/srv/Kill.idl
[1.429s] -- Up-to-date: /home/kyu8/ros2_ws/install/turtlesim/share/turtlesim/srv/SetPen.idl
[1.429s] -- Up-to-date: /home/kyu8/ros2_ws/install/turtlesim/share/turtlesim/srv/Spawn.idl
[1.429s] -- Up-to-date: /home/kyu8/ros2_ws/install/turtlesim/share/turtlesim/srv/TeleportAbsolute.idl
[1.429s] -- Up-to-date: /home/kyu8/ros2_ws/install/turtlesim/share/turtlesim/srv/TeleportRelative.idl
[1.429s] -- Up-to-date: /home/kyu8/ros2_ws/install/turtlesim/share/turtlesim/action/RotateAbsolute.action
[1.429s] -- Up-to-date: /home/kyu8/ros2_ws/install/turtlesim/share/turtlesim/msg/Color.msg
[1.429s] -- Up-to-date: /home/kyu8/ros2_ws/install/turtlesim/share/turtlesim/msg/Pose.msg
[1.429s] -- Up-to-date: /home/kyu8/ros2_ws/install/turtlesim/share/turtlesim/srv/Kill.srv
[1.429s] -- Up-to-date: /home/kyu8/ros2_ws/install/turtlesim/share/turtlesim/srv/SetPen.srv
[1.430s] -- Up-to-date: /home/kyu8/ros2_ws/install/turtlesim/share/turtlesim/srv/Spawn.srv
[1.430s] -- Up-to-date: /home/kyu8/ros2_ws/install/turtlesim/share/turtlesim/srv/TeleportAbsolute.srv
[1.430s] -- Up-to-date: /home/kyu8/ros2_ws/install/turtlesim/share/turtlesim/srv/TeleportRelative.srv
[1.430s] -- Up-to-date: /home/kyu8/ros2_ws/install/turtlesim/lib/turtlesim/turtlesim_node
[1.430s] -- Up-to-date: /home/kyu8/ros2_ws/install/turtlesim/lib/turtlesim/turtle_teleop_key
[1.430s] -- Up-to-date: /home/kyu8/ros2_ws/install/turtlesim/lib/turtlesim/draw_square
[1.430s] -- Up-to-date: /home/kyu8/ros2_ws/install/turtlesim/lib/turtlesim/mimic
[1.430s] -- Up-to-date: /home/kyu8/ros2_ws/install/turtlesim/share/turtlesim/images
[1.430s] -- Up-to-date: /home/kyu8/ros2_ws/install/turtlesim/share/turtlesim/images/crystal.png
[1.431s] -- Up-to-date: /home/kyu8/ros2_ws/install/turtlesim/share/turtlesim/images/eloquent.png
[1.431s] -- Up-to-date: /home/kyu8/ros2_ws/install/turtlesim/share/turtlesim/images/rolling.png
[1.431s] -- Up-to-date: /home/kyu8/ros2_ws/install/turtlesim/share/turtlesim/images/bouncy.png
[1.431s] -- Up-to-date: /home/kyu8/ros2_ws/install/turtlesim/share/turtlesim/images/dashing.png
[1.431s] -- Up-to-date: /home/kyu8/ros2_ws/install/turtlesim/share/turtlesim/images/ardent.png
[1.431s] -- Up-to-date: /home/kyu8/ros2_ws/install/turtlesim/share/turtlesim/images/humble.png
[1.431s] -- Up-to-date: /home/kyu8/ros2_ws/install/turtlesim/share/turtlesim/images/galactic.png
[1.431s] -- Up-to-date: /home/kyu8/ros2_ws/install/turtlesim/share/turtlesim/images/foxy.png
[1.431s] -- Up-to-date: /home/kyu8/ros2_ws/install/turtlesim/share/turtlesim/launch
[1.431s] -- Up-to-date: /home/kyu8/ros2_ws/install/turtlesim/share/turtlesim/launch/multisim.launch.py
[1.431s] -- Up-to-date: /home/kyu8/ros2_ws/install/turtlesim/share/ament_index/resource_index/package_run_dependencies/turtlesim
[1.431s] -- Up-to-date: /home/kyu8/ros2_ws/install/turtlesim/share/ament_index/resource_index/parent_prefix_path/turtlesim
[1.432s] -- Up-to-date: /home/kyu8/ros2_ws/install/turtlesim/share/turtlesim/environment/ament_prefix_path.sh
[1.432s] -- Up-to-date: /home/kyu8/ros2_ws/install/turtlesim/share/turtlesim/environment/ament_prefix_path.dsv
[1.432s] -- Up-to-date: /home/kyu8/ros2_ws/install/turtlesim/share/turtlesim/environment/path.sh
[1.432s] -- Up-to-date: /home/kyu8/ros2_ws/install/turtlesim/share/turtlesim/environment/path.dsv
[1.432s] -- Up-to-date: /home/kyu8/ros2_ws/install/turtlesim/share/turtlesim/local_setup.bash
[1.432s] -- Up-to-date: /home/kyu8/ros2_ws/install/turtlesim/share/turtlesim/local_setup.sh
[1.432s] -- Up-to-date: /home/kyu8/ros2_ws/install/turtlesim/share/turtlesim/local_setup.zsh
[1.432s] -- Up-to-date: /home/kyu8/ros2_ws/install/turtlesim/share/turtlesim/local_setup.dsv
[1.432s] -- Installing: /home/kyu8/ros2_ws/install/turtlesim/share/turtlesim/package.dsv
[1.432s] -- Up-to-date: /home/kyu8/ros2_ws/install/turtlesim/share/ament_index/resource_index/packages/turtlesim
[1.433s] -- Up-to-date: /home/kyu8/ros2_ws/install/turtlesim/share/turtlesim/cmake/export_turtlesim__rosidl_generator_cExport.cmake
[1.433s] -- Up-to-date: /home/kyu8/ros2_ws/install/turtlesim/share/turtlesim/cmake/export_turtlesim__rosidl_generator_cExport-noconfig.cmake
[1.433s] -- Up-to-date: /home/kyu8/ros2_ws/install/turtlesim/share/turtlesim/cmake/export_turtlesim__rosidl_typesupport_fastrtps_cExport.cmake
[1.433s] -- Up-to-date: /home/kyu8/ros2_ws/install/turtlesim/share/turtlesim/cmake/export_turtlesim__rosidl_typesupport_fastrtps_cExport-noconfig.cmake
[1.433s] -- Up-to-date: /home/kyu8/ros2_ws/install/turtlesim/share/turtlesim/cmake/export_turtlesim__rosidl_generator_cppExport.cmake
[1.433s] -- Up-to-date: /home/kyu8/ros2_ws/install/turtlesim/share/turtlesim/cmake/export_turtlesim__rosidl_typesupport_fastrtps_cppExport.cmake
[1.433s] -- Up-to-date: /home/kyu8/ros2_ws/install/turtlesim/share/turtlesim/cmake/export_turtlesim__rosidl_typesupport_fastrtps_cppExport-noconfig.cmake
[1.433s] -- Up-to-date: /home/kyu8/ros2_ws/install/turtlesim/share/turtlesim/cmake/turtlesim__rosidl_typesupport_introspection_cExport.cmake
[1.433s] -- Up-to-date: /home/kyu8/ros2_ws/install/turtlesim/share/turtlesim/cmake/turtlesim__rosidl_typesupport_introspection_cExport-noconfig.cmake
[1.434s] -- Up-to-date: /home/kyu8/ros2_ws/install/turtlesim/share/turtlesim/cmake/turtlesim__rosidl_typesupport_cExport.cmake
[1.434s] -- Up-to-date: /home/kyu8/ros2_ws/install/turtlesim/share/turtlesim/cmake/turtlesim__rosidl_typesupport_cExport-noconfig.cmake
[1.434s] -- Up-to-date: /home/kyu8/ros2_ws/install/turtlesim/share/turtlesim/cmake/turtlesim__rosidl_typesupport_introspection_cppExport.cmake
[1.434s] -- Up-to-date: /home/kyu8/ros2_ws/install/turtlesim/share/turtlesim/cmake/turtlesim__rosidl_typesupport_introspection_cppExport-noconfig.cmake
[1.434s] -- Up-to-date: /home/kyu8/ros2_ws/install/turtlesim/share/turtlesim/cmake/turtlesim__rosidl_typesupport_cppExport.cmake
[1.434s] -- Up-to-date: /home/kyu8/ros2_ws/install/turtlesim/share/turtlesim/cmake/turtlesim__rosidl_typesupport_cppExport-noconfig.cmake
[1.434s] -- Up-to-date: /home/kyu8/ros2_ws/install/turtlesim/share/turtlesim/cmake/export_turtlesim__rosidl_generator_pyExport.cmake
[1.434s] -- Up-to-date: /home/kyu8/ros2_ws/install/turtlesim/share/turtlesim/cmake/export_turtlesim__rosidl_generator_pyExport-noconfig.cmake
[1.434s] -- Up-to-date: /home/kyu8/ros2_ws/install/turtlesim/share/turtlesim/cmake/rosidl_cmake-extras.cmake
[1.434s] -- Up-to-date: /home/kyu8/ros2_ws/install/turtlesim/share/turtlesim/cmake/ament_cmake_export_dependencies-extras.cmake
[1.434s] -- Up-to-date: /home/kyu8/ros2_ws/install/turtlesim/share/turtlesim/cmake/ament_cmake_export_include_directories-extras.cmake
[1.434s] -- Up-to-date: /home/kyu8/ros2_ws/install/turtlesim/share/turtlesim/cmake/ament_cmake_export_libraries-extras.cmake
[1.434s] -- Up-to-date: /home/kyu8/ros2_ws/install/turtlesim/share/turtlesim/cmake/ament_cmake_export_targets-extras.cmake
[1.434s] -- Up-to-date: /home/kyu8/ros2_ws/install/turtlesim/share/turtlesim/cmake/rosidl_cmake_export_typesupport_targets-extras.cmake
[1.434s] -- Up-to-date: /home/kyu8/ros2_ws/install/turtlesim/share/turtlesim/cmake/rosidl_cmake_export_typesupport_libraries-extras.cmake
[1.435s] -- Up-to-date: /home/kyu8/ros2_ws/install/turtlesim/share/turtlesim/cmake/turtlesimConfig.cmake
[1.435s] -- Up-to-date: /home/kyu8/ros2_ws/install/turtlesim/share/turtlesim/cmake/turtlesimConfig-version.cmake
[1.435s] -- Up-to-date: /home/kyu8/ros2_ws/install/turtlesim/share/turtlesim/package.xml
[1.437s] Invoked command in '/home/kyu8/ros2_ws/build/turtlesim' returned '0': CMAKE_PREFIX_PATH=/opt/ros/rolling:/opt/ros/humble /usr/bin/cmake --install /home/kyu8/ros2_ws/build/turtlesim
