[2.972s] Invoking command in '/home/kyu8/ros2_ws/src/my_package': PYTHONPATH=/home/kyu8/ros2_ws/build/my_package/prefix_override:/home/kyu8/ros2_ws/install/my_package/lib/python3.10/site-packages:${PYTHONPATH} /usr/bin/python3 setup.py egg_info --egg-base ../../build/my_package build --build-base /home/kyu8/ros2_ws/build/my_package/build install --record /home/kyu8/ros2_ws/build/my_package/install.log --single-version-externally-managed
[3.476s] running egg_info
[3.479s] writing ../../build/my_package/my_package.egg-info/PKG-INFO
[3.479s] writing dependency_links to ../../build/my_package/my_package.egg-info/dependency_links.txt
[3.480s] writing entry points to ../../build/my_package/my_package.egg-info/entry_points.txt
[3.480s] writing requirements to ../../build/my_package/my_package.egg-info/requires.txt
[3.481s] writing top-level names to ../../build/my_package/my_package.egg-info/top_level.txt
[3.484s] reading manifest file '../../build/my_package/my_package.egg-info/SOURCES.txt'
[3.484s] writing manifest file '../../build/my_package/my_package.egg-info/SOURCES.txt'
[3.490s] running build
[3.492s] /usr/lib/python3/dist-packages/setuptools/command/install.py:34: SetuptoolsDeprecationWarning: setup.py install is deprecated. Use build and pip and other standards-based tools.
[3.492s]   warnings.warn(
[3.492s] running build_py
[3.492s] running install
[3.492s] running install_lib
[3.493s] running install_data
[3.493s] running install_egg_info
[3.513s] removing '/home/kyu8/ros2_ws/install/my_package/lib/python3.10/site-packages/my_package-0.0.0-py3.10.egg-info' (and everything under it)
[3.513s] Copying ../../build/my_package/my_package.egg-info to /home/kyu8/ros2_ws/install/my_package/lib/python3.10/site-packages/my_package-0.0.0-py3.10.egg-info
[3.514s] running install_scripts
[3.536s] Installing my_node script to /home/kyu8/ros2_ws/install/my_package/lib/my_package
[3.536s] writing list of installed files to '/home/kyu8/ros2_ws/build/my_package/install.log'
[3.788s] Invoked command in '/home/kyu8/ros2_ws/src/my_package' returned '0': PYTHONPATH=/home/kyu8/ros2_ws/build/my_package/prefix_override:/home/kyu8/ros2_ws/install/my_package/lib/python3.10/site-packages:${PYTHONPATH} /usr/bin/python3 setup.py egg_info --egg-base ../../build/my_package build --build-base /home/kyu8/ros2_ws/build/my_package/build install --record /home/kyu8/ros2_ws/build/my_package/install.log --single-version-externally-managed
