[0.100s] Invoking command in '/home/kyu8/ros2_ws/build/turtlesim': CMAKE_PREFIX_PATH=/opt/ros/rolling:/opt/ros/humble /usr/bin/cmake /home/kyu8/ros2_ws/src/ros_tutorials/turtlesim -DCMAKE_INSTALL_PREFIX=/home/kyu8/ros2_ws/install/turtlesim
[0.179s] -- The C compiler identification is GNU 11.4.0
[0.259s] -- The CXX compiler identification is GNU 11.4.0
[0.268s] -- Detecting C compiler ABI info
[0.360s] -- Detecting C compiler ABI info - done
[0.372s] -- Check for working C compiler: /usr/bin/cc - skipped
[0.372s] -- Detecting C compile features
[0.372s] -- Detecting C compile features - done
[0.376s] -- Detecting CXX compiler ABI info
[0.480s] -- Detecting CXX compiler ABI info - done
[0.494s] -- Check for working CXX compiler: /usr/bin/c++ - skipped
[0.494s] -- Detecting CXX compile features
[0.494s] -- Detecting CXX compile features - done
[0.497s] -- Found ament_cmake: 2.3.0 (/opt/ros/rolling/share/ament_cmake/cmake)
[0.711s] -- Found Python3: /usr/bin/python3.10 (found version "3.10.12") found components: Interpreter 
[0.813s] -- Found ament_index_cpp: 1.7.0 (/opt/ros/rolling/share/ament_index_cpp/cmake)
[0.815s] -- Found geometry_msgs: 5.2.0 (/opt/ros/rolling/share/geometry_msgs/cmake)
[0.863s] -- Found rosidl_generator_c: 4.4.1 (/opt/ros/rolling/share/rosidl_generator_c/cmake)
[0.878s] -- Found rosidl_generator_cpp: 4.4.1 (/opt/ros/rolling/share/rosidl_generator_cpp/cmake)
[0.897s] -- Using all available rosidl_typesupport_c: rosidl_typesupport_fastrtps_c;rosidl_typesupport_introspection_c
[0.921s] -- Using all available rosidl_typesupport_cpp: rosidl_typesupport_fastrtps_cpp;rosidl_typesupport_introspection_cpp
[1.098s] -- Found rclcpp: 23.2.0 (/opt/ros/rolling/share/rclcpp/cmake)
[1.305s] -- Found rmw_implementation_cmake: 7.2.1 (/opt/ros/rolling/share/rmw_implementation_cmake/cmake)
[1.308s] -- Found rmw_fastrtps_cpp: 7.6.0 (/opt/ros/rolling/share/rmw_fastrtps_cpp/cmake)
[1.462s] -- Found OpenSSL: /usr/lib/x86_64-linux-gnu/libcrypto.so (found version "3.0.2")  
[1.505s] -- Found FastRTPS: /opt/ros/rolling/include  
[1.575s] -- Using RMW implementation 'rmw_fastrtps_cpp' as default
[1.809s] -- Found rclcpp_action: 23.2.0 (/opt/ros/rolling/share/rclcpp_action/cmake)
[1.980s] -- Found rosidl_default_generators: 1.6.0 (/opt/ros/rolling/share/rosidl_default_generators/cmake)
[1.995s] -- Found rosidl_adapter: 4.4.1 (/opt/ros/rolling/share/rosidl_adapter/cmake)
[2.004s] -- Found std_srvs: 5.2.0 (/opt/ros/rolling/share/std_srvs/cmake)
[2.560s] -- Found ament_cmake_ros: 0.12.0 (/opt/ros/rolling/share/ament_cmake_ros/cmake)
[2.978s] -- Using all available rosidl_typesupport_c: rosidl_typesupport_fastrtps_c;rosidl_typesupport_introspection_c
[3.137s] -- Using all available rosidl_typesupport_cpp: rosidl_typesupport_fastrtps_cpp;rosidl_typesupport_introspection_cpp
[3.163s] -- Found PythonInterp: /usr/bin/python3 (found suitable version "3.10.12", minimum required is "3.6") 
[3.165s] -- Found python_cmake_module: 0.11.0 (/opt/ros/rolling/share/python_cmake_module/cmake)
[3.202s] -- Found PythonLibs: /usr/lib/x86_64-linux-gnu/libpython3.10.so (found suitable version "3.10.12", minimum required is "3.5") 
[3.202s] -- Using PYTHON_EXECUTABLE: /usr/bin/python3
[3.202s] -- Using PYTHON_INCLUDE_DIRS: /usr/include/python3.10
[3.202s] -- Using PYTHON_LIBRARIES: /usr/lib/x86_64-linux-gnu/libpython3.10.so
[3.235s] -- Found PythonExtra: .so  
[3.310s] -- Configuring done
[3.416s] -- Generating done
[3.421s] -- Build files have been written to: /home/kyu8/ros2_ws/build/turtlesim
[3.443s] Invoked command in '/home/kyu8/ros2_ws/build/turtlesim' returned '0': CMAKE_PREFIX_PATH=/opt/ros/rolling:/opt/ros/humble /usr/bin/cmake /home/kyu8/ros2_ws/src/ros_tutorials/turtlesim -DCMAKE_INSTALL_PREFIX=/home/kyu8/ros2_ws/install/turtlesim
[3.446s] Invoking command in '/home/kyu8/ros2_ws/build/turtlesim': CMAKE_PREFIX_PATH=/opt/ros/rolling:/opt/ros/humble /usr/bin/cmake --build /home/kyu8/ros2_ws/build/turtlesim -- -j5 -l5
[3.518s] [  0%] [34m[1mGenerating type hashes for ROS interfaces[0m
[3.529s] [  0%] Built target ament_cmake_python_copy_turtlesim
[3.918s] running egg_info
[3.919s] creating turtlesim.egg-info
[3.919s] writing turtlesim.egg-info/PKG-INFO
[3.920s] writing dependency_links to turtlesim.egg-info/dependency_links.txt
[3.920s] writing top-level names to turtlesim.egg-info/top_level.txt
[3.920s] writing manifest file 'turtlesim.egg-info/SOURCES.txt'
[3.924s] reading manifest file 'turtlesim.egg-info/SOURCES.txt'
[3.925s] writing manifest file 'turtlesim.egg-info/SOURCES.txt'
[3.969s] [  0%] Built target ament_cmake_python_build_turtlesim_egg
[4.015s] [  0%] Built target turtlesim__rosidl_generator_type_description
[4.033s] [  1%] [34m[1mGenerating C code for ROS interfaces[0m
[4.045s] [  2%] [34m[1mGenerating C++ code for ROS interfaces[0m
[5.880s] [  2%] Built target turtlesim__cpp
[6.282s] [  5%] [32mBuilding C object CMakeFiles/turtlesim__rosidl_generator_c.dir/rosidl_generator_c/turtlesim/action/detail/rotate_absolute__type_support.c.o[0m
[6.282s] [  5%] [32mBuilding C object CMakeFiles/turtlesim__rosidl_generator_c.dir/rosidl_generator_c/turtlesim/action/detail/rotate_absolute__functions.c.o[0m
[6.282s] [  5%] [32mBuilding C object CMakeFiles/turtlesim__rosidl_generator_c.dir/rosidl_generator_c/turtlesim/action/detail/rotate_absolute__description.c.o[0m
[6.283s] [  6%] [32mBuilding C object CMakeFiles/turtlesim__rosidl_generator_c.dir/rosidl_generator_c/turtlesim/msg/detail/color__description.c.o[0m
[6.285s] [  7%] [32mBuilding C object CMakeFiles/turtlesim__rosidl_generator_c.dir/rosidl_generator_c/turtlesim/msg/detail/color__functions.c.o[0m
[6.333s] [  7%] [32mBuilding C object CMakeFiles/turtlesim__rosidl_generator_c.dir/rosidl_generator_c/turtlesim/msg/detail/color__type_support.c.o[0m
[6.341s] [  8%] [32mBuilding C object CMakeFiles/turtlesim__rosidl_generator_c.dir/rosidl_generator_c/turtlesim/msg/detail/pose__description.c.o[0m
[6.342s] [  9%] [32mBuilding C object CMakeFiles/turtlesim__rosidl_generator_c.dir/rosidl_generator_c/turtlesim/msg/detail/pose__functions.c.o[0m
[6.380s] [ 10%] [32mBuilding C object CMakeFiles/turtlesim__rosidl_generator_c.dir/rosidl_generator_c/turtlesim/msg/detail/pose__type_support.c.o[0m
[6.389s] [ 11%] [32mBuilding C object CMakeFiles/turtlesim__rosidl_generator_c.dir/rosidl_generator_c/turtlesim/srv/detail/kill__description.c.o[0m
[6.393s] [ 12%] [32mBuilding C object CMakeFiles/turtlesim__rosidl_generator_c.dir/rosidl_generator_c/turtlesim/srv/detail/kill__functions.c.o[0m
[6.411s] [ 13%] [32mBuilding C object CMakeFiles/turtlesim__rosidl_generator_c.dir/rosidl_generator_c/turtlesim/srv/detail/kill__type_support.c.o[0m
[6.444s] [ 13%] [32mBuilding C object CMakeFiles/turtlesim__rosidl_generator_c.dir/rosidl_generator_c/turtlesim/srv/detail/set_pen__description.c.o[0m
[6.454s] [ 14%] [32mBuilding C object CMakeFiles/turtlesim__rosidl_generator_c.dir/rosidl_generator_c/turtlesim/srv/detail/set_pen__functions.c.o[0m
[6.458s] [ 15%] [32mBuilding C object CMakeFiles/turtlesim__rosidl_generator_c.dir/rosidl_generator_c/turtlesim/srv/detail/set_pen__type_support.c.o[0m
[6.460s] [ 16%] [32mBuilding C object CMakeFiles/turtlesim__rosidl_generator_c.dir/rosidl_generator_c/turtlesim/srv/detail/spawn__description.c.o[0m
[6.489s] [ 17%] [32mBuilding C object CMakeFiles/turtlesim__rosidl_generator_c.dir/rosidl_generator_c/turtlesim/srv/detail/spawn__functions.c.o[0m
[6.512s] [ 18%] [32mBuilding C object CMakeFiles/turtlesim__rosidl_generator_c.dir/rosidl_generator_c/turtlesim/srv/detail/spawn__type_support.c.o[0m
[6.516s] [ 19%] [32mBuilding C object CMakeFiles/turtlesim__rosidl_generator_c.dir/rosidl_generator_c/turtlesim/srv/detail/teleport_absolute__description.c.o[0m
[6.535s] [ 20%] [32mBuilding C object CMakeFiles/turtlesim__rosidl_generator_c.dir/rosidl_generator_c/turtlesim/srv/detail/teleport_absolute__functions.c.o[0m
[6.546s] [ 20%] [32mBuilding C object CMakeFiles/turtlesim__rosidl_generator_c.dir/rosidl_generator_c/turtlesim/srv/detail/teleport_absolute__type_support.c.o[0m
[6.574s] [ 21%] [32mBuilding C object CMakeFiles/turtlesim__rosidl_generator_c.dir/rosidl_generator_c/turtlesim/srv/detail/teleport_relative__description.c.o[0m
[6.583s] [ 22%] [32mBuilding C object CMakeFiles/turtlesim__rosidl_generator_c.dir/rosidl_generator_c/turtlesim/srv/detail/teleport_relative__functions.c.o[0m
[6.589s] [ 23%] [32mBuilding C object CMakeFiles/turtlesim__rosidl_generator_c.dir/rosidl_generator_c/turtlesim/srv/detail/teleport_relative__type_support.c.o[0m
[6.668s] [ 24%] [32m[1mLinking C shared library libturtlesim__rosidl_generator_c.so[0m
[6.732s] [ 24%] Built target turtlesim__rosidl_generator_c
[6.745s] [ 26%] [34m[1mGenerating C type support dispatch for ROS interfaces[0m
[6.746s] [ 27%] [34m[1mGenerating C introspection for ROS interfaces[0m
[6.746s] [ 28%] [34m[1mGenerating C++ type support dispatch for ROS interfaces[0m
[6.746s] [ 27%] [34m[1mGenerating C type support for eProsima Fast-RTPS[0m
[6.747s] [ 29%] [34m[1mGenerating C++ type support for eProsima Fast-RTPS[0m
[7.743s] [ 30%] [32mBuilding CXX object CMakeFiles/turtlesim__rosidl_typesupport_c.dir/rosidl_typesupport_c/turtlesim/action/rotate_absolute__type_support.cpp.o[0m
[7.774s] [ 31%] [32mBuilding CXX object CMakeFiles/turtlesim__rosidl_typesupport_cpp.dir/rosidl_typesupport_cpp/turtlesim/action/rotate_absolute__type_support.cpp.o[0m
[7.858s] [ 32%] [32mBuilding CXX object CMakeFiles/turtlesim__rosidl_typesupport_c.dir/rosidl_typesupport_c/turtlesim/msg/color__type_support.cpp.o[0m
[7.921s] [ 33%] [32mBuilding CXX object CMakeFiles/turtlesim__rosidl_typesupport_c.dir/rosidl_typesupport_c/turtlesim/msg/pose__type_support.cpp.o[0m
[7.980s] [ 34%] [32mBuilding CXX object CMakeFiles/turtlesim__rosidl_typesupport_c.dir/rosidl_typesupport_c/turtlesim/srv/kill__type_support.cpp.o[0m
[8.038s] [ 35%] [32mBuilding CXX object CMakeFiles/turtlesim__rosidl_typesupport_c.dir/rosidl_typesupport_c/turtlesim/srv/set_pen__type_support.cpp.o[0m
[8.098s] [ 35%] [32mBuilding CXX object CMakeFiles/turtlesim__rosidl_typesupport_c.dir/rosidl_typesupport_c/turtlesim/srv/spawn__type_support.cpp.o[0m
[8.154s] [ 36%] [32mBuilding CXX object CMakeFiles/turtlesim__rosidl_typesupport_c.dir/rosidl_typesupport_c/turtlesim/srv/teleport_absolute__type_support.cpp.o[0m
[8.229s] [ 37%] [32mBuilding CXX object CMakeFiles/turtlesim__rosidl_typesupport_c.dir/rosidl_typesupport_c/turtlesim/srv/teleport_relative__type_support.cpp.o[0m
[8.286s] [ 38%] [32m[1mLinking CXX shared library libturtlesim__rosidl_typesupport_c.so[0m
[8.347s] [ 38%] Built target turtlesim__rosidl_typesupport_c
[8.363s] [ 39%] [34m[1mGenerating C++ introspection for ROS interfaces[0m
[8.397s] [ 40%] [32mBuilding C object CMakeFiles/turtlesim__rosidl_typesupport_introspection_c.dir/rosidl_typesupport_introspection_c/turtlesim/action/detail/rotate_absolute__type_support.c.o[0m
[8.479s] [ 41%] [32mBuilding CXX object CMakeFiles/turtlesim__rosidl_typesupport_fastrtps_c.dir/rosidl_typesupport_fastrtps_c/turtlesim/action/detail/rotate_absolute__type_support_c.cpp.o[0m
[8.491s] [ 42%] [32mBuilding C object CMakeFiles/turtlesim__rosidl_typesupport_introspection_c.dir/rosidl_typesupport_introspection_c/turtlesim/msg/detail/color__type_support.c.o[0m
[8.545s] [ 43%] [32mBuilding C object CMakeFiles/turtlesim__rosidl_typesupport_introspection_c.dir/rosidl_typesupport_introspection_c/turtlesim/msg/detail/pose__type_support.c.o[0m
[8.556s] [ 43%] [32mBuilding CXX object CMakeFiles/turtlesim__rosidl_typesupport_fastrtps_cpp.dir/rosidl_typesupport_fastrtps_cpp/turtlesim/action/detail/dds_fastrtps/rotate_absolute__type_support.cpp.o[0m
[8.597s] [ 44%] [32mBuilding C object CMakeFiles/turtlesim__rosidl_typesupport_introspection_c.dir/rosidl_typesupport_introspection_c/turtlesim/srv/detail/kill__type_support.c.o[0m
[8.648s] [ 44%] [32mBuilding CXX object CMakeFiles/turtlesim__rosidl_typesupport_cpp.dir/rosidl_typesupport_cpp/turtlesim/msg/color__type_support.cpp.o[0m
[8.656s] [ 45%] [32mBuilding C object CMakeFiles/turtlesim__rosidl_typesupport_introspection_c.dir/rosidl_typesupport_introspection_c/turtlesim/srv/detail/set_pen__type_support.c.o[0m
[8.720s] [ 45%] [32mBuilding C object CMakeFiles/turtlesim__rosidl_typesupport_introspection_c.dir/rosidl_typesupport_introspection_c/turtlesim/srv/detail/spawn__type_support.c.o[0m
[8.777s] [ 46%] [32mBuilding C object CMakeFiles/turtlesim__rosidl_typesupport_introspection_c.dir/rosidl_typesupport_introspection_c/turtlesim/srv/detail/teleport_absolute__type_support.c.o[0m
[8.837s] [ 47%] [32mBuilding C object CMakeFiles/turtlesim__rosidl_typesupport_introspection_c.dir/rosidl_typesupport_introspection_c/turtlesim/srv/detail/teleport_relative__type_support.c.o[0m
[8.896s] [ 48%] [32m[1mLinking C shared library libturtlesim__rosidl_typesupport_introspection_c.so[0m
[8.943s] [ 49%] [32mBuilding CXX object CMakeFiles/turtlesim__rosidl_typesupport_fastrtps_c.dir/rosidl_typesupport_fastrtps_c/turtlesim/msg/detail/color__type_support_c.cpp.o[0m
[8.952s] [ 49%] Built target turtlesim__rosidl_typesupport_introspection_c
[8.969s] [ 50%] [32mBuilding CXX object CMakeFiles/turtlesim__rosidl_typesupport_cpp.dir/rosidl_typesupport_cpp/turtlesim/msg/pose__type_support.cpp.o[0m
[9.129s] [ 51%] [32mBuilding CXX object CMakeFiles/turtlesim__rosidl_typesupport_cpp.dir/rosidl_typesupport_cpp/turtlesim/srv/kill__type_support.cpp.o[0m
[9.322s] [ 52%] [32mBuilding CXX object CMakeFiles/turtlesim__rosidl_typesupport_fastrtps_c.dir/rosidl_typesupport_fastrtps_c/turtlesim/msg/detail/pose__type_support_c.cpp.o[0m
[9.384s] [ 53%] [32mBuilding CXX object CMakeFiles/turtlesim__rosidl_typesupport_cpp.dir/rosidl_typesupport_cpp/turtlesim/srv/set_pen__type_support.cpp.o[0m
[9.668s] [ 54%] [32mBuilding CXX object CMakeFiles/turtlesim__rosidl_typesupport_fastrtps_cpp.dir/rosidl_typesupport_fastrtps_cpp/turtlesim/msg/detail/dds_fastrtps/color__type_support.cpp.o[0m
[9.671s] [ 55%] [32mBuilding CXX object CMakeFiles/turtlesim__rosidl_typesupport_fastrtps_c.dir/rosidl_typesupport_fastrtps_c/turtlesim/srv/detail/kill__type_support_c.cpp.o[0m
[9.681s] [ 56%] [32mBuilding CXX object CMakeFiles/turtlesim__rosidl_typesupport_cpp.dir/rosidl_typesupport_cpp/turtlesim/srv/spawn__type_support.cpp.o[0m
[9.784s] [ 56%] [32mBuilding CXX object CMakeFiles/turtlesim__rosidl_typesupport_introspection_cpp.dir/rosidl_typesupport_introspection_cpp/turtlesim/action/detail/rotate_absolute__type_support.cpp.o[0m
[9.904s] [ 57%] [32mBuilding CXX object CMakeFiles/turtlesim__rosidl_typesupport_fastrtps_c.dir/rosidl_typesupport_fastrtps_c/turtlesim/srv/detail/set_pen__type_support_c.cpp.o[0m
[10.085s] [ 57%] [32mBuilding CXX object CMakeFiles/turtlesim__rosidl_typesupport_fastrtps_c.dir/rosidl_typesupport_fastrtps_c/turtlesim/srv/detail/spawn__type_support_c.cpp.o[0m
[10.228s] [ 58%] [32mBuilding CXX object CMakeFiles/turtlesim__rosidl_typesupport_cpp.dir/rosidl_typesupport_cpp/turtlesim/srv/teleport_absolute__type_support.cpp.o[0m
[10.260s] [ 59%] [32mBuilding CXX object CMakeFiles/turtlesim__rosidl_typesupport_fastrtps_cpp.dir/rosidl_typesupport_fastrtps_cpp/turtlesim/msg/detail/dds_fastrtps/pose__type_support.cpp.o[0m
[10.301s] [ 60%] [32mBuilding CXX object CMakeFiles/turtlesim__rosidl_typesupport_fastrtps_c.dir/rosidl_typesupport_fastrtps_c/turtlesim/srv/detail/teleport_absolute__type_support_c.cpp.o[0m
[10.498s] [ 61%] [32mBuilding CXX object CMakeFiles/turtlesim__rosidl_typesupport_fastrtps_c.dir/rosidl_typesupport_fastrtps_c/turtlesim/srv/detail/teleport_relative__type_support_c.cpp.o[0m
[10.701s] [ 62%] [32mBuilding CXX object CMakeFiles/turtlesim__rosidl_typesupport_fastrtps_cpp.dir/rosidl_typesupport_fastrtps_cpp/turtlesim/srv/detail/dds_fastrtps/kill__type_support.cpp.o[0m
[10.728s] [ 63%] [32mBuilding CXX object CMakeFiles/turtlesim__rosidl_typesupport_cpp.dir/rosidl_typesupport_cpp/turtlesim/srv/teleport_relative__type_support.cpp.o[0m
[10.761s] [ 64%] [32mBuilding CXX object CMakeFiles/turtlesim__rosidl_typesupport_introspection_cpp.dir/rosidl_typesupport_introspection_cpp/turtlesim/msg/detail/color__type_support.cpp.o[0m
[10.820s] [ 65%] [32mBuilding CXX object CMakeFiles/turtlesim__rosidl_typesupport_fastrtps_cpp.dir/rosidl_typesupport_fastrtps_cpp/turtlesim/srv/detail/dds_fastrtps/set_pen__type_support.cpp.o[0m
[10.907s] [ 66%] [32m[1mLinking CXX shared library libturtlesim__rosidl_typesupport_fastrtps_c.so[0m
[11.078s] [ 66%] Built target turtlesim__rosidl_typesupport_fastrtps_c
[11.091s] [ 67%] [32mBuilding CXX object CMakeFiles/turtlesim__rosidl_typesupport_fastrtps_cpp.dir/rosidl_typesupport_fastrtps_cpp/turtlesim/srv/detail/dds_fastrtps/spawn__type_support.cpp.o[0m
[11.211s] [ 67%] [32m[1mLinking CXX shared library libturtlesim__rosidl_typesupport_cpp.so[0m
[11.220s] [ 68%] [32mBuilding CXX object CMakeFiles/turtlesim__rosidl_typesupport_introspection_cpp.dir/rosidl_typesupport_introspection_cpp/turtlesim/msg/detail/pose__type_support.cpp.o[0m
[11.414s] [ 68%] Built target turtlesim__rosidl_typesupport_cpp
[11.429s] [ 69%] [34m[1mGenerating include/turtlesim/moc_turtle_frame.cpp[0m
[11.459s] [ 70%] [32mBuilding CXX object CMakeFiles/turtlesim__rosidl_typesupport_fastrtps_cpp.dir/rosidl_typesupport_fastrtps_cpp/turtlesim/srv/detail/dds_fastrtps/teleport_absolute__type_support.cpp.o[0m
[11.570s] [ 72%] [32mBuilding CXX object CMakeFiles/turtlesim__rosidl_typesupport_fastrtps_cpp.dir/rosidl_typesupport_fastrtps_cpp/turtlesim/srv/detail/dds_fastrtps/teleport_relative__type_support.cpp.o[0m
[11.570s] [ 72%] [32mBuilding CXX object CMakeFiles/turtlesim_node.dir/src/turtlesim.cpp.o[0m
[11.636s] [ 73%] [32mBuilding CXX object CMakeFiles/turtlesim__rosidl_typesupport_introspection_cpp.dir/rosidl_typesupport_introspection_cpp/turtlesim/srv/detail/kill__type_support.cpp.o[0m
[11.809s] [ 74%] [32mBuilding CXX object CMakeFiles/turtlesim__rosidl_typesupport_introspection_cpp.dir/rosidl_typesupport_introspection_cpp/turtlesim/srv/detail/set_pen__type_support.cpp.o[0m
[12.198s] [ 75%] [32mBuilding CXX object CMakeFiles/turtlesim__rosidl_typesupport_introspection_cpp.dir/rosidl_typesupport_introspection_cpp/turtlesim/srv/detail/spawn__type_support.cpp.o[0m
[12.211s] [ 76%] [32mBuilding CXX object CMakeFiles/turtlesim__rosidl_typesupport_introspection_cpp.dir/rosidl_typesupport_introspection_cpp/turtlesim/srv/detail/teleport_absolute__type_support.cpp.o[0m
[12.343s] [ 76%] [32m[1mLinking CXX shared library libturtlesim__rosidl_typesupport_fastrtps_cpp.so[0m
[12.375s] [ 76%] [32mBuilding CXX object CMakeFiles/turtlesim__rosidl_typesupport_introspection_cpp.dir/rosidl_typesupport_introspection_cpp/turtlesim/srv/detail/teleport_relative__type_support.cpp.o[0m
[12.548s] [ 76%] Built target turtlesim__rosidl_typesupport_fastrtps_cpp
[12.578s] [ 77%] [32mBuilding CXX object CMakeFiles/turtle_teleop_key.dir/tutorials/teleop_turtle_key.cpp.o[0m
[12.762s] [ 77%] [32mBuilding CXX object CMakeFiles/draw_square.dir/tutorials/draw_square.cpp.o[0m
[12.771s] [ 78%] [32mBuilding CXX object CMakeFiles/mimic.dir/tutorials/mimic.cpp.o[0m
[12.900s] [ 79%] [32m[1mLinking CXX shared library libturtlesim__rosidl_typesupport_introspection_cpp.so[0m
[13.096s] [ 79%] Built target turtlesim__rosidl_typesupport_introspection_cpp
[13.126s] [ 79%] Built target turtlesim
[13.152s] [ 79%] [34m[1mGenerating Python code for ROS interfaces[0m
[16.895s] [ 79%] Built target turtlesim__py
[16.922s] [ 80%] [32mBuilding C object CMakeFiles/turtlesim__rosidl_generator_py.dir/rosidl_generator_py/turtlesim/action/_rotate_absolute_s.c.o[0m
[17.126s] [ 81%] [32mBuilding C object CMakeFiles/turtlesim__rosidl_generator_py.dir/rosidl_generator_py/turtlesim/msg/_color_s.c.o[0m
[17.249s] [ 81%] [32mBuilding C object CMakeFiles/turtlesim__rosidl_generator_py.dir/rosidl_generator_py/turtlesim/msg/_pose_s.c.o[0m
[17.386s] [ 82%] [32mBuilding C object CMakeFiles/turtlesim__rosidl_generator_py.dir/rosidl_generator_py/turtlesim/srv/_kill_s.c.o[0m
[17.533s] [ 83%] [32mBuilding C object CMakeFiles/turtlesim__rosidl_generator_py.dir/rosidl_generator_py/turtlesim/srv/_set_pen_s.c.o[0m
[17.693s] [ 84%] [32mBuilding C object CMakeFiles/turtlesim__rosidl_generator_py.dir/rosidl_generator_py/turtlesim/srv/_spawn_s.c.o[0m
[17.855s] [ 85%] [32mBuilding C object CMakeFiles/turtlesim__rosidl_generator_py.dir/rosidl_generator_py/turtlesim/srv/_teleport_absolute_s.c.o[0m
[18.041s] [ 86%] [32mBuilding C object CMakeFiles/turtlesim__rosidl_generator_py.dir/rosidl_generator_py/turtlesim/srv/_teleport_relative_s.c.o[0m
[18.203s] [ 87%] [32m[1mLinking C shared library rosidl_generator_py/turtlesim/libturtlesim__rosidl_generator_py.so[0m
[18.322s] [ 87%] Built target turtlesim__rosidl_generator_py
[18.370s] [ 88%] [32mBuilding C object CMakeFiles/turtlesim__rosidl_typesupport_fastrtps_c__pyext.dir/rosidl_generator_py/turtlesim/_turtlesim_s.ep.rosidl_typesupport_fastrtps_c.c.o[0m
[18.640s] [ 89%] [32mBuilding CXX object CMakeFiles/turtlesim_node.dir/src/turtle.cpp.o[0m
[18.644s] [ 90%] [32m[1mLinking C shared library rosidl_generator_py/turtlesim/turtlesim_s__rosidl_typesupport_fastrtps_c.cpython-310-x86_64-linux-gnu.so[0m
[18.721s] [ 90%] Built target turtlesim__rosidl_typesupport_fastrtps_c__pyext
[18.750s] [ 91%] [32mBuilding C object CMakeFiles/turtlesim__rosidl_typesupport_introspection_c__pyext.dir/rosidl_generator_py/turtlesim/_turtlesim_s.ep.rosidl_typesupport_introspection_c.c.o[0m
[19.001s] [ 92%] [32m[1mLinking C shared library rosidl_generator_py/turtlesim/turtlesim_s__rosidl_typesupport_introspection_c.cpython-310-x86_64-linux-gnu.so[0m
[19.058s] [ 92%] Built target turtlesim__rosidl_typesupport_introspection_c__pyext
[19.085s] [ 93%] [32mBuilding C object CMakeFiles/turtlesim__rosidl_typesupport_c__pyext.dir/rosidl_generator_py/turtlesim/_turtlesim_s.ep.rosidl_typesupport_c.c.o[0m
[19.300s] [ 94%] [32m[1mLinking C shared library rosidl_generator_py/turtlesim/turtlesim_s__rosidl_typesupport_c.cpython-310-x86_64-linux-gnu.so[0m
[19.361s] [ 94%] Built target turtlesim__rosidl_typesupport_c__pyext
[19.372s] [ 95%] [32mBuilding CXX object CMakeFiles/turtlesim_node.dir/src/turtle_frame.cpp.o[0m
[20.368s] [ 96%] [32m[1mLinking CXX executable turtle_teleop_key[0m
[21.006s] [ 96%] Built target turtle_teleop_key
[21.020s] [ 97%] [32mBuilding CXX object CMakeFiles/turtlesim_node.dir/include/turtlesim/moc_turtle_frame.cpp.o[0m
[22.963s] [ 98%] [32m[1mLinking CXX executable mimic[0m
[23.678s] [ 99%] [32m[1mLinking CXX executable draw_square[0m
[23.961s] [ 99%] Built target mimic
[24.663s] [ 99%] Built target draw_square
[33.373s] [100%] [32m[1mLinking CXX executable turtlesim_node[0m
[38.779s] [100%] Built target turtlesim_node
[38.803s] Invoked command in '/home/kyu8/ros2_ws/build/turtlesim' returned '0': CMAKE_PREFIX_PATH=/opt/ros/rolling:/opt/ros/humble /usr/bin/cmake --build /home/kyu8/ros2_ws/build/turtlesim -- -j5 -l5
[39.174s] Invoking command in '/home/kyu8/ros2_ws/build/turtlesim': CMAKE_PREFIX_PATH=/opt/ros/rolling:/opt/ros/humble /usr/bin/cmake --install /home/kyu8/ros2_ws/build/turtlesim
[39.189s] -- Install configuration: ""
[39.189s] -- Installing: /home/kyu8/ros2_ws/install/turtlesim/share/ament_index/resource_index/rosidl_interfaces/turtlesim
[39.190s] -- Installing: /home/kyu8/ros2_ws/install/turtlesim/share/turtlesim/action/RotateAbsolute.json
[39.191s] -- Installing: /home/kyu8/ros2_ws/install/turtlesim/share/turtlesim/msg/Color.json
[39.192s] -- Installing: /home/kyu8/ros2_ws/install/turtlesim/share/turtlesim/msg/Pose.json
[39.192s] -- Installing: /home/kyu8/ros2_ws/install/turtlesim/share/turtlesim/srv/Kill.json
[39.193s] -- Installing: /home/kyu8/ros2_ws/install/turtlesim/share/turtlesim/srv/SetPen.json
[39.193s] -- Installing: /home/kyu8/ros2_ws/install/turtlesim/share/turtlesim/srv/Spawn.json
[39.194s] -- Installing: /home/kyu8/ros2_ws/install/turtlesim/share/turtlesim/srv/TeleportAbsolute.json
[39.195s] -- Installing: /home/kyu8/ros2_ws/install/turtlesim/share/turtlesim/srv/TeleportRelative.json
[39.196s] -- Installing: /home/kyu8/ros2_ws/install/turtlesim/include/turtlesim/turtlesim
[39.196s] -- Installing: /home/kyu8/ros2_ws/install/turtlesim/include/turtlesim/turtlesim/action
[39.196s] -- Installing: /home/kyu8/ros2_ws/install/turtlesim/include/turtlesim/turtlesim/action/detail
[39.196s] -- Installing: /home/kyu8/ros2_ws/install/turtlesim/include/turtlesim/turtlesim/action/detail/rotate_absolute__functions.c
[39.197s] -- Installing: /home/kyu8/ros2_ws/install/turtlesim/include/turtlesim/turtlesim/action/detail/rotate_absolute__type_support.c
[39.197s] -- Installing: /home/kyu8/ros2_ws/install/turtlesim/include/turtlesim/turtlesim/action/detail/rotate_absolute__type_support.h
[39.198s] -- Installing: /home/kyu8/ros2_ws/install/turtlesim/include/turtlesim/turtlesim/action/detail/rotate_absolute__struct.h
[39.198s] -- Installing: /home/kyu8/ros2_ws/install/turtlesim/include/turtlesim/turtlesim/action/detail/rotate_absolute__description.c
[39.199s] -- Installing: /home/kyu8/ros2_ws/install/turtlesim/include/turtlesim/turtlesim/action/detail/rotate_absolute__functions.h
[39.199s] -- Installing: /home/kyu8/ros2_ws/install/turtlesim/include/turtlesim/turtlesim/action/rotate_absolute.h
[39.200s] -- Installing: /home/kyu8/ros2_ws/install/turtlesim/include/turtlesim/turtlesim/srv
[39.200s] -- Installing: /home/kyu8/ros2_ws/install/turtlesim/include/turtlesim/turtlesim/srv/detail
[39.200s] -- Installing: /home/kyu8/ros2_ws/install/turtlesim/include/turtlesim/turtlesim/srv/detail/spawn__type_support.c
[39.200s] -- Installing: /home/kyu8/ros2_ws/install/turtlesim/include/turtlesim/turtlesim/srv/detail/teleport_relative__description.c
[39.201s] -- Installing: /home/kyu8/ros2_ws/install/turtlesim/include/turtlesim/turtlesim/srv/detail/spawn__struct.h
[39.201s] -- Installing: /home/kyu8/ros2_ws/install/turtlesim/include/turtlesim/turtlesim/srv/detail/spawn__type_support.h
[39.201s] -- Installing: /home/kyu8/ros2_ws/install/turtlesim/include/turtlesim/turtlesim/srv/detail/teleport_absolute__functions.c
[39.202s] -- Installing: /home/kyu8/ros2_ws/install/turtlesim/include/turtlesim/turtlesim/srv/detail/teleport_absolute__struct.h
[39.202s] -- Installing: /home/kyu8/ros2_ws/install/turtlesim/include/turtlesim/turtlesim/srv/detail/set_pen__functions.c
[39.203s] -- Installing: /home/kyu8/ros2_ws/install/turtlesim/include/turtlesim/turtlesim/srv/detail/set_pen__functions.h
[39.203s] -- Installing: /home/kyu8/ros2_ws/install/turtlesim/include/turtlesim/turtlesim/srv/detail/set_pen__struct.h
[39.203s] -- Installing: /home/kyu8/ros2_ws/install/turtlesim/include/turtlesim/turtlesim/srv/detail/kill__description.c
[39.204s] -- Installing: /home/kyu8/ros2_ws/install/turtlesim/include/turtlesim/turtlesim/srv/detail/set_pen__type_support.h
[39.205s] -- Installing: /home/kyu8/ros2_ws/install/turtlesim/include/turtlesim/turtlesim/srv/detail/kill__struct.h
[39.205s] -- Installing: /home/kyu8/ros2_ws/install/turtlesim/include/turtlesim/turtlesim/srv/detail/teleport_relative__functions.h
[39.205s] -- Installing: /home/kyu8/ros2_ws/install/turtlesim/include/turtlesim/turtlesim/srv/detail/teleport_relative__type_support.c
[39.205s] -- Installing: /home/kyu8/ros2_ws/install/turtlesim/include/turtlesim/turtlesim/srv/detail/teleport_absolute__type_support.c
[39.205s] -- Installing: /home/kyu8/ros2_ws/install/turtlesim/include/turtlesim/turtlesim/srv/detail/teleport_absolute__type_support.h
[39.206s] -- Installing: /home/kyu8/ros2_ws/install/turtlesim/include/turtlesim/turtlesim/srv/detail/set_pen__type_support.c
[39.206s] -- Installing: /home/kyu8/ros2_ws/install/turtlesim/include/turtlesim/turtlesim/srv/detail/spawn__description.c
[39.207s] -- Installing: /home/kyu8/ros2_ws/install/turtlesim/include/turtlesim/turtlesim/srv/detail/spawn__functions.h
[39.207s] -- Installing: /home/kyu8/ros2_ws/install/turtlesim/include/turtlesim/turtlesim/srv/detail/teleport_absolute__functions.h
[39.207s] -- Installing: /home/kyu8/ros2_ws/install/turtlesim/include/turtlesim/turtlesim/srv/detail/set_pen__description.c
[39.208s] -- Installing: /home/kyu8/ros2_ws/install/turtlesim/include/turtlesim/turtlesim/srv/detail/kill__functions.h
[39.208s] -- Installing: /home/kyu8/ros2_ws/install/turtlesim/include/turtlesim/turtlesim/srv/detail/kill__type_support.h
[39.208s] -- Installing: /home/kyu8/ros2_ws/install/turtlesim/include/turtlesim/turtlesim/srv/detail/kill__functions.c
[39.209s] -- Installing: /home/kyu8/ros2_ws/install/turtlesim/include/turtlesim/turtlesim/srv/detail/spawn__functions.c
[39.210s] -- Installing: /home/kyu8/ros2_ws/install/turtlesim/include/turtlesim/turtlesim/srv/detail/teleport_relative__functions.c
[39.210s] -- Installing: /home/kyu8/ros2_ws/install/turtlesim/include/turtlesim/turtlesim/srv/detail/teleport_absolute__description.c
[39.211s] -- Installing: /home/kyu8/ros2_ws/install/turtlesim/include/turtlesim/turtlesim/srv/detail/teleport_relative__struct.h
[39.211s] -- Installing: /home/kyu8/ros2_ws/install/turtlesim/include/turtlesim/turtlesim/srv/detail/kill__type_support.c
[39.211s] -- Installing: /home/kyu8/ros2_ws/install/turtlesim/include/turtlesim/turtlesim/srv/detail/teleport_relative__type_support.h
[39.211s] -- Installing: /home/kyu8/ros2_ws/install/turtlesim/include/turtlesim/turtlesim/srv/teleport_absolute.h
[39.212s] -- Installing: /home/kyu8/ros2_ws/install/turtlesim/include/turtlesim/turtlesim/srv/kill.h
[39.212s] -- Installing: /home/kyu8/ros2_ws/install/turtlesim/include/turtlesim/turtlesim/srv/spawn.h
[39.212s] -- Installing: /home/kyu8/ros2_ws/install/turtlesim/include/turtlesim/turtlesim/srv/set_pen.h
[39.212s] -- Installing: /home/kyu8/ros2_ws/install/turtlesim/include/turtlesim/turtlesim/srv/teleport_relative.h
[39.212s] -- Installing: /home/kyu8/ros2_ws/install/turtlesim/include/turtlesim/turtlesim/msg
[39.212s] -- Installing: /home/kyu8/ros2_ws/install/turtlesim/include/turtlesim/turtlesim/msg/detail
[39.212s] -- Installing: /home/kyu8/ros2_ws/install/turtlesim/include/turtlesim/turtlesim/msg/detail/pose__functions.c
[39.213s] -- Installing: /home/kyu8/ros2_ws/install/turtlesim/include/turtlesim/turtlesim/msg/detail/pose__functions.h
[39.213s] -- Installing: /home/kyu8/ros2_ws/install/turtlesim/include/turtlesim/turtlesim/msg/detail/color__description.c
[39.214s] -- Installing: /home/kyu8/ros2_ws/install/turtlesim/include/turtlesim/turtlesim/msg/detail/pose__struct.h
[39.214s] -- Installing: /home/kyu8/ros2_ws/install/turtlesim/include/turtlesim/turtlesim/msg/detail/color__type_support.c
[39.214s] -- Installing: /home/kyu8/ros2_ws/install/turtlesim/include/turtlesim/turtlesim/msg/detail/color__struct.h
[39.214s] -- Installing: /home/kyu8/ros2_ws/install/turtlesim/include/turtlesim/turtlesim/msg/detail/color__type_support.h
[39.215s] -- Installing: /home/kyu8/ros2_ws/install/turtlesim/include/turtlesim/turtlesim/msg/detail/pose__description.c
[39.215s] -- Installing: /home/kyu8/ros2_ws/install/turtlesim/include/turtlesim/turtlesim/msg/detail/color__functions.h
[39.215s] -- Installing: /home/kyu8/ros2_ws/install/turtlesim/include/turtlesim/turtlesim/msg/detail/pose__type_support.c
[39.216s] -- Installing: /home/kyu8/ros2_ws/install/turtlesim/include/turtlesim/turtlesim/msg/detail/pose__type_support.h
[39.216s] -- Installing: /home/kyu8/ros2_ws/install/turtlesim/include/turtlesim/turtlesim/msg/detail/color__functions.c
[39.216s] -- Installing: /home/kyu8/ros2_ws/install/turtlesim/include/turtlesim/turtlesim/msg/color.h
[39.217s] -- Installing: /home/kyu8/ros2_ws/install/turtlesim/include/turtlesim/turtlesim/msg/rosidl_generator_c__visibility_control.h
[39.217s] -- Installing: /home/kyu8/ros2_ws/install/turtlesim/include/turtlesim/turtlesim/msg/pose.h
[39.217s] -- Installing: /home/kyu8/ros2_ws/install/turtlesim/share/turtlesim/environment/library_path.sh
[39.217s] -- Installing: /home/kyu8/ros2_ws/install/turtlesim/share/turtlesim/environment/library_path.dsv
[39.218s] -- Installing: /home/kyu8/ros2_ws/install/turtlesim/lib/libturtlesim__rosidl_generator_c.so
[39.220s] -- Set runtime path of "/home/kyu8/ros2_ws/install/turtlesim/lib/libturtlesim__rosidl_generator_c.so" to ""
[39.220s] -- Up-to-date: /home/kyu8/ros2_ws/install/turtlesim/include/turtlesim/turtlesim
[39.221s] -- Up-to-date: /home/kyu8/ros2_ws/install/turtlesim/include/turtlesim/turtlesim/action
[39.221s] -- Up-to-date: /home/kyu8/ros2_ws/install/turtlesim/include/turtlesim/turtlesim/action/detail
[39.221s] -- Installing: /home/kyu8/ros2_ws/install/turtlesim/include/turtlesim/turtlesim/action/detail/rotate_absolute__rosidl_typesupport_fastrtps_c.h
[39.221s] -- Up-to-date: /home/kyu8/ros2_ws/install/turtlesim/include/turtlesim/turtlesim/srv
[39.221s] -- Up-to-date: /home/kyu8/ros2_ws/install/turtlesim/include/turtlesim/turtlesim/srv/detail
[39.221s] -- Installing: /home/kyu8/ros2_ws/install/turtlesim/include/turtlesim/turtlesim/srv/detail/teleport_absolute__rosidl_typesupport_fastrtps_c.h
[39.222s] -- Installing: /home/kyu8/ros2_ws/install/turtlesim/include/turtlesim/turtlesim/srv/detail/kill__rosidl_typesupport_fastrtps_c.h
[39.222s] -- Installing: /home/kyu8/ros2_ws/install/turtlesim/include/turtlesim/turtlesim/srv/detail/set_pen__rosidl_typesupport_fastrtps_c.h
[39.222s] -- Installing: /home/kyu8/ros2_ws/install/turtlesim/include/turtlesim/turtlesim/srv/detail/teleport_relative__rosidl_typesupport_fastrtps_c.h
[39.223s] -- Installing: /home/kyu8/ros2_ws/install/turtlesim/include/turtlesim/turtlesim/srv/detail/spawn__rosidl_typesupport_fastrtps_c.h
[39.223s] -- Up-to-date: /home/kyu8/ros2_ws/install/turtlesim/include/turtlesim/turtlesim/msg
[39.224s] -- Up-to-date: /home/kyu8/ros2_ws/install/turtlesim/include/turtlesim/turtlesim/msg/detail
[39.224s] -- Installing: /home/kyu8/ros2_ws/install/turtlesim/include/turtlesim/turtlesim/msg/detail/color__rosidl_typesupport_fastrtps_c.h
[39.224s] -- Installing: /home/kyu8/ros2_ws/install/turtlesim/include/turtlesim/turtlesim/msg/detail/pose__rosidl_typesupport_fastrtps_c.h
[39.225s] -- Installing: /home/kyu8/ros2_ws/install/turtlesim/include/turtlesim/turtlesim/msg/rosidl_typesupport_fastrtps_c__visibility_control.h
[39.225s] -- Installing: /home/kyu8/ros2_ws/install/turtlesim/lib/libturtlesim__rosidl_typesupport_fastrtps_c.so
[39.226s] -- Set runtime path of "/home/kyu8/ros2_ws/install/turtlesim/lib/libturtlesim__rosidl_typesupport_fastrtps_c.so" to ""
[39.226s] -- Up-to-date: /home/kyu8/ros2_ws/install/turtlesim/include/turtlesim/turtlesim
[39.227s] -- Up-to-date: /home/kyu8/ros2_ws/install/turtlesim/include/turtlesim/turtlesim/action
[39.227s] -- Up-to-date: /home/kyu8/ros2_ws/install/turtlesim/include/turtlesim/turtlesim/action/detail
[39.227s] -- Installing: /home/kyu8/ros2_ws/install/turtlesim/include/turtlesim/turtlesim/action/detail/rotate_absolute__struct.hpp
[39.227s] -- Installing: /home/kyu8/ros2_ws/install/turtlesim/include/turtlesim/turtlesim/action/detail/rotate_absolute__type_support.hpp
[39.227s] -- Installing: /home/kyu8/ros2_ws/install/turtlesim/include/turtlesim/turtlesim/action/detail/rotate_absolute__builder.hpp
[39.227s] -- Installing: /home/kyu8/ros2_ws/install/turtlesim/include/turtlesim/turtlesim/action/detail/rotate_absolute__traits.hpp
[39.227s] -- Installing: /home/kyu8/ros2_ws/install/turtlesim/include/turtlesim/turtlesim/action/rotate_absolute.hpp
[39.227s] -- Up-to-date: /home/kyu8/ros2_ws/install/turtlesim/include/turtlesim/turtlesim/srv
[39.227s] -- Installing: /home/kyu8/ros2_ws/install/turtlesim/include/turtlesim/turtlesim/srv/teleport_relative.hpp
[39.227s] -- Up-to-date: /home/kyu8/ros2_ws/install/turtlesim/include/turtlesim/turtlesim/srv/detail
[39.228s] -- Installing: /home/kyu8/ros2_ws/install/turtlesim/include/turtlesim/turtlesim/srv/detail/teleport_relative__struct.hpp
[39.228s] -- Installing: /home/kyu8/ros2_ws/install/turtlesim/include/turtlesim/turtlesim/srv/detail/teleport_absolute__type_support.hpp
[39.228s] -- Installing: /home/kyu8/ros2_ws/install/turtlesim/include/turtlesim/turtlesim/srv/detail/set_pen__type_support.hpp
[39.228s] -- Installing: /home/kyu8/ros2_ws/install/turtlesim/include/turtlesim/turtlesim/srv/detail/set_pen__struct.hpp
[39.228s] -- Installing: /home/kyu8/ros2_ws/install/turtlesim/include/turtlesim/turtlesim/srv/detail/set_pen__builder.hpp
[39.228s] -- Installing: /home/kyu8/ros2_ws/install/turtlesim/include/turtlesim/turtlesim/srv/detail/kill__struct.hpp
[39.228s] -- Installing: /home/kyu8/ros2_ws/install/turtlesim/include/turtlesim/turtlesim/srv/detail/set_pen__traits.hpp
[39.228s] -- Installing: /home/kyu8/ros2_ws/install/turtlesim/include/turtlesim/turtlesim/srv/detail/kill__type_support.hpp
[39.229s] -- Installing: /home/kyu8/ros2_ws/install/turtlesim/include/turtlesim/turtlesim/srv/detail/kill__traits.hpp
[39.229s] -- Installing: /home/kyu8/ros2_ws/install/turtlesim/include/turtlesim/turtlesim/srv/detail/teleport_relative__builder.hpp
[39.229s] -- Installing: /home/kyu8/ros2_ws/install/turtlesim/include/turtlesim/turtlesim/srv/detail/teleport_absolute__builder.hpp
[39.229s] -- Installing: /home/kyu8/ros2_ws/install/turtlesim/include/turtlesim/turtlesim/srv/detail/teleport_relative__traits.hpp
[39.229s] -- Installing: /home/kyu8/ros2_ws/install/turtlesim/include/turtlesim/turtlesim/srv/detail/teleport_absolute__struct.hpp
[39.229s] -- Installing: /home/kyu8/ros2_ws/install/turtlesim/include/turtlesim/turtlesim/srv/detail/spawn__struct.hpp
[39.229s] -- Installing: /home/kyu8/ros2_ws/install/turtlesim/include/turtlesim/turtlesim/srv/detail/teleport_relative__type_support.hpp
[39.230s] -- Installing: /home/kyu8/ros2_ws/install/turtlesim/include/turtlesim/turtlesim/srv/detail/teleport_absolute__traits.hpp
[39.230s] -- Installing: /home/kyu8/ros2_ws/install/turtlesim/include/turtlesim/turtlesim/srv/detail/spawn__traits.hpp
[39.230s] -- Installing: /home/kyu8/ros2_ws/install/turtlesim/include/turtlesim/turtlesim/srv/detail/spawn__builder.hpp
[39.230s] -- Installing: /home/kyu8/ros2_ws/install/turtlesim/include/turtlesim/turtlesim/srv/detail/spawn__type_support.hpp
[39.230s] -- Installing: /home/kyu8/ros2_ws/install/turtlesim/include/turtlesim/turtlesim/srv/detail/kill__builder.hpp
[39.231s] -- Installing: /home/kyu8/ros2_ws/install/turtlesim/include/turtlesim/turtlesim/srv/set_pen.hpp
[39.231s] -- Installing: /home/kyu8/ros2_ws/install/turtlesim/include/turtlesim/turtlesim/srv/teleport_absolute.hpp
[39.231s] -- Installing: /home/kyu8/ros2_ws/install/turtlesim/include/turtlesim/turtlesim/srv/spawn.hpp
[39.231s] -- Installing: /home/kyu8/ros2_ws/install/turtlesim/include/turtlesim/turtlesim/srv/kill.hpp
[39.231s] -- Up-to-date: /home/kyu8/ros2_ws/install/turtlesim/include/turtlesim/turtlesim/msg
[39.231s] -- Installing: /home/kyu8/ros2_ws/install/turtlesim/include/turtlesim/turtlesim/msg/rosidl_generator_cpp__visibility_control.hpp
[39.231s] -- Up-to-date: /home/kyu8/ros2_ws/install/turtlesim/include/turtlesim/turtlesim/msg/detail
[39.231s] -- Installing: /home/kyu8/ros2_ws/install/turtlesim/include/turtlesim/turtlesim/msg/detail/pose__struct.hpp
[39.231s] -- Installing: /home/kyu8/ros2_ws/install/turtlesim/include/turtlesim/turtlesim/msg/detail/pose__traits.hpp
[39.232s] -- Installing: /home/kyu8/ros2_ws/install/turtlesim/include/turtlesim/turtlesim/msg/detail/pose__builder.hpp
[39.232s] -- Installing: /home/kyu8/ros2_ws/install/turtlesim/include/turtlesim/turtlesim/msg/detail/color__struct.hpp
[39.232s] -- Installing: /home/kyu8/ros2_ws/install/turtlesim/include/turtlesim/turtlesim/msg/detail/color__traits.hpp
[39.232s] -- Installing: /home/kyu8/ros2_ws/install/turtlesim/include/turtlesim/turtlesim/msg/detail/color__type_support.hpp
[39.232s] -- Installing: /home/kyu8/ros2_ws/install/turtlesim/include/turtlesim/turtlesim/msg/detail/color__builder.hpp
[39.232s] -- Installing: /home/kyu8/ros2_ws/install/turtlesim/include/turtlesim/turtlesim/msg/detail/pose__type_support.hpp
[39.232s] -- Installing: /home/kyu8/ros2_ws/install/turtlesim/include/turtlesim/turtlesim/msg/color.hpp
[39.232s] -- Installing: /home/kyu8/ros2_ws/install/turtlesim/include/turtlesim/turtlesim/msg/pose.hpp
[39.233s] -- Up-to-date: /home/kyu8/ros2_ws/install/turtlesim/include/turtlesim/turtlesim
[39.233s] -- Up-to-date: /home/kyu8/ros2_ws/install/turtlesim/include/turtlesim/turtlesim/action
[39.233s] -- Up-to-date: /home/kyu8/ros2_ws/install/turtlesim/include/turtlesim/turtlesim/action/detail
[39.233s] -- Installing: /home/kyu8/ros2_ws/install/turtlesim/include/turtlesim/turtlesim/action/detail/dds_fastrtps
[39.233s] -- Installing: /home/kyu8/ros2_ws/install/turtlesim/include/turtlesim/turtlesim/action/detail/rotate_absolute__rosidl_typesupport_fastrtps_cpp.hpp
[39.234s] -- Up-to-date: /home/kyu8/ros2_ws/install/turtlesim/include/turtlesim/turtlesim/srv
[39.234s] -- Up-to-date: /home/kyu8/ros2_ws/install/turtlesim/include/turtlesim/turtlesim/srv/detail
[39.234s] -- Installing: /home/kyu8/ros2_ws/install/turtlesim/include/turtlesim/turtlesim/srv/detail/kill__rosidl_typesupport_fastrtps_cpp.hpp
[39.234s] -- Installing: /home/kyu8/ros2_ws/install/turtlesim/include/turtlesim/turtlesim/srv/detail/teleport_absolute__rosidl_typesupport_fastrtps_cpp.hpp
[39.235s] -- Installing: /home/kyu8/ros2_ws/install/turtlesim/include/turtlesim/turtlesim/srv/detail/spawn__rosidl_typesupport_fastrtps_cpp.hpp
[39.235s] -- Installing: /home/kyu8/ros2_ws/install/turtlesim/include/turtlesim/turtlesim/srv/detail/set_pen__rosidl_typesupport_fastrtps_cpp.hpp
[39.236s] -- Installing: /home/kyu8/ros2_ws/install/turtlesim/include/turtlesim/turtlesim/srv/detail/dds_fastrtps
[39.236s] -- Installing: /home/kyu8/ros2_ws/install/turtlesim/include/turtlesim/turtlesim/srv/detail/teleport_relative__rosidl_typesupport_fastrtps_cpp.hpp
[39.236s] -- Up-to-date: /home/kyu8/ros2_ws/install/turtlesim/include/turtlesim/turtlesim/msg
[39.236s] -- Up-to-date: /home/kyu8/ros2_ws/install/turtlesim/include/turtlesim/turtlesim/msg/detail
[39.237s] -- Installing: /home/kyu8/ros2_ws/install/turtlesim/include/turtlesim/turtlesim/msg/detail/pose__rosidl_typesupport_fastrtps_cpp.hpp
[39.237s] -- Installing: /home/kyu8/ros2_ws/install/turtlesim/include/turtlesim/turtlesim/msg/detail/color__rosidl_typesupport_fastrtps_cpp.hpp
[39.237s] -- Installing: /home/kyu8/ros2_ws/install/turtlesim/include/turtlesim/turtlesim/msg/detail/dds_fastrtps
[39.238s] -- Installing: /home/kyu8/ros2_ws/install/turtlesim/include/turtlesim/turtlesim/msg/rosidl_typesupport_fastrtps_cpp__visibility_control.h
[39.238s] -- Installing: /home/kyu8/ros2_ws/install/turtlesim/lib/libturtlesim__rosidl_typesupport_fastrtps_cpp.so
[39.241s] -- Set runtime path of "/home/kyu8/ros2_ws/install/turtlesim/lib/libturtlesim__rosidl_typesupport_fastrtps_cpp.so" to ""
[39.241s] -- Up-to-date: /home/kyu8/ros2_ws/install/turtlesim/include/turtlesim/turtlesim
[39.241s] -- Up-to-date: /home/kyu8/ros2_ws/install/turtlesim/include/turtlesim/turtlesim/action
[39.241s] -- Up-to-date: /home/kyu8/ros2_ws/install/turtlesim/include/turtlesim/turtlesim/action/detail
[39.241s] -- Installing: /home/kyu8/ros2_ws/install/turtlesim/include/turtlesim/turtlesim/action/detail/rotate_absolute__rosidl_typesupport_introspection_c.h
[39.241s] -- Installing: /home/kyu8/ros2_ws/install/turtlesim/include/turtlesim/turtlesim/action/detail/rotate_absolute__type_support.c
[39.243s] -- Up-to-date: /home/kyu8/ros2_ws/install/turtlesim/include/turtlesim/turtlesim/srv
[39.243s] -- Up-to-date: /home/kyu8/ros2_ws/install/turtlesim/include/turtlesim/turtlesim/srv/detail
[39.243s] -- Installing: /home/kyu8/ros2_ws/install/turtlesim/include/turtlesim/turtlesim/srv/detail/spawn__type_support.c
[39.243s] -- Installing: /home/kyu8/ros2_ws/install/turtlesim/include/turtlesim/turtlesim/srv/detail/teleport_relative__type_support.c
[39.244s] -- Installing: /home/kyu8/ros2_ws/install/turtlesim/include/turtlesim/turtlesim/srv/detail/kill__rosidl_typesupport_introspection_c.h
[39.245s] -- Installing: /home/kyu8/ros2_ws/install/turtlesim/include/turtlesim/turtlesim/srv/detail/teleport_absolute__type_support.c
[39.245s] -- Installing: /home/kyu8/ros2_ws/install/turtlesim/include/turtlesim/turtlesim/srv/detail/set_pen__type_support.c
[39.246s] -- Installing: /home/kyu8/ros2_ws/install/turtlesim/include/turtlesim/turtlesim/srv/detail/teleport_relative__rosidl_typesupport_introspection_c.h
[39.247s] -- Installing: /home/kyu8/ros2_ws/install/turtlesim/include/turtlesim/turtlesim/srv/detail/set_pen__rosidl_typesupport_introspection_c.h
[39.247s] -- Installing: /home/kyu8/ros2_ws/install/turtlesim/include/turtlesim/turtlesim/srv/detail/spawn__rosidl_typesupport_introspection_c.h
[39.247s] -- Installing: /home/kyu8/ros2_ws/install/turtlesim/include/turtlesim/turtlesim/srv/detail/teleport_absolute__rosidl_typesupport_introspection_c.h
[39.248s] -- Installing: /home/kyu8/ros2_ws/install/turtlesim/include/turtlesim/turtlesim/srv/detail/kill__type_support.c
[39.249s] -- Up-to-date: /home/kyu8/ros2_ws/install/turtlesim/include/turtlesim/turtlesim/msg
[39.249s] -- Up-to-date: /home/kyu8/ros2_ws/install/turtlesim/include/turtlesim/turtlesim/msg/detail
[39.249s] -- Installing: /home/kyu8/ros2_ws/install/turtlesim/include/turtlesim/turtlesim/msg/detail/color__type_support.c
[39.249s] -- Installing: /home/kyu8/ros2_ws/install/turtlesim/include/turtlesim/turtlesim/msg/detail/pose__rosidl_typesupport_introspection_c.h
[39.250s] -- Installing: /home/kyu8/ros2_ws/install/turtlesim/include/turtlesim/turtlesim/msg/detail/pose__type_support.c
[39.250s] -- Installing: /home/kyu8/ros2_ws/install/turtlesim/include/turtlesim/turtlesim/msg/detail/color__rosidl_typesupport_introspection_c.h
[39.250s] -- Installing: /home/kyu8/ros2_ws/install/turtlesim/include/turtlesim/turtlesim/msg/rosidl_typesupport_introspection_c__visibility_control.h
[39.251s] -- Installing: /home/kyu8/ros2_ws/install/turtlesim/lib/libturtlesim__rosidl_typesupport_introspection_c.so
[39.253s] -- Set runtime path of "/home/kyu8/ros2_ws/install/turtlesim/lib/libturtlesim__rosidl_typesupport_introspection_c.so" to ""
[39.253s] -- Installing: /home/kyu8/ros2_ws/install/turtlesim/lib/libturtlesim__rosidl_typesupport_c.so
[39.254s] -- Set runtime path of "/home/kyu8/ros2_ws/install/turtlesim/lib/libturtlesim__rosidl_typesupport_c.so" to ""
[39.254s] -- Up-to-date: /home/kyu8/ros2_ws/install/turtlesim/include/turtlesim/turtlesim
[39.254s] -- Up-to-date: /home/kyu8/ros2_ws/install/turtlesim/include/turtlesim/turtlesim/action
[39.254s] -- Up-to-date: /home/kyu8/ros2_ws/install/turtlesim/include/turtlesim/turtlesim/action/detail
[39.254s] -- Installing: /home/kyu8/ros2_ws/install/turtlesim/include/turtlesim/turtlesim/action/detail/rotate_absolute__rosidl_typesupport_introspection_cpp.hpp
[39.254s] -- Installing: /home/kyu8/ros2_ws/install/turtlesim/include/turtlesim/turtlesim/action/detail/rotate_absolute__type_support.cpp
[39.255s] -- Up-to-date: /home/kyu8/ros2_ws/install/turtlesim/include/turtlesim/turtlesim/srv
[39.256s] -- Up-to-date: /home/kyu8/ros2_ws/install/turtlesim/include/turtlesim/turtlesim/srv/detail
[39.256s] -- Installing: /home/kyu8/ros2_ws/install/turtlesim/include/turtlesim/turtlesim/srv/detail/set_pen__rosidl_typesupport_introspection_cpp.hpp
[39.256s] -- Installing: /home/kyu8/ros2_ws/install/turtlesim/include/turtlesim/turtlesim/srv/detail/kill__rosidl_typesupport_introspection_cpp.hpp
[39.256s] -- Installing: /home/kyu8/ros2_ws/install/turtlesim/include/turtlesim/turtlesim/srv/detail/spawn__rosidl_typesupport_introspection_cpp.hpp
[39.257s] -- Installing: /home/kyu8/ros2_ws/install/turtlesim/include/turtlesim/turtlesim/srv/detail/teleport_relative__type_support.cpp
[39.258s] -- Installing: /home/kyu8/ros2_ws/install/turtlesim/include/turtlesim/turtlesim/srv/detail/teleport_absolute__type_support.cpp
[39.259s] -- Installing: /home/kyu8/ros2_ws/install/turtlesim/include/turtlesim/turtlesim/srv/detail/teleport_relative__rosidl_typesupport_introspection_cpp.hpp
[39.259s] -- Installing: /home/kyu8/ros2_ws/install/turtlesim/include/turtlesim/turtlesim/srv/detail/set_pen__type_support.cpp
[39.260s] -- Installing: /home/kyu8/ros2_ws/install/turtlesim/include/turtlesim/turtlesim/srv/detail/teleport_absolute__rosidl_typesupport_introspection_cpp.hpp
[39.260s] -- Installing: /home/kyu8/ros2_ws/install/turtlesim/include/turtlesim/turtlesim/srv/detail/spawn__type_support.cpp
[39.261s] -- Installing: /home/kyu8/ros2_ws/install/turtlesim/include/turtlesim/turtlesim/srv/detail/kill__type_support.cpp
[39.262s] -- Up-to-date: /home/kyu8/ros2_ws/install/turtlesim/include/turtlesim/turtlesim/msg
[39.262s] -- Up-to-date: /home/kyu8/ros2_ws/install/turtlesim/include/turtlesim/turtlesim/msg/detail
[39.262s] -- Installing: /home/kyu8/ros2_ws/install/turtlesim/include/turtlesim/turtlesim/msg/detail/color__type_support.cpp
[39.262s] -- Installing: /home/kyu8/ros2_ws/install/turtlesim/include/turtlesim/turtlesim/msg/detail/pose__type_support.cpp
[39.262s] -- Installing: /home/kyu8/ros2_ws/install/turtlesim/include/turtlesim/turtlesim/msg/detail/color__rosidl_typesupport_introspection_cpp.hpp
[39.263s] -- Installing: /home/kyu8/ros2_ws/install/turtlesim/include/turtlesim/turtlesim/msg/detail/pose__rosidl_typesupport_introspection_cpp.hpp
[39.264s] -- Installing: /home/kyu8/ros2_ws/install/turtlesim/lib/libturtlesim__rosidl_typesupport_introspection_cpp.so
[39.266s] -- Set runtime path of "/home/kyu8/ros2_ws/install/turtlesim/lib/libturtlesim__rosidl_typesupport_introspection_cpp.so" to ""
[39.266s] -- Installing: /home/kyu8/ros2_ws/install/turtlesim/lib/libturtlesim__rosidl_typesupport_cpp.so
[39.269s] -- Set runtime path of "/home/kyu8/ros2_ws/install/turtlesim/lib/libturtlesim__rosidl_typesupport_cpp.so" to ""
[39.270s] -- Installing: /home/kyu8/ros2_ws/install/turtlesim/share/turtlesim/environment/pythonpath.sh
[39.270s] -- Installing: /home/kyu8/ros2_ws/install/turtlesim/share/turtlesim/environment/pythonpath.dsv
[39.271s] -- Installing: /home/kyu8/ros2_ws/install/turtlesim/lib/python3.10/site-packages/turtlesim-1.4.2-py3.10.egg-info
[39.271s] -- Installing: /home/kyu8/ros2_ws/install/turtlesim/lib/python3.10/site-packages/turtlesim-1.4.2-py3.10.egg-info/SOURCES.txt
[39.271s] -- Installing: /home/kyu8/ros2_ws/install/turtlesim/lib/python3.10/site-packages/turtlesim-1.4.2-py3.10.egg-info/top_level.txt
[39.272s] -- Installing: /home/kyu8/ros2_ws/install/turtlesim/lib/python3.10/site-packages/turtlesim-1.4.2-py3.10.egg-info/PKG-INFO
[39.272s] -- Installing: /home/kyu8/ros2_ws/install/turtlesim/lib/python3.10/site-packages/turtlesim-1.4.2-py3.10.egg-info/dependency_links.txt
[39.273s] -- Installing: /home/kyu8/ros2_ws/install/turtlesim/lib/python3.10/site-packages/turtlesim
[39.273s] -- Installing: /home/kyu8/ros2_ws/install/turtlesim/lib/python3.10/site-packages/turtlesim/action
[39.273s] -- Installing: /home/kyu8/ros2_ws/install/turtlesim/lib/python3.10/site-packages/turtlesim/action/__init__.py
[39.274s] -- Installing: /home/kyu8/ros2_ws/install/turtlesim/lib/python3.10/site-packages/turtlesim/action/_rotate_absolute.py
[39.275s] -- Installing: /home/kyu8/ros2_ws/install/turtlesim/lib/python3.10/site-packages/turtlesim/action/_rotate_absolute_s.c
[39.275s] -- Installing: /home/kyu8/ros2_ws/install/turtlesim/lib/python3.10/site-packages/turtlesim/__init__.py
[39.276s] -- Installing: /home/kyu8/ros2_ws/install/turtlesim/lib/python3.10/site-packages/turtlesim/turtlesim_s__rosidl_typesupport_introspection_c.cpython-310-x86_64-linux-gnu.so
[39.276s] -- Installing: /home/kyu8/ros2_ws/install/turtlesim/lib/python3.10/site-packages/turtlesim/turtlesim_s__rosidl_typesupport_c.cpython-310-x86_64-linux-gnu.so
[39.276s] -- Installing: /home/kyu8/ros2_ws/install/turtlesim/lib/python3.10/site-packages/turtlesim/srv
[39.276s] -- Installing: /home/kyu8/ros2_ws/install/turtlesim/lib/python3.10/site-packages/turtlesim/srv/_kill.py
[39.277s] -- Installing: /home/kyu8/ros2_ws/install/turtlesim/lib/python3.10/site-packages/turtlesim/srv/_set_pen.py
[39.278s] -- Installing: /home/kyu8/ros2_ws/install/turtlesim/lib/python3.10/site-packages/turtlesim/srv/__init__.py
[39.278s] -- Installing: /home/kyu8/ros2_ws/install/turtlesim/lib/python3.10/site-packages/turtlesim/srv/_teleport_absolute.py
[39.279s] -- Installing: /home/kyu8/ros2_ws/install/turtlesim/lib/python3.10/site-packages/turtlesim/srv/_teleport_relative_s.c
[39.280s] -- Installing: /home/kyu8/ros2_ws/install/turtlesim/lib/python3.10/site-packages/turtlesim/srv/_teleport_relative.py
[39.281s] -- Installing: /home/kyu8/ros2_ws/install/turtlesim/lib/python3.10/site-packages/turtlesim/srv/_set_pen_s.c
[39.281s] -- Installing: /home/kyu8/ros2_ws/install/turtlesim/lib/python3.10/site-packages/turtlesim/srv/_spawn_s.c
[39.282s] -- Installing: /home/kyu8/ros2_ws/install/turtlesim/lib/python3.10/site-packages/turtlesim/srv/_teleport_absolute_s.c
[39.282s] -- Installing: /home/kyu8/ros2_ws/install/turtlesim/lib/python3.10/site-packages/turtlesim/srv/_spawn.py
[39.283s] -- Installing: /home/kyu8/ros2_ws/install/turtlesim/lib/python3.10/site-packages/turtlesim/srv/_kill_s.c
[39.283s] -- Installing: /home/kyu8/ros2_ws/install/turtlesim/lib/python3.10/site-packages/turtlesim/_turtlesim_s.ep.rosidl_typesupport_introspection_c.c
[39.285s] -- Installing: /home/kyu8/ros2_ws/install/turtlesim/lib/python3.10/site-packages/turtlesim/_turtlesim_s.ep.rosidl_typesupport_fastrtps_c.c
[39.285s] -- Installing: /home/kyu8/ros2_ws/install/turtlesim/lib/python3.10/site-packages/turtlesim/_turtlesim_s.ep.rosidl_typesupport_c.c
[39.286s] -- Installing: /home/kyu8/ros2_ws/install/turtlesim/lib/python3.10/site-packages/turtlesim/libturtlesim__rosidl_generator_py.so
[39.286s] -- Installing: /home/kyu8/ros2_ws/install/turtlesim/lib/python3.10/site-packages/turtlesim/turtlesim_s__rosidl_typesupport_fastrtps_c.cpython-310-x86_64-linux-gnu.so
[39.286s] -- Installing: /home/kyu8/ros2_ws/install/turtlesim/lib/python3.10/site-packages/turtlesim/msg
[39.286s] -- Installing: /home/kyu8/ros2_ws/install/turtlesim/lib/python3.10/site-packages/turtlesim/msg/_pose_s.c
[39.287s] -- Installing: /home/kyu8/ros2_ws/install/turtlesim/lib/python3.10/site-packages/turtlesim/msg/_color_s.c
[39.287s] -- Installing: /home/kyu8/ros2_ws/install/turtlesim/lib/python3.10/site-packages/turtlesim/msg/__init__.py
[39.288s] -- Installing: /home/kyu8/ros2_ws/install/turtlesim/lib/python3.10/site-packages/turtlesim/msg/_pose.py
[39.288s] -- Installing: /home/kyu8/ros2_ws/install/turtlesim/lib/python3.10/site-packages/turtlesim/msg/_color.py
[39.377s] Listing '/home/kyu8/ros2_ws/install/turtlesim/lib/python3.10/site-packages/turtlesim'...
[39.377s] Compiling '/home/kyu8/ros2_ws/install/turtlesim/lib/python3.10/site-packages/turtlesim/__init__.py'...
[39.377s] Listing '/home/kyu8/ros2_ws/install/turtlesim/lib/python3.10/site-packages/turtlesim/action'...
[39.377s] Compiling '/home/kyu8/ros2_ws/install/turtlesim/lib/python3.10/site-packages/turtlesim/action/__init__.py'...
[39.377s] Compiling '/home/kyu8/ros2_ws/install/turtlesim/lib/python3.10/site-packages/turtlesim/action/_rotate_absolute.py'...
[39.377s] Listing '/home/kyu8/ros2_ws/install/turtlesim/lib/python3.10/site-packages/turtlesim/msg'...
[39.377s] Compiling '/home/kyu8/ros2_ws/install/turtlesim/lib/python3.10/site-packages/turtlesim/msg/__init__.py'...
[39.377s] Compiling '/home/kyu8/ros2_ws/install/turtlesim/lib/python3.10/site-packages/turtlesim/msg/_color.py'...
[39.378s] Compiling '/home/kyu8/ros2_ws/install/turtlesim/lib/python3.10/site-packages/turtlesim/msg/_pose.py'...
[39.378s] Listing '/home/kyu8/ros2_ws/install/turtlesim/lib/python3.10/site-packages/turtlesim/srv'...
[39.378s] Compiling '/home/kyu8/ros2_ws/install/turtlesim/lib/python3.10/site-packages/turtlesim/srv/__init__.py'...
[39.378s] Compiling '/home/kyu8/ros2_ws/install/turtlesim/lib/python3.10/site-packages/turtlesim/srv/_kill.py'...
[39.378s] Compiling '/home/kyu8/ros2_ws/install/turtlesim/lib/python3.10/site-packages/turtlesim/srv/_set_pen.py'...
[39.378s] Compiling '/home/kyu8/ros2_ws/install/turtlesim/lib/python3.10/site-packages/turtlesim/srv/_spawn.py'...
[39.378s] Compiling '/home/kyu8/ros2_ws/install/turtlesim/lib/python3.10/site-packages/turtlesim/srv/_teleport_absolute.py'...
[39.378s] Compiling '/home/kyu8/ros2_ws/install/turtlesim/lib/python3.10/site-packages/turtlesim/srv/_teleport_relative.py'...
[39.384s] -- Installing: /home/kyu8/ros2_ws/install/turtlesim/lib/python3.10/site-packages/turtlesim/turtlesim_s__rosidl_typesupport_fastrtps_c.cpython-310-x86_64-linux-gnu.so
[39.385s] -- Set runtime path of "/home/kyu8/ros2_ws/install/turtlesim/lib/python3.10/site-packages/turtlesim/turtlesim_s__rosidl_typesupport_fastrtps_c.cpython-310-x86_64-linux-gnu.so" to ""
[39.385s] -- Installing: /home/kyu8/ros2_ws/install/turtlesim/lib/python3.10/site-packages/turtlesim/turtlesim_s__rosidl_typesupport_introspection_c.cpython-310-x86_64-linux-gnu.so
[39.386s] -- Set runtime path of "/home/kyu8/ros2_ws/install/turtlesim/lib/python3.10/site-packages/turtlesim/turtlesim_s__rosidl_typesupport_introspection_c.cpython-310-x86_64-linux-gnu.so" to ""
[39.386s] -- Installing: /home/kyu8/ros2_ws/install/turtlesim/lib/python3.10/site-packages/turtlesim/turtlesim_s__rosidl_typesupport_c.cpython-310-x86_64-linux-gnu.so
[39.386s] -- Set runtime path of "/home/kyu8/ros2_ws/install/turtlesim/lib/python3.10/site-packages/turtlesim/turtlesim_s__rosidl_typesupport_c.cpython-310-x86_64-linux-gnu.so" to ""
[39.386s] -- Installing: /home/kyu8/ros2_ws/install/turtlesim/lib/libturtlesim__rosidl_generator_py.so
[39.387s] -- Set runtime path of "/home/kyu8/ros2_ws/install/turtlesim/lib/libturtlesim__rosidl_generator_py.so" to ""
[39.387s] -- Installing: /home/kyu8/ros2_ws/install/turtlesim/share/turtlesim/action/RotateAbsolute.idl
[39.388s] -- Installing: /home/kyu8/ros2_ws/install/turtlesim/share/turtlesim/msg/Color.idl
[39.388s] -- Installing: /home/kyu8/ros2_ws/install/turtlesim/share/turtlesim/msg/Pose.idl
[39.388s] -- Installing: /home/kyu8/ros2_ws/install/turtlesim/share/turtlesim/srv/Kill.idl
[39.389s] -- Installing: /home/kyu8/ros2_ws/install/turtlesim/share/turtlesim/srv/SetPen.idl
[39.389s] -- Installing: /home/kyu8/ros2_ws/install/turtlesim/share/turtlesim/srv/Spawn.idl
[39.390s] -- Installing: /home/kyu8/ros2_ws/install/turtlesim/share/turtlesim/srv/TeleportAbsolute.idl
[39.391s] -- Installing: /home/kyu8/ros2_ws/install/turtlesim/share/turtlesim/srv/TeleportRelative.idl
[39.392s] -- Installing: /home/kyu8/ros2_ws/install/turtlesim/share/turtlesim/action/RotateAbsolute.action
[39.393s] -- Installing: /home/kyu8/ros2_ws/install/turtlesim/share/turtlesim/msg/Color.msg
[39.394s] -- Installing: /home/kyu8/ros2_ws/install/turtlesim/share/turtlesim/msg/Pose.msg
[39.396s] -- Installing: /home/kyu8/ros2_ws/install/turtlesim/share/turtlesim/srv/Kill.srv
[39.398s] -- Installing: /home/kyu8/ros2_ws/install/turtlesim/share/turtlesim/srv/SetPen.srv
[39.398s] -- Installing: /home/kyu8/ros2_ws/install/turtlesim/share/turtlesim/srv/Spawn.srv
[39.399s] -- Installing: /home/kyu8/ros2_ws/install/turtlesim/share/turtlesim/srv/TeleportAbsolute.srv
[39.399s] -- Installing: /home/kyu8/ros2_ws/install/turtlesim/share/turtlesim/srv/TeleportRelative.srv
[39.400s] -- Installing: /home/kyu8/ros2_ws/install/turtlesim/lib/turtlesim/turtlesim_node
[39.420s] -- Set runtime path of "/home/kyu8/ros2_ws/install/turtlesim/lib/turtlesim/turtlesim_node" to ""
[39.420s] -- Installing: /home/kyu8/ros2_ws/install/turtlesim/lib/turtlesim/turtle_teleop_key
[39.423s] -- Set runtime path of "/home/kyu8/ros2_ws/install/turtlesim/lib/turtlesim/turtle_teleop_key" to ""
[39.423s] -- Installing: /home/kyu8/ros2_ws/install/turtlesim/lib/turtlesim/draw_square
[39.430s] -- Set runtime path of "/home/kyu8/ros2_ws/install/turtlesim/lib/turtlesim/draw_square" to ""
[39.430s] -- Installing: /home/kyu8/ros2_ws/install/turtlesim/lib/turtlesim/mimic
[39.436s] -- Set runtime path of "/home/kyu8/ros2_ws/install/turtlesim/lib/turtlesim/mimic" to ""
[39.437s] -- Installing: /home/kyu8/ros2_ws/install/turtlesim/share/turtlesim/images
[39.437s] -- Installing: /home/kyu8/ros2_ws/install/turtlesim/share/turtlesim/images/crystal.png
[39.437s] -- Installing: /home/kyu8/ros2_ws/install/turtlesim/share/turtlesim/images/eloquent.png
[39.438s] -- Installing: /home/kyu8/ros2_ws/install/turtlesim/share/turtlesim/images/rolling.png
[39.438s] -- Installing: /home/kyu8/ros2_ws/install/turtlesim/share/turtlesim/images/bouncy.png
[39.439s] -- Installing: /home/kyu8/ros2_ws/install/turtlesim/share/turtlesim/images/dashing.png
[39.439s] -- Installing: /home/kyu8/ros2_ws/install/turtlesim/share/turtlesim/images/ardent.png
[39.440s] -- Installing: /home/kyu8/ros2_ws/install/turtlesim/share/turtlesim/images/humble.png
[39.440s] -- Installing: /home/kyu8/ros2_ws/install/turtlesim/share/turtlesim/images/galactic.png
[39.441s] -- Installing: /home/kyu8/ros2_ws/install/turtlesim/share/turtlesim/images/foxy.png
[39.441s] -- Installing: /home/kyu8/ros2_ws/install/turtlesim/share/turtlesim/launch
[39.441s] -- Installing: /home/kyu8/ros2_ws/install/turtlesim/share/turtlesim/launch/multisim.launch.py
[39.442s] -- Installing: /home/kyu8/ros2_ws/install/turtlesim/share/ament_index/resource_index/package_run_dependencies/turtlesim
[39.442s] -- Installing: /home/kyu8/ros2_ws/install/turtlesim/share/ament_index/resource_index/parent_prefix_path/turtlesim
[39.443s] -- Installing: /home/kyu8/ros2_ws/install/turtlesim/share/turtlesim/environment/ament_prefix_path.sh
[39.443s] -- Installing: /home/kyu8/ros2_ws/install/turtlesim/share/turtlesim/environment/ament_prefix_path.dsv
[39.443s] -- Installing: /home/kyu8/ros2_ws/install/turtlesim/share/turtlesim/environment/path.sh
[39.444s] -- Installing: /home/kyu8/ros2_ws/install/turtlesim/share/turtlesim/environment/path.dsv
[39.444s] -- Installing: /home/kyu8/ros2_ws/install/turtlesim/share/turtlesim/local_setup.bash
[39.445s] -- Installing: /home/kyu8/ros2_ws/install/turtlesim/share/turtlesim/local_setup.sh
[39.445s] -- Installing: /home/kyu8/ros2_ws/install/turtlesim/share/turtlesim/local_setup.zsh
[39.446s] -- Installing: /home/kyu8/ros2_ws/install/turtlesim/share/turtlesim/local_setup.dsv
[39.446s] -- Installing: /home/kyu8/ros2_ws/install/turtlesim/share/turtlesim/package.dsv
[39.447s] -- Installing: /home/kyu8/ros2_ws/install/turtlesim/share/ament_index/resource_index/packages/turtlesim
[39.447s] -- Installing: /home/kyu8/ros2_ws/install/turtlesim/share/turtlesim/cmake/export_turtlesim__rosidl_generator_cExport.cmake
[39.447s] -- Installing: /home/kyu8/ros2_ws/install/turtlesim/share/turtlesim/cmake/export_turtlesim__rosidl_generator_cExport-noconfig.cmake
[39.448s] -- Installing: /home/kyu8/ros2_ws/install/turtlesim/share/turtlesim/cmake/export_turtlesim__rosidl_typesupport_fastrtps_cExport.cmake
[39.449s] -- Installing: /home/kyu8/ros2_ws/install/turtlesim/share/turtlesim/cmake/export_turtlesim__rosidl_typesupport_fastrtps_cExport-noconfig.cmake
[39.449s] -- Installing: /home/kyu8/ros2_ws/install/turtlesim/share/turtlesim/cmake/export_turtlesim__rosidl_generator_cppExport.cmake
[39.449s] -- Installing: /home/kyu8/ros2_ws/install/turtlesim/share/turtlesim/cmake/export_turtlesim__rosidl_typesupport_fastrtps_cppExport.cmake
[39.450s] -- Installing: /home/kyu8/ros2_ws/install/turtlesim/share/turtlesim/cmake/export_turtlesim__rosidl_typesupport_fastrtps_cppExport-noconfig.cmake
[39.451s] -- Installing: /home/kyu8/ros2_ws/install/turtlesim/share/turtlesim/cmake/turtlesim__rosidl_typesupport_introspection_cExport.cmake
[39.451s] -- Installing: /home/kyu8/ros2_ws/install/turtlesim/share/turtlesim/cmake/turtlesim__rosidl_typesupport_introspection_cExport-noconfig.cmake
[39.452s] -- Installing: /home/kyu8/ros2_ws/install/turtlesim/share/turtlesim/cmake/turtlesim__rosidl_typesupport_cExport.cmake
[39.452s] -- Installing: /home/kyu8/ros2_ws/install/turtlesim/share/turtlesim/cmake/turtlesim__rosidl_typesupport_cExport-noconfig.cmake
[39.453s] -- Installing: /home/kyu8/ros2_ws/install/turtlesim/share/turtlesim/cmake/turtlesim__rosidl_typesupport_introspection_cppExport.cmake
[39.453s] -- Installing: /home/kyu8/ros2_ws/install/turtlesim/share/turtlesim/cmake/turtlesim__rosidl_typesupport_introspection_cppExport-noconfig.cmake
[39.454s] -- Installing: /home/kyu8/ros2_ws/install/turtlesim/share/turtlesim/cmake/turtlesim__rosidl_typesupport_cppExport.cmake
[39.454s] -- Installing: /home/kyu8/ros2_ws/install/turtlesim/share/turtlesim/cmake/turtlesim__rosidl_typesupport_cppExport-noconfig.cmake
[39.455s] -- Installing: /home/kyu8/ros2_ws/install/turtlesim/share/turtlesim/cmake/export_turtlesim__rosidl_generator_pyExport.cmake
[39.455s] -- Installing: /home/kyu8/ros2_ws/install/turtlesim/share/turtlesim/cmake/export_turtlesim__rosidl_generator_pyExport-noconfig.cmake
[39.456s] -- Installing: /home/kyu8/ros2_ws/install/turtlesim/share/turtlesim/cmake/rosidl_cmake-extras.cmake
[39.456s] -- Installing: /home/kyu8/ros2_ws/install/turtlesim/share/turtlesim/cmake/ament_cmake_export_dependencies-extras.cmake
[39.457s] -- Installing: /home/kyu8/ros2_ws/install/turtlesim/share/turtlesim/cmake/ament_cmake_export_include_directories-extras.cmake
[39.457s] -- Installing: /home/kyu8/ros2_ws/install/turtlesim/share/turtlesim/cmake/ament_cmake_export_libraries-extras.cmake
[39.458s] -- Installing: /home/kyu8/ros2_ws/install/turtlesim/share/turtlesim/cmake/ament_cmake_export_targets-extras.cmake
[39.458s] -- Installing: /home/kyu8/ros2_ws/install/turtlesim/share/turtlesim/cmake/rosidl_cmake_export_typesupport_targets-extras.cmake
[39.459s] -- Installing: /home/kyu8/ros2_ws/install/turtlesim/share/turtlesim/cmake/rosidl_cmake_export_typesupport_libraries-extras.cmake
[39.459s] -- Installing: /home/kyu8/ros2_ws/install/turtlesim/share/turtlesim/cmake/turtlesimConfig.cmake
[39.460s] -- Installing: /home/kyu8/ros2_ws/install/turtlesim/share/turtlesim/cmake/turtlesimConfig-version.cmake
[39.460s] -- Installing: /home/kyu8/ros2_ws/install/turtlesim/share/turtlesim/package.xml
[39.464s] Invoked command in '/home/kyu8/ros2_ws/build/turtlesim' returned '0': CMAKE_PREFIX_PATH=/opt/ros/rolling:/opt/ros/humble /usr/bin/cmake --install /home/kyu8/ros2_ws/build/turtlesim
