[1.140s] Invoking command in '/home/kyu8/ros2_ws/src/my_package': PYTHONPATH=/home/kyu8/ros2_ws/build/my_package/prefix_override:/home/kyu8/ros2_ws/install/my_package/lib/python3.10/site-packages:${PYTHONPATH} /usr/bin/python3 setup.py egg_info --egg-base ../../build/my_package build --build-base /home/kyu8/ros2_ws/build/my_package/build install --record /home/kyu8/ros2_ws/build/my_package/install.log --single-version-externally-managed
[1.480s] running egg_info
[1.482s] writing ../../build/my_package/my_package.egg-info/PKG-INFO
[1.482s] writing dependency_links to ../../build/my_package/my_package.egg-info/dependency_links.txt
[1.482s] writing entry points to ../../build/my_package/my_package.egg-info/entry_points.txt
[1.482s] writing requirements to ../../build/my_package/my_package.egg-info/requires.txt
[1.483s] writing top-level names to ../../build/my_package/my_package.egg-info/top_level.txt
[1.485s] reading manifest file '../../build/my_package/my_package.egg-info/SOURCES.txt'
[1.486s] writing manifest file '../../build/my_package/my_package.egg-info/SOURCES.txt'
[1.486s] running build
[1.486s] running build_py
[1.486s] copying my_package/my_node.py -> /home/kyu8/ros2_ws/build/my_package/build/lib/my_package
[1.487s] running install
[1.487s] /usr/lib/python3/dist-packages/setuptools/command/install.py:34: SetuptoolsDeprecationWarning: setup.py install is deprecated. Use build and pip and other standards-based tools.
[1.487s]   warnings.warn(
[1.487s] running install_lib
[1.488s] copying /home/kyu8/ros2_ws/build/my_package/build/lib/my_package/my_node.py -> /home/kyu8/ros2_ws/install/my_package/lib/python3.10/site-packages/my_package
[1.489s] byte-compiling /home/kyu8/ros2_ws/install/my_package/lib/python3.10/site-packages/my_package/my_node.py to my_node.cpython-310.pyc
[1.489s] running install_data
[1.490s] running install_egg_info
[1.492s] removing '/home/kyu8/ros2_ws/install/my_package/lib/python3.10/site-packages/my_package-0.0.0-py3.10.egg-info' (and everything under it)
[1.492s] Copying ../../build/my_package/my_package.egg-info to /home/kyu8/ros2_ws/install/my_package/lib/python3.10/site-packages/my_package-0.0.0-py3.10.egg-info
[1.493s] running install_scripts
[1.517s] Installing my_node script to /home/kyu8/ros2_ws/install/my_package/lib/my_package
[1.518s] writing list of installed files to '/home/kyu8/ros2_ws/build/my_package/install.log'
[1.558s] Invoked command in '/home/kyu8/ros2_ws/src/my_package' returned '0': PYTHONPATH=/home/kyu8/ros2_ws/build/my_package/prefix_override:/home/kyu8/ros2_ws/install/my_package/lib/python3.10/site-packages:${PYTHONPATH} /usr/bin/python3 setup.py egg_info --egg-base ../../build/my_package build --build-base /home/kyu8/ros2_ws/build/my_package/build install --record /home/kyu8/ros2_ws/build/my_package/install.log --single-version-externally-managed
