[1.519s] Invoking command in '/home/kyu8/ros2_ws/build/turtlesim': CMAKE_PREFIX_PATH=/opt/ros/rolling:/opt/ros/humble /usr/bin/cmake --build /home/kyu8/ros2_ws/build/turtlesim -- -j5 -l5
[1.713s] [  0%] Built target turtlesim__rosidl_generator_type_description
[1.734s] [  0%] Built target ament_cmake_python_copy_turtlesim
[1.755s] [35m[1mConsolidate compiler generated dependencies of target turtlesim__rosidl_generator_c[0m
[1.762s] [  1%] Built target turtlesim__cpp
[1.795s] [ 24%] Built target turtlesim__rosidl_generator_c
[1.836s] [35m[1mConsolidate compiler generated dependencies of target turtlesim__rosidl_typesupport_introspection_c[0m
[1.846s] [35m[1mConsolidate compiler generated dependencies of target turtlesim__rosidl_typesupport_fastrtps_cpp[0m
[1.859s] [35m[1mConsolidate compiler generated dependencies of target turtlesim__rosidl_typesupport_cpp[0m
[1.861s] [35m[1mConsolidate compiler generated dependencies of target turtlesim__rosidl_typesupport_fastrtps_c[0m
[1.908s] [ 33%] Built target turtlesim__rosidl_typesupport_introspection_c
[1.924s] [ 42%] Built target turtlesim__rosidl_typesupport_fastrtps_c
[1.931s] [ 50%] Built target turtlesim__rosidl_typesupport_fastrtps_cpp
[1.942s] [ 58%] Built target turtlesim__rosidl_typesupport_cpp
[1.984s] [35m[1mConsolidate compiler generated dependencies of target turtlesim__rosidl_typesupport_c[0m
[1.986s] [35m[1mConsolidate compiler generated dependencies of target turtle_teleop_key[0m
[1.988s] [35m[1mConsolidate compiler generated dependencies of target turtlesim_node[0m
[2.019s] [35m[1mConsolidate compiler generated dependencies of target turtlesim__rosidl_typesupport_introspection_cpp[0m
[2.057s] [ 67%] Built target turtlesim__rosidl_typesupport_c
[2.057s] [ 69%] Built target turtle_teleop_key
[2.080s] [ 77%] Built target turtlesim__rosidl_typesupport_introspection_cpp
[2.098s] [ 83%] Built target turtlesim_node
[2.098s] [35m[1mConsolidate compiler generated dependencies of target mimic[0m
[2.099s] [35m[1mConsolidate compiler generated dependencies of target draw_square[0m
[2.141s] [ 84%] Built target draw_square
[2.152s] [ 86%] Built target mimic
[2.158s] [ 86%] Built target turtlesim
[2.200s] [ 86%] Built target turtlesim__py
[2.226s] [35m[1mConsolidate compiler generated dependencies of target turtlesim__rosidl_generator_py[0m
[2.266s] [ 94%] Built target turtlesim__rosidl_generator_py
[2.287s] [35m[1mConsolidate compiler generated dependencies of target turtlesim__rosidl_typesupport_fastrtps_c__pyext[0m
[2.287s] [35m[1mConsolidate compiler generated dependencies of target turtlesim__rosidl_typesupport_c__pyext[0m
[2.288s] [35m[1mConsolidate compiler generated dependencies of target turtlesim__rosidl_typesupport_introspection_c__pyext[0m
[2.313s] [ 96%] Built target turtlesim__rosidl_typesupport_fastrtps_c__pyext
[2.313s] [ 98%] Built target turtlesim__rosidl_typesupport_c__pyext
[2.317s] [100%] Built target turtlesim__rosidl_typesupport_introspection_c__pyext
[2.363s] running egg_info
[2.365s] writing turtlesim.egg-info/PKG-INFO
[2.366s] writing dependency_links to turtlesim.egg-info/dependency_links.txt
[2.367s] writing top-level names to turtlesim.egg-info/top_level.txt
[2.374s] reading manifest file 'turtlesim.egg-info/SOURCES.txt'
[2.376s] writing manifest file 'turtlesim.egg-info/SOURCES.txt'
[2.435s] [100%] Built target ament_cmake_python_build_turtlesim_egg
[2.463s] Invoked command in '/home/kyu8/ros2_ws/build/turtlesim' returned '0': CMAKE_PREFIX_PATH=/opt/ros/rolling:/opt/ros/humble /usr/bin/cmake --build /home/kyu8/ros2_ws/build/turtlesim -- -j5 -l5
[3.040s] Invoking command in '/home/kyu8/ros2_ws/build/turtlesim': CMAKE_PREFIX_PATH=/opt/ros/rolling:/opt/ros/humble /usr/bin/cmake --install /home/kyu8/ros2_ws/build/turtlesim
[3.056s] -- Install configuration: ""
[3.056s] -- Up-to-date: /home/kyu8/ros2_ws/install/turtlesim/share/ament_index/resource_index/rosidl_interfaces/turtlesim
[3.057s] -- Up-to-date: /home/kyu8/ros2_ws/install/turtlesim/share/turtlesim/action/RotateAbsolute.json
[3.057s] -- Up-to-date: /home/kyu8/ros2_ws/install/turtlesim/share/turtlesim/msg/Color.json
[3.057s] -- Up-to-date: /home/kyu8/ros2_ws/install/turtlesim/share/turtlesim/msg/Pose.json
[3.057s] -- Up-to-date: /home/kyu8/ros2_ws/install/turtlesim/share/turtlesim/srv/Kill.json
[3.057s] -- Up-to-date: /home/kyu8/ros2_ws/install/turtlesim/share/turtlesim/srv/SetPen.json
[3.057s] -- Up-to-date: /home/kyu8/ros2_ws/install/turtlesim/share/turtlesim/srv/Spawn.json
[3.057s] -- Up-to-date: /home/kyu8/ros2_ws/install/turtlesim/share/turtlesim/srv/TeleportAbsolute.json
[3.057s] -- Up-to-date: /home/kyu8/ros2_ws/install/turtlesim/share/turtlesim/srv/TeleportRelative.json
[3.057s] -- Up-to-date: /home/kyu8/ros2_ws/install/turtlesim/include/turtlesim/turtlesim
[3.057s] -- Up-to-date: /home/kyu8/ros2_ws/install/turtlesim/include/turtlesim/turtlesim/action
[3.057s] -- Up-to-date: /home/kyu8/ros2_ws/install/turtlesim/include/turtlesim/turtlesim/action/detail
[3.058s] -- Up-to-date: /home/kyu8/ros2_ws/install/turtlesim/include/turtlesim/turtlesim/action/detail/rotate_absolute__functions.c
[3.058s] -- Installing: /home/kyu8/ros2_ws/install/turtlesim/include/turtlesim/turtlesim/action/detail/rotate_absolute__type_support.c
[3.058s] -- Up-to-date: /home/kyu8/ros2_ws/install/turtlesim/include/turtlesim/turtlesim/action/detail/rotate_absolute__type_support.h
[3.058s] -- Up-to-date: /home/kyu8/ros2_ws/install/turtlesim/include/turtlesim/turtlesim/action/detail/rotate_absolute__struct.h
[3.058s] -- Up-to-date: /home/kyu8/ros2_ws/install/turtlesim/include/turtlesim/turtlesim/action/detail/rotate_absolute__description.c
[3.058s] -- Up-to-date: /home/kyu8/ros2_ws/install/turtlesim/include/turtlesim/turtlesim/action/detail/rotate_absolute__functions.h
[3.058s] -- Up-to-date: /home/kyu8/ros2_ws/install/turtlesim/include/turtlesim/turtlesim/action/rotate_absolute.h
[3.058s] -- Up-to-date: /home/kyu8/ros2_ws/install/turtlesim/include/turtlesim/turtlesim/srv
[3.058s] -- Up-to-date: /home/kyu8/ros2_ws/install/turtlesim/include/turtlesim/turtlesim/srv/detail
[3.058s] -- Installing: /home/kyu8/ros2_ws/install/turtlesim/include/turtlesim/turtlesim/srv/detail/spawn__type_support.c
[3.059s] -- Up-to-date: /home/kyu8/ros2_ws/install/turtlesim/include/turtlesim/turtlesim/srv/detail/teleport_relative__description.c
[3.059s] -- Up-to-date: /home/kyu8/ros2_ws/install/turtlesim/include/turtlesim/turtlesim/srv/detail/spawn__struct.h
[3.059s] -- Up-to-date: /home/kyu8/ros2_ws/install/turtlesim/include/turtlesim/turtlesim/srv/detail/spawn__type_support.h
[3.059s] -- Up-to-date: /home/kyu8/ros2_ws/install/turtlesim/include/turtlesim/turtlesim/srv/detail/teleport_absolute__functions.c
[3.059s] -- Up-to-date: /home/kyu8/ros2_ws/install/turtlesim/include/turtlesim/turtlesim/srv/detail/teleport_absolute__struct.h
[3.059s] -- Up-to-date: /home/kyu8/ros2_ws/install/turtlesim/include/turtlesim/turtlesim/srv/detail/set_pen__functions.c
[3.059s] -- Up-to-date: /home/kyu8/ros2_ws/install/turtlesim/include/turtlesim/turtlesim/srv/detail/set_pen__functions.h
[3.059s] -- Up-to-date: /home/kyu8/ros2_ws/install/turtlesim/include/turtlesim/turtlesim/srv/detail/set_pen__struct.h
[3.059s] -- Up-to-date: /home/kyu8/ros2_ws/install/turtlesim/include/turtlesim/turtlesim/srv/detail/kill__description.c
[3.059s] -- Up-to-date: /home/kyu8/ros2_ws/install/turtlesim/include/turtlesim/turtlesim/srv/detail/set_pen__type_support.h
[3.059s] -- Up-to-date: /home/kyu8/ros2_ws/install/turtlesim/include/turtlesim/turtlesim/srv/detail/kill__struct.h
[3.060s] -- Up-to-date: /home/kyu8/ros2_ws/install/turtlesim/include/turtlesim/turtlesim/srv/detail/teleport_relative__functions.h
[3.060s] -- Installing: /home/kyu8/ros2_ws/install/turtlesim/include/turtlesim/turtlesim/srv/detail/teleport_relative__type_support.c
[3.060s] -- Installing: /home/kyu8/ros2_ws/install/turtlesim/include/turtlesim/turtlesim/srv/detail/teleport_absolute__type_support.c
[3.060s] -- Up-to-date: /home/kyu8/ros2_ws/install/turtlesim/include/turtlesim/turtlesim/srv/detail/teleport_absolute__type_support.h
[3.060s] -- Installing: /home/kyu8/ros2_ws/install/turtlesim/include/turtlesim/turtlesim/srv/detail/set_pen__type_support.c
[3.060s] -- Up-to-date: /home/kyu8/ros2_ws/install/turtlesim/include/turtlesim/turtlesim/srv/detail/spawn__description.c
[3.060s] -- Up-to-date: /home/kyu8/ros2_ws/install/turtlesim/include/turtlesim/turtlesim/srv/detail/spawn__functions.h
[3.060s] -- Up-to-date: /home/kyu8/ros2_ws/install/turtlesim/include/turtlesim/turtlesim/srv/detail/teleport_absolute__functions.h
[3.060s] -- Up-to-date: /home/kyu8/ros2_ws/install/turtlesim/include/turtlesim/turtlesim/srv/detail/set_pen__description.c
[3.060s] -- Up-to-date: /home/kyu8/ros2_ws/install/turtlesim/include/turtlesim/turtlesim/srv/detail/kill__functions.h
[3.060s] -- Up-to-date: /home/kyu8/ros2_ws/install/turtlesim/include/turtlesim/turtlesim/srv/detail/kill__type_support.h
[3.061s] -- Up-to-date: /home/kyu8/ros2_ws/install/turtlesim/include/turtlesim/turtlesim/srv/detail/kill__functions.c
[3.061s] -- Up-to-date: /home/kyu8/ros2_ws/install/turtlesim/include/turtlesim/turtlesim/srv/detail/spawn__functions.c
[3.061s] -- Up-to-date: /home/kyu8/ros2_ws/install/turtlesim/include/turtlesim/turtlesim/srv/detail/teleport_relative__functions.c
[3.061s] -- Up-to-date: /home/kyu8/ros2_ws/install/turtlesim/include/turtlesim/turtlesim/srv/detail/teleport_absolute__description.c
[3.061s] -- Up-to-date: /home/kyu8/ros2_ws/install/turtlesim/include/turtlesim/turtlesim/srv/detail/teleport_relative__struct.h
[3.061s] -- Installing: /home/kyu8/ros2_ws/install/turtlesim/include/turtlesim/turtlesim/srv/detail/kill__type_support.c
[3.061s] -- Up-to-date: /home/kyu8/ros2_ws/install/turtlesim/include/turtlesim/turtlesim/srv/detail/teleport_relative__type_support.h
[3.061s] -- Up-to-date: /home/kyu8/ros2_ws/install/turtlesim/include/turtlesim/turtlesim/srv/teleport_absolute.h
[3.061s] -- Up-to-date: /home/kyu8/ros2_ws/install/turtlesim/include/turtlesim/turtlesim/srv/kill.h
[3.061s] -- Up-to-date: /home/kyu8/ros2_ws/install/turtlesim/include/turtlesim/turtlesim/srv/spawn.h
[3.061s] -- Up-to-date: /home/kyu8/ros2_ws/install/turtlesim/include/turtlesim/turtlesim/srv/set_pen.h
[3.061s] -- Up-to-date: /home/kyu8/ros2_ws/install/turtlesim/include/turtlesim/turtlesim/srv/teleport_relative.h
[3.062s] -- Up-to-date: /home/kyu8/ros2_ws/install/turtlesim/include/turtlesim/turtlesim/msg
[3.062s] -- Up-to-date: /home/kyu8/ros2_ws/install/turtlesim/include/turtlesim/turtlesim/msg/detail
[3.062s] -- Up-to-date: /home/kyu8/ros2_ws/install/turtlesim/include/turtlesim/turtlesim/msg/detail/pose__functions.c
[3.062s] -- Up-to-date: /home/kyu8/ros2_ws/install/turtlesim/include/turtlesim/turtlesim/msg/detail/pose__functions.h
[3.062s] -- Up-to-date: /home/kyu8/ros2_ws/install/turtlesim/include/turtlesim/turtlesim/msg/detail/color__description.c
[3.062s] -- Up-to-date: /home/kyu8/ros2_ws/install/turtlesim/include/turtlesim/turtlesim/msg/detail/pose__struct.h
[3.062s] -- Installing: /home/kyu8/ros2_ws/install/turtlesim/include/turtlesim/turtlesim/msg/detail/color__type_support.c
[3.062s] -- Up-to-date: /home/kyu8/ros2_ws/install/turtlesim/include/turtlesim/turtlesim/msg/detail/color__struct.h
[3.062s] -- Up-to-date: /home/kyu8/ros2_ws/install/turtlesim/include/turtlesim/turtlesim/msg/detail/color__type_support.h
[3.062s] -- Up-to-date: /home/kyu8/ros2_ws/install/turtlesim/include/turtlesim/turtlesim/msg/detail/pose__description.c
[3.062s] -- Up-to-date: /home/kyu8/ros2_ws/install/turtlesim/include/turtlesim/turtlesim/msg/detail/color__functions.h
[3.062s] -- Installing: /home/kyu8/ros2_ws/install/turtlesim/include/turtlesim/turtlesim/msg/detail/pose__type_support.c
[3.063s] -- Up-to-date: /home/kyu8/ros2_ws/install/turtlesim/include/turtlesim/turtlesim/msg/detail/pose__type_support.h
[3.063s] -- Up-to-date: /home/kyu8/ros2_ws/install/turtlesim/include/turtlesim/turtlesim/msg/detail/color__functions.c
[3.063s] -- Up-to-date: /home/kyu8/ros2_ws/install/turtlesim/include/turtlesim/turtlesim/msg/color.h
[3.063s] -- Up-to-date: /home/kyu8/ros2_ws/install/turtlesim/include/turtlesim/turtlesim/msg/rosidl_generator_c__visibility_control.h
[3.063s] -- Up-to-date: /home/kyu8/ros2_ws/install/turtlesim/include/turtlesim/turtlesim/msg/pose.h
[3.063s] -- Up-to-date: /home/kyu8/ros2_ws/install/turtlesim/share/turtlesim/environment/library_path.sh
[3.063s] -- Up-to-date: /home/kyu8/ros2_ws/install/turtlesim/share/turtlesim/environment/library_path.dsv
[3.063s] -- Up-to-date: /home/kyu8/ros2_ws/install/turtlesim/lib/libturtlesim__rosidl_generator_c.so
[3.063s] -- Up-to-date: /home/kyu8/ros2_ws/install/turtlesim/include/turtlesim/turtlesim
[3.063s] -- Up-to-date: /home/kyu8/ros2_ws/install/turtlesim/include/turtlesim/turtlesim/action
[3.063s] -- Up-to-date: /home/kyu8/ros2_ws/install/turtlesim/include/turtlesim/turtlesim/action/detail
[3.064s] -- Up-to-date: /home/kyu8/ros2_ws/install/turtlesim/include/turtlesim/turtlesim/action/detail/rotate_absolute__rosidl_typesupport_fastrtps_c.h
[3.064s] -- Up-to-date: /home/kyu8/ros2_ws/install/turtlesim/include/turtlesim/turtlesim/srv
[3.064s] -- Up-to-date: /home/kyu8/ros2_ws/install/turtlesim/include/turtlesim/turtlesim/srv/detail
[3.064s] -- Up-to-date: /home/kyu8/ros2_ws/install/turtlesim/include/turtlesim/turtlesim/srv/detail/teleport_absolute__rosidl_typesupport_fastrtps_c.h
[3.065s] -- Up-to-date: /home/kyu8/ros2_ws/install/turtlesim/include/turtlesim/turtlesim/srv/detail/kill__rosidl_typesupport_fastrtps_c.h
[3.065s] -- Up-to-date: /home/kyu8/ros2_ws/install/turtlesim/include/turtlesim/turtlesim/srv/detail/set_pen__rosidl_typesupport_fastrtps_c.h
[3.065s] -- Up-to-date: /home/kyu8/ros2_ws/install/turtlesim/include/turtlesim/turtlesim/srv/detail/teleport_relative__rosidl_typesupport_fastrtps_c.h
[3.065s] -- Up-to-date: /home/kyu8/ros2_ws/install/turtlesim/include/turtlesim/turtlesim/srv/detail/spawn__rosidl_typesupport_fastrtps_c.h
[3.066s] -- Up-to-date: /home/kyu8/ros2_ws/install/turtlesim/include/turtlesim/turtlesim/msg
[3.066s] -- Up-to-date: /home/kyu8/ros2_ws/install/turtlesim/include/turtlesim/turtlesim/msg/detail
[3.067s] -- Up-to-date: /home/kyu8/ros2_ws/install/turtlesim/include/turtlesim/turtlesim/msg/detail/color__rosidl_typesupport_fastrtps_c.h
[3.067s] -- Up-to-date: /home/kyu8/ros2_ws/install/turtlesim/include/turtlesim/turtlesim/msg/detail/pose__rosidl_typesupport_fastrtps_c.h
[3.067s] -- Up-to-date: /home/kyu8/ros2_ws/install/turtlesim/include/turtlesim/turtlesim/msg/rosidl_typesupport_fastrtps_c__visibility_control.h
[3.068s] -- Up-to-date: /home/kyu8/ros2_ws/install/turtlesim/lib/libturtlesim__rosidl_typesupport_fastrtps_c.so
[3.068s] -- Up-to-date: /home/kyu8/ros2_ws/install/turtlesim/include/turtlesim/turtlesim
[3.068s] -- Up-to-date: /home/kyu8/ros2_ws/install/turtlesim/include/turtlesim/turtlesim/action
[3.069s] -- Up-to-date: /home/kyu8/ros2_ws/install/turtlesim/include/turtlesim/turtlesim/action/detail
[3.069s] -- Up-to-date: /home/kyu8/ros2_ws/install/turtlesim/include/turtlesim/turtlesim/action/detail/rotate_absolute__struct.hpp
[3.069s] -- Up-to-date: /home/kyu8/ros2_ws/install/turtlesim/include/turtlesim/turtlesim/action/detail/rotate_absolute__type_support.hpp
[3.069s] -- Up-to-date: /home/kyu8/ros2_ws/install/turtlesim/include/turtlesim/turtlesim/action/detail/rotate_absolute__builder.hpp
[3.070s] -- Up-to-date: /home/kyu8/ros2_ws/install/turtlesim/include/turtlesim/turtlesim/action/detail/rotate_absolute__traits.hpp
[3.070s] -- Up-to-date: /home/kyu8/ros2_ws/install/turtlesim/include/turtlesim/turtlesim/action/rotate_absolute.hpp
[3.070s] -- Up-to-date: /home/kyu8/ros2_ws/install/turtlesim/include/turtlesim/turtlesim/srv
[3.070s] -- Up-to-date: /home/kyu8/ros2_ws/install/turtlesim/include/turtlesim/turtlesim/srv/teleport_relative.hpp
[3.070s] -- Up-to-date: /home/kyu8/ros2_ws/install/turtlesim/include/turtlesim/turtlesim/srv/detail
[3.070s] -- Up-to-date: /home/kyu8/ros2_ws/install/turtlesim/include/turtlesim/turtlesim/srv/detail/teleport_relative__struct.hpp
[3.071s] -- Up-to-date: /home/kyu8/ros2_ws/install/turtlesim/include/turtlesim/turtlesim/srv/detail/teleport_absolute__type_support.hpp
[3.071s] -- Up-to-date: /home/kyu8/ros2_ws/install/turtlesim/include/turtlesim/turtlesim/srv/detail/set_pen__type_support.hpp
[3.071s] -- Up-to-date: /home/kyu8/ros2_ws/install/turtlesim/include/turtlesim/turtlesim/srv/detail/set_pen__struct.hpp
[3.071s] -- Up-to-date: /home/kyu8/ros2_ws/install/turtlesim/include/turtlesim/turtlesim/srv/detail/set_pen__builder.hpp
[3.071s] -- Up-to-date: /home/kyu8/ros2_ws/install/turtlesim/include/turtlesim/turtlesim/srv/detail/kill__struct.hpp
[3.072s] -- Up-to-date: /home/kyu8/ros2_ws/install/turtlesim/include/turtlesim/turtlesim/srv/detail/set_pen__traits.hpp
[3.072s] -- Up-to-date: /home/kyu8/ros2_ws/install/turtlesim/include/turtlesim/turtlesim/srv/detail/kill__type_support.hpp
[3.072s] -- Up-to-date: /home/kyu8/ros2_ws/install/turtlesim/include/turtlesim/turtlesim/srv/detail/kill__traits.hpp
[3.072s] -- Up-to-date: /home/kyu8/ros2_ws/install/turtlesim/include/turtlesim/turtlesim/srv/detail/teleport_relative__builder.hpp
[3.072s] -- Up-to-date: /home/kyu8/ros2_ws/install/turtlesim/include/turtlesim/turtlesim/srv/detail/teleport_absolute__builder.hpp
[3.072s] -- Up-to-date: /home/kyu8/ros2_ws/install/turtlesim/include/turtlesim/turtlesim/srv/detail/teleport_relative__traits.hpp
[3.073s] -- Up-to-date: /home/kyu8/ros2_ws/install/turtlesim/include/turtlesim/turtlesim/srv/detail/teleport_absolute__struct.hpp
[3.073s] -- Up-to-date: /home/kyu8/ros2_ws/install/turtlesim/include/turtlesim/turtlesim/srv/detail/spawn__struct.hpp
[3.073s] -- Up-to-date: /home/kyu8/ros2_ws/install/turtlesim/include/turtlesim/turtlesim/srv/detail/teleport_relative__type_support.hpp
[3.073s] -- Up-to-date: /home/kyu8/ros2_ws/install/turtlesim/include/turtlesim/turtlesim/srv/detail/teleport_absolute__traits.hpp
[3.073s] -- Up-to-date: /home/kyu8/ros2_ws/install/turtlesim/include/turtlesim/turtlesim/srv/detail/spawn__traits.hpp
[3.074s] -- Up-to-date: /home/kyu8/ros2_ws/install/turtlesim/include/turtlesim/turtlesim/srv/detail/spawn__builder.hpp
[3.074s] -- Up-to-date: /home/kyu8/ros2_ws/install/turtlesim/include/turtlesim/turtlesim/srv/detail/spawn__type_support.hpp
[3.074s] -- Up-to-date: /home/kyu8/ros2_ws/install/turtlesim/include/turtlesim/turtlesim/srv/detail/kill__builder.hpp
[3.074s] -- Up-to-date: /home/kyu8/ros2_ws/install/turtlesim/include/turtlesim/turtlesim/srv/set_pen.hpp
[3.074s] -- Up-to-date: /home/kyu8/ros2_ws/install/turtlesim/include/turtlesim/turtlesim/srv/teleport_absolute.hpp
[3.074s] -- Up-to-date: /home/kyu8/ros2_ws/install/turtlesim/include/turtlesim/turtlesim/srv/spawn.hpp
[3.074s] -- Up-to-date: /home/kyu8/ros2_ws/install/turtlesim/include/turtlesim/turtlesim/srv/kill.hpp
[3.075s] -- Up-to-date: /home/kyu8/ros2_ws/install/turtlesim/include/turtlesim/turtlesim/msg
[3.075s] -- Up-to-date: /home/kyu8/ros2_ws/install/turtlesim/include/turtlesim/turtlesim/msg/rosidl_generator_cpp__visibility_control.hpp
[3.075s] -- Up-to-date: /home/kyu8/ros2_ws/install/turtlesim/include/turtlesim/turtlesim/msg/detail
[3.076s] -- Up-to-date: /home/kyu8/ros2_ws/install/turtlesim/include/turtlesim/turtlesim/msg/detail/pose__struct.hpp
[3.076s] -- Up-to-date: /home/kyu8/ros2_ws/install/turtlesim/include/turtlesim/turtlesim/msg/detail/pose__traits.hpp
[3.076s] -- Up-to-date: /home/kyu8/ros2_ws/install/turtlesim/include/turtlesim/turtlesim/msg/detail/pose__builder.hpp
[3.076s] -- Up-to-date: /home/kyu8/ros2_ws/install/turtlesim/include/turtlesim/turtlesim/msg/detail/color__struct.hpp
[3.076s] -- Up-to-date: /home/kyu8/ros2_ws/install/turtlesim/include/turtlesim/turtlesim/msg/detail/color__traits.hpp
[3.077s] -- Up-to-date: /home/kyu8/ros2_ws/install/turtlesim/include/turtlesim/turtlesim/msg/detail/color__type_support.hpp
[3.077s] -- Up-to-date: /home/kyu8/ros2_ws/install/turtlesim/include/turtlesim/turtlesim/msg/detail/color__builder.hpp
[3.077s] -- Up-to-date: /home/kyu8/ros2_ws/install/turtlesim/include/turtlesim/turtlesim/msg/detail/pose__type_support.hpp
[3.077s] -- Up-to-date: /home/kyu8/ros2_ws/install/turtlesim/include/turtlesim/turtlesim/msg/color.hpp
[3.077s] -- Up-to-date: /home/kyu8/ros2_ws/install/turtlesim/include/turtlesim/turtlesim/msg/pose.hpp
[3.077s] -- Up-to-date: /home/kyu8/ros2_ws/install/turtlesim/include/turtlesim/turtlesim
[3.078s] -- Up-to-date: /home/kyu8/ros2_ws/install/turtlesim/include/turtlesim/turtlesim/action
[3.078s] -- Up-to-date: /home/kyu8/ros2_ws/install/turtlesim/include/turtlesim/turtlesim/action/detail
[3.078s] -- Up-to-date: /home/kyu8/ros2_ws/install/turtlesim/include/turtlesim/turtlesim/action/detail/dds_fastrtps
[3.078s] -- Up-to-date: /home/kyu8/ros2_ws/install/turtlesim/include/turtlesim/turtlesim/action/detail/rotate_absolute__rosidl_typesupport_fastrtps_cpp.hpp
[3.078s] -- Up-to-date: /home/kyu8/ros2_ws/install/turtlesim/include/turtlesim/turtlesim/srv
[3.078s] -- Up-to-date: /home/kyu8/ros2_ws/install/turtlesim/include/turtlesim/turtlesim/srv/detail
[3.079s] -- Up-to-date: /home/kyu8/ros2_ws/install/turtlesim/include/turtlesim/turtlesim/srv/detail/kill__rosidl_typesupport_fastrtps_cpp.hpp
[3.079s] -- Up-to-date: /home/kyu8/ros2_ws/install/turtlesim/include/turtlesim/turtlesim/srv/detail/teleport_absolute__rosidl_typesupport_fastrtps_cpp.hpp
[3.079s] -- Up-to-date: /home/kyu8/ros2_ws/install/turtlesim/include/turtlesim/turtlesim/srv/detail/spawn__rosidl_typesupport_fastrtps_cpp.hpp
[3.079s] -- Up-to-date: /home/kyu8/ros2_ws/install/turtlesim/include/turtlesim/turtlesim/srv/detail/set_pen__rosidl_typesupport_fastrtps_cpp.hpp
[3.080s] -- Up-to-date: /home/kyu8/ros2_ws/install/turtlesim/include/turtlesim/turtlesim/srv/detail/dds_fastrtps
[3.080s] -- Up-to-date: /home/kyu8/ros2_ws/install/turtlesim/include/turtlesim/turtlesim/srv/detail/teleport_relative__rosidl_typesupport_fastrtps_cpp.hpp
[3.080s] -- Up-to-date: /home/kyu8/ros2_ws/install/turtlesim/include/turtlesim/turtlesim/msg
[3.081s] -- Up-to-date: /home/kyu8/ros2_ws/install/turtlesim/include/turtlesim/turtlesim/msg/detail
[3.081s] -- Up-to-date: /home/kyu8/ros2_ws/install/turtlesim/include/turtlesim/turtlesim/msg/detail/pose__rosidl_typesupport_fastrtps_cpp.hpp
[3.081s] -- Up-to-date: /home/kyu8/ros2_ws/install/turtlesim/include/turtlesim/turtlesim/msg/detail/color__rosidl_typesupport_fastrtps_cpp.hpp
[3.081s] -- Up-to-date: /home/kyu8/ros2_ws/install/turtlesim/include/turtlesim/turtlesim/msg/detail/dds_fastrtps
[3.081s] -- Up-to-date: /home/kyu8/ros2_ws/install/turtlesim/include/turtlesim/turtlesim/msg/rosidl_typesupport_fastrtps_cpp__visibility_control.h
[3.081s] -- Up-to-date: /home/kyu8/ros2_ws/install/turtlesim/lib/libturtlesim__rosidl_typesupport_fastrtps_cpp.so
[3.081s] -- Up-to-date: /home/kyu8/ros2_ws/install/turtlesim/include/turtlesim/turtlesim
[3.082s] -- Up-to-date: /home/kyu8/ros2_ws/install/turtlesim/include/turtlesim/turtlesim/action
[3.082s] -- Up-to-date: /home/kyu8/ros2_ws/install/turtlesim/include/turtlesim/turtlesim/action/detail
[3.082s] -- Up-to-date: /home/kyu8/ros2_ws/install/turtlesim/include/turtlesim/turtlesim/action/detail/rotate_absolute__rosidl_typesupport_introspection_c.h
[3.082s] -- Installing: /home/kyu8/ros2_ws/install/turtlesim/include/turtlesim/turtlesim/action/detail/rotate_absolute__type_support.c
[3.082s] -- Up-to-date: /home/kyu8/ros2_ws/install/turtlesim/include/turtlesim/turtlesim/srv
[3.082s] -- Up-to-date: /home/kyu8/ros2_ws/install/turtlesim/include/turtlesim/turtlesim/srv/detail
[3.082s] -- Installing: /home/kyu8/ros2_ws/install/turtlesim/include/turtlesim/turtlesim/srv/detail/spawn__type_support.c
[3.083s] -- Installing: /home/kyu8/ros2_ws/install/turtlesim/include/turtlesim/turtlesim/srv/detail/teleport_relative__type_support.c
[3.083s] -- Up-to-date: /home/kyu8/ros2_ws/install/turtlesim/include/turtlesim/turtlesim/srv/detail/kill__rosidl_typesupport_introspection_c.h
[3.083s] -- Installing: /home/kyu8/ros2_ws/install/turtlesim/include/turtlesim/turtlesim/srv/detail/teleport_absolute__type_support.c
[3.083s] -- Installing: /home/kyu8/ros2_ws/install/turtlesim/include/turtlesim/turtlesim/srv/detail/set_pen__type_support.c
[3.083s] -- Up-to-date: /home/kyu8/ros2_ws/install/turtlesim/include/turtlesim/turtlesim/srv/detail/teleport_relative__rosidl_typesupport_introspection_c.h
[3.083s] -- Up-to-date: /home/kyu8/ros2_ws/install/turtlesim/include/turtlesim/turtlesim/srv/detail/set_pen__rosidl_typesupport_introspection_c.h
[3.083s] -- Up-to-date: /home/kyu8/ros2_ws/install/turtlesim/include/turtlesim/turtlesim/srv/detail/spawn__rosidl_typesupport_introspection_c.h
[3.083s] -- Up-to-date: /home/kyu8/ros2_ws/install/turtlesim/include/turtlesim/turtlesim/srv/detail/teleport_absolute__rosidl_typesupport_introspection_c.h
[3.083s] -- Installing: /home/kyu8/ros2_ws/install/turtlesim/include/turtlesim/turtlesim/srv/detail/kill__type_support.c
[3.084s] -- Up-to-date: /home/kyu8/ros2_ws/install/turtlesim/include/turtlesim/turtlesim/msg
[3.084s] -- Up-to-date: /home/kyu8/ros2_ws/install/turtlesim/include/turtlesim/turtlesim/msg/detail
[3.084s] -- Installing: /home/kyu8/ros2_ws/install/turtlesim/include/turtlesim/turtlesim/msg/detail/color__type_support.c
[3.084s] -- Up-to-date: /home/kyu8/ros2_ws/install/turtlesim/include/turtlesim/turtlesim/msg/detail/pose__rosidl_typesupport_introspection_c.h
[3.084s] -- Installing: /home/kyu8/ros2_ws/install/turtlesim/include/turtlesim/turtlesim/msg/detail/pose__type_support.c
[3.084s] -- Up-to-date: /home/kyu8/ros2_ws/install/turtlesim/include/turtlesim/turtlesim/msg/detail/color__rosidl_typesupport_introspection_c.h
[3.084s] -- Up-to-date: /home/kyu8/ros2_ws/install/turtlesim/include/turtlesim/turtlesim/msg/rosidl_typesupport_introspection_c__visibility_control.h
[3.084s] -- Up-to-date: /home/kyu8/ros2_ws/install/turtlesim/lib/libturtlesim__rosidl_typesupport_introspection_c.so
[3.084s] -- Up-to-date: /home/kyu8/ros2_ws/install/turtlesim/lib/libturtlesim__rosidl_typesupport_c.so
[3.085s] -- Up-to-date: /home/kyu8/ros2_ws/install/turtlesim/include/turtlesim/turtlesim
[3.085s] -- Up-to-date: /home/kyu8/ros2_ws/install/turtlesim/include/turtlesim/turtlesim/action
[3.085s] -- Up-to-date: /home/kyu8/ros2_ws/install/turtlesim/include/turtlesim/turtlesim/action/detail
[3.085s] -- Up-to-date: /home/kyu8/ros2_ws/install/turtlesim/include/turtlesim/turtlesim/action/detail/rotate_absolute__rosidl_typesupport_introspection_cpp.hpp
[3.085s] -- Up-to-date: /home/kyu8/ros2_ws/install/turtlesim/include/turtlesim/turtlesim/action/detail/rotate_absolute__type_support.cpp
[3.085s] -- Up-to-date: /home/kyu8/ros2_ws/install/turtlesim/include/turtlesim/turtlesim/srv
[3.085s] -- Up-to-date: /home/kyu8/ros2_ws/install/turtlesim/include/turtlesim/turtlesim/srv/detail
[3.085s] -- Up-to-date: /home/kyu8/ros2_ws/install/turtlesim/include/turtlesim/turtlesim/srv/detail/set_pen__rosidl_typesupport_introspection_cpp.hpp
[3.085s] -- Up-to-date: /home/kyu8/ros2_ws/install/turtlesim/include/turtlesim/turtlesim/srv/detail/kill__rosidl_typesupport_introspection_cpp.hpp
[3.086s] -- Up-to-date: /home/kyu8/ros2_ws/install/turtlesim/include/turtlesim/turtlesim/srv/detail/spawn__rosidl_typesupport_introspection_cpp.hpp
[3.086s] -- Up-to-date: /home/kyu8/ros2_ws/install/turtlesim/include/turtlesim/turtlesim/srv/detail/teleport_relative__type_support.cpp
[3.086s] -- Up-to-date: /home/kyu8/ros2_ws/install/turtlesim/include/turtlesim/turtlesim/srv/detail/teleport_absolute__type_support.cpp
[3.086s] -- Up-to-date: /home/kyu8/ros2_ws/install/turtlesim/include/turtlesim/turtlesim/srv/detail/teleport_relative__rosidl_typesupport_introspection_cpp.hpp
[3.086s] -- Up-to-date: /home/kyu8/ros2_ws/install/turtlesim/include/turtlesim/turtlesim/srv/detail/set_pen__type_support.cpp
[3.086s] -- Up-to-date: /home/kyu8/ros2_ws/install/turtlesim/include/turtlesim/turtlesim/srv/detail/teleport_absolute__rosidl_typesupport_introspection_cpp.hpp
[3.086s] -- Up-to-date: /home/kyu8/ros2_ws/install/turtlesim/include/turtlesim/turtlesim/srv/detail/spawn__type_support.cpp
[3.086s] -- Up-to-date: /home/kyu8/ros2_ws/install/turtlesim/include/turtlesim/turtlesim/srv/detail/kill__type_support.cpp
[3.087s] -- Up-to-date: /home/kyu8/ros2_ws/install/turtlesim/include/turtlesim/turtlesim/msg
[3.087s] -- Up-to-date: /home/kyu8/ros2_ws/install/turtlesim/include/turtlesim/turtlesim/msg/detail
[3.087s] -- Up-to-date: /home/kyu8/ros2_ws/install/turtlesim/include/turtlesim/turtlesim/msg/detail/color__type_support.cpp
[3.087s] -- Up-to-date: /home/kyu8/ros2_ws/install/turtlesim/include/turtlesim/turtlesim/msg/detail/pose__type_support.cpp
[3.087s] -- Up-to-date: /home/kyu8/ros2_ws/install/turtlesim/include/turtlesim/turtlesim/msg/detail/color__rosidl_typesupport_introspection_cpp.hpp
[3.087s] -- Up-to-date: /home/kyu8/ros2_ws/install/turtlesim/include/turtlesim/turtlesim/msg/detail/pose__rosidl_typesupport_introspection_cpp.hpp
[3.087s] -- Up-to-date: /home/kyu8/ros2_ws/install/turtlesim/lib/libturtlesim__rosidl_typesupport_introspection_cpp.so
[3.088s] -- Up-to-date: /home/kyu8/ros2_ws/install/turtlesim/lib/libturtlesim__rosidl_typesupport_cpp.so
[3.088s] -- Up-to-date: /home/kyu8/ros2_ws/install/turtlesim/share/turtlesim/environment/pythonpath.sh
[3.088s] -- Up-to-date: /home/kyu8/ros2_ws/install/turtlesim/share/turtlesim/environment/pythonpath.dsv
[3.088s] -- Up-to-date: /home/kyu8/ros2_ws/install/turtlesim/lib/python3.10/site-packages/turtlesim-1.4.2-py3.10.egg-info
[3.088s] -- Installing: /home/kyu8/ros2_ws/install/turtlesim/lib/python3.10/site-packages/turtlesim-1.4.2-py3.10.egg-info/SOURCES.txt
[3.088s] -- Installing: /home/kyu8/ros2_ws/install/turtlesim/lib/python3.10/site-packages/turtlesim-1.4.2-py3.10.egg-info/top_level.txt
[3.088s] -- Installing: /home/kyu8/ros2_ws/install/turtlesim/lib/python3.10/site-packages/turtlesim-1.4.2-py3.10.egg-info/PKG-INFO
[3.088s] -- Installing: /home/kyu8/ros2_ws/install/turtlesim/lib/python3.10/site-packages/turtlesim-1.4.2-py3.10.egg-info/dependency_links.txt
[3.088s] -- Up-to-date: /home/kyu8/ros2_ws/install/turtlesim/lib/python3.10/site-packages/turtlesim
[3.089s] -- Up-to-date: /home/kyu8/ros2_ws/install/turtlesim/lib/python3.10/site-packages/turtlesim/action
[3.089s] -- Up-to-date: /home/kyu8/ros2_ws/install/turtlesim/lib/python3.10/site-packages/turtlesim/action/__init__.py
[3.089s] -- Up-to-date: /home/kyu8/ros2_ws/install/turtlesim/lib/python3.10/site-packages/turtlesim/action/_rotate_absolute.py
[3.089s] -- Up-to-date: /home/kyu8/ros2_ws/install/turtlesim/lib/python3.10/site-packages/turtlesim/action/_rotate_absolute_s.c
[3.089s] -- Up-to-date: /home/kyu8/ros2_ws/install/turtlesim/lib/python3.10/site-packages/turtlesim/__init__.py
[3.089s] -- Up-to-date: /home/kyu8/ros2_ws/install/turtlesim/lib/python3.10/site-packages/turtlesim/turtlesim_s__rosidl_typesupport_introspection_c.cpython-310-x86_64-linux-gnu.so
[3.089s] -- Up-to-date: /home/kyu8/ros2_ws/install/turtlesim/lib/python3.10/site-packages/turtlesim/turtlesim_s__rosidl_typesupport_c.cpython-310-x86_64-linux-gnu.so
[3.089s] -- Up-to-date: /home/kyu8/ros2_ws/install/turtlesim/lib/python3.10/site-packages/turtlesim/srv
[3.089s] -- Up-to-date: /home/kyu8/ros2_ws/install/turtlesim/lib/python3.10/site-packages/turtlesim/srv/_kill.py
[3.090s] -- Up-to-date: /home/kyu8/ros2_ws/install/turtlesim/lib/python3.10/site-packages/turtlesim/srv/_set_pen.py
[3.090s] -- Up-to-date: /home/kyu8/ros2_ws/install/turtlesim/lib/python3.10/site-packages/turtlesim/srv/__init__.py
[3.090s] -- Up-to-date: /home/kyu8/ros2_ws/install/turtlesim/lib/python3.10/site-packages/turtlesim/srv/_teleport_absolute.py
[3.090s] -- Up-to-date: /home/kyu8/ros2_ws/install/turtlesim/lib/python3.10/site-packages/turtlesim/srv/_teleport_relative_s.c
[3.090s] -- Up-to-date: /home/kyu8/ros2_ws/install/turtlesim/lib/python3.10/site-packages/turtlesim/srv/_teleport_relative.py
[3.090s] -- Up-to-date: /home/kyu8/ros2_ws/install/turtlesim/lib/python3.10/site-packages/turtlesim/srv/_set_pen_s.c
[3.090s] -- Up-to-date: /home/kyu8/ros2_ws/install/turtlesim/lib/python3.10/site-packages/turtlesim/srv/_spawn_s.c
[3.090s] -- Up-to-date: /home/kyu8/ros2_ws/install/turtlesim/lib/python3.10/site-packages/turtlesim/srv/_teleport_absolute_s.c
[3.090s] -- Up-to-date: /home/kyu8/ros2_ws/install/turtlesim/lib/python3.10/site-packages/turtlesim/srv/_spawn.py
[3.091s] -- Up-to-date: /home/kyu8/ros2_ws/install/turtlesim/lib/python3.10/site-packages/turtlesim/srv/_kill_s.c
[3.091s] -- Up-to-date: /home/kyu8/ros2_ws/install/turtlesim/lib/python3.10/site-packages/turtlesim/_turtlesim_s.ep.rosidl_typesupport_introspection_c.c
[3.091s] -- Up-to-date: /home/kyu8/ros2_ws/install/turtlesim/lib/python3.10/site-packages/turtlesim/_turtlesim_s.ep.rosidl_typesupport_fastrtps_c.c
[3.091s] -- Up-to-date: /home/kyu8/ros2_ws/install/turtlesim/lib/python3.10/site-packages/turtlesim/_turtlesim_s.ep.rosidl_typesupport_c.c
[3.091s] -- Up-to-date: /home/kyu8/ros2_ws/install/turtlesim/lib/python3.10/site-packages/turtlesim/libturtlesim__rosidl_generator_py.so
[3.091s] -- Up-to-date: /home/kyu8/ros2_ws/install/turtlesim/lib/python3.10/site-packages/turtlesim/turtlesim_s__rosidl_typesupport_fastrtps_c.cpython-310-x86_64-linux-gnu.so
[3.091s] -- Up-to-date: /home/kyu8/ros2_ws/install/turtlesim/lib/python3.10/site-packages/turtlesim/msg
[3.091s] -- Up-to-date: /home/kyu8/ros2_ws/install/turtlesim/lib/python3.10/site-packages/turtlesim/msg/_pose_s.c
[3.091s] -- Up-to-date: /home/kyu8/ros2_ws/install/turtlesim/lib/python3.10/site-packages/turtlesim/msg/_color_s.c
[3.092s] -- Up-to-date: /home/kyu8/ros2_ws/install/turtlesim/lib/python3.10/site-packages/turtlesim/msg/__init__.py
[3.092s] -- Up-to-date: /home/kyu8/ros2_ws/install/turtlesim/lib/python3.10/site-packages/turtlesim/msg/_pose.py
[3.092s] -- Up-to-date: /home/kyu8/ros2_ws/install/turtlesim/lib/python3.10/site-packages/turtlesim/msg/_color.py
[3.135s] Listing '/home/kyu8/ros2_ws/install/turtlesim/lib/python3.10/site-packages/turtlesim'...
[3.135s] Listing '/home/kyu8/ros2_ws/install/turtlesim/lib/python3.10/site-packages/turtlesim/action'...
[3.135s] Listing '/home/kyu8/ros2_ws/install/turtlesim/lib/python3.10/site-packages/turtlesim/msg'...
[3.135s] Listing '/home/kyu8/ros2_ws/install/turtlesim/lib/python3.10/site-packages/turtlesim/srv'...
[3.144s] -- Up-to-date: /home/kyu8/ros2_ws/install/turtlesim/lib/python3.10/site-packages/turtlesim/turtlesim_s__rosidl_typesupport_fastrtps_c.cpython-310-x86_64-linux-gnu.so
[3.145s] -- Up-to-date: /home/kyu8/ros2_ws/install/turtlesim/lib/python3.10/site-packages/turtlesim/turtlesim_s__rosidl_typesupport_introspection_c.cpython-310-x86_64-linux-gnu.so
[3.145s] -- Up-to-date: /home/kyu8/ros2_ws/install/turtlesim/lib/python3.10/site-packages/turtlesim/turtlesim_s__rosidl_typesupport_c.cpython-310-x86_64-linux-gnu.so
[3.147s] -- Up-to-date: /home/kyu8/ros2_ws/install/turtlesim/lib/libturtlesim__rosidl_generator_py.so
[3.147s] -- Up-to-date: /home/kyu8/ros2_ws/install/turtlesim/share/turtlesim/action/RotateAbsolute.idl
[3.147s] -- Up-to-date: /home/kyu8/ros2_ws/install/turtlesim/share/turtlesim/msg/Color.idl
[3.149s] -- Up-to-date: /home/kyu8/ros2_ws/install/turtlesim/share/turtlesim/msg/Pose.idl
[3.150s] -- Up-to-date: /home/kyu8/ros2_ws/install/turtlesim/share/turtlesim/srv/Kill.idl
[3.150s] -- Up-to-date: /home/kyu8/ros2_ws/install/turtlesim/share/turtlesim/srv/SetPen.idl
[3.150s] -- Up-to-date: /home/kyu8/ros2_ws/install/turtlesim/share/turtlesim/srv/Spawn.idl
[3.150s] -- Up-to-date: /home/kyu8/ros2_ws/install/turtlesim/share/turtlesim/srv/TeleportAbsolute.idl
[3.150s] -- Up-to-date: /home/kyu8/ros2_ws/install/turtlesim/share/turtlesim/srv/TeleportRelative.idl
[3.151s] -- Up-to-date: /home/kyu8/ros2_ws/install/turtlesim/share/turtlesim/action/RotateAbsolute.action
[3.151s] -- Up-to-date: /home/kyu8/ros2_ws/install/turtlesim/share/turtlesim/msg/Color.msg
[3.151s] -- Up-to-date: /home/kyu8/ros2_ws/install/turtlesim/share/turtlesim/msg/Pose.msg
[3.151s] -- Up-to-date: /home/kyu8/ros2_ws/install/turtlesim/share/turtlesim/srv/Kill.srv
[3.151s] -- Up-to-date: /home/kyu8/ros2_ws/install/turtlesim/share/turtlesim/srv/SetPen.srv
[3.151s] -- Up-to-date: /home/kyu8/ros2_ws/install/turtlesim/share/turtlesim/srv/Spawn.srv
[3.151s] -- Up-to-date: /home/kyu8/ros2_ws/install/turtlesim/share/turtlesim/srv/TeleportAbsolute.srv
[3.151s] -- Up-to-date: /home/kyu8/ros2_ws/install/turtlesim/share/turtlesim/srv/TeleportRelative.srv
[3.152s] -- Up-to-date: /home/kyu8/ros2_ws/install/turtlesim/lib/turtlesim/turtlesim_node
[3.152s] -- Up-to-date: /home/kyu8/ros2_ws/install/turtlesim/lib/turtlesim/turtle_teleop_key
[3.158s] -- Up-to-date: /home/kyu8/ros2_ws/install/turtlesim/lib/turtlesim/draw_square
[3.161s] -- Up-to-date: /home/kyu8/ros2_ws/install/turtlesim/lib/turtlesim/mimic
[3.161s] -- Up-to-date: /home/kyu8/ros2_ws/install/turtlesim/share/turtlesim/images
[3.161s] -- Up-to-date: /home/kyu8/ros2_ws/install/turtlesim/share/turtlesim/images/crystal.png
[3.161s] -- Up-to-date: /home/kyu8/ros2_ws/install/turtlesim/share/turtlesim/images/eloquent.png
[3.161s] -- Up-to-date: /home/kyu8/ros2_ws/install/turtlesim/share/turtlesim/images/rolling.png
[3.163s] -- Up-to-date: /home/kyu8/ros2_ws/install/turtlesim/share/turtlesim/images/bouncy.png
[3.163s] -- Up-to-date: /home/kyu8/ros2_ws/install/turtlesim/share/turtlesim/images/dashing.png
[3.164s] -- Up-to-date: /home/kyu8/ros2_ws/install/turtlesim/share/turtlesim/images/ardent.png
[3.164s] -- Up-to-date: /home/kyu8/ros2_ws/install/turtlesim/share/turtlesim/images/humble.png
[3.164s] -- Up-to-date: /home/kyu8/ros2_ws/install/turtlesim/share/turtlesim/images/galactic.png
[3.164s] -- Up-to-date: /home/kyu8/ros2_ws/install/turtlesim/share/turtlesim/images/foxy.png
[3.164s] -- Up-to-date: /home/kyu8/ros2_ws/install/turtlesim/share/turtlesim/launch
[3.164s] -- Up-to-date: /home/kyu8/ros2_ws/install/turtlesim/share/turtlesim/launch/multisim.launch.py
[3.165s] -- Up-to-date: /home/kyu8/ros2_ws/install/turtlesim/share/ament_index/resource_index/package_run_dependencies/turtlesim
[3.165s] -- Up-to-date: /home/kyu8/ros2_ws/install/turtlesim/share/ament_index/resource_index/parent_prefix_path/turtlesim
[3.167s] -- Up-to-date: /home/kyu8/ros2_ws/install/turtlesim/share/turtlesim/environment/ament_prefix_path.sh
[3.168s] -- Up-to-date: /home/kyu8/ros2_ws/install/turtlesim/share/turtlesim/environment/ament_prefix_path.dsv
[3.168s] -- Up-to-date: /home/kyu8/ros2_ws/install/turtlesim/share/turtlesim/environment/path.sh
[3.168s] -- Up-to-date: /home/kyu8/ros2_ws/install/turtlesim/share/turtlesim/environment/path.dsv
[3.168s] -- Up-to-date: /home/kyu8/ros2_ws/install/turtlesim/share/turtlesim/local_setup.bash
[3.168s] -- Up-to-date: /home/kyu8/ros2_ws/install/turtlesim/share/turtlesim/local_setup.sh
[3.169s] -- Up-to-date: /home/kyu8/ros2_ws/install/turtlesim/share/turtlesim/local_setup.zsh
[3.169s] -- Up-to-date: /home/kyu8/ros2_ws/install/turtlesim/share/turtlesim/local_setup.dsv
[3.169s] -- Installing: /home/kyu8/ros2_ws/install/turtlesim/share/turtlesim/package.dsv
[3.170s] -- Up-to-date: /home/kyu8/ros2_ws/install/turtlesim/share/ament_index/resource_index/packages/turtlesim
[3.170s] -- Up-to-date: /home/kyu8/ros2_ws/install/turtlesim/share/turtlesim/cmake/export_turtlesim__rosidl_generator_cExport.cmake
[3.170s] -- Up-to-date: /home/kyu8/ros2_ws/install/turtlesim/share/turtlesim/cmake/export_turtlesim__rosidl_generator_cExport-noconfig.cmake
[3.171s] -- Up-to-date: /home/kyu8/ros2_ws/install/turtlesim/share/turtlesim/cmake/export_turtlesim__rosidl_typesupport_fastrtps_cExport.cmake
[3.172s] -- Up-to-date: /home/kyu8/ros2_ws/install/turtlesim/share/turtlesim/cmake/export_turtlesim__rosidl_typesupport_fastrtps_cExport-noconfig.cmake
[3.172s] -- Up-to-date: /home/kyu8/ros2_ws/install/turtlesim/share/turtlesim/cmake/export_turtlesim__rosidl_generator_cppExport.cmake
[3.172s] -- Up-to-date: /home/kyu8/ros2_ws/install/turtlesim/share/turtlesim/cmake/export_turtlesim__rosidl_typesupport_fastrtps_cppExport.cmake
[3.173s] -- Up-to-date: /home/kyu8/ros2_ws/install/turtlesim/share/turtlesim/cmake/export_turtlesim__rosidl_typesupport_fastrtps_cppExport-noconfig.cmake
[3.173s] -- Up-to-date: /home/kyu8/ros2_ws/install/turtlesim/share/turtlesim/cmake/turtlesim__rosidl_typesupport_introspection_cExport.cmake
[3.174s] -- Up-to-date: /home/kyu8/ros2_ws/install/turtlesim/share/turtlesim/cmake/turtlesim__rosidl_typesupport_introspection_cExport-noconfig.cmake
[3.174s] -- Up-to-date: /home/kyu8/ros2_ws/install/turtlesim/share/turtlesim/cmake/turtlesim__rosidl_typesupport_cExport.cmake
[3.174s] -- Up-to-date: /home/kyu8/ros2_ws/install/turtlesim/share/turtlesim/cmake/turtlesim__rosidl_typesupport_cExport-noconfig.cmake
[3.175s] -- Up-to-date: /home/kyu8/ros2_ws/install/turtlesim/share/turtlesim/cmake/turtlesim__rosidl_typesupport_introspection_cppExport.cmake
[3.176s] -- Up-to-date: /home/kyu8/ros2_ws/install/turtlesim/share/turtlesim/cmake/turtlesim__rosidl_typesupport_introspection_cppExport-noconfig.cmake
[3.176s] -- Up-to-date: /home/kyu8/ros2_ws/install/turtlesim/share/turtlesim/cmake/turtlesim__rosidl_typesupport_cppExport.cmake
[3.177s] -- Up-to-date: /home/kyu8/ros2_ws/install/turtlesim/share/turtlesim/cmake/turtlesim__rosidl_typesupport_cppExport-noconfig.cmake
[3.177s] -- Up-to-date: /home/kyu8/ros2_ws/install/turtlesim/share/turtlesim/cmake/export_turtlesim__rosidl_generator_pyExport.cmake
[3.178s] -- Up-to-date: /home/kyu8/ros2_ws/install/turtlesim/share/turtlesim/cmake/export_turtlesim__rosidl_generator_pyExport-noconfig.cmake
[3.178s] -- Up-to-date: /home/kyu8/ros2_ws/install/turtlesim/share/turtlesim/cmake/rosidl_cmake-extras.cmake
[3.178s] -- Up-to-date: /home/kyu8/ros2_ws/install/turtlesim/share/turtlesim/cmake/ament_cmake_export_dependencies-extras.cmake
[3.178s] -- Up-to-date: /home/kyu8/ros2_ws/install/turtlesim/share/turtlesim/cmake/ament_cmake_export_include_directories-extras.cmake
[3.178s] -- Up-to-date: /home/kyu8/ros2_ws/install/turtlesim/share/turtlesim/cmake/ament_cmake_export_libraries-extras.cmake
[3.179s] -- Up-to-date: /home/kyu8/ros2_ws/install/turtlesim/share/turtlesim/cmake/ament_cmake_export_targets-extras.cmake
[3.179s] -- Up-to-date: /home/kyu8/ros2_ws/install/turtlesim/share/turtlesim/cmake/rosidl_cmake_export_typesupport_targets-extras.cmake
[3.179s] -- Up-to-date: /home/kyu8/ros2_ws/install/turtlesim/share/turtlesim/cmake/rosidl_cmake_export_typesupport_libraries-extras.cmake
[3.179s] -- Up-to-date: /home/kyu8/ros2_ws/install/turtlesim/share/turtlesim/cmake/turtlesimConfig.cmake
[3.179s] -- Up-to-date: /home/kyu8/ros2_ws/install/turtlesim/share/turtlesim/cmake/turtlesimConfig-version.cmake
[3.180s] -- Up-to-date: /home/kyu8/ros2_ws/install/turtlesim/share/turtlesim/package.xml
[3.182s] Invoked command in '/home/kyu8/ros2_ws/build/turtlesim' returned '0': CMAKE_PREFIX_PATH=/opt/ros/rolling:/opt/ros/humble /usr/bin/cmake --install /home/kyu8/ros2_ws/build/turtlesim
