[2.144s] DEBUG:colcon:Command line arguments: ['/usr/bin/colcon', 'build']
[2.144s] DEBUG:colcon:Parsed command line arguments: Namespace(log_base=None, log_level=None, verb_name='build', build_base='build', install_base='install', merge_install=False, symlink_install=False, test_result_base=None, continue_on_error=False, executor='parallel', parallel_workers=5, event_handlers=None, ignore_user_meta=False, metas=['./colcon.meta'], base_paths=['.'], packages_ignore=None, packages_ignore_regex=None, paths=None, packages_up_to=None, packages_up_to_regex=None, packages_above=None, packages_above_and_dependencies=None, packages_above_depth=None, packages_select_by_dep=None, packages_skip_by_dep=None, packages_skip_up_to=None, packages_select_build_failed=False, packages_skip_build_finished=False, packages_select_test_failures=False, packages_skip_test_passed=False, packages_select=None, packages_skip=None, packages_select_regex=None, packages_skip_regex=None, packages_start=None, packages_end=None, allow_overriding=[], cmake_args=None, cmake_target=None, cmake_target_skip_unavailable=False, cmake_clean_cache=False, cmake_clean_first=False, cmake_force_configure=False, ament_cmake_args=None, catkin_cmake_args=None, catkin_skip_building_tests=False, verb_parser=<colcon_defaults.argument_parser.defaults.DefaultArgumentsDecorator object at 0x7f532e14fac0>, verb_extension=<colcon_core.verb.build.BuildVerb object at 0x7f532e14c850>, main=<bound method BuildVerb.main of <colcon_core.verb.build.BuildVerb object at 0x7f532e14c850>>)
[2.242s] Level 1:colcon.colcon_core.package_discovery:discover_packages(colcon_meta) check parameters
[2.242s] Level 1:colcon.colcon_core.package_discovery:discover_packages(recursive) check parameters
[2.242s] Level 1:colcon.colcon_core.package_discovery:discover_packages(ignore) check parameters
[2.242s] Level 1:colcon.colcon_core.package_discovery:discover_packages(path) check parameters
[2.242s] Level 1:colcon.colcon_core.package_discovery:discover_packages(colcon_meta) discover
[2.242s] Level 1:colcon.colcon_core.package_discovery:discover_packages(recursive) discover
[2.242s] INFO:colcon.colcon_core.package_discovery:Crawling recursively for packages in '/home/kyu8/ros2_ws'
[2.242s] Level 1:colcon.colcon_core.package_identification:_identify(.) by extensions ['ignore', 'ignore_ament_install']
[2.243s] Level 1:colcon.colcon_core.package_identification:_identify(.) by extension 'ignore'
[2.243s] Level 1:colcon.colcon_core.package_identification:_identify(.) by extension 'ignore_ament_install'
[2.243s] Level 1:colcon.colcon_core.package_identification:_identify(.) by extensions ['colcon_pkg']
[2.243s] Level 1:colcon.colcon_core.package_identification:_identify(.) by extension 'colcon_pkg'
[2.243s] Level 1:colcon.colcon_core.package_identification:_identify(.) by extensions ['colcon_meta']
[2.243s] Level 1:colcon.colcon_core.package_identification:_identify(.) by extension 'colcon_meta'
[2.243s] Level 1:colcon.colcon_core.package_identification:_identify(.) by extensions ['ros']
[2.243s] Level 1:colcon.colcon_core.package_identification:_identify(.) by extension 'ros'
[2.265s] Level 1:colcon.colcon_core.package_identification:_identify(.) by extensions ['cmake', 'python']
[2.265s] Level 1:colcon.colcon_core.package_identification:_identify(.) by extension 'cmake'
[2.265s] Level 1:colcon.colcon_core.package_identification:_identify(.) by extension 'python'
[2.265s] Level 1:colcon.colcon_core.package_identification:_identify(.) by extensions ['python_setup_py']
[2.265s] Level 1:colcon.colcon_core.package_identification:_identify(.) by extension 'python_setup_py'
[2.265s] Level 1:colcon.colcon_core.package_identification:_identify(build) by extensions ['ignore', 'ignore_ament_install']
[2.266s] Level 1:colcon.colcon_core.package_identification:_identify(build) by extension 'ignore'
[2.266s] Level 1:colcon.colcon_core.package_identification:_identify(build) ignored
[2.266s] Level 1:colcon.colcon_core.package_identification:_identify(install) by extensions ['ignore', 'ignore_ament_install']
[2.266s] Level 1:colcon.colcon_core.package_identification:_identify(install) by extension 'ignore'
[2.266s] Level 1:colcon.colcon_core.package_identification:_identify(install) ignored
[2.266s] Level 1:colcon.colcon_core.package_identification:_identify(log) by extensions ['ignore', 'ignore_ament_install']
[2.267s] Level 1:colcon.colcon_core.package_identification:_identify(log) by extension 'ignore'
[2.267s] Level 1:colcon.colcon_core.package_identification:_identify(log) ignored
[2.267s] Level 1:colcon.colcon_core.package_identification:_identify(src) by extensions ['ignore', 'ignore_ament_install']
[2.267s] Level 1:colcon.colcon_core.package_identification:_identify(src) by extension 'ignore'
[2.267s] Level 1:colcon.colcon_core.package_identification:_identify(src) by extension 'ignore_ament_install'
[2.267s] Level 1:colcon.colcon_core.package_identification:_identify(src) by extensions ['colcon_pkg']
[2.267s] Level 1:colcon.colcon_core.package_identification:_identify(src) by extension 'colcon_pkg'
[2.267s] Level 1:colcon.colcon_core.package_identification:_identify(src) by extensions ['colcon_meta']
[2.267s] Level 1:colcon.colcon_core.package_identification:_identify(src) by extension 'colcon_meta'
[2.267s] Level 1:colcon.colcon_core.package_identification:_identify(src) by extensions ['ros']
[2.267s] Level 1:colcon.colcon_core.package_identification:_identify(src) by extension 'ros'
[2.268s] Level 1:colcon.colcon_core.package_identification:_identify(src) by extensions ['cmake', 'python']
[2.268s] Level 1:colcon.colcon_core.package_identification:_identify(src) by extension 'cmake'
[2.268s] Level 1:colcon.colcon_core.package_identification:_identify(src) by extension 'python'
[2.268s] Level 1:colcon.colcon_core.package_identification:_identify(src) by extensions ['python_setup_py']
[2.268s] Level 1:colcon.colcon_core.package_identification:_identify(src) by extension 'python_setup_py'
[2.268s] Level 1:colcon.colcon_core.package_identification:_identify(src/my_package) by extensions ['ignore', 'ignore_ament_install']
[2.268s] Level 1:colcon.colcon_core.package_identification:_identify(src/my_package) by extension 'ignore'
[2.268s] Level 1:colcon.colcon_core.package_identification:_identify(src/my_package) by extension 'ignore_ament_install'
[2.268s] Level 1:colcon.colcon_core.package_identification:_identify(src/my_package) by extensions ['colcon_pkg']
[2.268s] Level 1:colcon.colcon_core.package_identification:_identify(src/my_package) by extension 'colcon_pkg'
[2.269s] Level 1:colcon.colcon_core.package_identification:_identify(src/my_package) by extensions ['colcon_meta']
[2.269s] Level 1:colcon.colcon_core.package_identification:_identify(src/my_package) by extension 'colcon_meta'
[2.269s] Level 1:colcon.colcon_core.package_identification:_identify(src/my_package) by extensions ['ros']
[2.269s] Level 1:colcon.colcon_core.package_identification:_identify(src/my_package) by extension 'ros'
[2.275s] DEBUG:colcon.colcon_core.package_identification:Package 'src/my_package' with type 'ros.ament_python' and name 'my_package'
[2.275s] Level 1:colcon.colcon_core.package_identification:_identify(src/pyPubsub) by extensions ['ignore', 'ignore_ament_install']
[2.275s] Level 1:colcon.colcon_core.package_identification:_identify(src/pyPubsub) by extension 'ignore'
[2.275s] Level 1:colcon.colcon_core.package_identification:_identify(src/pyPubsub) by extension 'ignore_ament_install'
[2.275s] Level 1:colcon.colcon_core.package_identification:_identify(src/pyPubsub) by extensions ['colcon_pkg']
[2.276s] Level 1:colcon.colcon_core.package_identification:_identify(src/pyPubsub) by extension 'colcon_pkg'
[2.276s] Level 1:colcon.colcon_core.package_identification:_identify(src/pyPubsub) by extensions ['colcon_meta']
[2.276s] Level 1:colcon.colcon_core.package_identification:_identify(src/pyPubsub) by extension 'colcon_meta'
[2.276s] Level 1:colcon.colcon_core.package_identification:_identify(src/pyPubsub) by extensions ['ros']
[2.276s] Level 1:colcon.colcon_core.package_identification:_identify(src/pyPubsub) by extension 'ros'
[2.277s] DEBUG:colcon.colcon_core.package_identification:Package 'src/pyPubsub' with type 'ros.ament_python' and name 'pyPubsub'
[2.277s] Level 1:colcon.colcon_core.package_identification:_identify(src/pysrvcli) by extensions ['ignore', 'ignore_ament_install']
[2.277s] Level 1:colcon.colcon_core.package_identification:_identify(src/pysrvcli) by extension 'ignore'
[2.277s] Level 1:colcon.colcon_core.package_identification:_identify(src/pysrvcli) by extension 'ignore_ament_install'
[2.277s] Level 1:colcon.colcon_core.package_identification:_identify(src/pysrvcli) by extensions ['colcon_pkg']
[2.278s] Level 1:colcon.colcon_core.package_identification:_identify(src/pysrvcli) by extension 'colcon_pkg'
[2.278s] Level 1:colcon.colcon_core.package_identification:_identify(src/pysrvcli) by extensions ['colcon_meta']
[2.278s] Level 1:colcon.colcon_core.package_identification:_identify(src/pysrvcli) by extension 'colcon_meta'
[2.278s] Level 1:colcon.colcon_core.package_identification:_identify(src/pysrvcli) by extensions ['ros']
[2.278s] Level 1:colcon.colcon_core.package_identification:_identify(src/pysrvcli) by extension 'ros'
[2.279s] DEBUG:colcon.colcon_core.package_identification:Package 'src/pysrvcli' with type 'ros.ament_python' and name 'pysrvcli'
[2.279s] Level 1:colcon.colcon_core.package_discovery:discover_packages(recursive) using defaults
[2.279s] Level 1:colcon.colcon_core.package_discovery:discover_packages(ignore) discover
[2.279s] Level 1:colcon.colcon_core.package_discovery:discover_packages(ignore) using defaults
[2.279s] Level 1:colcon.colcon_core.package_discovery:discover_packages(path) discover
[2.279s] Level 1:colcon.colcon_core.package_discovery:discover_packages(path) using defaults
[2.474s] Level 1:colcon.colcon_core.package_discovery:discover_packages(prefix_path) check parameters
[2.474s] Level 1:colcon.colcon_core.package_discovery:discover_packages(prefix_path) discover
[2.508s] WARNING:colcon.colcon_core.prefix_path.colcon:The path '/home/kyu8/ws/install' in the environment variable COLCON_PREFIX_PATH doesn't exist
[2.544s] DEBUG:colcon.colcon_installed_package_information.package_discovery:Found 297 installed packages in /opt/ros/rolling
[2.602s] DEBUG:colcon.colcon_installed_package_information.package_discovery:Found 270 installed packages in /opt/ros/humble
[2.624s] Level 1:colcon.colcon_core.package_discovery:discover_packages(prefix_path) using defaults
[2.908s] Level 5:colcon.colcon_core.verb:set package 'my_package' build argument 'cmake_args' from command line to 'None'
[2.908s] Level 5:colcon.colcon_core.verb:set package 'my_package' build argument 'cmake_target' from command line to 'None'
[2.909s] Level 5:colcon.colcon_core.verb:set package 'my_package' build argument 'cmake_target_skip_unavailable' from command line to 'False'
[2.909s] Level 5:colcon.colcon_core.verb:set package 'my_package' build argument 'cmake_clean_cache' from command line to 'False'
[2.909s] Level 5:colcon.colcon_core.verb:set package 'my_package' build argument 'cmake_clean_first' from command line to 'False'
[2.909s] Level 5:colcon.colcon_core.verb:set package 'my_package' build argument 'cmake_force_configure' from command line to 'False'
[2.909s] Level 5:colcon.colcon_core.verb:set package 'my_package' build argument 'ament_cmake_args' from command line to 'None'
[2.909s] Level 5:colcon.colcon_core.verb:set package 'my_package' build argument 'catkin_cmake_args' from command line to 'None'
[2.909s] Level 5:colcon.colcon_core.verb:set package 'my_package' build argument 'catkin_skip_building_tests' from command line to 'False'
[2.909s] DEBUG:colcon.colcon_core.verb:Building package 'my_package' with the following arguments: {'ament_cmake_args': None, 'build_base': '/home/kyu8/ros2_ws/build/my_package', 'catkin_cmake_args': None, 'catkin_skip_building_tests': False, 'cmake_args': None, 'cmake_clean_cache': False, 'cmake_clean_first': False, 'cmake_force_configure': False, 'cmake_target': None, 'cmake_target_skip_unavailable': False, 'install_base': '/home/kyu8/ros2_ws/install/my_package', 'merge_install': False, 'path': '/home/kyu8/ros2_ws/src/my_package', 'symlink_install': False, 'test_result_base': None}
[2.938s] Level 5:colcon.colcon_core.verb:set package 'pyPubsub' build argument 'cmake_args' from command line to 'None'
[2.938s] Level 5:colcon.colcon_core.verb:set package 'pyPubsub' build argument 'cmake_target' from command line to 'None'
[2.938s] Level 5:colcon.colcon_core.verb:set package 'pyPubsub' build argument 'cmake_target_skip_unavailable' from command line to 'False'
[2.938s] Level 5:colcon.colcon_core.verb:set package 'pyPubsub' build argument 'cmake_clean_cache' from command line to 'False'
[2.938s] Level 5:colcon.colcon_core.verb:set package 'pyPubsub' build argument 'cmake_clean_first' from command line to 'False'
[2.939s] Level 5:colcon.colcon_core.verb:set package 'pyPubsub' build argument 'cmake_force_configure' from command line to 'False'
[2.939s] Level 5:colcon.colcon_core.verb:set package 'pyPubsub' build argument 'ament_cmake_args' from command line to 'None'
[2.939s] Level 5:colcon.colcon_core.verb:set package 'pyPubsub' build argument 'catkin_cmake_args' from command line to 'None'
[2.939s] Level 5:colcon.colcon_core.verb:set package 'pyPubsub' build argument 'catkin_skip_building_tests' from command line to 'False'
[2.939s] DEBUG:colcon.colcon_core.verb:Building package 'pyPubsub' with the following arguments: {'ament_cmake_args': None, 'build_base': '/home/kyu8/ros2_ws/build/pyPubsub', 'catkin_cmake_args': None, 'catkin_skip_building_tests': False, 'cmake_args': None, 'cmake_clean_cache': False, 'cmake_clean_first': False, 'cmake_force_configure': False, 'cmake_target': None, 'cmake_target_skip_unavailable': False, 'install_base': '/home/kyu8/ros2_ws/install/pyPubsub', 'merge_install': False, 'path': '/home/kyu8/ros2_ws/src/pyPubsub', 'symlink_install': False, 'test_result_base': None}
[2.968s] Level 5:colcon.colcon_core.verb:set package 'pysrvcli' build argument 'cmake_args' from command line to 'None'
[2.968s] Level 5:colcon.colcon_core.verb:set package 'pysrvcli' build argument 'cmake_target' from command line to 'None'
[2.968s] Level 5:colcon.colcon_core.verb:set package 'pysrvcli' build argument 'cmake_target_skip_unavailable' from command line to 'False'
[2.968s] Level 5:colcon.colcon_core.verb:set package 'pysrvcli' build argument 'cmake_clean_cache' from command line to 'False'
[2.968s] Level 5:colcon.colcon_core.verb:set package 'pysrvcli' build argument 'cmake_clean_first' from command line to 'False'
[2.968s] Level 5:colcon.colcon_core.verb:set package 'pysrvcli' build argument 'cmake_force_configure' from command line to 'False'
[2.968s] Level 5:colcon.colcon_core.verb:set package 'pysrvcli' build argument 'ament_cmake_args' from command line to 'None'
[2.968s] Level 5:colcon.colcon_core.verb:set package 'pysrvcli' build argument 'catkin_cmake_args' from command line to 'None'
[2.968s] Level 5:colcon.colcon_core.verb:set package 'pysrvcli' build argument 'catkin_skip_building_tests' from command line to 'False'
[2.968s] DEBUG:colcon.colcon_core.verb:Building package 'pysrvcli' with the following arguments: {'ament_cmake_args': None, 'build_base': '/home/kyu8/ros2_ws/build/pysrvcli', 'catkin_cmake_args': None, 'catkin_skip_building_tests': False, 'cmake_args': None, 'cmake_clean_cache': False, 'cmake_clean_first': False, 'cmake_force_configure': False, 'cmake_target': None, 'cmake_target_skip_unavailable': False, 'install_base': '/home/kyu8/ros2_ws/install/pysrvcli', 'merge_install': False, 'path': '/home/kyu8/ros2_ws/src/pysrvcli', 'symlink_install': False, 'test_result_base': None}
[3.002s] INFO:colcon.colcon_core.executor:Executing jobs using 'parallel' executor
[3.037s] DEBUG:colcon.colcon_parallel_executor.executor.parallel:run_until_complete
[3.037s] INFO:colcon.colcon_ros.task.ament_python.build:Building ROS package in '/home/kyu8/ros2_ws/src/my_package' with build type 'ament_python'
[3.038s] Level 1:colcon.colcon_core.shell:create_environment_hook('my_package', 'ament_prefix_path')
[3.078s] INFO:colcon.colcon_core.plugin_system:Skipping extension 'colcon_core.shell.bat': Not used on non-Windows systems
[3.078s] INFO:colcon.colcon_core.shell:Creating environment hook '/home/kyu8/ros2_ws/install/my_package/share/my_package/hook/ament_prefix_path.ps1'
[3.080s] INFO:colcon.colcon_core.shell:Creating environment descriptor '/home/kyu8/ros2_ws/install/my_package/share/my_package/hook/ament_prefix_path.dsv'
[3.080s] INFO:colcon.colcon_core.shell:Creating environment hook '/home/kyu8/ros2_ws/install/my_package/share/my_package/hook/ament_prefix_path.sh'
[3.115s] INFO:colcon.colcon_core.shell:Skip shell extension 'powershell' for command environment: Not usable outside of PowerShell
[3.115s] DEBUG:colcon.colcon_core.shell:Skip shell extension 'dsv' for command environment
[3.227s] INFO:colcon.colcon_ros.task.ament_python.build:Building ROS package in '/home/kyu8/ros2_ws/src/pyPubsub' with build type 'ament_python'
[3.228s] Level 1:colcon.colcon_core.shell:create_environment_hook('pyPubsub', 'ament_prefix_path')
[3.262s] INFO:colcon.colcon_core.shell:Creating environment hook '/home/kyu8/ros2_ws/install/pyPubsub/share/pyPubsub/hook/ament_prefix_path.ps1'
[3.263s] INFO:colcon.colcon_core.shell:Creating environment descriptor '/home/kyu8/ros2_ws/install/pyPubsub/share/pyPubsub/hook/ament_prefix_path.dsv'
[3.264s] INFO:colcon.colcon_core.shell:Creating environment hook '/home/kyu8/ros2_ws/install/pyPubsub/share/pyPubsub/hook/ament_prefix_path.sh'
[3.297s] INFO:colcon.colcon_core.shell:Skip shell extension 'powershell' for command environment: Not usable outside of PowerShell
[3.297s] DEBUG:colcon.colcon_core.shell:Skip shell extension 'dsv' for command environment
[3.401s] INFO:colcon.colcon_ros.task.ament_python.build:Building ROS package in '/home/kyu8/ros2_ws/src/pysrvcli' with build type 'ament_python'
[3.401s] Level 1:colcon.colcon_core.shell:create_environment_hook('pysrvcli', 'ament_prefix_path')
[3.434s] INFO:colcon.colcon_core.shell:Creating environment hook '/home/kyu8/ros2_ws/install/pysrvcli/share/pysrvcli/hook/ament_prefix_path.ps1'
[3.435s] INFO:colcon.colcon_core.shell:Creating environment descriptor '/home/kyu8/ros2_ws/install/pysrvcli/share/pysrvcli/hook/ament_prefix_path.dsv'
[3.436s] INFO:colcon.colcon_core.shell:Creating environment hook '/home/kyu8/ros2_ws/install/pysrvcli/share/pysrvcli/hook/ament_prefix_path.sh'
[3.471s] INFO:colcon.colcon_core.shell:Skip shell extension 'powershell' for command environment: Not usable outside of PowerShell
[3.472s] DEBUG:colcon.colcon_core.shell:Skip shell extension 'dsv' for command environment
[4.135s] INFO:colcon.colcon_core.task.python.build:Building Python package in '/home/kyu8/ros2_ws/src/my_package'
[4.170s] INFO:colcon.colcon_core.shell:Skip shell extension 'powershell' for command environment: Not usable outside of PowerShell
[4.170s] DEBUG:colcon.colcon_core.shell:Skip shell extension 'dsv' for command environment
[4.834s] INFO:colcon.colcon_core.task.python.build:Building Python package in '/home/kyu8/ros2_ws/src/pyPubsub'
[4.865s] INFO:colcon.colcon_core.shell:Skip shell extension 'powershell' for command environment: Not usable outside of PowerShell
[4.865s] DEBUG:colcon.colcon_core.shell:Skip shell extension 'dsv' for command environment
[5.516s] INFO:colcon.colcon_core.task.python.build:Building Python package in '/home/kyu8/ros2_ws/src/pysrvcli'
[5.545s] INFO:colcon.colcon_core.shell:Skip shell extension 'powershell' for command environment: Not usable outside of PowerShell
[5.545s] DEBUG:colcon.colcon_core.shell:Skip shell extension 'dsv' for command environment
[6.385s] DEBUG:colcon.colcon_core.event_handler.log_command:Invoking command in '/home/kyu8/ros2_ws/src/my_package': PYTHONPATH=/home/kyu8/ros2_ws/build/my_package/prefix_override:/home/kyu8/ros2_ws/install/my_package/lib/python3.10/site-packages:${PYTHONPATH} /usr/bin/python3 setup.py egg_info --egg-base ../../build/my_package build --build-base /home/kyu8/ros2_ws/build/my_package/build install --record /home/kyu8/ros2_ws/build/my_package/install.log --single-version-externally-managed
[6.398s] DEBUG:colcon.colcon_core.event_handler.log_command:Invoking command in '/home/kyu8/ros2_ws/src/pysrvcli': PYTHONPATH=/home/kyu8/ros2_ws/build/pysrvcli/prefix_override:/home/kyu8/ros2_ws/install/pysrvcli/lib/python3.10/site-packages:${PYTHONPATH} /usr/bin/python3 setup.py egg_info --egg-base ../../build/pysrvcli build --build-base /home/kyu8/ros2_ws/build/pysrvcli/build install --record /home/kyu8/ros2_ws/build/pysrvcli/install.log --single-version-externally-managed
[6.412s] DEBUG:colcon.colcon_core.event_handler.log_command:Invoking command in '/home/kyu8/ros2_ws/src/pyPubsub': PYTHONPATH=/home/kyu8/ros2_ws/build/pyPubsub/prefix_override:/home/kyu8/ros2_ws/install/pyPubsub/lib/python3.10/site-packages:${PYTHONPATH} /usr/bin/python3 setup.py egg_info --egg-base ../../build/pyPubsub build --build-base /home/kyu8/ros2_ws/build/pyPubsub/build install --record /home/kyu8/ros2_ws/build/pyPubsub/install.log --single-version-externally-managed
[7.023s] DEBUG:colcon.colcon_core.event_handler.log_command:Invoked command in '/home/kyu8/ros2_ws/src/my_package' returned '0': PYTHONPATH=/home/kyu8/ros2_ws/build/my_package/prefix_override:/home/kyu8/ros2_ws/install/my_package/lib/python3.10/site-packages:${PYTHONPATH} /usr/bin/python3 setup.py egg_info --egg-base ../../build/my_package build --build-base /home/kyu8/ros2_ws/build/my_package/build install --record /home/kyu8/ros2_ws/build/my_package/install.log --single-version-externally-managed
[7.049s] Level 1:colcon.colcon_core.environment:checking '/home/kyu8/ros2_ws/install/my_package' for CMake module files
[7.049s] Level 1:colcon.colcon_core.environment:checking '/home/kyu8/ros2_ws/install/my_package' for CMake config files
[7.051s] Level 1:colcon.colcon_core.environment:checking '/home/kyu8/ros2_ws/install/my_package/lib'
[7.051s] Level 1:colcon.colcon_core.environment:checking '/home/kyu8/ros2_ws/install/my_package/bin'
[7.051s] Level 1:colcon.colcon_core.environment:checking '/home/kyu8/ros2_ws/install/my_package/lib/pkgconfig/my_package.pc'
[7.051s] Level 1:colcon.colcon_core.environment:checking '/home/kyu8/ros2_ws/install/my_package/lib/python3.10/site-packages'
[7.052s] Level 1:colcon.colcon_core.shell:create_environment_hook('my_package', 'pythonpath')
[7.084s] INFO:colcon.colcon_core.shell:Creating environment hook '/home/kyu8/ros2_ws/install/my_package/share/my_package/hook/pythonpath.ps1'
[7.084s] INFO:colcon.colcon_core.shell:Creating environment descriptor '/home/kyu8/ros2_ws/install/my_package/share/my_package/hook/pythonpath.dsv'
[7.085s] INFO:colcon.colcon_core.shell:Creating environment hook '/home/kyu8/ros2_ws/install/my_package/share/my_package/hook/pythonpath.sh'
[7.086s] Level 1:colcon.colcon_core.environment:checking '/home/kyu8/ros2_ws/install/my_package/bin'
[7.086s] Level 1:colcon.colcon_core.environment:create_environment_scripts_only(my_package)
[7.115s] INFO:colcon.colcon_core.shell:Creating package script '/home/kyu8/ros2_ws/install/my_package/share/my_package/package.ps1'
[7.117s] INFO:colcon.colcon_core.shell:Creating package descriptor '/home/kyu8/ros2_ws/install/my_package/share/my_package/package.dsv'
[7.117s] INFO:colcon.colcon_core.shell:Creating package script '/home/kyu8/ros2_ws/install/my_package/share/my_package/package.sh'
[7.119s] INFO:colcon.colcon_core.shell:Creating package script '/home/kyu8/ros2_ws/install/my_package/share/my_package/package.bash'
[7.120s] INFO:colcon.colcon_core.shell:Creating package script '/home/kyu8/ros2_ws/install/my_package/share/my_package/package.zsh'
[7.121s] Level 1:colcon.colcon_core.environment:create_file_with_runtime_dependencies(/home/kyu8/ros2_ws/install/my_package/share/colcon-core/packages/my_package)
[7.125s] DEBUG:colcon.colcon_core.event_handler.log_command:Invoked command in '/home/kyu8/ros2_ws/src/pyPubsub' returned '0': PYTHONPATH=/home/kyu8/ros2_ws/build/pyPubsub/prefix_override:/home/kyu8/ros2_ws/install/pyPubsub/lib/python3.10/site-packages:${PYTHONPATH} /usr/bin/python3 setup.py egg_info --egg-base ../../build/pyPubsub build --build-base /home/kyu8/ros2_ws/build/pyPubsub/build install --record /home/kyu8/ros2_ws/build/pyPubsub/install.log --single-version-externally-managed
[7.155s] Level 1:colcon.colcon_core.environment:checking '/home/kyu8/ros2_ws/install/pyPubsub' for CMake module files
[7.156s] Level 1:colcon.colcon_core.environment:checking '/home/kyu8/ros2_ws/install/pyPubsub' for CMake config files
[7.157s] Level 1:colcon.colcon_core.environment:checking '/home/kyu8/ros2_ws/install/pyPubsub/lib'
[7.157s] Level 1:colcon.colcon_core.environment:checking '/home/kyu8/ros2_ws/install/pyPubsub/bin'
[7.157s] Level 1:colcon.colcon_core.environment:checking '/home/kyu8/ros2_ws/install/pyPubsub/lib/pkgconfig/pyPubsub.pc'
[7.158s] Level 1:colcon.colcon_core.environment:checking '/home/kyu8/ros2_ws/install/pyPubsub/lib/python3.10/site-packages'
[7.158s] Level 1:colcon.colcon_core.shell:create_environment_hook('pyPubsub', 'pythonpath')
[7.190s] INFO:colcon.colcon_core.shell:Creating environment hook '/home/kyu8/ros2_ws/install/pyPubsub/share/pyPubsub/hook/pythonpath.ps1'
[7.191s] INFO:colcon.colcon_core.shell:Creating environment descriptor '/home/kyu8/ros2_ws/install/pyPubsub/share/pyPubsub/hook/pythonpath.dsv'
[7.191s] INFO:colcon.colcon_core.shell:Creating environment hook '/home/kyu8/ros2_ws/install/pyPubsub/share/pyPubsub/hook/pythonpath.sh'
[7.192s] Level 1:colcon.colcon_core.environment:checking '/home/kyu8/ros2_ws/install/pyPubsub/bin'
[7.192s] Level 1:colcon.colcon_core.environment:create_environment_scripts_only(pyPubsub)
[7.222s] INFO:colcon.colcon_core.shell:Creating package script '/home/kyu8/ros2_ws/install/pyPubsub/share/pyPubsub/package.ps1'
[7.222s] INFO:colcon.colcon_core.shell:Creating package descriptor '/home/kyu8/ros2_ws/install/pyPubsub/share/pyPubsub/package.dsv'
[7.223s] INFO:colcon.colcon_core.shell:Creating package script '/home/kyu8/ros2_ws/install/pyPubsub/share/pyPubsub/package.sh'
[7.224s] INFO:colcon.colcon_core.shell:Creating package script '/home/kyu8/ros2_ws/install/pyPubsub/share/pyPubsub/package.bash'
[7.224s] INFO:colcon.colcon_core.shell:Creating package script '/home/kyu8/ros2_ws/install/pyPubsub/share/pyPubsub/package.zsh'
[7.224s] Level 1:colcon.colcon_core.environment:create_file_with_runtime_dependencies(/home/kyu8/ros2_ws/install/pyPubsub/share/colcon-core/packages/pyPubsub)
[7.229s] DEBUG:colcon.colcon_core.event_handler.log_command:Invoked command in '/home/kyu8/ros2_ws/src/pysrvcli' returned '0': PYTHONPATH=/home/kyu8/ros2_ws/build/pysrvcli/prefix_override:/home/kyu8/ros2_ws/install/pysrvcli/lib/python3.10/site-packages:${PYTHONPATH} /usr/bin/python3 setup.py egg_info --egg-base ../../build/pysrvcli build --build-base /home/kyu8/ros2_ws/build/pysrvcli/build install --record /home/kyu8/ros2_ws/build/pysrvcli/install.log --single-version-externally-managed
[7.256s] Level 1:colcon.colcon_core.environment:checking '/home/kyu8/ros2_ws/install/pysrvcli' for CMake module files
[7.257s] Level 1:colcon.colcon_core.environment:checking '/home/kyu8/ros2_ws/install/pysrvcli' for CMake config files
[7.258s] Level 1:colcon.colcon_core.environment:checking '/home/kyu8/ros2_ws/install/pysrvcli/lib'
[7.258s] Level 1:colcon.colcon_core.environment:checking '/home/kyu8/ros2_ws/install/pysrvcli/bin'
[7.258s] Level 1:colcon.colcon_core.environment:checking '/home/kyu8/ros2_ws/install/pysrvcli/lib/pkgconfig/pysrvcli.pc'
[7.258s] Level 1:colcon.colcon_core.environment:checking '/home/kyu8/ros2_ws/install/pysrvcli/lib/python3.10/site-packages'
[7.258s] Level 1:colcon.colcon_core.shell:create_environment_hook('pysrvcli', 'pythonpath')
[7.288s] INFO:colcon.colcon_core.shell:Creating environment hook '/home/kyu8/ros2_ws/install/pysrvcli/share/pysrvcli/hook/pythonpath.ps1'
[7.289s] INFO:colcon.colcon_core.shell:Creating environment descriptor '/home/kyu8/ros2_ws/install/pysrvcli/share/pysrvcli/hook/pythonpath.dsv'
[7.290s] INFO:colcon.colcon_core.shell:Creating environment hook '/home/kyu8/ros2_ws/install/pysrvcli/share/pysrvcli/hook/pythonpath.sh'
[7.291s] Level 1:colcon.colcon_core.environment:checking '/home/kyu8/ros2_ws/install/pysrvcli/bin'
[7.291s] Level 1:colcon.colcon_core.environment:create_environment_scripts_only(pysrvcli)
[7.323s] INFO:colcon.colcon_core.shell:Creating package script '/home/kyu8/ros2_ws/install/pysrvcli/share/pysrvcli/package.ps1'
[7.324s] INFO:colcon.colcon_core.shell:Creating package descriptor '/home/kyu8/ros2_ws/install/pysrvcli/share/pysrvcli/package.dsv'
[7.324s] INFO:colcon.colcon_core.shell:Creating package script '/home/kyu8/ros2_ws/install/pysrvcli/share/pysrvcli/package.sh'
[7.325s] INFO:colcon.colcon_core.shell:Creating package script '/home/kyu8/ros2_ws/install/pysrvcli/share/pysrvcli/package.bash'
[7.325s] INFO:colcon.colcon_core.shell:Creating package script '/home/kyu8/ros2_ws/install/pysrvcli/share/pysrvcli/package.zsh'
[7.325s] Level 1:colcon.colcon_core.environment:create_file_with_runtime_dependencies(/home/kyu8/ros2_ws/install/pysrvcli/share/colcon-core/packages/pysrvcli)
[7.326s] DEBUG:colcon.colcon_parallel_executor.executor.parallel:closing loop
[7.327s] DEBUG:colcon.colcon_parallel_executor.executor.parallel:loop closed
[7.327s] DEBUG:colcon.colcon_parallel_executor.executor.parallel:run_until_complete finished with '0'
[7.327s] DEBUG:colcon.colcon_core.event_reactor:joining thread
[7.397s] INFO:colcon.colcon_core.plugin_system:Skipping extension 'colcon_notification.desktop_notification.terminal_notifier': Not used on non-Darwin systems
[7.397s] INFO:colcon.colcon_core.plugin_system:Skipping extension 'colcon_notification.desktop_notification.win32': Not used on non-Windows systems
[7.397s] INFO:colcon.colcon_notification.desktop_notification:Sending desktop notification using 'notify2'
[7.416s] DEBUG:colcon.colcon_core.event_reactor:joined thread
[7.446s] INFO:colcon.colcon_core.shell:Creating prefix script '/home/kyu8/ros2_ws/install/local_setup.ps1'
[7.448s] INFO:colcon.colcon_core.shell:Creating prefix util module '/home/kyu8/ros2_ws/install/_local_setup_util_ps1.py'
[7.451s] INFO:colcon.colcon_core.shell:Creating prefix chain script '/home/kyu8/ros2_ws/install/setup.ps1'
[7.483s] INFO:colcon.colcon_core.shell:Creating prefix script '/home/kyu8/ros2_ws/install/local_setup.sh'
[7.484s] INFO:colcon.colcon_core.shell:Creating prefix util module '/home/kyu8/ros2_ws/install/_local_setup_util_sh.py'
[7.485s] INFO:colcon.colcon_core.shell:Creating prefix chain script '/home/kyu8/ros2_ws/install/setup.sh'
[7.517s] INFO:colcon.colcon_core.shell:Creating prefix script '/home/kyu8/ros2_ws/install/local_setup.bash'
[7.518s] INFO:colcon.colcon_core.shell:Creating prefix chain script '/home/kyu8/ros2_ws/install/setup.bash'
[7.548s] INFO:colcon.colcon_core.shell:Creating prefix script '/home/kyu8/ros2_ws/install/local_setup.zsh'
[7.549s] INFO:colcon.colcon_core.shell:Creating prefix chain script '/home/kyu8/ros2_ws/install/setup.zsh'
